[2024-02-03T04:00:47.889+0400] {processor.py:161} INFO - Started process (PID=5808) to work on /home/reurairin/projects/urfu/urfu_3s_mlops-3/env/lib/python3.10/site-packages/airflow/example_dags/subdags/subdag.py
[2024-02-03T04:00:47.890+0400] {processor.py:830} INFO - Processing file /home/reurairin/projects/urfu/urfu_3s_mlops-3/env/lib/python3.10/site-packages/airflow/example_dags/subdags/subdag.py for tasks to queue
[2024-02-03T04:00:47.891+0400] {logging_mixin.py:188} INFO - [2024-02-03T04:00:47.891+0400] {dagbag.py:538} INFO - Filling up the DagBag from /home/reurairin/projects/urfu/urfu_3s_mlops-3/env/lib/python3.10/site-packages/airflow/example_dags/subdags/subdag.py
[2024-02-03T04:00:47.892+0400] {processor.py:842} WARNING - No viable dags retrieved from /home/reurairin/projects/urfu/urfu_3s_mlops-3/env/lib/python3.10/site-packages/airflow/example_dags/subdags/subdag.py
[2024-02-03T04:00:47.899+0400] {processor.py:183} INFO - Processing /home/reurairin/projects/urfu/urfu_3s_mlops-3/env/lib/python3.10/site-packages/airflow/example_dags/subdags/subdag.py took 0.011 seconds
[2024-02-03T04:01:23.864+0400] {processor.py:161} INFO - Started process (PID=5964) to work on /home/reurairin/projects/urfu/urfu_3s_mlops-3/env/lib/python3.10/site-packages/airflow/example_dags/subdags/subdag.py
[2024-02-03T04:01:23.871+0400] {processor.py:830} INFO - Processing file /home/reurairin/projects/urfu/urfu_3s_mlops-3/env/lib/python3.10/site-packages/airflow/example_dags/subdags/subdag.py for tasks to queue
[2024-02-03T04:01:23.872+0400] {logging_mixin.py:188} INFO - [2024-02-03T04:01:23.872+0400] {dagbag.py:538} INFO - Filling up the DagBag from /home/reurairin/projects/urfu/urfu_3s_mlops-3/env/lib/python3.10/site-packages/airflow/example_dags/subdags/subdag.py
[2024-02-03T04:01:23.873+0400] {processor.py:842} WARNING - No viable dags retrieved from /home/reurairin/projects/urfu/urfu_3s_mlops-3/env/lib/python3.10/site-packages/airflow/example_dags/subdags/subdag.py
[2024-02-03T04:01:23.879+0400] {processor.py:183} INFO - Processing /home/reurairin/projects/urfu/urfu_3s_mlops-3/env/lib/python3.10/site-packages/airflow/example_dags/subdags/subdag.py took 0.017 seconds
[2024-02-03T04:02:13.560+0400] {processor.py:161} INFO - Started process (PID=6178) to work on /home/reurairin/projects/urfu/urfu_3s_mlops-3/env/lib/python3.10/site-packages/airflow/example_dags/subdags/subdag.py
[2024-02-03T04:02:13.561+0400] {processor.py:830} INFO - Processing file /home/reurairin/projects/urfu/urfu_3s_mlops-3/env/lib/python3.10/site-packages/airflow/example_dags/subdags/subdag.py for tasks to queue
[2024-02-03T04:02:13.562+0400] {logging_mixin.py:188} INFO - [2024-02-03T04:02:13.562+0400] {dagbag.py:538} INFO - Filling up the DagBag from /home/reurairin/projects/urfu/urfu_3s_mlops-3/env/lib/python3.10/site-packages/airflow/example_dags/subdags/subdag.py
[2024-02-03T04:02:13.563+0400] {processor.py:842} WARNING - No viable dags retrieved from /home/reurairin/projects/urfu/urfu_3s_mlops-3/env/lib/python3.10/site-packages/airflow/example_dags/subdags/subdag.py
[2024-02-03T04:02:13.570+0400] {processor.py:183} INFO - Processing /home/reurairin/projects/urfu/urfu_3s_mlops-3/env/lib/python3.10/site-packages/airflow/example_dags/subdags/subdag.py took 0.011 seconds
[2024-02-03T04:03:06.185+0400] {processor.py:161} INFO - Started process (PID=6399) to work on /home/reurairin/projects/urfu/urfu_3s_mlops-3/env/lib/python3.10/site-packages/airflow/example_dags/subdags/subdag.py
[2024-02-03T04:03:06.192+0400] {processor.py:830} INFO - Processing file /home/reurairin/projects/urfu/urfu_3s_mlops-3/env/lib/python3.10/site-packages/airflow/example_dags/subdags/subdag.py for tasks to queue
[2024-02-03T04:03:06.193+0400] {logging_mixin.py:188} INFO - [2024-02-03T04:03:06.193+0400] {dagbag.py:538} INFO - Filling up the DagBag from /home/reurairin/projects/urfu/urfu_3s_mlops-3/env/lib/python3.10/site-packages/airflow/example_dags/subdags/subdag.py
[2024-02-03T04:03:06.195+0400] {processor.py:842} WARNING - No viable dags retrieved from /home/reurairin/projects/urfu/urfu_3s_mlops-3/env/lib/python3.10/site-packages/airflow/example_dags/subdags/subdag.py
[2024-02-03T04:03:06.201+0400] {processor.py:183} INFO - Processing /home/reurairin/projects/urfu/urfu_3s_mlops-3/env/lib/python3.10/site-packages/airflow/example_dags/subdags/subdag.py took 0.017 seconds
[2024-02-03T04:03:42.606+0400] {processor.py:161} INFO - Started process (PID=6557) to work on /home/reurairin/projects/urfu/urfu_3s_mlops-3/env/lib/python3.10/site-packages/airflow/example_dags/subdags/subdag.py
[2024-02-03T04:03:42.614+0400] {processor.py:830} INFO - Processing file /home/reurairin/projects/urfu/urfu_3s_mlops-3/env/lib/python3.10/site-packages/airflow/example_dags/subdags/subdag.py for tasks to queue
[2024-02-03T04:03:42.615+0400] {logging_mixin.py:188} INFO - [2024-02-03T04:03:42.615+0400] {dagbag.py:538} INFO - Filling up the DagBag from /home/reurairin/projects/urfu/urfu_3s_mlops-3/env/lib/python3.10/site-packages/airflow/example_dags/subdags/subdag.py
[2024-02-03T04:03:42.617+0400] {processor.py:842} WARNING - No viable dags retrieved from /home/reurairin/projects/urfu/urfu_3s_mlops-3/env/lib/python3.10/site-packages/airflow/example_dags/subdags/subdag.py
[2024-02-03T04:03:42.624+0400] {processor.py:183} INFO - Processing /home/reurairin/projects/urfu/urfu_3s_mlops-3/env/lib/python3.10/site-packages/airflow/example_dags/subdags/subdag.py took 0.019 seconds
[2024-02-03T04:04:32.276+0400] {processor.py:161} INFO - Started process (PID=6768) to work on /home/reurairin/projects/urfu/urfu_3s_mlops-3/env/lib/python3.10/site-packages/airflow/example_dags/subdags/subdag.py
[2024-02-03T04:04:32.283+0400] {processor.py:830} INFO - Processing file /home/reurairin/projects/urfu/urfu_3s_mlops-3/env/lib/python3.10/site-packages/airflow/example_dags/subdags/subdag.py for tasks to queue
[2024-02-03T04:04:32.283+0400] {logging_mixin.py:188} INFO - [2024-02-03T04:04:32.283+0400] {dagbag.py:538} INFO - Filling up the DagBag from /home/reurairin/projects/urfu/urfu_3s_mlops-3/env/lib/python3.10/site-packages/airflow/example_dags/subdags/subdag.py
[2024-02-03T04:04:32.285+0400] {processor.py:842} WARNING - No viable dags retrieved from /home/reurairin/projects/urfu/urfu_3s_mlops-3/env/lib/python3.10/site-packages/airflow/example_dags/subdags/subdag.py
[2024-02-03T04:04:32.291+0400] {processor.py:183} INFO - Processing /home/reurairin/projects/urfu/urfu_3s_mlops-3/env/lib/python3.10/site-packages/airflow/example_dags/subdags/subdag.py took 0.017 seconds
[2024-02-03T04:05:25.218+0400] {processor.py:161} INFO - Started process (PID=6989) to work on /home/reurairin/projects/urfu/urfu_3s_mlops-3/env/lib/python3.10/site-packages/airflow/example_dags/subdags/subdag.py
[2024-02-03T04:05:25.225+0400] {processor.py:830} INFO - Processing file /home/reurairin/projects/urfu/urfu_3s_mlops-3/env/lib/python3.10/site-packages/airflow/example_dags/subdags/subdag.py for tasks to queue
[2024-02-03T04:05:25.226+0400] {logging_mixin.py:188} INFO - [2024-02-03T04:05:25.225+0400] {dagbag.py:538} INFO - Filling up the DagBag from /home/reurairin/projects/urfu/urfu_3s_mlops-3/env/lib/python3.10/site-packages/airflow/example_dags/subdags/subdag.py
[2024-02-03T04:05:25.227+0400] {processor.py:842} WARNING - No viable dags retrieved from /home/reurairin/projects/urfu/urfu_3s_mlops-3/env/lib/python3.10/site-packages/airflow/example_dags/subdags/subdag.py
[2024-02-03T04:05:25.234+0400] {processor.py:183} INFO - Processing /home/reurairin/projects/urfu/urfu_3s_mlops-3/env/lib/python3.10/site-packages/airflow/example_dags/subdags/subdag.py took 0.019 seconds
[2024-02-03T04:06:03.328+0400] {processor.py:161} INFO - Started process (PID=7193) to work on /home/reurairin/projects/urfu/urfu_3s_mlops-3/env/lib/python3.10/site-packages/airflow/example_dags/subdags/subdag.py
[2024-02-03T04:06:03.335+0400] {processor.py:830} INFO - Processing file /home/reurairin/projects/urfu/urfu_3s_mlops-3/env/lib/python3.10/site-packages/airflow/example_dags/subdags/subdag.py for tasks to queue
[2024-02-03T04:06:03.336+0400] {logging_mixin.py:188} INFO - [2024-02-03T04:06:03.335+0400] {dagbag.py:538} INFO - Filling up the DagBag from /home/reurairin/projects/urfu/urfu_3s_mlops-3/env/lib/python3.10/site-packages/airflow/example_dags/subdags/subdag.py
[2024-02-03T04:06:03.337+0400] {processor.py:842} WARNING - No viable dags retrieved from /home/reurairin/projects/urfu/urfu_3s_mlops-3/env/lib/python3.10/site-packages/airflow/example_dags/subdags/subdag.py
[2024-02-03T04:06:03.343+0400] {processor.py:183} INFO - Processing /home/reurairin/projects/urfu/urfu_3s_mlops-3/env/lib/python3.10/site-packages/airflow/example_dags/subdags/subdag.py took 0.017 seconds
[2024-02-03T04:06:52.394+0400] {processor.py:161} INFO - Started process (PID=7412) to work on /home/reurairin/projects/urfu/urfu_3s_mlops-3/env/lib/python3.10/site-packages/airflow/example_dags/subdags/subdag.py
[2024-02-03T04:06:52.401+0400] {processor.py:830} INFO - Processing file /home/reurairin/projects/urfu/urfu_3s_mlops-3/env/lib/python3.10/site-packages/airflow/example_dags/subdags/subdag.py for tasks to queue
[2024-02-03T04:06:52.401+0400] {logging_mixin.py:188} INFO - [2024-02-03T04:06:52.401+0400] {dagbag.py:538} INFO - Filling up the DagBag from /home/reurairin/projects/urfu/urfu_3s_mlops-3/env/lib/python3.10/site-packages/airflow/example_dags/subdags/subdag.py
[2024-02-03T04:06:52.403+0400] {processor.py:842} WARNING - No viable dags retrieved from /home/reurairin/projects/urfu/urfu_3s_mlops-3/env/lib/python3.10/site-packages/airflow/example_dags/subdags/subdag.py
[2024-02-03T04:06:52.409+0400] {processor.py:183} INFO - Processing /home/reurairin/projects/urfu/urfu_3s_mlops-3/env/lib/python3.10/site-packages/airflow/example_dags/subdags/subdag.py took 0.017 seconds
[2024-02-03T04:07:30.177+0400] {processor.py:161} INFO - Started process (PID=7579) to work on /home/reurairin/projects/urfu/urfu_3s_mlops-3/env/lib/python3.10/site-packages/airflow/example_dags/subdags/subdag.py
[2024-02-03T04:07:30.179+0400] {processor.py:830} INFO - Processing file /home/reurairin/projects/urfu/urfu_3s_mlops-3/env/lib/python3.10/site-packages/airflow/example_dags/subdags/subdag.py for tasks to queue
[2024-02-03T04:07:30.180+0400] {logging_mixin.py:188} INFO - [2024-02-03T04:07:30.180+0400] {dagbag.py:538} INFO - Filling up the DagBag from /home/reurairin/projects/urfu/urfu_3s_mlops-3/env/lib/python3.10/site-packages/airflow/example_dags/subdags/subdag.py
[2024-02-03T04:07:30.182+0400] {processor.py:842} WARNING - No viable dags retrieved from /home/reurairin/projects/urfu/urfu_3s_mlops-3/env/lib/python3.10/site-packages/airflow/example_dags/subdags/subdag.py
[2024-02-03T04:07:30.188+0400] {processor.py:183} INFO - Processing /home/reurairin/projects/urfu/urfu_3s_mlops-3/env/lib/python3.10/site-packages/airflow/example_dags/subdags/subdag.py took 0.014 seconds
[2024-02-03T04:08:05.230+0400] {processor.py:161} INFO - Started process (PID=7734) to work on /home/reurairin/projects/urfu/urfu_3s_mlops-3/env/lib/python3.10/site-packages/airflow/example_dags/subdags/subdag.py
[2024-02-03T04:08:05.237+0400] {processor.py:830} INFO - Processing file /home/reurairin/projects/urfu/urfu_3s_mlops-3/env/lib/python3.10/site-packages/airflow/example_dags/subdags/subdag.py for tasks to queue
[2024-02-03T04:08:05.238+0400] {logging_mixin.py:188} INFO - [2024-02-03T04:08:05.238+0400] {dagbag.py:538} INFO - Filling up the DagBag from /home/reurairin/projects/urfu/urfu_3s_mlops-3/env/lib/python3.10/site-packages/airflow/example_dags/subdags/subdag.py
[2024-02-03T04:08:05.239+0400] {processor.py:842} WARNING - No viable dags retrieved from /home/reurairin/projects/urfu/urfu_3s_mlops-3/env/lib/python3.10/site-packages/airflow/example_dags/subdags/subdag.py
[2024-02-03T04:08:05.245+0400] {processor.py:183} INFO - Processing /home/reurairin/projects/urfu/urfu_3s_mlops-3/env/lib/python3.10/site-packages/airflow/example_dags/subdags/subdag.py took 0.017 seconds
[2024-02-03T04:08:57.023+0400] {processor.py:161} INFO - Started process (PID=7952) to work on /home/reurairin/projects/urfu/urfu_3s_mlops-3/env/lib/python3.10/site-packages/airflow/example_dags/subdags/subdag.py
[2024-02-03T04:08:57.025+0400] {processor.py:830} INFO - Processing file /home/reurairin/projects/urfu/urfu_3s_mlops-3/env/lib/python3.10/site-packages/airflow/example_dags/subdags/subdag.py for tasks to queue
[2024-02-03T04:08:57.025+0400] {logging_mixin.py:188} INFO - [2024-02-03T04:08:57.025+0400] {dagbag.py:538} INFO - Filling up the DagBag from /home/reurairin/projects/urfu/urfu_3s_mlops-3/env/lib/python3.10/site-packages/airflow/example_dags/subdags/subdag.py
[2024-02-03T04:08:57.027+0400] {processor.py:842} WARNING - No viable dags retrieved from /home/reurairin/projects/urfu/urfu_3s_mlops-3/env/lib/python3.10/site-packages/airflow/example_dags/subdags/subdag.py
[2024-02-03T04:08:57.033+0400] {processor.py:183} INFO - Processing /home/reurairin/projects/urfu/urfu_3s_mlops-3/env/lib/python3.10/site-packages/airflow/example_dags/subdags/subdag.py took 0.011 seconds
[2024-02-03T04:09:46.659+0400] {processor.py:161} INFO - Started process (PID=8226) to work on /home/reurairin/projects/urfu/urfu_3s_mlops-3/env/lib/python3.10/site-packages/airflow/example_dags/subdags/subdag.py
[2024-02-03T04:09:46.660+0400] {processor.py:830} INFO - Processing file /home/reurairin/projects/urfu/urfu_3s_mlops-3/env/lib/python3.10/site-packages/airflow/example_dags/subdags/subdag.py for tasks to queue
[2024-02-03T04:09:46.661+0400] {logging_mixin.py:188} INFO - [2024-02-03T04:09:46.661+0400] {dagbag.py:538} INFO - Filling up the DagBag from /home/reurairin/projects/urfu/urfu_3s_mlops-3/env/lib/python3.10/site-packages/airflow/example_dags/subdags/subdag.py
[2024-02-03T04:09:46.662+0400] {processor.py:842} WARNING - No viable dags retrieved from /home/reurairin/projects/urfu/urfu_3s_mlops-3/env/lib/python3.10/site-packages/airflow/example_dags/subdags/subdag.py
[2024-02-03T04:09:46.668+0400] {processor.py:183} INFO - Processing /home/reurairin/projects/urfu/urfu_3s_mlops-3/env/lib/python3.10/site-packages/airflow/example_dags/subdags/subdag.py took 0.011 seconds
