[2024-02-03T04:00:23.366+0400] {processor.py:161} INFO - Started process (PID=5712) to work on /home/reurairin/airflow/dags/iris_score.py
[2024-02-03T04:00:23.367+0400] {processor.py:830} INFO - Processing file /home/reurairin/airflow/dags/iris_score.py for tasks to queue
[2024-02-03T04:00:23.368+0400] {logging_mixin.py:188} INFO - [2024-02-03T04:00:23.367+0400] {dagbag.py:538} INFO - Filling up the DagBag from /home/reurairin/airflow/dags/iris_score.py
[2024-02-03T04:00:23.372+0400] {processor.py:840} INFO - DAG(s) 'iris_score' retrieved from /home/reurairin/airflow/dags/iris_score.py
[2024-02-03T04:00:23.385+0400] {logging_mixin.py:188} INFO - [2024-02-03T04:00:23.385+0400] {dag.py:3036} INFO - Sync 1 DAGs
[2024-02-03T04:00:23.393+0400] {logging_mixin.py:188} INFO - [2024-02-03T04:00:23.393+0400] {dag.py:3823} INFO - Setting next_dagrun for iris_score to None, run_after=None
[2024-02-03T04:00:23.407+0400] {processor.py:183} INFO - Processing /home/reurairin/airflow/dags/iris_score.py took 0.043 seconds
[2024-02-03T04:01:01.075+0400] {processor.py:161} INFO - Started process (PID=5873) to work on /home/reurairin/airflow/dags/iris_score.py
[2024-02-03T04:01:01.076+0400] {processor.py:830} INFO - Processing file /home/reurairin/airflow/dags/iris_score.py for tasks to queue
[2024-02-03T04:01:01.077+0400] {logging_mixin.py:188} INFO - [2024-02-03T04:01:01.077+0400] {dagbag.py:538} INFO - Filling up the DagBag from /home/reurairin/airflow/dags/iris_score.py
[2024-02-03T04:01:01.081+0400] {processor.py:840} INFO - DAG(s) 'iris_score' retrieved from /home/reurairin/airflow/dags/iris_score.py
[2024-02-03T04:01:01.094+0400] {logging_mixin.py:188} INFO - [2024-02-03T04:01:01.093+0400] {dag.py:3036} INFO - Sync 1 DAGs
[2024-02-03T04:01:01.103+0400] {logging_mixin.py:188} INFO - [2024-02-03T04:01:01.103+0400] {dag.py:3823} INFO - Setting next_dagrun for iris_score to None, run_after=None
[2024-02-03T04:01:01.128+0400] {processor.py:183} INFO - Processing /home/reurairin/airflow/dags/iris_score.py took 0.055 seconds
[2024-02-03T04:01:34.148+0400] {processor.py:161} INFO - Started process (PID=6005) to work on /home/reurairin/airflow/dags/iris_score.py
[2024-02-03T04:01:34.155+0400] {processor.py:830} INFO - Processing file /home/reurairin/airflow/dags/iris_score.py for tasks to queue
[2024-02-03T04:01:34.155+0400] {logging_mixin.py:188} INFO - [2024-02-03T04:01:34.155+0400] {dagbag.py:538} INFO - Filling up the DagBag from /home/reurairin/airflow/dags/iris_score.py
[2024-02-03T04:01:34.159+0400] {processor.py:840} INFO - DAG(s) 'iris_score' retrieved from /home/reurairin/airflow/dags/iris_score.py
[2024-02-03T04:01:34.168+0400] {logging_mixin.py:188} INFO - [2024-02-03T04:01:34.168+0400] {dag.py:3036} INFO - Sync 1 DAGs
[2024-02-03T04:01:34.175+0400] {logging_mixin.py:188} INFO - [2024-02-03T04:01:34.175+0400] {dag.py:3823} INFO - Setting next_dagrun for iris_score to None, run_after=None
[2024-02-03T04:01:34.191+0400] {processor.py:183} INFO - Processing /home/reurairin/airflow/dags/iris_score.py took 0.046 seconds
[2024-02-03T04:02:08.313+0400] {processor.py:161} INFO - Started process (PID=6154) to work on /home/reurairin/airflow/dags/iris_score.py
[2024-02-03T04:02:08.314+0400] {processor.py:830} INFO - Processing file /home/reurairin/airflow/dags/iris_score.py for tasks to queue
[2024-02-03T04:02:08.314+0400] {logging_mixin.py:188} INFO - [2024-02-03T04:02:08.314+0400] {dagbag.py:538} INFO - Filling up the DagBag from /home/reurairin/airflow/dags/iris_score.py
[2024-02-03T04:02:08.317+0400] {processor.py:840} INFO - DAG(s) 'iris_score' retrieved from /home/reurairin/airflow/dags/iris_score.py
[2024-02-03T04:02:08.327+0400] {logging_mixin.py:188} INFO - [2024-02-03T04:02:08.327+0400] {dag.py:3036} INFO - Sync 1 DAGs
[2024-02-03T04:02:08.333+0400] {logging_mixin.py:188} INFO - [2024-02-03T04:02:08.333+0400] {dag.py:3823} INFO - Setting next_dagrun for iris_score to None, run_after=None
[2024-02-03T04:02:08.345+0400] {processor.py:183} INFO - Processing /home/reurairin/airflow/dags/iris_score.py took 0.034 seconds
[2024-02-03T04:02:41.571+0400] {processor.py:161} INFO - Started process (PID=6302) to work on /home/reurairin/airflow/dags/iris_score.py
[2024-02-03T04:02:41.571+0400] {processor.py:830} INFO - Processing file /home/reurairin/airflow/dags/iris_score.py for tasks to queue
[2024-02-03T04:02:41.572+0400] {logging_mixin.py:188} INFO - [2024-02-03T04:02:41.572+0400] {dagbag.py:538} INFO - Filling up the DagBag from /home/reurairin/airflow/dags/iris_score.py
[2024-02-03T04:02:41.575+0400] {processor.py:840} INFO - DAG(s) 'iris_score' retrieved from /home/reurairin/airflow/dags/iris_score.py
[2024-02-03T04:02:41.584+0400] {logging_mixin.py:188} INFO - [2024-02-03T04:02:41.583+0400] {dag.py:3036} INFO - Sync 1 DAGs
[2024-02-03T04:02:41.590+0400] {logging_mixin.py:188} INFO - [2024-02-03T04:02:41.590+0400] {dag.py:3823} INFO - Setting next_dagrun for iris_score to None, run_after=None
[2024-02-03T04:02:41.602+0400] {processor.py:183} INFO - Processing /home/reurairin/airflow/dags/iris_score.py took 0.033 seconds
[2024-02-03T04:03:20.308+0400] {processor.py:161} INFO - Started process (PID=6467) to work on /home/reurairin/airflow/dags/iris_score.py
[2024-02-03T04:03:20.315+0400] {processor.py:830} INFO - Processing file /home/reurairin/airflow/dags/iris_score.py for tasks to queue
[2024-02-03T04:03:20.315+0400] {logging_mixin.py:188} INFO - [2024-02-03T04:03:20.315+0400] {dagbag.py:538} INFO - Filling up the DagBag from /home/reurairin/airflow/dags/iris_score.py
[2024-02-03T04:03:20.319+0400] {processor.py:840} INFO - DAG(s) 'iris_score' retrieved from /home/reurairin/airflow/dags/iris_score.py
[2024-02-03T04:03:20.327+0400] {logging_mixin.py:188} INFO - [2024-02-03T04:03:20.327+0400] {dag.py:3036} INFO - Sync 1 DAGs
[2024-02-03T04:03:20.333+0400] {logging_mixin.py:188} INFO - [2024-02-03T04:03:20.333+0400] {dag.py:3823} INFO - Setting next_dagrun for iris_score to None, run_after=None
[2024-02-03T04:03:20.345+0400] {processor.py:183} INFO - Processing /home/reurairin/airflow/dags/iris_score.py took 0.039 seconds
[2024-02-03T04:03:56.301+0400] {processor.py:161} INFO - Started process (PID=6609) to work on /home/reurairin/airflow/dags/iris_score.py
[2024-02-03T04:03:56.309+0400] {processor.py:830} INFO - Processing file /home/reurairin/airflow/dags/iris_score.py for tasks to queue
[2024-02-03T04:03:56.310+0400] {logging_mixin.py:188} INFO - [2024-02-03T04:03:56.310+0400] {dagbag.py:538} INFO - Filling up the DagBag from /home/reurairin/airflow/dags/iris_score.py
[2024-02-03T04:03:56.314+0400] {processor.py:840} INFO - DAG(s) 'iris_score' retrieved from /home/reurairin/airflow/dags/iris_score.py
[2024-02-03T04:03:56.332+0400] {logging_mixin.py:188} INFO - [2024-02-03T04:03:56.331+0400] {dag.py:3036} INFO - Sync 1 DAGs
[2024-02-03T04:03:56.342+0400] {logging_mixin.py:188} INFO - [2024-02-03T04:03:56.341+0400] {dag.py:3823} INFO - Setting next_dagrun for iris_score to None, run_after=None
[2024-02-03T04:03:56.359+0400] {processor.py:183} INFO - Processing /home/reurairin/airflow/dags/iris_score.py took 0.061 seconds
[2024-02-03T04:04:28.875+0400] {processor.py:161} INFO - Started process (PID=6753) to work on /home/reurairin/airflow/dags/iris_score.py
[2024-02-03T04:04:28.876+0400] {processor.py:830} INFO - Processing file /home/reurairin/airflow/dags/iris_score.py for tasks to queue
[2024-02-03T04:04:28.877+0400] {logging_mixin.py:188} INFO - [2024-02-03T04:04:28.877+0400] {dagbag.py:538} INFO - Filling up the DagBag from /home/reurairin/airflow/dags/iris_score.py
[2024-02-03T04:04:28.880+0400] {processor.py:840} INFO - DAG(s) 'iris_score' retrieved from /home/reurairin/airflow/dags/iris_score.py
[2024-02-03T04:04:28.891+0400] {logging_mixin.py:188} INFO - [2024-02-03T04:04:28.891+0400] {dag.py:3036} INFO - Sync 1 DAGs
[2024-02-03T04:04:28.898+0400] {logging_mixin.py:188} INFO - [2024-02-03T04:04:28.898+0400] {dag.py:3823} INFO - Setting next_dagrun for iris_score to None, run_after=None
[2024-02-03T04:04:28.912+0400] {processor.py:183} INFO - Processing /home/reurairin/airflow/dags/iris_score.py took 0.039 seconds
[2024-02-03T04:05:01.973+0400] {processor.py:161} INFO - Started process (PID=6897) to work on /home/reurairin/airflow/dags/iris_score.py
[2024-02-03T04:05:01.974+0400] {processor.py:830} INFO - Processing file /home/reurairin/airflow/dags/iris_score.py for tasks to queue
[2024-02-03T04:05:01.975+0400] {logging_mixin.py:188} INFO - [2024-02-03T04:05:01.974+0400] {dagbag.py:538} INFO - Filling up the DagBag from /home/reurairin/airflow/dags/iris_score.py
[2024-02-03T04:05:01.978+0400] {processor.py:840} INFO - DAG(s) 'iris_score' retrieved from /home/reurairin/airflow/dags/iris_score.py
[2024-02-03T04:05:01.991+0400] {logging_mixin.py:188} INFO - [2024-02-03T04:05:01.990+0400] {dag.py:3036} INFO - Sync 1 DAGs
[2024-02-03T04:05:01.998+0400] {logging_mixin.py:188} INFO - [2024-02-03T04:05:01.998+0400] {dag.py:3823} INFO - Setting next_dagrun for iris_score to None, run_after=None
[2024-02-03T04:05:02.018+0400] {processor.py:183} INFO - Processing /home/reurairin/airflow/dags/iris_score.py took 0.047 seconds
[2024-02-03T04:05:41.650+0400] {processor.py:161} INFO - Started process (PID=7065) to work on /home/reurairin/airflow/dags/iris_score.py
[2024-02-03T04:05:41.657+0400] {processor.py:830} INFO - Processing file /home/reurairin/airflow/dags/iris_score.py for tasks to queue
[2024-02-03T04:05:41.658+0400] {logging_mixin.py:188} INFO - [2024-02-03T04:05:41.657+0400] {dagbag.py:538} INFO - Filling up the DagBag from /home/reurairin/airflow/dags/iris_score.py
[2024-02-03T04:05:41.661+0400] {processor.py:840} INFO - DAG(s) 'iris_score' retrieved from /home/reurairin/airflow/dags/iris_score.py
[2024-02-03T04:05:41.671+0400] {logging_mixin.py:188} INFO - [2024-02-03T04:05:41.671+0400] {dag.py:3036} INFO - Sync 1 DAGs
[2024-02-03T04:05:41.678+0400] {logging_mixin.py:188} INFO - [2024-02-03T04:05:41.678+0400] {dag.py:3823} INFO - Setting next_dagrun for iris_score to None, run_after=None
[2024-02-03T04:05:41.692+0400] {processor.py:183} INFO - Processing /home/reurairin/airflow/dags/iris_score.py took 0.043 seconds
[2024-02-03T04:06:13.611+0400] {processor.py:161} INFO - Started process (PID=7259) to work on /home/reurairin/airflow/dags/iris_score.py
[2024-02-03T04:06:13.618+0400] {processor.py:830} INFO - Processing file /home/reurairin/airflow/dags/iris_score.py for tasks to queue
[2024-02-03T04:06:13.619+0400] {logging_mixin.py:188} INFO - [2024-02-03T04:06:13.619+0400] {dagbag.py:538} INFO - Filling up the DagBag from /home/reurairin/airflow/dags/iris_score.py
[2024-02-03T04:06:13.622+0400] {processor.py:840} INFO - DAG(s) 'iris_score' retrieved from /home/reurairin/airflow/dags/iris_score.py
[2024-02-03T04:06:13.631+0400] {logging_mixin.py:188} INFO - [2024-02-03T04:06:13.631+0400] {dag.py:3036} INFO - Sync 1 DAGs
[2024-02-03T04:06:13.637+0400] {logging_mixin.py:188} INFO - [2024-02-03T04:06:13.637+0400] {dag.py:3823} INFO - Setting next_dagrun for iris_score to None, run_after=None
[2024-02-03T04:06:13.649+0400] {processor.py:183} INFO - Processing /home/reurairin/airflow/dags/iris_score.py took 0.040 seconds
[2024-02-03T04:06:46.273+0400] {processor.py:161} INFO - Started process (PID=7388) to work on /home/reurairin/airflow/dags/iris_score.py
[2024-02-03T04:06:46.274+0400] {processor.py:830} INFO - Processing file /home/reurairin/airflow/dags/iris_score.py for tasks to queue
[2024-02-03T04:06:46.275+0400] {logging_mixin.py:188} INFO - [2024-02-03T04:06:46.274+0400] {dagbag.py:538} INFO - Filling up the DagBag from /home/reurairin/airflow/dags/iris_score.py
[2024-02-03T04:06:46.278+0400] {processor.py:840} INFO - DAG(s) 'iris_score' retrieved from /home/reurairin/airflow/dags/iris_score.py
[2024-02-03T04:06:46.288+0400] {logging_mixin.py:188} INFO - [2024-02-03T04:06:46.288+0400] {dag.py:3036} INFO - Sync 1 DAGs
[2024-02-03T04:06:46.295+0400] {logging_mixin.py:188} INFO - [2024-02-03T04:06:46.294+0400] {dag.py:3823} INFO - Setting next_dagrun for iris_score to None, run_after=None
[2024-02-03T04:06:46.308+0400] {processor.py:183} INFO - Processing /home/reurairin/airflow/dags/iris_score.py took 0.037 seconds
[2024-02-03T04:07:24.741+0400] {processor.py:161} INFO - Started process (PID=7561) to work on /home/reurairin/airflow/dags/iris_score.py
[2024-02-03T04:07:24.742+0400] {processor.py:830} INFO - Processing file /home/reurairin/airflow/dags/iris_score.py for tasks to queue
[2024-02-03T04:07:24.742+0400] {logging_mixin.py:188} INFO - [2024-02-03T04:07:24.742+0400] {dagbag.py:538} INFO - Filling up the DagBag from /home/reurairin/airflow/dags/iris_score.py
[2024-02-03T04:07:24.745+0400] {processor.py:840} INFO - DAG(s) 'iris_score' retrieved from /home/reurairin/airflow/dags/iris_score.py
[2024-02-03T04:07:24.756+0400] {logging_mixin.py:188} INFO - [2024-02-03T04:07:24.755+0400] {dag.py:3036} INFO - Sync 1 DAGs
[2024-02-03T04:07:24.762+0400] {logging_mixin.py:188} INFO - [2024-02-03T04:07:24.762+0400] {dag.py:3823} INFO - Setting next_dagrun for iris_score to None, run_after=None
[2024-02-03T04:07:24.776+0400] {processor.py:183} INFO - Processing /home/reurairin/airflow/dags/iris_score.py took 0.037 seconds
[2024-02-03T04:08:00.440+0400] {processor.py:161} INFO - Started process (PID=7713) to work on /home/reurairin/airflow/dags/iris_score.py
[2024-02-03T04:08:00.441+0400] {processor.py:830} INFO - Processing file /home/reurairin/airflow/dags/iris_score.py for tasks to queue
[2024-02-03T04:08:00.442+0400] {logging_mixin.py:188} INFO - [2024-02-03T04:08:00.442+0400] {dagbag.py:538} INFO - Filling up the DagBag from /home/reurairin/airflow/dags/iris_score.py
[2024-02-03T04:08:00.445+0400] {processor.py:840} INFO - DAG(s) 'iris_score' retrieved from /home/reurairin/airflow/dags/iris_score.py
[2024-02-03T04:08:00.453+0400] {logging_mixin.py:188} INFO - [2024-02-03T04:08:00.453+0400] {dag.py:3036} INFO - Sync 1 DAGs
[2024-02-03T04:08:00.459+0400] {logging_mixin.py:188} INFO - [2024-02-03T04:08:00.459+0400] {dag.py:3823} INFO - Setting next_dagrun for iris_score to None, run_after=None
[2024-02-03T04:08:00.471+0400] {processor.py:183} INFO - Processing /home/reurairin/airflow/dags/iris_score.py took 0.033 seconds
[2024-02-03T04:08:33.247+0400] {processor.py:161} INFO - Started process (PID=7856) to work on /home/reurairin/airflow/dags/iris_score.py
[2024-02-03T04:08:33.247+0400] {processor.py:830} INFO - Processing file /home/reurairin/airflow/dags/iris_score.py for tasks to queue
[2024-02-03T04:08:33.248+0400] {logging_mixin.py:188} INFO - [2024-02-03T04:08:33.248+0400] {dagbag.py:538} INFO - Filling up the DagBag from /home/reurairin/airflow/dags/iris_score.py
[2024-02-03T04:08:33.252+0400] {processor.py:840} INFO - DAG(s) 'iris_score' retrieved from /home/reurairin/airflow/dags/iris_score.py
[2024-02-03T04:08:33.260+0400] {logging_mixin.py:188} INFO - [2024-02-03T04:08:33.260+0400] {dag.py:3036} INFO - Sync 1 DAGs
[2024-02-03T04:08:33.266+0400] {logging_mixin.py:188} INFO - [2024-02-03T04:08:33.266+0400] {dag.py:3823} INFO - Setting next_dagrun for iris_score to None, run_after=None
[2024-02-03T04:08:33.278+0400] {processor.py:183} INFO - Processing /home/reurairin/airflow/dags/iris_score.py took 0.033 seconds
[2024-02-03T04:09:07.157+0400] {processor.py:161} INFO - Started process (PID=7996) to work on /home/reurairin/airflow/dags/iris_score.py
[2024-02-03T04:09:07.164+0400] {processor.py:830} INFO - Processing file /home/reurairin/airflow/dags/iris_score.py for tasks to queue
[2024-02-03T04:09:07.165+0400] {logging_mixin.py:188} INFO - [2024-02-03T04:09:07.165+0400] {dagbag.py:538} INFO - Filling up the DagBag from /home/reurairin/airflow/dags/iris_score.py
[2024-02-03T04:09:07.168+0400] {processor.py:840} INFO - DAG(s) 'iris_score' retrieved from /home/reurairin/airflow/dags/iris_score.py
[2024-02-03T04:09:07.176+0400] {logging_mixin.py:188} INFO - [2024-02-03T04:09:07.176+0400] {dag.py:3036} INFO - Sync 1 DAGs
[2024-02-03T04:09:07.182+0400] {logging_mixin.py:188} INFO - [2024-02-03T04:09:07.182+0400] {dag.py:3823} INFO - Setting next_dagrun for iris_score to None, run_after=None
[2024-02-03T04:09:07.194+0400] {processor.py:183} INFO - Processing /home/reurairin/airflow/dags/iris_score.py took 0.038 seconds
[2024-02-03T04:09:40.917+0400] {processor.py:161} INFO - Started process (PID=8197) to work on /home/reurairin/airflow/dags/iris_score.py
[2024-02-03T04:09:40.919+0400] {processor.py:830} INFO - Processing file /home/reurairin/airflow/dags/iris_score.py for tasks to queue
[2024-02-03T04:09:40.919+0400] {logging_mixin.py:188} INFO - [2024-02-03T04:09:40.919+0400] {dagbag.py:538} INFO - Filling up the DagBag from /home/reurairin/airflow/dags/iris_score.py
[2024-02-03T04:09:40.923+0400] {processor.py:840} INFO - DAG(s) 'iris_score' retrieved from /home/reurairin/airflow/dags/iris_score.py
[2024-02-03T04:09:40.932+0400] {logging_mixin.py:188} INFO - [2024-02-03T04:09:40.932+0400] {dag.py:3036} INFO - Sync 1 DAGs
[2024-02-03T04:09:40.938+0400] {logging_mixin.py:188} INFO - [2024-02-03T04:09:40.938+0400] {dag.py:3823} INFO - Setting next_dagrun for iris_score to None, run_after=None
[2024-02-03T04:09:40.952+0400] {processor.py:183} INFO - Processing /home/reurairin/airflow/dags/iris_score.py took 0.037 seconds
