[2024-02-03T04:00:20.350+0400] {processor.py:161} INFO - Started process (PID=5700) to work on /home/reurairin/projects/urfu/urfu_3s_mlops-3/env/lib/python3.10/site-packages/airflow/example_dags/example_bash_operator.py
[2024-02-03T04:00:20.351+0400] {processor.py:830} INFO - Processing file /home/reurairin/projects/urfu/urfu_3s_mlops-3/env/lib/python3.10/site-packages/airflow/example_dags/example_bash_operator.py for tasks to queue
[2024-02-03T04:00:20.351+0400] {logging_mixin.py:188} INFO - [2024-02-03T04:00:20.351+0400] {dagbag.py:538} INFO - Filling up the DagBag from /home/reurairin/projects/urfu/urfu_3s_mlops-3/env/lib/python3.10/site-packages/airflow/example_dags/example_bash_operator.py
[2024-02-03T04:00:20.360+0400] {processor.py:840} INFO - DAG(s) 'example_bash_operator' retrieved from /home/reurairin/projects/urfu/urfu_3s_mlops-3/env/lib/python3.10/site-packages/airflow/example_dags/example_bash_operator.py
[2024-02-03T04:00:20.376+0400] {logging_mixin.py:188} INFO - [2024-02-03T04:00:20.376+0400] {dag.py:3036} INFO - Sync 1 DAGs
[2024-02-03T04:00:20.391+0400] {logging_mixin.py:188} INFO - [2024-02-03T04:00:20.390+0400] {dag.py:3823} INFO - Setting next_dagrun for example_bash_operator to 2024-02-02 00:00:00+00:00, run_after=2024-02-03 00:00:00+00:00
[2024-02-03T04:00:20.408+0400] {processor.py:183} INFO - Processing /home/reurairin/projects/urfu/urfu_3s_mlops-3/env/lib/python3.10/site-packages/airflow/example_dags/example_bash_operator.py took 0.062 seconds
[2024-02-03T04:01:15.859+0400] {processor.py:161} INFO - Started process (PID=5931) to work on /home/reurairin/projects/urfu/urfu_3s_mlops-3/env/lib/python3.10/site-packages/airflow/example_dags/example_bash_operator.py
[2024-02-03T04:01:15.866+0400] {processor.py:830} INFO - Processing file /home/reurairin/projects/urfu/urfu_3s_mlops-3/env/lib/python3.10/site-packages/airflow/example_dags/example_bash_operator.py for tasks to queue
[2024-02-03T04:01:15.867+0400] {logging_mixin.py:188} INFO - [2024-02-03T04:01:15.866+0400] {dagbag.py:538} INFO - Filling up the DagBag from /home/reurairin/projects/urfu/urfu_3s_mlops-3/env/lib/python3.10/site-packages/airflow/example_dags/example_bash_operator.py
[2024-02-03T04:01:15.873+0400] {processor.py:840} INFO - DAG(s) 'example_bash_operator' retrieved from /home/reurairin/projects/urfu/urfu_3s_mlops-3/env/lib/python3.10/site-packages/airflow/example_dags/example_bash_operator.py
[2024-02-03T04:01:15.888+0400] {logging_mixin.py:188} INFO - [2024-02-03T04:01:15.888+0400] {dag.py:3036} INFO - Sync 1 DAGs
[2024-02-03T04:01:15.900+0400] {logging_mixin.py:188} INFO - [2024-02-03T04:01:15.900+0400] {dag.py:3823} INFO - Setting next_dagrun for example_bash_operator to 2024-02-02 00:00:00+00:00, run_after=2024-02-03 00:00:00+00:00
[2024-02-03T04:01:15.914+0400] {processor.py:183} INFO - Processing /home/reurairin/projects/urfu/urfu_3s_mlops-3/env/lib/python3.10/site-packages/airflow/example_dags/example_bash_operator.py took 0.057 seconds
[2024-02-03T04:02:04.915+0400] {processor.py:161} INFO - Started process (PID=6142) to work on /home/reurairin/projects/urfu/urfu_3s_mlops-3/env/lib/python3.10/site-packages/airflow/example_dags/example_bash_operator.py
[2024-02-03T04:02:04.922+0400] {processor.py:830} INFO - Processing file /home/reurairin/projects/urfu/urfu_3s_mlops-3/env/lib/python3.10/site-packages/airflow/example_dags/example_bash_operator.py for tasks to queue
[2024-02-03T04:02:04.923+0400] {logging_mixin.py:188} INFO - [2024-02-03T04:02:04.922+0400] {dagbag.py:538} INFO - Filling up the DagBag from /home/reurairin/projects/urfu/urfu_3s_mlops-3/env/lib/python3.10/site-packages/airflow/example_dags/example_bash_operator.py
[2024-02-03T04:02:04.930+0400] {processor.py:840} INFO - DAG(s) 'example_bash_operator' retrieved from /home/reurairin/projects/urfu/urfu_3s_mlops-3/env/lib/python3.10/site-packages/airflow/example_dags/example_bash_operator.py
[2024-02-03T04:02:04.943+0400] {logging_mixin.py:188} INFO - [2024-02-03T04:02:04.943+0400] {dag.py:3036} INFO - Sync 1 DAGs
[2024-02-03T04:02:04.953+0400] {logging_mixin.py:188} INFO - [2024-02-03T04:02:04.953+0400] {dag.py:3823} INFO - Setting next_dagrun for example_bash_operator to 2024-02-02 00:00:00+00:00, run_after=2024-02-03 00:00:00+00:00
[2024-02-03T04:02:04.965+0400] {processor.py:183} INFO - Processing /home/reurairin/projects/urfu/urfu_3s_mlops-3/env/lib/python3.10/site-packages/airflow/example_dags/example_bash_operator.py took 0.052 seconds
[2024-02-03T04:02:57.846+0400] {processor.py:161} INFO - Started process (PID=6366) to work on /home/reurairin/projects/urfu/urfu_3s_mlops-3/env/lib/python3.10/site-packages/airflow/example_dags/example_bash_operator.py
[2024-02-03T04:02:57.848+0400] {processor.py:830} INFO - Processing file /home/reurairin/projects/urfu/urfu_3s_mlops-3/env/lib/python3.10/site-packages/airflow/example_dags/example_bash_operator.py for tasks to queue
[2024-02-03T04:02:57.849+0400] {logging_mixin.py:188} INFO - [2024-02-03T04:02:57.849+0400] {dagbag.py:538} INFO - Filling up the DagBag from /home/reurairin/projects/urfu/urfu_3s_mlops-3/env/lib/python3.10/site-packages/airflow/example_dags/example_bash_operator.py
[2024-02-03T04:02:57.856+0400] {processor.py:840} INFO - DAG(s) 'example_bash_operator' retrieved from /home/reurairin/projects/urfu/urfu_3s_mlops-3/env/lib/python3.10/site-packages/airflow/example_dags/example_bash_operator.py
[2024-02-03T04:02:57.869+0400] {logging_mixin.py:188} INFO - [2024-02-03T04:02:57.869+0400] {dag.py:3036} INFO - Sync 1 DAGs
[2024-02-03T04:02:57.879+0400] {logging_mixin.py:188} INFO - [2024-02-03T04:02:57.879+0400] {dag.py:3823} INFO - Setting next_dagrun for example_bash_operator to 2024-02-02 00:00:00+00:00, run_after=2024-02-03 00:00:00+00:00
[2024-02-03T04:02:57.892+0400] {processor.py:183} INFO - Processing /home/reurairin/projects/urfu/urfu_3s_mlops-3/env/lib/python3.10/site-packages/airflow/example_dags/example_bash_operator.py took 0.047 seconds
[2024-02-03T04:03:52.886+0400] {processor.py:161} INFO - Started process (PID=6597) to work on /home/reurairin/projects/urfu/urfu_3s_mlops-3/env/lib/python3.10/site-packages/airflow/example_dags/example_bash_operator.py
[2024-02-03T04:03:52.893+0400] {processor.py:830} INFO - Processing file /home/reurairin/projects/urfu/urfu_3s_mlops-3/env/lib/python3.10/site-packages/airflow/example_dags/example_bash_operator.py for tasks to queue
[2024-02-03T04:03:52.894+0400] {logging_mixin.py:188} INFO - [2024-02-03T04:03:52.894+0400] {dagbag.py:538} INFO - Filling up the DagBag from /home/reurairin/projects/urfu/urfu_3s_mlops-3/env/lib/python3.10/site-packages/airflow/example_dags/example_bash_operator.py
[2024-02-03T04:03:52.902+0400] {processor.py:840} INFO - DAG(s) 'example_bash_operator' retrieved from /home/reurairin/projects/urfu/urfu_3s_mlops-3/env/lib/python3.10/site-packages/airflow/example_dags/example_bash_operator.py
[2024-02-03T04:03:52.917+0400] {logging_mixin.py:188} INFO - [2024-02-03T04:03:52.917+0400] {dag.py:3036} INFO - Sync 1 DAGs
[2024-02-03T04:03:52.928+0400] {logging_mixin.py:188} INFO - [2024-02-03T04:03:52.928+0400] {dag.py:3823} INFO - Setting next_dagrun for example_bash_operator to 2024-02-02 00:00:00+00:00, run_after=2024-02-03 00:00:00+00:00
[2024-02-03T04:03:52.944+0400] {processor.py:183} INFO - Processing /home/reurairin/projects/urfu/urfu_3s_mlops-3/env/lib/python3.10/site-packages/airflow/example_dags/example_bash_operator.py took 0.060 seconds
[2024-02-03T04:04:42.407+0400] {processor.py:161} INFO - Started process (PID=6808) to work on /home/reurairin/projects/urfu/urfu_3s_mlops-3/env/lib/python3.10/site-packages/airflow/example_dags/example_bash_operator.py
[2024-02-03T04:04:42.414+0400] {processor.py:830} INFO - Processing file /home/reurairin/projects/urfu/urfu_3s_mlops-3/env/lib/python3.10/site-packages/airflow/example_dags/example_bash_operator.py for tasks to queue
[2024-02-03T04:04:42.415+0400] {logging_mixin.py:188} INFO - [2024-02-03T04:04:42.414+0400] {dagbag.py:538} INFO - Filling up the DagBag from /home/reurairin/projects/urfu/urfu_3s_mlops-3/env/lib/python3.10/site-packages/airflow/example_dags/example_bash_operator.py
[2024-02-03T04:04:42.422+0400] {processor.py:840} INFO - DAG(s) 'example_bash_operator' retrieved from /home/reurairin/projects/urfu/urfu_3s_mlops-3/env/lib/python3.10/site-packages/airflow/example_dags/example_bash_operator.py
[2024-02-03T04:04:42.435+0400] {logging_mixin.py:188} INFO - [2024-02-03T04:04:42.435+0400] {dag.py:3036} INFO - Sync 1 DAGs
[2024-02-03T04:04:42.446+0400] {logging_mixin.py:188} INFO - [2024-02-03T04:04:42.445+0400] {dag.py:3823} INFO - Setting next_dagrun for example_bash_operator to 2024-02-02 00:00:00+00:00, run_after=2024-02-03 00:00:00+00:00
[2024-02-03T04:04:42.458+0400] {processor.py:183} INFO - Processing /home/reurairin/projects/urfu/urfu_3s_mlops-3/env/lib/python3.10/site-packages/airflow/example_dags/example_bash_operator.py took 0.053 seconds
[2024-02-03T04:05:38.774+0400] {processor.py:161} INFO - Started process (PID=7053) to work on /home/reurairin/projects/urfu/urfu_3s_mlops-3/env/lib/python3.10/site-packages/airflow/example_dags/example_bash_operator.py
[2024-02-03T04:05:38.775+0400] {processor.py:830} INFO - Processing file /home/reurairin/projects/urfu/urfu_3s_mlops-3/env/lib/python3.10/site-packages/airflow/example_dags/example_bash_operator.py for tasks to queue
[2024-02-03T04:05:38.776+0400] {logging_mixin.py:188} INFO - [2024-02-03T04:05:38.775+0400] {dagbag.py:538} INFO - Filling up the DagBag from /home/reurairin/projects/urfu/urfu_3s_mlops-3/env/lib/python3.10/site-packages/airflow/example_dags/example_bash_operator.py
[2024-02-03T04:05:38.783+0400] {processor.py:840} INFO - DAG(s) 'example_bash_operator' retrieved from /home/reurairin/projects/urfu/urfu_3s_mlops-3/env/lib/python3.10/site-packages/airflow/example_dags/example_bash_operator.py
[2024-02-03T04:05:38.797+0400] {logging_mixin.py:188} INFO - [2024-02-03T04:05:38.797+0400] {dag.py:3036} INFO - Sync 1 DAGs
[2024-02-03T04:05:38.808+0400] {logging_mixin.py:188} INFO - [2024-02-03T04:05:38.808+0400] {dag.py:3823} INFO - Setting next_dagrun for example_bash_operator to 2024-02-02 00:00:00+00:00, run_after=2024-02-03 00:00:00+00:00
[2024-02-03T04:05:38.823+0400] {processor.py:183} INFO - Processing /home/reurairin/projects/urfu/urfu_3s_mlops-3/env/lib/python3.10/site-packages/airflow/example_dags/example_bash_operator.py took 0.051 seconds
[2024-02-03T04:06:26.751+0400] {processor.py:161} INFO - Started process (PID=7308) to work on /home/reurairin/projects/urfu/urfu_3s_mlops-3/env/lib/python3.10/site-packages/airflow/example_dags/example_bash_operator.py
[2024-02-03T04:06:26.759+0400] {processor.py:830} INFO - Processing file /home/reurairin/projects/urfu/urfu_3s_mlops-3/env/lib/python3.10/site-packages/airflow/example_dags/example_bash_operator.py for tasks to queue
[2024-02-03T04:06:26.759+0400] {logging_mixin.py:188} INFO - [2024-02-03T04:06:26.759+0400] {dagbag.py:538} INFO - Filling up the DagBag from /home/reurairin/projects/urfu/urfu_3s_mlops-3/env/lib/python3.10/site-packages/airflow/example_dags/example_bash_operator.py
[2024-02-03T04:06:26.766+0400] {processor.py:840} INFO - DAG(s) 'example_bash_operator' retrieved from /home/reurairin/projects/urfu/urfu_3s_mlops-3/env/lib/python3.10/site-packages/airflow/example_dags/example_bash_operator.py
[2024-02-03T04:06:26.782+0400] {logging_mixin.py:188} INFO - [2024-02-03T04:06:26.782+0400] {dag.py:3036} INFO - Sync 1 DAGs
[2024-02-03T04:06:26.796+0400] {logging_mixin.py:188} INFO - [2024-02-03T04:06:26.795+0400] {dag.py:3823} INFO - Setting next_dagrun for example_bash_operator to 2024-02-02 00:00:00+00:00, run_after=2024-02-03 00:00:00+00:00
[2024-02-03T04:06:26.810+0400] {processor.py:183} INFO - Processing /home/reurairin/projects/urfu/urfu_3s_mlops-3/env/lib/python3.10/site-packages/airflow/example_dags/example_bash_operator.py took 0.060 seconds
[2024-02-03T04:07:22.532+0400] {processor.py:161} INFO - Started process (PID=7549) to work on /home/reurairin/projects/urfu/urfu_3s_mlops-3/env/lib/python3.10/site-packages/airflow/example_dags/example_bash_operator.py
[2024-02-03T04:07:22.539+0400] {processor.py:830} INFO - Processing file /home/reurairin/projects/urfu/urfu_3s_mlops-3/env/lib/python3.10/site-packages/airflow/example_dags/example_bash_operator.py for tasks to queue
[2024-02-03T04:07:22.540+0400] {logging_mixin.py:188} INFO - [2024-02-03T04:07:22.540+0400] {dagbag.py:538} INFO - Filling up the DagBag from /home/reurairin/projects/urfu/urfu_3s_mlops-3/env/lib/python3.10/site-packages/airflow/example_dags/example_bash_operator.py
[2024-02-03T04:07:22.546+0400] {processor.py:840} INFO - DAG(s) 'example_bash_operator' retrieved from /home/reurairin/projects/urfu/urfu_3s_mlops-3/env/lib/python3.10/site-packages/airflow/example_dags/example_bash_operator.py
[2024-02-03T04:07:22.560+0400] {logging_mixin.py:188} INFO - [2024-02-03T04:07:22.560+0400] {dag.py:3036} INFO - Sync 1 DAGs
[2024-02-03T04:07:22.570+0400] {logging_mixin.py:188} INFO - [2024-02-03T04:07:22.570+0400] {dag.py:3823} INFO - Setting next_dagrun for example_bash_operator to 2024-02-02 00:00:00+00:00, run_after=2024-02-03 00:00:00+00:00
[2024-02-03T04:07:22.583+0400] {processor.py:183} INFO - Processing /home/reurairin/projects/urfu/urfu_3s_mlops-3/env/lib/python3.10/site-packages/airflow/example_dags/example_bash_operator.py took 0.052 seconds
[2024-02-03T04:08:13.907+0400] {processor.py:161} INFO - Started process (PID=7770) to work on /home/reurairin/projects/urfu/urfu_3s_mlops-3/env/lib/python3.10/site-packages/airflow/example_dags/example_bash_operator.py
[2024-02-03T04:08:13.914+0400] {processor.py:830} INFO - Processing file /home/reurairin/projects/urfu/urfu_3s_mlops-3/env/lib/python3.10/site-packages/airflow/example_dags/example_bash_operator.py for tasks to queue
[2024-02-03T04:08:13.915+0400] {logging_mixin.py:188} INFO - [2024-02-03T04:08:13.915+0400] {dagbag.py:538} INFO - Filling up the DagBag from /home/reurairin/projects/urfu/urfu_3s_mlops-3/env/lib/python3.10/site-packages/airflow/example_dags/example_bash_operator.py
[2024-02-03T04:08:13.922+0400] {processor.py:840} INFO - DAG(s) 'example_bash_operator' retrieved from /home/reurairin/projects/urfu/urfu_3s_mlops-3/env/lib/python3.10/site-packages/airflow/example_dags/example_bash_operator.py
[2024-02-03T04:08:13.935+0400] {logging_mixin.py:188} INFO - [2024-02-03T04:08:13.934+0400] {dag.py:3036} INFO - Sync 1 DAGs
[2024-02-03T04:08:13.944+0400] {logging_mixin.py:188} INFO - [2024-02-03T04:08:13.944+0400] {dag.py:3823} INFO - Setting next_dagrun for example_bash_operator to 2024-02-02 00:00:00+00:00, run_after=2024-02-03 00:00:00+00:00
[2024-02-03T04:08:13.956+0400] {processor.py:183} INFO - Processing /home/reurairin/projects/urfu/urfu_3s_mlops-3/env/lib/python3.10/site-packages/airflow/example_dags/example_bash_operator.py took 0.051 seconds
[2024-02-03T04:09:05.696+0400] {processor.py:161} INFO - Started process (PID=7987) to work on /home/reurairin/projects/urfu/urfu_3s_mlops-3/env/lib/python3.10/site-packages/airflow/example_dags/example_bash_operator.py
[2024-02-03T04:09:05.697+0400] {processor.py:830} INFO - Processing file /home/reurairin/projects/urfu/urfu_3s_mlops-3/env/lib/python3.10/site-packages/airflow/example_dags/example_bash_operator.py for tasks to queue
[2024-02-03T04:09:05.698+0400] {logging_mixin.py:188} INFO - [2024-02-03T04:09:05.698+0400] {dagbag.py:538} INFO - Filling up the DagBag from /home/reurairin/projects/urfu/urfu_3s_mlops-3/env/lib/python3.10/site-packages/airflow/example_dags/example_bash_operator.py
[2024-02-03T04:09:05.705+0400] {processor.py:840} INFO - DAG(s) 'example_bash_operator' retrieved from /home/reurairin/projects/urfu/urfu_3s_mlops-3/env/lib/python3.10/site-packages/airflow/example_dags/example_bash_operator.py
[2024-02-03T04:09:05.718+0400] {logging_mixin.py:188} INFO - [2024-02-03T04:09:05.718+0400] {dag.py:3036} INFO - Sync 1 DAGs
[2024-02-03T04:09:05.727+0400] {logging_mixin.py:188} INFO - [2024-02-03T04:09:05.727+0400] {dag.py:3823} INFO - Setting next_dagrun for example_bash_operator to 2024-02-02 00:00:00+00:00, run_after=2024-02-03 00:00:00+00:00
[2024-02-03T04:09:05.740+0400] {processor.py:183} INFO - Processing /home/reurairin/projects/urfu/urfu_3s_mlops-3/env/lib/python3.10/site-packages/airflow/example_dags/example_bash_operator.py took 0.045 seconds
[2024-02-03T04:09:56.325+0400] {processor.py:161} INFO - Started process (PID=8274) to work on /home/reurairin/projects/urfu/urfu_3s_mlops-3/env/lib/python3.10/site-packages/airflow/example_dags/example_bash_operator.py
[2024-02-03T04:09:56.332+0400] {processor.py:830} INFO - Processing file /home/reurairin/projects/urfu/urfu_3s_mlops-3/env/lib/python3.10/site-packages/airflow/example_dags/example_bash_operator.py for tasks to queue
[2024-02-03T04:09:56.333+0400] {logging_mixin.py:188} INFO - [2024-02-03T04:09:56.332+0400] {dagbag.py:538} INFO - Filling up the DagBag from /home/reurairin/projects/urfu/urfu_3s_mlops-3/env/lib/python3.10/site-packages/airflow/example_dags/example_bash_operator.py
[2024-02-03T04:09:56.340+0400] {processor.py:840} INFO - DAG(s) 'example_bash_operator' retrieved from /home/reurairin/projects/urfu/urfu_3s_mlops-3/env/lib/python3.10/site-packages/airflow/example_dags/example_bash_operator.py
[2024-02-03T04:09:56.352+0400] {logging_mixin.py:188} INFO - [2024-02-03T04:09:56.352+0400] {dag.py:3036} INFO - Sync 1 DAGs
[2024-02-03T04:09:56.362+0400] {logging_mixin.py:188} INFO - [2024-02-03T04:09:56.362+0400] {dag.py:3823} INFO - Setting next_dagrun for example_bash_operator to 2024-02-02 00:00:00+00:00, run_after=2024-02-03 00:00:00+00:00
[2024-02-03T04:09:56.376+0400] {processor.py:183} INFO - Processing /home/reurairin/projects/urfu/urfu_3s_mlops-3/env/lib/python3.10/site-packages/airflow/example_dags/example_bash_operator.py took 0.053 seconds
