[2024-02-03T04:00:17.088+0400] {processor.py:161} INFO - Started process (PID=5688) to work on /home/reurairin/projects/urfu/urfu_3s_mlops-3/env/lib/python3.10/site-packages/airflow/example_dags/example_sla_dag.py
[2024-02-03T04:00:17.088+0400] {processor.py:830} INFO - Processing file /home/reurairin/projects/urfu/urfu_3s_mlops-3/env/lib/python3.10/site-packages/airflow/example_dags/example_sla_dag.py for tasks to queue
[2024-02-03T04:00:17.089+0400] {logging_mixin.py:188} INFO - [2024-02-03T04:00:17.089+0400] {dagbag.py:538} INFO - Filling up the DagBag from /home/reurairin/projects/urfu/urfu_3s_mlops-3/env/lib/python3.10/site-packages/airflow/example_dags/example_sla_dag.py
[2024-02-03T04:00:17.094+0400] {processor.py:840} INFO - DAG(s) 'example_sla_dag' retrieved from /home/reurairin/projects/urfu/urfu_3s_mlops-3/env/lib/python3.10/site-packages/airflow/example_dags/example_sla_dag.py
[2024-02-03T04:00:17.102+0400] {logging_mixin.py:188} INFO - [2024-02-03T04:00:17.102+0400] {dag.py:3036} INFO - Sync 1 DAGs
[2024-02-03T04:00:17.114+0400] {logging_mixin.py:188} INFO - [2024-02-03T04:00:17.114+0400] {dag.py:3823} INFO - Setting next_dagrun for example_sla_dag to 2024-02-02 23:58:00+00:00, run_after=2024-02-03 00:00:00+00:00
[2024-02-03T04:00:17.126+0400] {processor.py:183} INFO - Processing /home/reurairin/projects/urfu/urfu_3s_mlops-3/env/lib/python3.10/site-packages/airflow/example_dags/example_sla_dag.py took 0.040 seconds
[2024-02-03T04:01:13.009+0400] {processor.py:161} INFO - Started process (PID=5922) to work on /home/reurairin/projects/urfu/urfu_3s_mlops-3/env/lib/python3.10/site-packages/airflow/example_dags/example_sla_dag.py
[2024-02-03T04:01:13.016+0400] {processor.py:830} INFO - Processing file /home/reurairin/projects/urfu/urfu_3s_mlops-3/env/lib/python3.10/site-packages/airflow/example_dags/example_sla_dag.py for tasks to queue
[2024-02-03T04:01:13.017+0400] {logging_mixin.py:188} INFO - [2024-02-03T04:01:13.017+0400] {dagbag.py:538} INFO - Filling up the DagBag from /home/reurairin/projects/urfu/urfu_3s_mlops-3/env/lib/python3.10/site-packages/airflow/example_dags/example_sla_dag.py
[2024-02-03T04:01:13.022+0400] {processor.py:840} INFO - DAG(s) 'example_sla_dag' retrieved from /home/reurairin/projects/urfu/urfu_3s_mlops-3/env/lib/python3.10/site-packages/airflow/example_dags/example_sla_dag.py
[2024-02-03T04:01:13.033+0400] {logging_mixin.py:188} INFO - [2024-02-03T04:01:13.032+0400] {dag.py:3036} INFO - Sync 1 DAGs
[2024-02-03T04:01:13.045+0400] {logging_mixin.py:188} INFO - [2024-02-03T04:01:13.045+0400] {dag.py:3823} INFO - Setting next_dagrun for example_sla_dag to 2024-02-02 23:58:00+00:00, run_after=2024-02-03 00:00:00+00:00
[2024-02-03T04:01:13.061+0400] {processor.py:183} INFO - Processing /home/reurairin/projects/urfu/urfu_3s_mlops-3/env/lib/python3.10/site-packages/airflow/example_dags/example_sla_dag.py took 0.053 seconds
[2024-02-03T04:02:02.950+0400] {processor.py:161} INFO - Started process (PID=6133) to work on /home/reurairin/projects/urfu/urfu_3s_mlops-3/env/lib/python3.10/site-packages/airflow/example_dags/example_sla_dag.py
[2024-02-03T04:02:02.950+0400] {processor.py:830} INFO - Processing file /home/reurairin/projects/urfu/urfu_3s_mlops-3/env/lib/python3.10/site-packages/airflow/example_dags/example_sla_dag.py for tasks to queue
[2024-02-03T04:02:02.951+0400] {logging_mixin.py:188} INFO - [2024-02-03T04:02:02.951+0400] {dagbag.py:538} INFO - Filling up the DagBag from /home/reurairin/projects/urfu/urfu_3s_mlops-3/env/lib/python3.10/site-packages/airflow/example_dags/example_sla_dag.py
[2024-02-03T04:02:02.956+0400] {processor.py:840} INFO - DAG(s) 'example_sla_dag' retrieved from /home/reurairin/projects/urfu/urfu_3s_mlops-3/env/lib/python3.10/site-packages/airflow/example_dags/example_sla_dag.py
[2024-02-03T04:02:02.964+0400] {logging_mixin.py:188} INFO - [2024-02-03T04:02:02.964+0400] {dag.py:3036} INFO - Sync 1 DAGs
[2024-02-03T04:02:02.975+0400] {logging_mixin.py:188} INFO - [2024-02-03T04:02:02.975+0400] {dag.py:3823} INFO - Setting next_dagrun for example_sla_dag to 2024-02-03 00:00:00+00:00, run_after=2024-02-03 00:02:00+00:00
[2024-02-03T04:02:02.987+0400] {processor.py:183} INFO - Processing /home/reurairin/projects/urfu/urfu_3s_mlops-3/env/lib/python3.10/site-packages/airflow/example_dags/example_sla_dag.py took 0.039 seconds
[2024-02-03T04:02:55.754+0400] {processor.py:161} INFO - Started process (PID=6357) to work on /home/reurairin/projects/urfu/urfu_3s_mlops-3/env/lib/python3.10/site-packages/airflow/example_dags/example_sla_dag.py
[2024-02-03T04:02:55.756+0400] {processor.py:830} INFO - Processing file /home/reurairin/projects/urfu/urfu_3s_mlops-3/env/lib/python3.10/site-packages/airflow/example_dags/example_sla_dag.py for tasks to queue
[2024-02-03T04:02:55.757+0400] {logging_mixin.py:188} INFO - [2024-02-03T04:02:55.757+0400] {dagbag.py:538} INFO - Filling up the DagBag from /home/reurairin/projects/urfu/urfu_3s_mlops-3/env/lib/python3.10/site-packages/airflow/example_dags/example_sla_dag.py
[2024-02-03T04:02:55.762+0400] {processor.py:840} INFO - DAG(s) 'example_sla_dag' retrieved from /home/reurairin/projects/urfu/urfu_3s_mlops-3/env/lib/python3.10/site-packages/airflow/example_dags/example_sla_dag.py
[2024-02-03T04:02:55.770+0400] {logging_mixin.py:188} INFO - [2024-02-03T04:02:55.769+0400] {dag.py:3036} INFO - Sync 1 DAGs
[2024-02-03T04:02:55.780+0400] {logging_mixin.py:188} INFO - [2024-02-03T04:02:55.780+0400] {dag.py:3823} INFO - Setting next_dagrun for example_sla_dag to 2024-02-03 00:00:00+00:00, run_after=2024-02-03 00:02:00+00:00
[2024-02-03T04:02:55.792+0400] {processor.py:183} INFO - Processing /home/reurairin/projects/urfu/urfu_3s_mlops-3/env/lib/python3.10/site-packages/airflow/example_dags/example_sla_dag.py took 0.040 seconds
[2024-02-03T04:03:50.020+0400] {processor.py:161} INFO - Started process (PID=6585) to work on /home/reurairin/projects/urfu/urfu_3s_mlops-3/env/lib/python3.10/site-packages/airflow/example_dags/example_sla_dag.py
[2024-02-03T04:03:50.028+0400] {processor.py:830} INFO - Processing file /home/reurairin/projects/urfu/urfu_3s_mlops-3/env/lib/python3.10/site-packages/airflow/example_dags/example_sla_dag.py for tasks to queue
[2024-02-03T04:03:50.029+0400] {logging_mixin.py:188} INFO - [2024-02-03T04:03:50.029+0400] {dagbag.py:538} INFO - Filling up the DagBag from /home/reurairin/projects/urfu/urfu_3s_mlops-3/env/lib/python3.10/site-packages/airflow/example_dags/example_sla_dag.py
[2024-02-03T04:03:50.037+0400] {processor.py:840} INFO - DAG(s) 'example_sla_dag' retrieved from /home/reurairin/projects/urfu/urfu_3s_mlops-3/env/lib/python3.10/site-packages/airflow/example_dags/example_sla_dag.py
[2024-02-03T04:03:50.048+0400] {logging_mixin.py:188} INFO - [2024-02-03T04:03:50.048+0400] {dag.py:3036} INFO - Sync 1 DAGs
[2024-02-03T04:03:50.064+0400] {logging_mixin.py:188} INFO - [2024-02-03T04:03:50.064+0400] {dag.py:3823} INFO - Setting next_dagrun for example_sla_dag to 2024-02-03 00:00:00+00:00, run_after=2024-02-03 00:02:00+00:00
[2024-02-03T04:03:50.085+0400] {processor.py:183} INFO - Processing /home/reurairin/projects/urfu/urfu_3s_mlops-3/env/lib/python3.10/site-packages/airflow/example_dags/example_sla_dag.py took 0.067 seconds
[2024-02-03T04:04:39.152+0400] {processor.py:161} INFO - Started process (PID=6793) to work on /home/reurairin/projects/urfu/urfu_3s_mlops-3/env/lib/python3.10/site-packages/airflow/example_dags/example_sla_dag.py
[2024-02-03T04:04:39.158+0400] {processor.py:830} INFO - Processing file /home/reurairin/projects/urfu/urfu_3s_mlops-3/env/lib/python3.10/site-packages/airflow/example_dags/example_sla_dag.py for tasks to queue
[2024-02-03T04:04:39.159+0400] {logging_mixin.py:188} INFO - [2024-02-03T04:04:39.159+0400] {dagbag.py:538} INFO - Filling up the DagBag from /home/reurairin/projects/urfu/urfu_3s_mlops-3/env/lib/python3.10/site-packages/airflow/example_dags/example_sla_dag.py
[2024-02-03T04:04:39.164+0400] {processor.py:840} INFO - DAG(s) 'example_sla_dag' retrieved from /home/reurairin/projects/urfu/urfu_3s_mlops-3/env/lib/python3.10/site-packages/airflow/example_dags/example_sla_dag.py
[2024-02-03T04:04:39.173+0400] {logging_mixin.py:188} INFO - [2024-02-03T04:04:39.172+0400] {dag.py:3036} INFO - Sync 1 DAGs
[2024-02-03T04:04:39.184+0400] {logging_mixin.py:188} INFO - [2024-02-03T04:04:39.184+0400] {dag.py:3823} INFO - Setting next_dagrun for example_sla_dag to 2024-02-03 00:02:00+00:00, run_after=2024-02-03 00:04:00+00:00
[2024-02-03T04:04:39.199+0400] {processor.py:183} INFO - Processing /home/reurairin/projects/urfu/urfu_3s_mlops-3/env/lib/python3.10/site-packages/airflow/example_dags/example_sla_dag.py took 0.049 seconds
[2024-02-03T04:05:35.372+0400] {processor.py:161} INFO - Started process (PID=7041) to work on /home/reurairin/projects/urfu/urfu_3s_mlops-3/env/lib/python3.10/site-packages/airflow/example_dags/example_sla_dag.py
[2024-02-03T04:05:35.373+0400] {processor.py:830} INFO - Processing file /home/reurairin/projects/urfu/urfu_3s_mlops-3/env/lib/python3.10/site-packages/airflow/example_dags/example_sla_dag.py for tasks to queue
[2024-02-03T04:05:35.374+0400] {logging_mixin.py:188} INFO - [2024-02-03T04:05:35.373+0400] {dagbag.py:538} INFO - Filling up the DagBag from /home/reurairin/projects/urfu/urfu_3s_mlops-3/env/lib/python3.10/site-packages/airflow/example_dags/example_sla_dag.py
[2024-02-03T04:05:35.380+0400] {processor.py:840} INFO - DAG(s) 'example_sla_dag' retrieved from /home/reurairin/projects/urfu/urfu_3s_mlops-3/env/lib/python3.10/site-packages/airflow/example_dags/example_sla_dag.py
[2024-02-03T04:05:35.390+0400] {logging_mixin.py:188} INFO - [2024-02-03T04:05:35.390+0400] {dag.py:3036} INFO - Sync 1 DAGs
[2024-02-03T04:05:35.404+0400] {logging_mixin.py:188} INFO - [2024-02-03T04:05:35.404+0400] {dag.py:3823} INFO - Setting next_dagrun for example_sla_dag to 2024-02-03 00:02:00+00:00, run_after=2024-02-03 00:04:00+00:00
[2024-02-03T04:05:35.421+0400] {processor.py:183} INFO - Processing /home/reurairin/projects/urfu/urfu_3s_mlops-3/env/lib/python3.10/site-packages/airflow/example_dags/example_sla_dag.py took 0.051 seconds
[2024-02-03T04:06:23.742+0400] {processor.py:161} INFO - Started process (PID=7299) to work on /home/reurairin/projects/urfu/urfu_3s_mlops-3/env/lib/python3.10/site-packages/airflow/example_dags/example_sla_dag.py
[2024-02-03T04:06:23.743+0400] {processor.py:830} INFO - Processing file /home/reurairin/projects/urfu/urfu_3s_mlops-3/env/lib/python3.10/site-packages/airflow/example_dags/example_sla_dag.py for tasks to queue
[2024-02-03T04:06:23.744+0400] {logging_mixin.py:188} INFO - [2024-02-03T04:06:23.743+0400] {dagbag.py:538} INFO - Filling up the DagBag from /home/reurairin/projects/urfu/urfu_3s_mlops-3/env/lib/python3.10/site-packages/airflow/example_dags/example_sla_dag.py
[2024-02-03T04:06:23.748+0400] {processor.py:840} INFO - DAG(s) 'example_sla_dag' retrieved from /home/reurairin/projects/urfu/urfu_3s_mlops-3/env/lib/python3.10/site-packages/airflow/example_dags/example_sla_dag.py
[2024-02-03T04:06:23.757+0400] {logging_mixin.py:188} INFO - [2024-02-03T04:06:23.757+0400] {dag.py:3036} INFO - Sync 1 DAGs
[2024-02-03T04:06:23.769+0400] {logging_mixin.py:188} INFO - [2024-02-03T04:06:23.769+0400] {dag.py:3823} INFO - Setting next_dagrun for example_sla_dag to 2024-02-03 00:04:00+00:00, run_after=2024-02-03 00:06:00+00:00
[2024-02-03T04:06:23.782+0400] {processor.py:183} INFO - Processing /home/reurairin/projects/urfu/urfu_3s_mlops-3/env/lib/python3.10/site-packages/airflow/example_dags/example_sla_dag.py took 0.042 seconds
[2024-02-03T04:07:19.143+0400] {processor.py:161} INFO - Started process (PID=7537) to work on /home/reurairin/projects/urfu/urfu_3s_mlops-3/env/lib/python3.10/site-packages/airflow/example_dags/example_sla_dag.py
[2024-02-03T04:07:19.144+0400] {processor.py:830} INFO - Processing file /home/reurairin/projects/urfu/urfu_3s_mlops-3/env/lib/python3.10/site-packages/airflow/example_dags/example_sla_dag.py for tasks to queue
[2024-02-03T04:07:19.144+0400] {logging_mixin.py:188} INFO - [2024-02-03T04:07:19.144+0400] {dagbag.py:538} INFO - Filling up the DagBag from /home/reurairin/projects/urfu/urfu_3s_mlops-3/env/lib/python3.10/site-packages/airflow/example_dags/example_sla_dag.py
[2024-02-03T04:07:19.149+0400] {processor.py:840} INFO - DAG(s) 'example_sla_dag' retrieved from /home/reurairin/projects/urfu/urfu_3s_mlops-3/env/lib/python3.10/site-packages/airflow/example_dags/example_sla_dag.py
[2024-02-03T04:07:19.157+0400] {logging_mixin.py:188} INFO - [2024-02-03T04:07:19.157+0400] {dag.py:3036} INFO - Sync 1 DAGs
[2024-02-03T04:07:19.168+0400] {logging_mixin.py:188} INFO - [2024-02-03T04:07:19.168+0400] {dag.py:3823} INFO - Setting next_dagrun for example_sla_dag to 2024-02-03 00:04:00+00:00, run_after=2024-02-03 00:06:00+00:00
[2024-02-03T04:07:19.179+0400] {processor.py:183} INFO - Processing /home/reurairin/projects/urfu/urfu_3s_mlops-3/env/lib/python3.10/site-packages/airflow/example_dags/example_sla_dag.py took 0.038 seconds
[2024-02-03T04:08:10.516+0400] {processor.py:161} INFO - Started process (PID=7755) to work on /home/reurairin/projects/urfu/urfu_3s_mlops-3/env/lib/python3.10/site-packages/airflow/example_dags/example_sla_dag.py
[2024-02-03T04:08:10.523+0400] {processor.py:830} INFO - Processing file /home/reurairin/projects/urfu/urfu_3s_mlops-3/env/lib/python3.10/site-packages/airflow/example_dags/example_sla_dag.py for tasks to queue
[2024-02-03T04:08:10.523+0400] {logging_mixin.py:188} INFO - [2024-02-03T04:08:10.523+0400] {dagbag.py:538} INFO - Filling up the DagBag from /home/reurairin/projects/urfu/urfu_3s_mlops-3/env/lib/python3.10/site-packages/airflow/example_dags/example_sla_dag.py
[2024-02-03T04:08:10.528+0400] {processor.py:840} INFO - DAG(s) 'example_sla_dag' retrieved from /home/reurairin/projects/urfu/urfu_3s_mlops-3/env/lib/python3.10/site-packages/airflow/example_dags/example_sla_dag.py
[2024-02-03T04:08:10.537+0400] {logging_mixin.py:188} INFO - [2024-02-03T04:08:10.537+0400] {dag.py:3036} INFO - Sync 1 DAGs
[2024-02-03T04:08:10.548+0400] {logging_mixin.py:188} INFO - [2024-02-03T04:08:10.548+0400] {dag.py:3823} INFO - Setting next_dagrun for example_sla_dag to 2024-02-03 00:06:00+00:00, run_after=2024-02-03 00:08:00+00:00
[2024-02-03T04:08:10.560+0400] {processor.py:183} INFO - Processing /home/reurairin/projects/urfu/urfu_3s_mlops-3/env/lib/python3.10/site-packages/airflow/example_dags/example_sla_dag.py took 0.046 seconds
[2024-02-03T04:09:02.826+0400] {processor.py:161} INFO - Started process (PID=7976) to work on /home/reurairin/projects/urfu/urfu_3s_mlops-3/env/lib/python3.10/site-packages/airflow/example_dags/example_sla_dag.py
[2024-02-03T04:09:02.827+0400] {processor.py:830} INFO - Processing file /home/reurairin/projects/urfu/urfu_3s_mlops-3/env/lib/python3.10/site-packages/airflow/example_dags/example_sla_dag.py for tasks to queue
[2024-02-03T04:09:02.827+0400] {logging_mixin.py:188} INFO - [2024-02-03T04:09:02.827+0400] {dagbag.py:538} INFO - Filling up the DagBag from /home/reurairin/projects/urfu/urfu_3s_mlops-3/env/lib/python3.10/site-packages/airflow/example_dags/example_sla_dag.py
[2024-02-03T04:09:02.832+0400] {processor.py:840} INFO - DAG(s) 'example_sla_dag' retrieved from /home/reurairin/projects/urfu/urfu_3s_mlops-3/env/lib/python3.10/site-packages/airflow/example_dags/example_sla_dag.py
[2024-02-03T04:09:02.840+0400] {logging_mixin.py:188} INFO - [2024-02-03T04:09:02.840+0400] {dag.py:3036} INFO - Sync 1 DAGs
[2024-02-03T04:09:02.851+0400] {logging_mixin.py:188} INFO - [2024-02-03T04:09:02.851+0400] {dag.py:3823} INFO - Setting next_dagrun for example_sla_dag to 2024-02-03 00:06:00+00:00, run_after=2024-02-03 00:08:00+00:00
[2024-02-03T04:09:02.863+0400] {processor.py:183} INFO - Processing /home/reurairin/projects/urfu/urfu_3s_mlops-3/env/lib/python3.10/site-packages/airflow/example_dags/example_sla_dag.py took 0.039 seconds
[2024-02-03T04:09:52.933+0400] {processor.py:161} INFO - Started process (PID=8268) to work on /home/reurairin/projects/urfu/urfu_3s_mlops-3/env/lib/python3.10/site-packages/airflow/example_dags/example_sla_dag.py
[2024-02-03T04:09:52.940+0400] {processor.py:830} INFO - Processing file /home/reurairin/projects/urfu/urfu_3s_mlops-3/env/lib/python3.10/site-packages/airflow/example_dags/example_sla_dag.py for tasks to queue
[2024-02-03T04:09:52.941+0400] {logging_mixin.py:188} INFO - [2024-02-03T04:09:52.940+0400] {dagbag.py:538} INFO - Filling up the DagBag from /home/reurairin/projects/urfu/urfu_3s_mlops-3/env/lib/python3.10/site-packages/airflow/example_dags/example_sla_dag.py
[2024-02-03T04:09:52.946+0400] {processor.py:840} INFO - DAG(s) 'example_sla_dag' retrieved from /home/reurairin/projects/urfu/urfu_3s_mlops-3/env/lib/python3.10/site-packages/airflow/example_dags/example_sla_dag.py
[2024-02-03T04:09:52.953+0400] {logging_mixin.py:188} INFO - [2024-02-03T04:09:52.953+0400] {dag.py:3036} INFO - Sync 1 DAGs
[2024-02-03T04:09:52.964+0400] {logging_mixin.py:188} INFO - [2024-02-03T04:09:52.964+0400] {dag.py:3823} INFO - Setting next_dagrun for example_sla_dag to 2024-02-03 00:06:00+00:00, run_after=2024-02-03 00:08:00+00:00
[2024-02-03T04:09:52.979+0400] {processor.py:183} INFO - Processing /home/reurairin/projects/urfu/urfu_3s_mlops-3/env/lib/python3.10/site-packages/airflow/example_dags/example_sla_dag.py took 0.048 seconds
