[2024-02-03T04:00:04.432+0400] {processor.py:161} INFO - Started process (PID=5636) to work on /home/reurairin/projects/urfu/urfu_3s_mlops-3/env/lib/python3.10/site-packages/airflow/example_dags/example_params_trigger_ui.py
[2024-02-03T04:00:04.433+0400] {processor.py:830} INFO - Processing file /home/reurairin/projects/urfu/urfu_3s_mlops-3/env/lib/python3.10/site-packages/airflow/example_dags/example_params_trigger_ui.py for tasks to queue
[2024-02-03T04:00:04.434+0400] {logging_mixin.py:188} INFO - [2024-02-03T04:00:04.433+0400] {dagbag.py:538} INFO - Filling up the DagBag from /home/reurairin/projects/urfu/urfu_3s_mlops-3/env/lib/python3.10/site-packages/airflow/example_dags/example_params_trigger_ui.py
[2024-02-03T04:00:04.442+0400] {processor.py:840} INFO - DAG(s) 'example_params_trigger_ui' retrieved from /home/reurairin/projects/urfu/urfu_3s_mlops-3/env/lib/python3.10/site-packages/airflow/example_dags/example_params_trigger_ui.py
[2024-02-03T04:00:04.467+0400] {logging_mixin.py:188} INFO - [2024-02-03T04:00:04.467+0400] {dag.py:3036} INFO - Sync 1 DAGs
[2024-02-03T04:00:04.474+0400] {logging_mixin.py:188} INFO - [2024-02-03T04:00:04.473+0400] {dag.py:3823} INFO - Setting next_dagrun for example_params_trigger_ui to None, run_after=None
[2024-02-03T04:00:04.493+0400] {processor.py:183} INFO - Processing /home/reurairin/projects/urfu/urfu_3s_mlops-3/env/lib/python3.10/site-packages/airflow/example_dags/example_params_trigger_ui.py took 0.063 seconds
[2024-02-03T04:00:59.311+0400] {processor.py:161} INFO - Started process (PID=5865) to work on /home/reurairin/projects/urfu/urfu_3s_mlops-3/env/lib/python3.10/site-packages/airflow/example_dags/example_params_trigger_ui.py
[2024-02-03T04:00:59.318+0400] {processor.py:830} INFO - Processing file /home/reurairin/projects/urfu/urfu_3s_mlops-3/env/lib/python3.10/site-packages/airflow/example_dags/example_params_trigger_ui.py for tasks to queue
[2024-02-03T04:00:59.319+0400] {logging_mixin.py:188} INFO - [2024-02-03T04:00:59.318+0400] {dagbag.py:538} INFO - Filling up the DagBag from /home/reurairin/projects/urfu/urfu_3s_mlops-3/env/lib/python3.10/site-packages/airflow/example_dags/example_params_trigger_ui.py
[2024-02-03T04:00:59.327+0400] {processor.py:840} INFO - DAG(s) 'example_params_trigger_ui' retrieved from /home/reurairin/projects/urfu/urfu_3s_mlops-3/env/lib/python3.10/site-packages/airflow/example_dags/example_params_trigger_ui.py
[2024-02-03T04:00:59.351+0400] {logging_mixin.py:188} INFO - [2024-02-03T04:00:59.351+0400] {dag.py:3036} INFO - Sync 1 DAGs
[2024-02-03T04:00:59.357+0400] {logging_mixin.py:188} INFO - [2024-02-03T04:00:59.357+0400] {dag.py:3823} INFO - Setting next_dagrun for example_params_trigger_ui to None, run_after=None
[2024-02-03T04:00:59.371+0400] {processor.py:183} INFO - Processing /home/reurairin/projects/urfu/urfu_3s_mlops-3/env/lib/python3.10/site-packages/airflow/example_dags/example_params_trigger_ui.py took 0.062 seconds
[2024-02-03T04:01:48.953+0400] {processor.py:161} INFO - Started process (PID=6076) to work on /home/reurairin/projects/urfu/urfu_3s_mlops-3/env/lib/python3.10/site-packages/airflow/example_dags/example_params_trigger_ui.py
[2024-02-03T04:01:48.960+0400] {processor.py:830} INFO - Processing file /home/reurairin/projects/urfu/urfu_3s_mlops-3/env/lib/python3.10/site-packages/airflow/example_dags/example_params_trigger_ui.py for tasks to queue
[2024-02-03T04:01:48.961+0400] {logging_mixin.py:188} INFO - [2024-02-03T04:01:48.960+0400] {dagbag.py:538} INFO - Filling up the DagBag from /home/reurairin/projects/urfu/urfu_3s_mlops-3/env/lib/python3.10/site-packages/airflow/example_dags/example_params_trigger_ui.py
[2024-02-03T04:01:48.969+0400] {processor.py:840} INFO - DAG(s) 'example_params_trigger_ui' retrieved from /home/reurairin/projects/urfu/urfu_3s_mlops-3/env/lib/python3.10/site-packages/airflow/example_dags/example_params_trigger_ui.py
[2024-02-03T04:01:48.993+0400] {logging_mixin.py:188} INFO - [2024-02-03T04:01:48.993+0400] {dag.py:3036} INFO - Sync 1 DAGs
[2024-02-03T04:01:49.000+0400] {logging_mixin.py:188} INFO - [2024-02-03T04:01:48.999+0400] {dag.py:3823} INFO - Setting next_dagrun for example_params_trigger_ui to None, run_after=None
[2024-02-03T04:01:49.012+0400] {processor.py:183} INFO - Processing /home/reurairin/projects/urfu/urfu_3s_mlops-3/env/lib/python3.10/site-packages/airflow/example_dags/example_params_trigger_ui.py took 0.061 seconds
[2024-02-03T04:02:40.476+0400] {processor.py:161} INFO - Started process (PID=6297) to work on /home/reurairin/projects/urfu/urfu_3s_mlops-3/env/lib/python3.10/site-packages/airflow/example_dags/example_params_trigger_ui.py
[2024-02-03T04:02:40.483+0400] {processor.py:830} INFO - Processing file /home/reurairin/projects/urfu/urfu_3s_mlops-3/env/lib/python3.10/site-packages/airflow/example_dags/example_params_trigger_ui.py for tasks to queue
[2024-02-03T04:02:40.484+0400] {logging_mixin.py:188} INFO - [2024-02-03T04:02:40.484+0400] {dagbag.py:538} INFO - Filling up the DagBag from /home/reurairin/projects/urfu/urfu_3s_mlops-3/env/lib/python3.10/site-packages/airflow/example_dags/example_params_trigger_ui.py
[2024-02-03T04:02:40.493+0400] {processor.py:840} INFO - DAG(s) 'example_params_trigger_ui' retrieved from /home/reurairin/projects/urfu/urfu_3s_mlops-3/env/lib/python3.10/site-packages/airflow/example_dags/example_params_trigger_ui.py
[2024-02-03T04:02:40.518+0400] {logging_mixin.py:188} INFO - [2024-02-03T04:02:40.518+0400] {dag.py:3036} INFO - Sync 1 DAGs
[2024-02-03T04:02:40.524+0400] {logging_mixin.py:188} INFO - [2024-02-03T04:02:40.524+0400] {dag.py:3823} INFO - Setting next_dagrun for example_params_trigger_ui to None, run_after=None
[2024-02-03T04:02:40.537+0400] {processor.py:183} INFO - Processing /home/reurairin/projects/urfu/urfu_3s_mlops-3/env/lib/python3.10/site-packages/airflow/example_dags/example_params_trigger_ui.py took 0.062 seconds
[2024-02-03T04:03:35.733+0400] {processor.py:161} INFO - Started process (PID=6528) to work on /home/reurairin/projects/urfu/urfu_3s_mlops-3/env/lib/python3.10/site-packages/airflow/example_dags/example_params_trigger_ui.py
[2024-02-03T04:03:35.734+0400] {processor.py:830} INFO - Processing file /home/reurairin/projects/urfu/urfu_3s_mlops-3/env/lib/python3.10/site-packages/airflow/example_dags/example_params_trigger_ui.py for tasks to queue
[2024-02-03T04:03:35.735+0400] {logging_mixin.py:188} INFO - [2024-02-03T04:03:35.735+0400] {dagbag.py:538} INFO - Filling up the DagBag from /home/reurairin/projects/urfu/urfu_3s_mlops-3/env/lib/python3.10/site-packages/airflow/example_dags/example_params_trigger_ui.py
[2024-02-03T04:03:35.745+0400] {processor.py:840} INFO - DAG(s) 'example_params_trigger_ui' retrieved from /home/reurairin/projects/urfu/urfu_3s_mlops-3/env/lib/python3.10/site-packages/airflow/example_dags/example_params_trigger_ui.py
[2024-02-03T04:03:35.773+0400] {logging_mixin.py:188} INFO - [2024-02-03T04:03:35.773+0400] {dag.py:3036} INFO - Sync 1 DAGs
[2024-02-03T04:03:35.781+0400] {logging_mixin.py:188} INFO - [2024-02-03T04:03:35.781+0400] {dag.py:3823} INFO - Setting next_dagrun for example_params_trigger_ui to None, run_after=None
[2024-02-03T04:03:35.798+0400] {processor.py:183} INFO - Processing /home/reurairin/projects/urfu/urfu_3s_mlops-3/env/lib/python3.10/site-packages/airflow/example_dags/example_params_trigger_ui.py took 0.067 seconds
[2024-02-03T04:04:27.492+0400] {processor.py:161} INFO - Started process (PID=6748) to work on /home/reurairin/projects/urfu/urfu_3s_mlops-3/env/lib/python3.10/site-packages/airflow/example_dags/example_params_trigger_ui.py
[2024-02-03T04:04:27.493+0400] {processor.py:830} INFO - Processing file /home/reurairin/projects/urfu/urfu_3s_mlops-3/env/lib/python3.10/site-packages/airflow/example_dags/example_params_trigger_ui.py for tasks to queue
[2024-02-03T04:04:27.493+0400] {logging_mixin.py:188} INFO - [2024-02-03T04:04:27.493+0400] {dagbag.py:538} INFO - Filling up the DagBag from /home/reurairin/projects/urfu/urfu_3s_mlops-3/env/lib/python3.10/site-packages/airflow/example_dags/example_params_trigger_ui.py
[2024-02-03T04:04:27.506+0400] {processor.py:840} INFO - DAG(s) 'example_params_trigger_ui' retrieved from /home/reurairin/projects/urfu/urfu_3s_mlops-3/env/lib/python3.10/site-packages/airflow/example_dags/example_params_trigger_ui.py
[2024-02-03T04:04:27.539+0400] {logging_mixin.py:188} INFO - [2024-02-03T04:04:27.538+0400] {dag.py:3036} INFO - Sync 1 DAGs
[2024-02-03T04:04:27.547+0400] {logging_mixin.py:188} INFO - [2024-02-03T04:04:27.547+0400] {dag.py:3823} INFO - Setting next_dagrun for example_params_trigger_ui to None, run_after=None
[2024-02-03T04:04:27.566+0400] {processor.py:183} INFO - Processing /home/reurairin/projects/urfu/urfu_3s_mlops-3/env/lib/python3.10/site-packages/airflow/example_dags/example_params_trigger_ui.py took 0.076 seconds
[2024-02-03T04:05:19.531+0400] {processor.py:161} INFO - Started process (PID=6965) to work on /home/reurairin/projects/urfu/urfu_3s_mlops-3/env/lib/python3.10/site-packages/airflow/example_dags/example_params_trigger_ui.py
[2024-02-03T04:05:19.538+0400] {processor.py:830} INFO - Processing file /home/reurairin/projects/urfu/urfu_3s_mlops-3/env/lib/python3.10/site-packages/airflow/example_dags/example_params_trigger_ui.py for tasks to queue
[2024-02-03T04:05:19.539+0400] {logging_mixin.py:188} INFO - [2024-02-03T04:05:19.538+0400] {dagbag.py:538} INFO - Filling up the DagBag from /home/reurairin/projects/urfu/urfu_3s_mlops-3/env/lib/python3.10/site-packages/airflow/example_dags/example_params_trigger_ui.py
[2024-02-03T04:05:19.547+0400] {processor.py:840} INFO - DAG(s) 'example_params_trigger_ui' retrieved from /home/reurairin/projects/urfu/urfu_3s_mlops-3/env/lib/python3.10/site-packages/airflow/example_dags/example_params_trigger_ui.py
[2024-02-03T04:05:19.576+0400] {logging_mixin.py:188} INFO - [2024-02-03T04:05:19.576+0400] {dag.py:3036} INFO - Sync 1 DAGs
[2024-02-03T04:05:19.585+0400] {logging_mixin.py:188} INFO - [2024-02-03T04:05:19.584+0400] {dag.py:3823} INFO - Setting next_dagrun for example_params_trigger_ui to None, run_after=None
[2024-02-03T04:05:19.605+0400] {processor.py:183} INFO - Processing /home/reurairin/projects/urfu/urfu_3s_mlops-3/env/lib/python3.10/site-packages/airflow/example_dags/example_params_trigger_ui.py took 0.077 seconds
[2024-02-03T04:06:12.473+0400] {processor.py:161} INFO - Started process (PID=7243) to work on /home/reurairin/projects/urfu/urfu_3s_mlops-3/env/lib/python3.10/site-packages/airflow/example_dags/example_params_trigger_ui.py
[2024-02-03T04:06:12.480+0400] {processor.py:830} INFO - Processing file /home/reurairin/projects/urfu/urfu_3s_mlops-3/env/lib/python3.10/site-packages/airflow/example_dags/example_params_trigger_ui.py for tasks to queue
[2024-02-03T04:06:12.481+0400] {logging_mixin.py:188} INFO - [2024-02-03T04:06:12.481+0400] {dagbag.py:538} INFO - Filling up the DagBag from /home/reurairin/projects/urfu/urfu_3s_mlops-3/env/lib/python3.10/site-packages/airflow/example_dags/example_params_trigger_ui.py
[2024-02-03T04:06:12.489+0400] {processor.py:840} INFO - DAG(s) 'example_params_trigger_ui' retrieved from /home/reurairin/projects/urfu/urfu_3s_mlops-3/env/lib/python3.10/site-packages/airflow/example_dags/example_params_trigger_ui.py
[2024-02-03T04:06:12.513+0400] {logging_mixin.py:188} INFO - [2024-02-03T04:06:12.513+0400] {dag.py:3036} INFO - Sync 1 DAGs
[2024-02-03T04:06:12.520+0400] {logging_mixin.py:188} INFO - [2024-02-03T04:06:12.519+0400] {dag.py:3823} INFO - Setting next_dagrun for example_params_trigger_ui to None, run_after=None
[2024-02-03T04:06:12.533+0400] {processor.py:183} INFO - Processing /home/reurairin/projects/urfu/urfu_3s_mlops-3/env/lib/python3.10/site-packages/airflow/example_dags/example_params_trigger_ui.py took 0.061 seconds
[2024-02-03T04:07:03.803+0400] {processor.py:161} INFO - Started process (PID=7465) to work on /home/reurairin/projects/urfu/urfu_3s_mlops-3/env/lib/python3.10/site-packages/airflow/example_dags/example_params_trigger_ui.py
[2024-02-03T04:07:03.810+0400] {processor.py:830} INFO - Processing file /home/reurairin/projects/urfu/urfu_3s_mlops-3/env/lib/python3.10/site-packages/airflow/example_dags/example_params_trigger_ui.py for tasks to queue
[2024-02-03T04:07:03.810+0400] {logging_mixin.py:188} INFO - [2024-02-03T04:07:03.810+0400] {dagbag.py:538} INFO - Filling up the DagBag from /home/reurairin/projects/urfu/urfu_3s_mlops-3/env/lib/python3.10/site-packages/airflow/example_dags/example_params_trigger_ui.py
[2024-02-03T04:07:03.819+0400] {processor.py:840} INFO - DAG(s) 'example_params_trigger_ui' retrieved from /home/reurairin/projects/urfu/urfu_3s_mlops-3/env/lib/python3.10/site-packages/airflow/example_dags/example_params_trigger_ui.py
[2024-02-03T04:07:03.842+0400] {logging_mixin.py:188} INFO - [2024-02-03T04:07:03.842+0400] {dag.py:3036} INFO - Sync 1 DAGs
[2024-02-03T04:07:03.848+0400] {logging_mixin.py:188} INFO - [2024-02-03T04:07:03.848+0400] {dag.py:3823} INFO - Setting next_dagrun for example_params_trigger_ui to None, run_after=None
[2024-02-03T04:07:03.861+0400] {processor.py:183} INFO - Processing /home/reurairin/projects/urfu/urfu_3s_mlops-3/env/lib/python3.10/site-packages/airflow/example_dags/example_params_trigger_ui.py took 0.060 seconds
[2024-02-03T04:07:59.097+0400] {processor.py:161} INFO - Started process (PID=7708) to work on /home/reurairin/projects/urfu/urfu_3s_mlops-3/env/lib/python3.10/site-packages/airflow/example_dags/example_params_trigger_ui.py
[2024-02-03T04:07:59.098+0400] {processor.py:830} INFO - Processing file /home/reurairin/projects/urfu/urfu_3s_mlops-3/env/lib/python3.10/site-packages/airflow/example_dags/example_params_trigger_ui.py for tasks to queue
[2024-02-03T04:07:59.099+0400] {logging_mixin.py:188} INFO - [2024-02-03T04:07:59.098+0400] {dagbag.py:538} INFO - Filling up the DagBag from /home/reurairin/projects/urfu/urfu_3s_mlops-3/env/lib/python3.10/site-packages/airflow/example_dags/example_params_trigger_ui.py
[2024-02-03T04:07:59.107+0400] {processor.py:840} INFO - DAG(s) 'example_params_trigger_ui' retrieved from /home/reurairin/projects/urfu/urfu_3s_mlops-3/env/lib/python3.10/site-packages/airflow/example_dags/example_params_trigger_ui.py
[2024-02-03T04:07:59.130+0400] {logging_mixin.py:188} INFO - [2024-02-03T04:07:59.130+0400] {dag.py:3036} INFO - Sync 1 DAGs
[2024-02-03T04:07:59.136+0400] {logging_mixin.py:188} INFO - [2024-02-03T04:07:59.136+0400] {dag.py:3823} INFO - Setting next_dagrun for example_params_trigger_ui to None, run_after=None
[2024-02-03T04:07:59.149+0400] {processor.py:183} INFO - Processing /home/reurairin/projects/urfu/urfu_3s_mlops-3/env/lib/python3.10/site-packages/airflow/example_dags/example_params_trigger_ui.py took 0.054 seconds
[2024-02-03T04:08:48.026+0400] {processor.py:161} INFO - Started process (PID=7916) to work on /home/reurairin/projects/urfu/urfu_3s_mlops-3/env/lib/python3.10/site-packages/airflow/example_dags/example_params_trigger_ui.py
[2024-02-03T04:08:48.026+0400] {processor.py:830} INFO - Processing file /home/reurairin/projects/urfu/urfu_3s_mlops-3/env/lib/python3.10/site-packages/airflow/example_dags/example_params_trigger_ui.py for tasks to queue
[2024-02-03T04:08:48.027+0400] {logging_mixin.py:188} INFO - [2024-02-03T04:08:48.027+0400] {dagbag.py:538} INFO - Filling up the DagBag from /home/reurairin/projects/urfu/urfu_3s_mlops-3/env/lib/python3.10/site-packages/airflow/example_dags/example_params_trigger_ui.py
[2024-02-03T04:08:48.035+0400] {processor.py:840} INFO - DAG(s) 'example_params_trigger_ui' retrieved from /home/reurairin/projects/urfu/urfu_3s_mlops-3/env/lib/python3.10/site-packages/airflow/example_dags/example_params_trigger_ui.py
[2024-02-03T04:08:48.063+0400] {logging_mixin.py:188} INFO - [2024-02-03T04:08:48.062+0400] {dag.py:3036} INFO - Sync 1 DAGs
[2024-02-03T04:08:48.070+0400] {logging_mixin.py:188} INFO - [2024-02-03T04:08:48.070+0400] {dag.py:3823} INFO - Setting next_dagrun for example_params_trigger_ui to None, run_after=None
[2024-02-03T04:08:48.085+0400] {processor.py:183} INFO - Processing /home/reurairin/projects/urfu/urfu_3s_mlops-3/env/lib/python3.10/site-packages/airflow/example_dags/example_params_trigger_ui.py took 0.061 seconds
[2024-02-03T04:09:38.655+0400] {processor.py:161} INFO - Started process (PID=8180) to work on /home/reurairin/projects/urfu/urfu_3s_mlops-3/env/lib/python3.10/site-packages/airflow/example_dags/example_params_trigger_ui.py
[2024-02-03T04:09:38.656+0400] {processor.py:830} INFO - Processing file /home/reurairin/projects/urfu/urfu_3s_mlops-3/env/lib/python3.10/site-packages/airflow/example_dags/example_params_trigger_ui.py for tasks to queue
[2024-02-03T04:09:38.657+0400] {logging_mixin.py:188} INFO - [2024-02-03T04:09:38.656+0400] {dagbag.py:538} INFO - Filling up the DagBag from /home/reurairin/projects/urfu/urfu_3s_mlops-3/env/lib/python3.10/site-packages/airflow/example_dags/example_params_trigger_ui.py
[2024-02-03T04:09:38.668+0400] {processor.py:840} INFO - DAG(s) 'example_params_trigger_ui' retrieved from /home/reurairin/projects/urfu/urfu_3s_mlops-3/env/lib/python3.10/site-packages/airflow/example_dags/example_params_trigger_ui.py
[2024-02-03T04:09:38.706+0400] {logging_mixin.py:188} INFO - [2024-02-03T04:09:38.706+0400] {dag.py:3036} INFO - Sync 1 DAGs
[2024-02-03T04:09:38.715+0400] {logging_mixin.py:188} INFO - [2024-02-03T04:09:38.714+0400] {dag.py:3823} INFO - Setting next_dagrun for example_params_trigger_ui to None, run_after=None
[2024-02-03T04:09:38.733+0400] {processor.py:183} INFO - Processing /home/reurairin/projects/urfu/urfu_3s_mlops-3/env/lib/python3.10/site-packages/airflow/example_dags/example_params_trigger_ui.py took 0.080 seconds
