[2024-02-03T04:00:37.033+0400] {processor.py:161} INFO - Started process (PID=5764) to work on /home/reurairin/projects/urfu/urfu_3s_mlops-3/env/lib/python3.10/site-packages/airflow/example_dags/example_dynamic_task_mapping.py
[2024-02-03T04:00:37.033+0400] {processor.py:830} INFO - Processing file /home/reurairin/projects/urfu/urfu_3s_mlops-3/env/lib/python3.10/site-packages/airflow/example_dags/example_dynamic_task_mapping.py for tasks to queue
[2024-02-03T04:00:37.034+0400] {logging_mixin.py:188} INFO - [2024-02-03T04:00:37.034+0400] {dagbag.py:538} INFO - Filling up the DagBag from /home/reurairin/projects/urfu/urfu_3s_mlops-3/env/lib/python3.10/site-packages/airflow/example_dags/example_dynamic_task_mapping.py
[2024-02-03T04:00:37.038+0400] {processor.py:840} INFO - DAG(s) 'example_dynamic_task_mapping' retrieved from /home/reurairin/projects/urfu/urfu_3s_mlops-3/env/lib/python3.10/site-packages/airflow/example_dags/example_dynamic_task_mapping.py
[2024-02-03T04:00:37.047+0400] {logging_mixin.py:188} INFO - [2024-02-03T04:00:37.047+0400] {dag.py:3036} INFO - Sync 1 DAGs
[2024-02-03T04:00:37.058+0400] {logging_mixin.py:188} INFO - [2024-02-03T04:00:37.058+0400] {dag.py:3823} INFO - Setting next_dagrun for example_dynamic_task_mapping to 2022-03-04 00:00:00+00:00, run_after=2022-03-05 00:00:00+00:00
[2024-02-03T04:00:37.077+0400] {processor.py:183} INFO - Processing /home/reurairin/projects/urfu/urfu_3s_mlops-3/env/lib/python3.10/site-packages/airflow/example_dags/example_dynamic_task_mapping.py took 0.046 seconds
[2024-02-03T04:01:30.149+0400] {processor.py:161} INFO - Started process (PID=5988) to work on /home/reurairin/projects/urfu/urfu_3s_mlops-3/env/lib/python3.10/site-packages/airflow/example_dags/example_dynamic_task_mapping.py
[2024-02-03T04:01:30.156+0400] {processor.py:830} INFO - Processing file /home/reurairin/projects/urfu/urfu_3s_mlops-3/env/lib/python3.10/site-packages/airflow/example_dags/example_dynamic_task_mapping.py for tasks to queue
[2024-02-03T04:01:30.157+0400] {logging_mixin.py:188} INFO - [2024-02-03T04:01:30.156+0400] {dagbag.py:538} INFO - Filling up the DagBag from /home/reurairin/projects/urfu/urfu_3s_mlops-3/env/lib/python3.10/site-packages/airflow/example_dags/example_dynamic_task_mapping.py
[2024-02-03T04:01:30.160+0400] {processor.py:840} INFO - DAG(s) 'example_dynamic_task_mapping' retrieved from /home/reurairin/projects/urfu/urfu_3s_mlops-3/env/lib/python3.10/site-packages/airflow/example_dags/example_dynamic_task_mapping.py
[2024-02-03T04:01:30.168+0400] {logging_mixin.py:188} INFO - [2024-02-03T04:01:30.168+0400] {dag.py:3036} INFO - Sync 1 DAGs
[2024-02-03T04:01:30.179+0400] {logging_mixin.py:188} INFO - [2024-02-03T04:01:30.179+0400] {dag.py:3823} INFO - Setting next_dagrun for example_dynamic_task_mapping to 2022-03-04 00:00:00+00:00, run_after=2022-03-05 00:00:00+00:00
[2024-02-03T04:01:30.193+0400] {processor.py:183} INFO - Processing /home/reurairin/projects/urfu/urfu_3s_mlops-3/env/lib/python3.10/site-packages/airflow/example_dags/example_dynamic_task_mapping.py took 0.047 seconds
[2024-02-03T04:02:20.328+0400] {processor.py:161} INFO - Started process (PID=6203) to work on /home/reurairin/projects/urfu/urfu_3s_mlops-3/env/lib/python3.10/site-packages/airflow/example_dags/example_dynamic_task_mapping.py
[2024-02-03T04:02:20.335+0400] {processor.py:830} INFO - Processing file /home/reurairin/projects/urfu/urfu_3s_mlops-3/env/lib/python3.10/site-packages/airflow/example_dags/example_dynamic_task_mapping.py for tasks to queue
[2024-02-03T04:02:20.336+0400] {logging_mixin.py:188} INFO - [2024-02-03T04:02:20.335+0400] {dagbag.py:538} INFO - Filling up the DagBag from /home/reurairin/projects/urfu/urfu_3s_mlops-3/env/lib/python3.10/site-packages/airflow/example_dags/example_dynamic_task_mapping.py
[2024-02-03T04:02:20.339+0400] {processor.py:840} INFO - DAG(s) 'example_dynamic_task_mapping' retrieved from /home/reurairin/projects/urfu/urfu_3s_mlops-3/env/lib/python3.10/site-packages/airflow/example_dags/example_dynamic_task_mapping.py
[2024-02-03T04:02:20.348+0400] {logging_mixin.py:188} INFO - [2024-02-03T04:02:20.348+0400] {dag.py:3036} INFO - Sync 1 DAGs
[2024-02-03T04:02:20.359+0400] {logging_mixin.py:188} INFO - [2024-02-03T04:02:20.359+0400] {dag.py:3823} INFO - Setting next_dagrun for example_dynamic_task_mapping to 2022-03-04 00:00:00+00:00, run_after=2022-03-05 00:00:00+00:00
[2024-02-03T04:02:20.374+0400] {processor.py:183} INFO - Processing /home/reurairin/projects/urfu/urfu_3s_mlops-3/env/lib/python3.10/site-packages/airflow/example_dags/example_dynamic_task_mapping.py took 0.048 seconds
[2024-02-03T04:03:15.177+0400] {processor.py:161} INFO - Started process (PID=6447) to work on /home/reurairin/projects/urfu/urfu_3s_mlops-3/env/lib/python3.10/site-packages/airflow/example_dags/example_dynamic_task_mapping.py
[2024-02-03T04:03:15.184+0400] {processor.py:830} INFO - Processing file /home/reurairin/projects/urfu/urfu_3s_mlops-3/env/lib/python3.10/site-packages/airflow/example_dags/example_dynamic_task_mapping.py for tasks to queue
[2024-02-03T04:03:15.185+0400] {logging_mixin.py:188} INFO - [2024-02-03T04:03:15.185+0400] {dagbag.py:538} INFO - Filling up the DagBag from /home/reurairin/projects/urfu/urfu_3s_mlops-3/env/lib/python3.10/site-packages/airflow/example_dags/example_dynamic_task_mapping.py
[2024-02-03T04:03:15.190+0400] {processor.py:840} INFO - DAG(s) 'example_dynamic_task_mapping' retrieved from /home/reurairin/projects/urfu/urfu_3s_mlops-3/env/lib/python3.10/site-packages/airflow/example_dags/example_dynamic_task_mapping.py
[2024-02-03T04:03:15.199+0400] {logging_mixin.py:188} INFO - [2024-02-03T04:03:15.199+0400] {dag.py:3036} INFO - Sync 1 DAGs
[2024-02-03T04:03:15.210+0400] {logging_mixin.py:188} INFO - [2024-02-03T04:03:15.210+0400] {dag.py:3823} INFO - Setting next_dagrun for example_dynamic_task_mapping to 2022-03-04 00:00:00+00:00, run_after=2022-03-05 00:00:00+00:00
[2024-02-03T04:03:15.225+0400] {processor.py:183} INFO - Processing /home/reurairin/projects/urfu/urfu_3s_mlops-3/env/lib/python3.10/site-packages/airflow/example_dags/example_dynamic_task_mapping.py took 0.052 seconds
[2024-02-03T04:04:08.316+0400] {processor.py:161} INFO - Started process (PID=6670) to work on /home/reurairin/projects/urfu/urfu_3s_mlops-3/env/lib/python3.10/site-packages/airflow/example_dags/example_dynamic_task_mapping.py
[2024-02-03T04:04:08.317+0400] {processor.py:830} INFO - Processing file /home/reurairin/projects/urfu/urfu_3s_mlops-3/env/lib/python3.10/site-packages/airflow/example_dags/example_dynamic_task_mapping.py for tasks to queue
[2024-02-03T04:04:08.317+0400] {logging_mixin.py:188} INFO - [2024-02-03T04:04:08.317+0400] {dagbag.py:538} INFO - Filling up the DagBag from /home/reurairin/projects/urfu/urfu_3s_mlops-3/env/lib/python3.10/site-packages/airflow/example_dags/example_dynamic_task_mapping.py
[2024-02-03T04:04:08.322+0400] {processor.py:840} INFO - DAG(s) 'example_dynamic_task_mapping' retrieved from /home/reurairin/projects/urfu/urfu_3s_mlops-3/env/lib/python3.10/site-packages/airflow/example_dags/example_dynamic_task_mapping.py
[2024-02-03T04:04:08.331+0400] {logging_mixin.py:188} INFO - [2024-02-03T04:04:08.331+0400] {dag.py:3036} INFO - Sync 1 DAGs
[2024-02-03T04:04:08.342+0400] {logging_mixin.py:188} INFO - [2024-02-03T04:04:08.342+0400] {dag.py:3823} INFO - Setting next_dagrun for example_dynamic_task_mapping to 2022-03-04 00:00:00+00:00, run_after=2022-03-05 00:00:00+00:00
[2024-02-03T04:04:08.355+0400] {processor.py:183} INFO - Processing /home/reurairin/projects/urfu/urfu_3s_mlops-3/env/lib/python3.10/site-packages/airflow/example_dags/example_dynamic_task_mapping.py took 0.041 seconds
[2024-02-03T04:04:56.837+0400] {processor.py:161} INFO - Started process (PID=6877) to work on /home/reurairin/projects/urfu/urfu_3s_mlops-3/env/lib/python3.10/site-packages/airflow/example_dags/example_dynamic_task_mapping.py
[2024-02-03T04:04:56.839+0400] {processor.py:830} INFO - Processing file /home/reurairin/projects/urfu/urfu_3s_mlops-3/env/lib/python3.10/site-packages/airflow/example_dags/example_dynamic_task_mapping.py for tasks to queue
[2024-02-03T04:04:56.839+0400] {logging_mixin.py:188} INFO - [2024-02-03T04:04:56.839+0400] {dagbag.py:538} INFO - Filling up the DagBag from /home/reurairin/projects/urfu/urfu_3s_mlops-3/env/lib/python3.10/site-packages/airflow/example_dags/example_dynamic_task_mapping.py
[2024-02-03T04:04:56.843+0400] {processor.py:840} INFO - DAG(s) 'example_dynamic_task_mapping' retrieved from /home/reurairin/projects/urfu/urfu_3s_mlops-3/env/lib/python3.10/site-packages/airflow/example_dags/example_dynamic_task_mapping.py
[2024-02-03T04:04:56.853+0400] {logging_mixin.py:188} INFO - [2024-02-03T04:04:56.853+0400] {dag.py:3036} INFO - Sync 1 DAGs
[2024-02-03T04:04:56.865+0400] {logging_mixin.py:188} INFO - [2024-02-03T04:04:56.865+0400] {dag.py:3823} INFO - Setting next_dagrun for example_dynamic_task_mapping to 2022-03-04 00:00:00+00:00, run_after=2022-03-05 00:00:00+00:00
[2024-02-03T04:04:56.884+0400] {processor.py:183} INFO - Processing /home/reurairin/projects/urfu/urfu_3s_mlops-3/env/lib/python3.10/site-packages/airflow/example_dags/example_dynamic_task_mapping.py took 0.050 seconds
[2024-02-03T04:05:54.480+0400] {processor.py:161} INFO - Started process (PID=7143) to work on /home/reurairin/projects/urfu/urfu_3s_mlops-3/env/lib/python3.10/site-packages/airflow/example_dags/example_dynamic_task_mapping.py
[2024-02-03T04:05:54.481+0400] {processor.py:830} INFO - Processing file /home/reurairin/projects/urfu/urfu_3s_mlops-3/env/lib/python3.10/site-packages/airflow/example_dags/example_dynamic_task_mapping.py for tasks to queue
[2024-02-03T04:05:54.482+0400] {logging_mixin.py:188} INFO - [2024-02-03T04:05:54.482+0400] {dagbag.py:538} INFO - Filling up the DagBag from /home/reurairin/projects/urfu/urfu_3s_mlops-3/env/lib/python3.10/site-packages/airflow/example_dags/example_dynamic_task_mapping.py
[2024-02-03T04:05:54.486+0400] {processor.py:840} INFO - DAG(s) 'example_dynamic_task_mapping' retrieved from /home/reurairin/projects/urfu/urfu_3s_mlops-3/env/lib/python3.10/site-packages/airflow/example_dags/example_dynamic_task_mapping.py
[2024-02-03T04:05:54.494+0400] {logging_mixin.py:188} INFO - [2024-02-03T04:05:54.494+0400] {dag.py:3036} INFO - Sync 1 DAGs
[2024-02-03T04:05:54.504+0400] {logging_mixin.py:188} INFO - [2024-02-03T04:05:54.504+0400] {dag.py:3823} INFO - Setting next_dagrun for example_dynamic_task_mapping to 2022-03-04 00:00:00+00:00, run_after=2022-03-05 00:00:00+00:00
[2024-02-03T04:05:54.517+0400] {processor.py:183} INFO - Processing /home/reurairin/projects/urfu/urfu_3s_mlops-3/env/lib/python3.10/site-packages/airflow/example_dags/example_dynamic_task_mapping.py took 0.038 seconds
[2024-02-03T04:06:42.121+0400] {processor.py:161} INFO - Started process (PID=7371) to work on /home/reurairin/projects/urfu/urfu_3s_mlops-3/env/lib/python3.10/site-packages/airflow/example_dags/example_dynamic_task_mapping.py
[2024-02-03T04:06:42.123+0400] {processor.py:830} INFO - Processing file /home/reurairin/projects/urfu/urfu_3s_mlops-3/env/lib/python3.10/site-packages/airflow/example_dags/example_dynamic_task_mapping.py for tasks to queue
[2024-02-03T04:06:42.123+0400] {logging_mixin.py:188} INFO - [2024-02-03T04:06:42.123+0400] {dagbag.py:538} INFO - Filling up the DagBag from /home/reurairin/projects/urfu/urfu_3s_mlops-3/env/lib/python3.10/site-packages/airflow/example_dags/example_dynamic_task_mapping.py
[2024-02-03T04:06:42.127+0400] {processor.py:840} INFO - DAG(s) 'example_dynamic_task_mapping' retrieved from /home/reurairin/projects/urfu/urfu_3s_mlops-3/env/lib/python3.10/site-packages/airflow/example_dags/example_dynamic_task_mapping.py
[2024-02-03T04:06:42.135+0400] {logging_mixin.py:188} INFO - [2024-02-03T04:06:42.135+0400] {dag.py:3036} INFO - Sync 1 DAGs
[2024-02-03T04:06:42.145+0400] {logging_mixin.py:188} INFO - [2024-02-03T04:06:42.145+0400] {dag.py:3823} INFO - Setting next_dagrun for example_dynamic_task_mapping to 2022-03-04 00:00:00+00:00, run_after=2022-03-05 00:00:00+00:00
[2024-02-03T04:06:42.159+0400] {processor.py:183} INFO - Processing /home/reurairin/projects/urfu/urfu_3s_mlops-3/env/lib/python3.10/site-packages/airflow/example_dags/example_dynamic_task_mapping.py took 0.039 seconds
[2024-02-03T04:07:38.551+0400] {processor.py:161} INFO - Started process (PID=7624) to work on /home/reurairin/projects/urfu/urfu_3s_mlops-3/env/lib/python3.10/site-packages/airflow/example_dags/example_dynamic_task_mapping.py
[2024-02-03T04:07:38.558+0400] {processor.py:830} INFO - Processing file /home/reurairin/projects/urfu/urfu_3s_mlops-3/env/lib/python3.10/site-packages/airflow/example_dags/example_dynamic_task_mapping.py for tasks to queue
[2024-02-03T04:07:38.559+0400] {logging_mixin.py:188} INFO - [2024-02-03T04:07:38.558+0400] {dagbag.py:538} INFO - Filling up the DagBag from /home/reurairin/projects/urfu/urfu_3s_mlops-3/env/lib/python3.10/site-packages/airflow/example_dags/example_dynamic_task_mapping.py
[2024-02-03T04:07:38.562+0400] {processor.py:840} INFO - DAG(s) 'example_dynamic_task_mapping' retrieved from /home/reurairin/projects/urfu/urfu_3s_mlops-3/env/lib/python3.10/site-packages/airflow/example_dags/example_dynamic_task_mapping.py
[2024-02-03T04:07:38.571+0400] {logging_mixin.py:188} INFO - [2024-02-03T04:07:38.570+0400] {dag.py:3036} INFO - Sync 1 DAGs
[2024-02-03T04:07:38.581+0400] {logging_mixin.py:188} INFO - [2024-02-03T04:07:38.580+0400] {dag.py:3823} INFO - Setting next_dagrun for example_dynamic_task_mapping to 2022-03-04 00:00:00+00:00, run_after=2022-03-05 00:00:00+00:00
[2024-02-03T04:07:38.593+0400] {processor.py:183} INFO - Processing /home/reurairin/projects/urfu/urfu_3s_mlops-3/env/lib/python3.10/site-packages/airflow/example_dags/example_dynamic_task_mapping.py took 0.044 seconds
[2024-02-03T04:08:28.890+0400] {processor.py:161} INFO - Started process (PID=7839) to work on /home/reurairin/projects/urfu/urfu_3s_mlops-3/env/lib/python3.10/site-packages/airflow/example_dags/example_dynamic_task_mapping.py
[2024-02-03T04:08:28.891+0400] {processor.py:830} INFO - Processing file /home/reurairin/projects/urfu/urfu_3s_mlops-3/env/lib/python3.10/site-packages/airflow/example_dags/example_dynamic_task_mapping.py for tasks to queue
[2024-02-03T04:08:28.891+0400] {logging_mixin.py:188} INFO - [2024-02-03T04:08:28.891+0400] {dagbag.py:538} INFO - Filling up the DagBag from /home/reurairin/projects/urfu/urfu_3s_mlops-3/env/lib/python3.10/site-packages/airflow/example_dags/example_dynamic_task_mapping.py
[2024-02-03T04:08:28.895+0400] {processor.py:840} INFO - DAG(s) 'example_dynamic_task_mapping' retrieved from /home/reurairin/projects/urfu/urfu_3s_mlops-3/env/lib/python3.10/site-packages/airflow/example_dags/example_dynamic_task_mapping.py
[2024-02-03T04:08:28.904+0400] {logging_mixin.py:188} INFO - [2024-02-03T04:08:28.904+0400] {dag.py:3036} INFO - Sync 1 DAGs
[2024-02-03T04:08:28.913+0400] {logging_mixin.py:188} INFO - [2024-02-03T04:08:28.913+0400] {dag.py:3823} INFO - Setting next_dagrun for example_dynamic_task_mapping to 2022-03-04 00:00:00+00:00, run_after=2022-03-05 00:00:00+00:00
[2024-02-03T04:08:28.926+0400] {processor.py:183} INFO - Processing /home/reurairin/projects/urfu/urfu_3s_mlops-3/env/lib/python3.10/site-packages/airflow/example_dags/example_dynamic_task_mapping.py took 0.038 seconds
[2024-02-03T04:09:19.555+0400] {processor.py:161} INFO - Started process (PID=8058) to work on /home/reurairin/projects/urfu/urfu_3s_mlops-3/env/lib/python3.10/site-packages/airflow/example_dags/example_dynamic_task_mapping.py
[2024-02-03T04:09:19.556+0400] {processor.py:830} INFO - Processing file /home/reurairin/projects/urfu/urfu_3s_mlops-3/env/lib/python3.10/site-packages/airflow/example_dags/example_dynamic_task_mapping.py for tasks to queue
[2024-02-03T04:09:19.557+0400] {logging_mixin.py:188} INFO - [2024-02-03T04:09:19.556+0400] {dagbag.py:538} INFO - Filling up the DagBag from /home/reurairin/projects/urfu/urfu_3s_mlops-3/env/lib/python3.10/site-packages/airflow/example_dags/example_dynamic_task_mapping.py
[2024-02-03T04:09:19.560+0400] {processor.py:840} INFO - DAG(s) 'example_dynamic_task_mapping' retrieved from /home/reurairin/projects/urfu/urfu_3s_mlops-3/env/lib/python3.10/site-packages/airflow/example_dags/example_dynamic_task_mapping.py
[2024-02-03T04:09:19.568+0400] {logging_mixin.py:188} INFO - [2024-02-03T04:09:19.568+0400] {dag.py:3036} INFO - Sync 1 DAGs
[2024-02-03T04:09:19.577+0400] {logging_mixin.py:188} INFO - [2024-02-03T04:09:19.577+0400] {dag.py:3823} INFO - Setting next_dagrun for example_dynamic_task_mapping to 2022-03-04 00:00:00+00:00, run_after=2022-03-05 00:00:00+00:00
[2024-02-03T04:09:19.589+0400] {processor.py:183} INFO - Processing /home/reurairin/projects/urfu/urfu_3s_mlops-3/env/lib/python3.10/site-packages/airflow/example_dags/example_dynamic_task_mapping.py took 0.036 seconds
[2024-02-03T04:10:10.638+0400] {processor.py:161} INFO - Started process (PID=8504) to work on /home/reurairin/projects/urfu/urfu_3s_mlops-3/env/lib/python3.10/site-packages/airflow/example_dags/example_dynamic_task_mapping.py
[2024-02-03T04:10:10.639+0400] {processor.py:830} INFO - Processing file /home/reurairin/projects/urfu/urfu_3s_mlops-3/env/lib/python3.10/site-packages/airflow/example_dags/example_dynamic_task_mapping.py for tasks to queue
[2024-02-03T04:10:10.639+0400] {logging_mixin.py:188} INFO - [2024-02-03T04:10:10.639+0400] {dagbag.py:538} INFO - Filling up the DagBag from /home/reurairin/projects/urfu/urfu_3s_mlops-3/env/lib/python3.10/site-packages/airflow/example_dags/example_dynamic_task_mapping.py
[2024-02-03T04:10:10.643+0400] {processor.py:840} INFO - DAG(s) 'example_dynamic_task_mapping' retrieved from /home/reurairin/projects/urfu/urfu_3s_mlops-3/env/lib/python3.10/site-packages/airflow/example_dags/example_dynamic_task_mapping.py
[2024-02-03T04:10:10.652+0400] {logging_mixin.py:188} INFO - [2024-02-03T04:10:10.652+0400] {dag.py:3036} INFO - Sync 1 DAGs
[2024-02-03T04:10:10.663+0400] {logging_mixin.py:188} INFO - [2024-02-03T04:10:10.663+0400] {dag.py:3823} INFO - Setting next_dagrun for example_dynamic_task_mapping to 2022-03-04 00:00:00+00:00, run_after=2022-03-05 00:00:00+00:00
[2024-02-03T04:10:10.678+0400] {processor.py:183} INFO - Processing /home/reurairin/projects/urfu/urfu_3s_mlops-3/env/lib/python3.10/site-packages/airflow/example_dags/example_dynamic_task_mapping.py took 0.042 seconds
