[2024-02-03T04:00:03.301+0400] {processor.py:161} INFO - Started process (PID=5635) to work on /home/reurairin/projects/urfu/urfu_3s_mlops-3/env/lib/python3.10/site-packages/airflow/example_dags/example_sensors.py
[2024-02-03T04:00:03.302+0400] {processor.py:830} INFO - Processing file /home/reurairin/projects/urfu/urfu_3s_mlops-3/env/lib/python3.10/site-packages/airflow/example_dags/example_sensors.py for tasks to queue
[2024-02-03T04:00:03.302+0400] {logging_mixin.py:188} INFO - [2024-02-03T04:00:03.302+0400] {dagbag.py:538} INFO - Filling up the DagBag from /home/reurairin/projects/urfu/urfu_3s_mlops-3/env/lib/python3.10/site-packages/airflow/example_dags/example_sensors.py
[2024-02-03T04:00:03.308+0400] {processor.py:840} INFO - DAG(s) 'example_sensors' retrieved from /home/reurairin/projects/urfu/urfu_3s_mlops-3/env/lib/python3.10/site-packages/airflow/example_dags/example_sensors.py
[2024-02-03T04:00:03.320+0400] {logging_mixin.py:188} INFO - [2024-02-03T04:00:03.319+0400] {dag.py:3036} INFO - Sync 1 DAGs
[2024-02-03T04:00:03.326+0400] {logging_mixin.py:188} INFO - [2024-02-03T04:00:03.326+0400] {dag.py:3823} INFO - Setting next_dagrun for example_sensors to None, run_after=None
[2024-02-03T04:00:03.347+0400] {processor.py:183} INFO - Processing /home/reurairin/projects/urfu/urfu_3s_mlops-3/env/lib/python3.10/site-packages/airflow/example_dags/example_sensors.py took 0.048 seconds
[2024-02-03T04:00:58.173+0400] {processor.py:161} INFO - Started process (PID=5862) to work on /home/reurairin/projects/urfu/urfu_3s_mlops-3/env/lib/python3.10/site-packages/airflow/example_dags/example_sensors.py
[2024-02-03T04:00:58.174+0400] {processor.py:830} INFO - Processing file /home/reurairin/projects/urfu/urfu_3s_mlops-3/env/lib/python3.10/site-packages/airflow/example_dags/example_sensors.py for tasks to queue
[2024-02-03T04:00:58.175+0400] {logging_mixin.py:188} INFO - [2024-02-03T04:00:58.174+0400] {dagbag.py:538} INFO - Filling up the DagBag from /home/reurairin/projects/urfu/urfu_3s_mlops-3/env/lib/python3.10/site-packages/airflow/example_dags/example_sensors.py
[2024-02-03T04:00:58.181+0400] {processor.py:840} INFO - DAG(s) 'example_sensors' retrieved from /home/reurairin/projects/urfu/urfu_3s_mlops-3/env/lib/python3.10/site-packages/airflow/example_dags/example_sensors.py
[2024-02-03T04:00:58.193+0400] {logging_mixin.py:188} INFO - [2024-02-03T04:00:58.193+0400] {dag.py:3036} INFO - Sync 1 DAGs
[2024-02-03T04:00:58.200+0400] {logging_mixin.py:188} INFO - [2024-02-03T04:00:58.199+0400] {dag.py:3823} INFO - Setting next_dagrun for example_sensors to None, run_after=None
[2024-02-03T04:00:58.215+0400] {processor.py:183} INFO - Processing /home/reurairin/projects/urfu/urfu_3s_mlops-3/env/lib/python3.10/site-packages/airflow/example_dags/example_sensors.py took 0.044 seconds
[2024-02-03T04:01:47.822+0400] {processor.py:161} INFO - Started process (PID=6072) to work on /home/reurairin/projects/urfu/urfu_3s_mlops-3/env/lib/python3.10/site-packages/airflow/example_dags/example_sensors.py
[2024-02-03T04:01:47.823+0400] {processor.py:830} INFO - Processing file /home/reurairin/projects/urfu/urfu_3s_mlops-3/env/lib/python3.10/site-packages/airflow/example_dags/example_sensors.py for tasks to queue
[2024-02-03T04:01:47.824+0400] {logging_mixin.py:188} INFO - [2024-02-03T04:01:47.824+0400] {dagbag.py:538} INFO - Filling up the DagBag from /home/reurairin/projects/urfu/urfu_3s_mlops-3/env/lib/python3.10/site-packages/airflow/example_dags/example_sensors.py
[2024-02-03T04:01:47.830+0400] {processor.py:840} INFO - DAG(s) 'example_sensors' retrieved from /home/reurairin/projects/urfu/urfu_3s_mlops-3/env/lib/python3.10/site-packages/airflow/example_dags/example_sensors.py
[2024-02-03T04:01:47.841+0400] {logging_mixin.py:188} INFO - [2024-02-03T04:01:47.841+0400] {dag.py:3036} INFO - Sync 1 DAGs
[2024-02-03T04:01:47.847+0400] {logging_mixin.py:188} INFO - [2024-02-03T04:01:47.847+0400] {dag.py:3823} INFO - Setting next_dagrun for example_sensors to None, run_after=None
[2024-02-03T04:01:47.860+0400] {processor.py:183} INFO - Processing /home/reurairin/projects/urfu/urfu_3s_mlops-3/env/lib/python3.10/site-packages/airflow/example_dags/example_sensors.py took 0.041 seconds
[2024-02-03T04:02:39.346+0400] {processor.py:161} INFO - Started process (PID=6290) to work on /home/reurairin/projects/urfu/urfu_3s_mlops-3/env/lib/python3.10/site-packages/airflow/example_dags/example_sensors.py
[2024-02-03T04:02:39.354+0400] {processor.py:830} INFO - Processing file /home/reurairin/projects/urfu/urfu_3s_mlops-3/env/lib/python3.10/site-packages/airflow/example_dags/example_sensors.py for tasks to queue
[2024-02-03T04:02:39.355+0400] {logging_mixin.py:188} INFO - [2024-02-03T04:02:39.354+0400] {dagbag.py:538} INFO - Filling up the DagBag from /home/reurairin/projects/urfu/urfu_3s_mlops-3/env/lib/python3.10/site-packages/airflow/example_dags/example_sensors.py
[2024-02-03T04:02:39.360+0400] {processor.py:840} INFO - DAG(s) 'example_sensors' retrieved from /home/reurairin/projects/urfu/urfu_3s_mlops-3/env/lib/python3.10/site-packages/airflow/example_dags/example_sensors.py
[2024-02-03T04:02:39.373+0400] {logging_mixin.py:188} INFO - [2024-02-03T04:02:39.373+0400] {dag.py:3036} INFO - Sync 1 DAGs
[2024-02-03T04:02:39.380+0400] {logging_mixin.py:188} INFO - [2024-02-03T04:02:39.380+0400] {dag.py:3823} INFO - Setting next_dagrun for example_sensors to None, run_after=None
[2024-02-03T04:02:39.396+0400] {processor.py:183} INFO - Processing /home/reurairin/projects/urfu/urfu_3s_mlops-3/env/lib/python3.10/site-packages/airflow/example_dags/example_sensors.py took 0.051 seconds
[2024-02-03T04:03:34.603+0400] {processor.py:161} INFO - Started process (PID=6524) to work on /home/reurairin/projects/urfu/urfu_3s_mlops-3/env/lib/python3.10/site-packages/airflow/example_dags/example_sensors.py
[2024-02-03T04:03:34.611+0400] {processor.py:830} INFO - Processing file /home/reurairin/projects/urfu/urfu_3s_mlops-3/env/lib/python3.10/site-packages/airflow/example_dags/example_sensors.py for tasks to queue
[2024-02-03T04:03:34.612+0400] {logging_mixin.py:188} INFO - [2024-02-03T04:03:34.612+0400] {dagbag.py:538} INFO - Filling up the DagBag from /home/reurairin/projects/urfu/urfu_3s_mlops-3/env/lib/python3.10/site-packages/airflow/example_dags/example_sensors.py
[2024-02-03T04:03:34.619+0400] {processor.py:840} INFO - DAG(s) 'example_sensors' retrieved from /home/reurairin/projects/urfu/urfu_3s_mlops-3/env/lib/python3.10/site-packages/airflow/example_dags/example_sensors.py
[2024-02-03T04:03:34.634+0400] {logging_mixin.py:188} INFO - [2024-02-03T04:03:34.634+0400] {dag.py:3036} INFO - Sync 1 DAGs
[2024-02-03T04:03:34.642+0400] {logging_mixin.py:188} INFO - [2024-02-03T04:03:34.642+0400] {dag.py:3823} INFO - Setting next_dagrun for example_sensors to None, run_after=None
[2024-02-03T04:03:34.659+0400] {processor.py:183} INFO - Processing /home/reurairin/projects/urfu/urfu_3s_mlops-3/env/lib/python3.10/site-packages/airflow/example_dags/example_sensors.py took 0.057 seconds
[2024-02-03T04:04:27.137+0400] {processor.py:161} INFO - Started process (PID=6744) to work on /home/reurairin/projects/urfu/urfu_3s_mlops-3/env/lib/python3.10/site-packages/airflow/example_dags/example_sensors.py
[2024-02-03T04:04:27.139+0400] {processor.py:830} INFO - Processing file /home/reurairin/projects/urfu/urfu_3s_mlops-3/env/lib/python3.10/site-packages/airflow/example_dags/example_sensors.py for tasks to queue
[2024-02-03T04:04:27.140+0400] {logging_mixin.py:188} INFO - [2024-02-03T04:04:27.139+0400] {dagbag.py:538} INFO - Filling up the DagBag from /home/reurairin/projects/urfu/urfu_3s_mlops-3/env/lib/python3.10/site-packages/airflow/example_dags/example_sensors.py
[2024-02-03T04:04:27.146+0400] {processor.py:840} INFO - DAG(s) 'example_sensors' retrieved from /home/reurairin/projects/urfu/urfu_3s_mlops-3/env/lib/python3.10/site-packages/airflow/example_dags/example_sensors.py
[2024-02-03T04:04:27.160+0400] {logging_mixin.py:188} INFO - [2024-02-03T04:04:27.159+0400] {dag.py:3036} INFO - Sync 1 DAGs
[2024-02-03T04:04:27.167+0400] {logging_mixin.py:188} INFO - [2024-02-03T04:04:27.167+0400] {dag.py:3823} INFO - Setting next_dagrun for example_sensors to None, run_after=None
[2024-02-03T04:04:27.184+0400] {processor.py:183} INFO - Processing /home/reurairin/projects/urfu/urfu_3s_mlops-3/env/lib/python3.10/site-packages/airflow/example_dags/example_sensors.py took 0.049 seconds
[2024-02-03T04:05:18.396+0400] {processor.py:161} INFO - Started process (PID=6961) to work on /home/reurairin/projects/urfu/urfu_3s_mlops-3/env/lib/python3.10/site-packages/airflow/example_dags/example_sensors.py
[2024-02-03T04:05:18.403+0400] {processor.py:830} INFO - Processing file /home/reurairin/projects/urfu/urfu_3s_mlops-3/env/lib/python3.10/site-packages/airflow/example_dags/example_sensors.py for tasks to queue
[2024-02-03T04:05:18.404+0400] {logging_mixin.py:188} INFO - [2024-02-03T04:05:18.404+0400] {dagbag.py:538} INFO - Filling up the DagBag from /home/reurairin/projects/urfu/urfu_3s_mlops-3/env/lib/python3.10/site-packages/airflow/example_dags/example_sensors.py
[2024-02-03T04:05:18.410+0400] {processor.py:840} INFO - DAG(s) 'example_sensors' retrieved from /home/reurairin/projects/urfu/urfu_3s_mlops-3/env/lib/python3.10/site-packages/airflow/example_dags/example_sensors.py
[2024-02-03T04:05:18.423+0400] {logging_mixin.py:188} INFO - [2024-02-03T04:05:18.423+0400] {dag.py:3036} INFO - Sync 1 DAGs
[2024-02-03T04:05:18.429+0400] {logging_mixin.py:188} INFO - [2024-02-03T04:05:18.429+0400] {dag.py:3823} INFO - Setting next_dagrun for example_sensors to None, run_after=None
[2024-02-03T04:05:18.444+0400] {processor.py:183} INFO - Processing /home/reurairin/projects/urfu/urfu_3s_mlops-3/env/lib/python3.10/site-packages/airflow/example_dags/example_sensors.py took 0.050 seconds
[2024-02-03T04:06:11.336+0400] {processor.py:161} INFO - Started process (PID=7239) to work on /home/reurairin/projects/urfu/urfu_3s_mlops-3/env/lib/python3.10/site-packages/airflow/example_dags/example_sensors.py
[2024-02-03T04:06:11.343+0400] {processor.py:830} INFO - Processing file /home/reurairin/projects/urfu/urfu_3s_mlops-3/env/lib/python3.10/site-packages/airflow/example_dags/example_sensors.py for tasks to queue
[2024-02-03T04:06:11.343+0400] {logging_mixin.py:188} INFO - [2024-02-03T04:06:11.343+0400] {dagbag.py:538} INFO - Filling up the DagBag from /home/reurairin/projects/urfu/urfu_3s_mlops-3/env/lib/python3.10/site-packages/airflow/example_dags/example_sensors.py
[2024-02-03T04:06:11.349+0400] {processor.py:840} INFO - DAG(s) 'example_sensors' retrieved from /home/reurairin/projects/urfu/urfu_3s_mlops-3/env/lib/python3.10/site-packages/airflow/example_dags/example_sensors.py
[2024-02-03T04:06:11.360+0400] {logging_mixin.py:188} INFO - [2024-02-03T04:06:11.360+0400] {dag.py:3036} INFO - Sync 1 DAGs
[2024-02-03T04:06:11.365+0400] {logging_mixin.py:188} INFO - [2024-02-03T04:06:11.365+0400] {dag.py:3823} INFO - Setting next_dagrun for example_sensors to None, run_after=None
[2024-02-03T04:06:11.378+0400] {processor.py:183} INFO - Processing /home/reurairin/projects/urfu/urfu_3s_mlops-3/env/lib/python3.10/site-packages/airflow/example_dags/example_sensors.py took 0.044 seconds
[2024-02-03T04:07:02.665+0400] {processor.py:161} INFO - Started process (PID=7464) to work on /home/reurairin/projects/urfu/urfu_3s_mlops-3/env/lib/python3.10/site-packages/airflow/example_dags/example_sensors.py
[2024-02-03T04:07:02.666+0400] {processor.py:830} INFO - Processing file /home/reurairin/projects/urfu/urfu_3s_mlops-3/env/lib/python3.10/site-packages/airflow/example_dags/example_sensors.py for tasks to queue
[2024-02-03T04:07:02.667+0400] {logging_mixin.py:188} INFO - [2024-02-03T04:07:02.666+0400] {dagbag.py:538} INFO - Filling up the DagBag from /home/reurairin/projects/urfu/urfu_3s_mlops-3/env/lib/python3.10/site-packages/airflow/example_dags/example_sensors.py
[2024-02-03T04:07:02.672+0400] {processor.py:840} INFO - DAG(s) 'example_sensors' retrieved from /home/reurairin/projects/urfu/urfu_3s_mlops-3/env/lib/python3.10/site-packages/airflow/example_dags/example_sensors.py
[2024-02-03T04:07:02.684+0400] {logging_mixin.py:188} INFO - [2024-02-03T04:07:02.684+0400] {dag.py:3036} INFO - Sync 1 DAGs
[2024-02-03T04:07:02.691+0400] {logging_mixin.py:188} INFO - [2024-02-03T04:07:02.691+0400] {dag.py:3823} INFO - Setting next_dagrun for example_sensors to None, run_after=None
[2024-02-03T04:07:02.705+0400] {processor.py:183} INFO - Processing /home/reurairin/projects/urfu/urfu_3s_mlops-3/env/lib/python3.10/site-packages/airflow/example_dags/example_sensors.py took 0.041 seconds
[2024-02-03T04:07:58.492+0400] {processor.py:161} INFO - Started process (PID=7704) to work on /home/reurairin/projects/urfu/urfu_3s_mlops-3/env/lib/python3.10/site-packages/airflow/example_dags/example_sensors.py
[2024-02-03T04:07:58.499+0400] {processor.py:830} INFO - Processing file /home/reurairin/projects/urfu/urfu_3s_mlops-3/env/lib/python3.10/site-packages/airflow/example_dags/example_sensors.py for tasks to queue
[2024-02-03T04:07:58.500+0400] {logging_mixin.py:188} INFO - [2024-02-03T04:07:58.500+0400] {dagbag.py:538} INFO - Filling up the DagBag from /home/reurairin/projects/urfu/urfu_3s_mlops-3/env/lib/python3.10/site-packages/airflow/example_dags/example_sensors.py
[2024-02-03T04:07:58.505+0400] {processor.py:840} INFO - DAG(s) 'example_sensors' retrieved from /home/reurairin/projects/urfu/urfu_3s_mlops-3/env/lib/python3.10/site-packages/airflow/example_dags/example_sensors.py
[2024-02-03T04:07:58.516+0400] {logging_mixin.py:188} INFO - [2024-02-03T04:07:58.516+0400] {dag.py:3036} INFO - Sync 1 DAGs
[2024-02-03T04:07:58.523+0400] {logging_mixin.py:188} INFO - [2024-02-03T04:07:58.523+0400] {dag.py:3823} INFO - Setting next_dagrun for example_sensors to None, run_after=None
[2024-02-03T04:07:58.536+0400] {processor.py:183} INFO - Processing /home/reurairin/projects/urfu/urfu_3s_mlops-3/env/lib/python3.10/site-packages/airflow/example_dags/example_sensors.py took 0.046 seconds
[2024-02-03T04:08:46.895+0400] {processor.py:161} INFO - Started process (PID=7912) to work on /home/reurairin/projects/urfu/urfu_3s_mlops-3/env/lib/python3.10/site-packages/airflow/example_dags/example_sensors.py
[2024-02-03T04:08:46.902+0400] {processor.py:830} INFO - Processing file /home/reurairin/projects/urfu/urfu_3s_mlops-3/env/lib/python3.10/site-packages/airflow/example_dags/example_sensors.py for tasks to queue
[2024-02-03T04:08:46.903+0400] {logging_mixin.py:188} INFO - [2024-02-03T04:08:46.902+0400] {dagbag.py:538} INFO - Filling up the DagBag from /home/reurairin/projects/urfu/urfu_3s_mlops-3/env/lib/python3.10/site-packages/airflow/example_dags/example_sensors.py
[2024-02-03T04:08:46.908+0400] {processor.py:840} INFO - DAG(s) 'example_sensors' retrieved from /home/reurairin/projects/urfu/urfu_3s_mlops-3/env/lib/python3.10/site-packages/airflow/example_dags/example_sensors.py
[2024-02-03T04:08:46.919+0400] {logging_mixin.py:188} INFO - [2024-02-03T04:08:46.919+0400] {dag.py:3036} INFO - Sync 1 DAGs
[2024-02-03T04:08:46.924+0400] {logging_mixin.py:188} INFO - [2024-02-03T04:08:46.924+0400] {dag.py:3823} INFO - Setting next_dagrun for example_sensors to None, run_after=None
[2024-02-03T04:08:46.937+0400] {processor.py:183} INFO - Processing /home/reurairin/projects/urfu/urfu_3s_mlops-3/env/lib/python3.10/site-packages/airflow/example_dags/example_sensors.py took 0.044 seconds
[2024-02-03T04:09:37.524+0400] {processor.py:161} INFO - Started process (PID=8173) to work on /home/reurairin/projects/urfu/urfu_3s_mlops-3/env/lib/python3.10/site-packages/airflow/example_dags/example_sensors.py
[2024-02-03T04:09:37.525+0400] {processor.py:830} INFO - Processing file /home/reurairin/projects/urfu/urfu_3s_mlops-3/env/lib/python3.10/site-packages/airflow/example_dags/example_sensors.py for tasks to queue
[2024-02-03T04:09:37.525+0400] {logging_mixin.py:188} INFO - [2024-02-03T04:09:37.525+0400] {dagbag.py:538} INFO - Filling up the DagBag from /home/reurairin/projects/urfu/urfu_3s_mlops-3/env/lib/python3.10/site-packages/airflow/example_dags/example_sensors.py
[2024-02-03T04:09:37.531+0400] {processor.py:840} INFO - DAG(s) 'example_sensors' retrieved from /home/reurairin/projects/urfu/urfu_3s_mlops-3/env/lib/python3.10/site-packages/airflow/example_dags/example_sensors.py
[2024-02-03T04:09:37.542+0400] {logging_mixin.py:188} INFO - [2024-02-03T04:09:37.542+0400] {dag.py:3036} INFO - Sync 1 DAGs
[2024-02-03T04:09:37.548+0400] {logging_mixin.py:188} INFO - [2024-02-03T04:09:37.548+0400] {dag.py:3823} INFO - Setting next_dagrun for example_sensors to None, run_after=None
[2024-02-03T04:09:37.560+0400] {processor.py:183} INFO - Processing /home/reurairin/projects/urfu/urfu_3s_mlops-3/env/lib/python3.10/site-packages/airflow/example_dags/example_sensors.py took 0.038 seconds
