[2024-02-03T04:00:02.816+0400] {processor.py:161} INFO - Started process (PID=5628) to work on /home/reurairin/projects/urfu/urfu_3s_mlops-3/env/lib/python3.10/site-packages/airflow/example_dags/example_skip_dag.py
[2024-02-03T04:00:02.816+0400] {processor.py:830} INFO - Processing file /home/reurairin/projects/urfu/urfu_3s_mlops-3/env/lib/python3.10/site-packages/airflow/example_dags/example_skip_dag.py for tasks to queue
[2024-02-03T04:00:02.817+0400] {logging_mixin.py:188} INFO - [2024-02-03T04:00:02.817+0400] {dagbag.py:538} INFO - Filling up the DagBag from /home/reurairin/projects/urfu/urfu_3s_mlops-3/env/lib/python3.10/site-packages/airflow/example_dags/example_skip_dag.py
[2024-02-03T04:00:02.821+0400] {processor.py:840} INFO - DAG(s) 'example_skip_dag' retrieved from /home/reurairin/projects/urfu/urfu_3s_mlops-3/env/lib/python3.10/site-packages/airflow/example_dags/example_skip_dag.py
[2024-02-03T04:00:02.831+0400] {logging_mixin.py:188} INFO - [2024-02-03T04:00:02.831+0400] {dag.py:3036} INFO - Sync 1 DAGs
[2024-02-03T04:00:02.842+0400] {logging_mixin.py:188} INFO - [2024-02-03T04:00:02.841+0400] {dag.py:3823} INFO - Setting next_dagrun for example_skip_dag to 2024-02-02 00:00:00+00:00, run_after=2024-02-03 00:00:00+00:00
[2024-02-03T04:00:02.862+0400] {processor.py:183} INFO - Processing /home/reurairin/projects/urfu/urfu_3s_mlops-3/env/lib/python3.10/site-packages/airflow/example_dags/example_skip_dag.py took 0.049 seconds
[2024-02-03T04:00:57.879+0400] {processor.py:161} INFO - Started process (PID=5860) to work on /home/reurairin/projects/urfu/urfu_3s_mlops-3/env/lib/python3.10/site-packages/airflow/example_dags/example_skip_dag.py
[2024-02-03T04:00:57.886+0400] {processor.py:830} INFO - Processing file /home/reurairin/projects/urfu/urfu_3s_mlops-3/env/lib/python3.10/site-packages/airflow/example_dags/example_skip_dag.py for tasks to queue
[2024-02-03T04:00:57.887+0400] {logging_mixin.py:188} INFO - [2024-02-03T04:00:57.886+0400] {dagbag.py:538} INFO - Filling up the DagBag from /home/reurairin/projects/urfu/urfu_3s_mlops-3/env/lib/python3.10/site-packages/airflow/example_dags/example_skip_dag.py
[2024-02-03T04:00:57.890+0400] {processor.py:840} INFO - DAG(s) 'example_skip_dag' retrieved from /home/reurairin/projects/urfu/urfu_3s_mlops-3/env/lib/python3.10/site-packages/airflow/example_dags/example_skip_dag.py
[2024-02-03T04:00:57.901+0400] {logging_mixin.py:188} INFO - [2024-02-03T04:00:57.901+0400] {dag.py:3036} INFO - Sync 1 DAGs
[2024-02-03T04:00:57.913+0400] {logging_mixin.py:188} INFO - [2024-02-03T04:00:57.912+0400] {dag.py:3823} INFO - Setting next_dagrun for example_skip_dag to 2024-02-02 00:00:00+00:00, run_after=2024-02-03 00:00:00+00:00
[2024-02-03T04:00:57.927+0400] {processor.py:183} INFO - Processing /home/reurairin/projects/urfu/urfu_3s_mlops-3/env/lib/python3.10/site-packages/airflow/example_dags/example_skip_dag.py took 0.050 seconds
[2024-02-03T04:01:46.692+0400] {processor.py:161} INFO - Started process (PID=6068) to work on /home/reurairin/projects/urfu/urfu_3s_mlops-3/env/lib/python3.10/site-packages/airflow/example_dags/example_skip_dag.py
[2024-02-03T04:01:46.699+0400] {processor.py:830} INFO - Processing file /home/reurairin/projects/urfu/urfu_3s_mlops-3/env/lib/python3.10/site-packages/airflow/example_dags/example_skip_dag.py for tasks to queue
[2024-02-03T04:01:46.700+0400] {logging_mixin.py:188} INFO - [2024-02-03T04:01:46.699+0400] {dagbag.py:538} INFO - Filling up the DagBag from /home/reurairin/projects/urfu/urfu_3s_mlops-3/env/lib/python3.10/site-packages/airflow/example_dags/example_skip_dag.py
[2024-02-03T04:01:46.703+0400] {processor.py:840} INFO - DAG(s) 'example_skip_dag' retrieved from /home/reurairin/projects/urfu/urfu_3s_mlops-3/env/lib/python3.10/site-packages/airflow/example_dags/example_skip_dag.py
[2024-02-03T04:01:46.713+0400] {logging_mixin.py:188} INFO - [2024-02-03T04:01:46.713+0400] {dag.py:3036} INFO - Sync 1 DAGs
[2024-02-03T04:01:46.723+0400] {logging_mixin.py:188} INFO - [2024-02-03T04:01:46.723+0400] {dag.py:3823} INFO - Setting next_dagrun for example_skip_dag to 2024-02-02 00:00:00+00:00, run_after=2024-02-03 00:00:00+00:00
[2024-02-03T04:01:46.735+0400] {processor.py:183} INFO - Processing /home/reurairin/projects/urfu/urfu_3s_mlops-3/env/lib/python3.10/site-packages/airflow/example_dags/example_skip_dag.py took 0.045 seconds
[2024-02-03T04:02:38.215+0400] {processor.py:161} INFO - Started process (PID=6289) to work on /home/reurairin/projects/urfu/urfu_3s_mlops-3/env/lib/python3.10/site-packages/airflow/example_dags/example_skip_dag.py
[2024-02-03T04:02:38.217+0400] {processor.py:830} INFO - Processing file /home/reurairin/projects/urfu/urfu_3s_mlops-3/env/lib/python3.10/site-packages/airflow/example_dags/example_skip_dag.py for tasks to queue
[2024-02-03T04:02:38.218+0400] {logging_mixin.py:188} INFO - [2024-02-03T04:02:38.218+0400] {dagbag.py:538} INFO - Filling up the DagBag from /home/reurairin/projects/urfu/urfu_3s_mlops-3/env/lib/python3.10/site-packages/airflow/example_dags/example_skip_dag.py
[2024-02-03T04:02:38.222+0400] {processor.py:840} INFO - DAG(s) 'example_skip_dag' retrieved from /home/reurairin/projects/urfu/urfu_3s_mlops-3/env/lib/python3.10/site-packages/airflow/example_dags/example_skip_dag.py
[2024-02-03T04:02:38.232+0400] {logging_mixin.py:188} INFO - [2024-02-03T04:02:38.231+0400] {dag.py:3036} INFO - Sync 1 DAGs
[2024-02-03T04:02:38.241+0400] {logging_mixin.py:188} INFO - [2024-02-03T04:02:38.241+0400] {dag.py:3823} INFO - Setting next_dagrun for example_skip_dag to 2024-02-02 00:00:00+00:00, run_after=2024-02-03 00:00:00+00:00
[2024-02-03T04:02:38.253+0400] {processor.py:183} INFO - Processing /home/reurairin/projects/urfu/urfu_3s_mlops-3/env/lib/python3.10/site-packages/airflow/example_dags/example_skip_dag.py took 0.040 seconds
[2024-02-03T04:03:33.470+0400] {processor.py:161} INFO - Started process (PID=6520) to work on /home/reurairin/projects/urfu/urfu_3s_mlops-3/env/lib/python3.10/site-packages/airflow/example_dags/example_skip_dag.py
[2024-02-03T04:03:33.477+0400] {processor.py:830} INFO - Processing file /home/reurairin/projects/urfu/urfu_3s_mlops-3/env/lib/python3.10/site-packages/airflow/example_dags/example_skip_dag.py for tasks to queue
[2024-02-03T04:03:33.478+0400] {logging_mixin.py:188} INFO - [2024-02-03T04:03:33.477+0400] {dagbag.py:538} INFO - Filling up the DagBag from /home/reurairin/projects/urfu/urfu_3s_mlops-3/env/lib/python3.10/site-packages/airflow/example_dags/example_skip_dag.py
[2024-02-03T04:03:33.481+0400] {processor.py:840} INFO - DAG(s) 'example_skip_dag' retrieved from /home/reurairin/projects/urfu/urfu_3s_mlops-3/env/lib/python3.10/site-packages/airflow/example_dags/example_skip_dag.py
[2024-02-03T04:03:33.492+0400] {logging_mixin.py:188} INFO - [2024-02-03T04:03:33.492+0400] {dag.py:3036} INFO - Sync 1 DAGs
[2024-02-03T04:03:33.502+0400] {logging_mixin.py:188} INFO - [2024-02-03T04:03:33.502+0400] {dag.py:3823} INFO - Setting next_dagrun for example_skip_dag to 2024-02-02 00:00:00+00:00, run_after=2024-02-03 00:00:00+00:00
[2024-02-03T04:03:33.517+0400] {processor.py:183} INFO - Processing /home/reurairin/projects/urfu/urfu_3s_mlops-3/env/lib/python3.10/site-packages/airflow/example_dags/example_skip_dag.py took 0.049 seconds
[2024-02-03T04:04:26.008+0400] {processor.py:161} INFO - Started process (PID=6743) to work on /home/reurairin/projects/urfu/urfu_3s_mlops-3/env/lib/python3.10/site-packages/airflow/example_dags/example_skip_dag.py
[2024-02-03T04:04:26.009+0400] {processor.py:830} INFO - Processing file /home/reurairin/projects/urfu/urfu_3s_mlops-3/env/lib/python3.10/site-packages/airflow/example_dags/example_skip_dag.py for tasks to queue
[2024-02-03T04:04:26.009+0400] {logging_mixin.py:188} INFO - [2024-02-03T04:04:26.009+0400] {dagbag.py:538} INFO - Filling up the DagBag from /home/reurairin/projects/urfu/urfu_3s_mlops-3/env/lib/python3.10/site-packages/airflow/example_dags/example_skip_dag.py
[2024-02-03T04:04:26.014+0400] {processor.py:840} INFO - DAG(s) 'example_skip_dag' retrieved from /home/reurairin/projects/urfu/urfu_3s_mlops-3/env/lib/python3.10/site-packages/airflow/example_dags/example_skip_dag.py
[2024-02-03T04:04:26.025+0400] {logging_mixin.py:188} INFO - [2024-02-03T04:04:26.025+0400] {dag.py:3036} INFO - Sync 1 DAGs
[2024-02-03T04:04:26.037+0400] {logging_mixin.py:188} INFO - [2024-02-03T04:04:26.037+0400] {dag.py:3823} INFO - Setting next_dagrun for example_skip_dag to 2024-02-02 00:00:00+00:00, run_after=2024-02-03 00:00:00+00:00
[2024-02-03T04:04:26.051+0400] {processor.py:183} INFO - Processing /home/reurairin/projects/urfu/urfu_3s_mlops-3/env/lib/python3.10/site-packages/airflow/example_dags/example_skip_dag.py took 0.045 seconds
[2024-02-03T04:05:17.266+0400] {processor.py:161} INFO - Started process (PID=6957) to work on /home/reurairin/projects/urfu/urfu_3s_mlops-3/env/lib/python3.10/site-packages/airflow/example_dags/example_skip_dag.py
[2024-02-03T04:05:17.267+0400] {processor.py:830} INFO - Processing file /home/reurairin/projects/urfu/urfu_3s_mlops-3/env/lib/python3.10/site-packages/airflow/example_dags/example_skip_dag.py for tasks to queue
[2024-02-03T04:05:17.268+0400] {logging_mixin.py:188} INFO - [2024-02-03T04:05:17.267+0400] {dagbag.py:538} INFO - Filling up the DagBag from /home/reurairin/projects/urfu/urfu_3s_mlops-3/env/lib/python3.10/site-packages/airflow/example_dags/example_skip_dag.py
[2024-02-03T04:05:17.271+0400] {processor.py:840} INFO - DAG(s) 'example_skip_dag' retrieved from /home/reurairin/projects/urfu/urfu_3s_mlops-3/env/lib/python3.10/site-packages/airflow/example_dags/example_skip_dag.py
[2024-02-03T04:05:17.284+0400] {logging_mixin.py:188} INFO - [2024-02-03T04:05:17.284+0400] {dag.py:3036} INFO - Sync 1 DAGs
[2024-02-03T04:05:17.297+0400] {logging_mixin.py:188} INFO - [2024-02-03T04:05:17.297+0400] {dag.py:3823} INFO - Setting next_dagrun for example_skip_dag to 2024-02-02 00:00:00+00:00, run_after=2024-02-03 00:00:00+00:00
[2024-02-03T04:05:17.311+0400] {processor.py:183} INFO - Processing /home/reurairin/projects/urfu/urfu_3s_mlops-3/env/lib/python3.10/site-packages/airflow/example_dags/example_skip_dag.py took 0.046 seconds
[2024-02-03T04:06:10.725+0400] {processor.py:161} INFO - Started process (PID=7235) to work on /home/reurairin/projects/urfu/urfu_3s_mlops-3/env/lib/python3.10/site-packages/airflow/example_dags/example_skip_dag.py
[2024-02-03T04:06:10.732+0400] {processor.py:830} INFO - Processing file /home/reurairin/projects/urfu/urfu_3s_mlops-3/env/lib/python3.10/site-packages/airflow/example_dags/example_skip_dag.py for tasks to queue
[2024-02-03T04:06:10.732+0400] {logging_mixin.py:188} INFO - [2024-02-03T04:06:10.732+0400] {dagbag.py:538} INFO - Filling up the DagBag from /home/reurairin/projects/urfu/urfu_3s_mlops-3/env/lib/python3.10/site-packages/airflow/example_dags/example_skip_dag.py
[2024-02-03T04:06:10.736+0400] {processor.py:840} INFO - DAG(s) 'example_skip_dag' retrieved from /home/reurairin/projects/urfu/urfu_3s_mlops-3/env/lib/python3.10/site-packages/airflow/example_dags/example_skip_dag.py
[2024-02-03T04:06:10.746+0400] {logging_mixin.py:188} INFO - [2024-02-03T04:06:10.745+0400] {dag.py:3036} INFO - Sync 1 DAGs
[2024-02-03T04:06:10.755+0400] {logging_mixin.py:188} INFO - [2024-02-03T04:06:10.755+0400] {dag.py:3823} INFO - Setting next_dagrun for example_skip_dag to 2024-02-02 00:00:00+00:00, run_after=2024-02-03 00:00:00+00:00
[2024-02-03T04:06:10.768+0400] {processor.py:183} INFO - Processing /home/reurairin/projects/urfu/urfu_3s_mlops-3/env/lib/python3.10/site-packages/airflow/example_dags/example_skip_dag.py took 0.044 seconds
[2024-02-03T04:07:02.169+0400] {processor.py:161} INFO - Started process (PID=7460) to work on /home/reurairin/projects/urfu/urfu_3s_mlops-3/env/lib/python3.10/site-packages/airflow/example_dags/example_skip_dag.py
[2024-02-03T04:07:02.176+0400] {processor.py:830} INFO - Processing file /home/reurairin/projects/urfu/urfu_3s_mlops-3/env/lib/python3.10/site-packages/airflow/example_dags/example_skip_dag.py for tasks to queue
[2024-02-03T04:07:02.177+0400] {logging_mixin.py:188} INFO - [2024-02-03T04:07:02.177+0400] {dagbag.py:538} INFO - Filling up the DagBag from /home/reurairin/projects/urfu/urfu_3s_mlops-3/env/lib/python3.10/site-packages/airflow/example_dags/example_skip_dag.py
[2024-02-03T04:07:02.180+0400] {processor.py:840} INFO - DAG(s) 'example_skip_dag' retrieved from /home/reurairin/projects/urfu/urfu_3s_mlops-3/env/lib/python3.10/site-packages/airflow/example_dags/example_skip_dag.py
[2024-02-03T04:07:02.190+0400] {logging_mixin.py:188} INFO - [2024-02-03T04:07:02.190+0400] {dag.py:3036} INFO - Sync 1 DAGs
[2024-02-03T04:07:02.200+0400] {logging_mixin.py:188} INFO - [2024-02-03T04:07:02.200+0400] {dag.py:3823} INFO - Setting next_dagrun for example_skip_dag to 2024-02-02 00:00:00+00:00, run_after=2024-02-03 00:00:00+00:00
[2024-02-03T04:07:02.214+0400] {processor.py:183} INFO - Processing /home/reurairin/projects/urfu/urfu_3s_mlops-3/env/lib/python3.10/site-packages/airflow/example_dags/example_skip_dag.py took 0.046 seconds
[2024-02-03T04:07:57.361+0400] {processor.py:161} INFO - Started process (PID=7703) to work on /home/reurairin/projects/urfu/urfu_3s_mlops-3/env/lib/python3.10/site-packages/airflow/example_dags/example_skip_dag.py
[2024-02-03T04:07:57.362+0400] {processor.py:830} INFO - Processing file /home/reurairin/projects/urfu/urfu_3s_mlops-3/env/lib/python3.10/site-packages/airflow/example_dags/example_skip_dag.py for tasks to queue
[2024-02-03T04:07:57.363+0400] {logging_mixin.py:188} INFO - [2024-02-03T04:07:57.362+0400] {dagbag.py:538} INFO - Filling up the DagBag from /home/reurairin/projects/urfu/urfu_3s_mlops-3/env/lib/python3.10/site-packages/airflow/example_dags/example_skip_dag.py
[2024-02-03T04:07:57.366+0400] {processor.py:840} INFO - DAG(s) 'example_skip_dag' retrieved from /home/reurairin/projects/urfu/urfu_3s_mlops-3/env/lib/python3.10/site-packages/airflow/example_dags/example_skip_dag.py
[2024-02-03T04:07:57.376+0400] {logging_mixin.py:188} INFO - [2024-02-03T04:07:57.376+0400] {dag.py:3036} INFO - Sync 1 DAGs
[2024-02-03T04:07:57.385+0400] {logging_mixin.py:188} INFO - [2024-02-03T04:07:57.385+0400] {dag.py:3823} INFO - Setting next_dagrun for example_skip_dag to 2024-02-02 00:00:00+00:00, run_after=2024-02-03 00:00:00+00:00
[2024-02-03T04:07:57.398+0400] {processor.py:183} INFO - Processing /home/reurairin/projects/urfu/urfu_3s_mlops-3/env/lib/python3.10/site-packages/airflow/example_dags/example_skip_dag.py took 0.039 seconds
[2024-02-03T04:08:45.760+0400] {processor.py:161} INFO - Started process (PID=7908) to work on /home/reurairin/projects/urfu/urfu_3s_mlops-3/env/lib/python3.10/site-packages/airflow/example_dags/example_skip_dag.py
[2024-02-03T04:08:45.767+0400] {processor.py:830} INFO - Processing file /home/reurairin/projects/urfu/urfu_3s_mlops-3/env/lib/python3.10/site-packages/airflow/example_dags/example_skip_dag.py for tasks to queue
[2024-02-03T04:08:45.768+0400] {logging_mixin.py:188} INFO - [2024-02-03T04:08:45.768+0400] {dagbag.py:538} INFO - Filling up the DagBag from /home/reurairin/projects/urfu/urfu_3s_mlops-3/env/lib/python3.10/site-packages/airflow/example_dags/example_skip_dag.py
[2024-02-03T04:08:45.772+0400] {processor.py:840} INFO - DAG(s) 'example_skip_dag' retrieved from /home/reurairin/projects/urfu/urfu_3s_mlops-3/env/lib/python3.10/site-packages/airflow/example_dags/example_skip_dag.py
[2024-02-03T04:08:45.784+0400] {logging_mixin.py:188} INFO - [2024-02-03T04:08:45.784+0400] {dag.py:3036} INFO - Sync 1 DAGs
[2024-02-03T04:08:45.797+0400] {logging_mixin.py:188} INFO - [2024-02-03T04:08:45.797+0400] {dag.py:3823} INFO - Setting next_dagrun for example_skip_dag to 2024-02-02 00:00:00+00:00, run_after=2024-02-03 00:00:00+00:00
[2024-02-03T04:08:45.815+0400] {processor.py:183} INFO - Processing /home/reurairin/projects/urfu/urfu_3s_mlops-3/env/lib/python3.10/site-packages/airflow/example_dags/example_skip_dag.py took 0.057 seconds
[2024-02-03T04:09:36.384+0400] {processor.py:161} INFO - Started process (PID=8167) to work on /home/reurairin/projects/urfu/urfu_3s_mlops-3/env/lib/python3.10/site-packages/airflow/example_dags/example_skip_dag.py
[2024-02-03T04:09:36.391+0400] {processor.py:830} INFO - Processing file /home/reurairin/projects/urfu/urfu_3s_mlops-3/env/lib/python3.10/site-packages/airflow/example_dags/example_skip_dag.py for tasks to queue
[2024-02-03T04:09:36.392+0400] {logging_mixin.py:188} INFO - [2024-02-03T04:09:36.392+0400] {dagbag.py:538} INFO - Filling up the DagBag from /home/reurairin/projects/urfu/urfu_3s_mlops-3/env/lib/python3.10/site-packages/airflow/example_dags/example_skip_dag.py
[2024-02-03T04:09:36.395+0400] {processor.py:840} INFO - DAG(s) 'example_skip_dag' retrieved from /home/reurairin/projects/urfu/urfu_3s_mlops-3/env/lib/python3.10/site-packages/airflow/example_dags/example_skip_dag.py
[2024-02-03T04:09:36.405+0400] {logging_mixin.py:188} INFO - [2024-02-03T04:09:36.405+0400] {dag.py:3036} INFO - Sync 1 DAGs
[2024-02-03T04:09:36.414+0400] {logging_mixin.py:188} INFO - [2024-02-03T04:09:36.414+0400] {dag.py:3823} INFO - Setting next_dagrun for example_skip_dag to 2024-02-02 00:00:00+00:00, run_after=2024-02-03 00:00:00+00:00
[2024-02-03T04:09:36.427+0400] {processor.py:183} INFO - Processing /home/reurairin/projects/urfu/urfu_3s_mlops-3/env/lib/python3.10/site-packages/airflow/example_dags/example_skip_dag.py took 0.045 seconds
