[2024-02-03T04:00:09.079+0400] {processor.py:161} INFO - Started process (PID=5656) to work on /home/reurairin/projects/urfu/urfu_3s_mlops-3/env/lib/python3.10/site-packages/airflow/example_dags/example_time_delta_sensor_async.py
[2024-02-03T04:00:09.080+0400] {processor.py:830} INFO - Processing file /home/reurairin/projects/urfu/urfu_3s_mlops-3/env/lib/python3.10/site-packages/airflow/example_dags/example_time_delta_sensor_async.py for tasks to queue
[2024-02-03T04:00:09.080+0400] {logging_mixin.py:188} INFO - [2024-02-03T04:00:09.080+0400] {dagbag.py:538} INFO - Filling up the DagBag from /home/reurairin/projects/urfu/urfu_3s_mlops-3/env/lib/python3.10/site-packages/airflow/example_dags/example_time_delta_sensor_async.py
[2024-02-03T04:00:09.083+0400] {processor.py:840} INFO - DAG(s) 'example_time_delta_sensor_async' retrieved from /home/reurairin/projects/urfu/urfu_3s_mlops-3/env/lib/python3.10/site-packages/airflow/example_dags/example_time_delta_sensor_async.py
[2024-02-03T04:00:09.092+0400] {logging_mixin.py:188} INFO - [2024-02-03T04:00:09.092+0400] {dag.py:3036} INFO - Sync 1 DAGs
[2024-02-03T04:00:09.099+0400] {logging_mixin.py:188} INFO - [2024-02-03T04:00:09.099+0400] {dag.py:3823} INFO - Setting next_dagrun for example_time_delta_sensor_async to None, run_after=None
[2024-02-03T04:00:09.113+0400] {processor.py:183} INFO - Processing /home/reurairin/projects/urfu/urfu_3s_mlops-3/env/lib/python3.10/site-packages/airflow/example_dags/example_time_delta_sensor_async.py took 0.036 seconds
[2024-02-03T04:00:45.020+0400] {processor.py:161} INFO - Started process (PID=5796) to work on /home/reurairin/projects/urfu/urfu_3s_mlops-3/env/lib/python3.10/site-packages/airflow/example_dags/example_time_delta_sensor_async.py
[2024-02-03T04:00:45.021+0400] {processor.py:830} INFO - Processing file /home/reurairin/projects/urfu/urfu_3s_mlops-3/env/lib/python3.10/site-packages/airflow/example_dags/example_time_delta_sensor_async.py for tasks to queue
[2024-02-03T04:00:45.022+0400] {logging_mixin.py:188} INFO - [2024-02-03T04:00:45.022+0400] {dagbag.py:538} INFO - Filling up the DagBag from /home/reurairin/projects/urfu/urfu_3s_mlops-3/env/lib/python3.10/site-packages/airflow/example_dags/example_time_delta_sensor_async.py
[2024-02-03T04:00:45.025+0400] {processor.py:840} INFO - DAG(s) 'example_time_delta_sensor_async' retrieved from /home/reurairin/projects/urfu/urfu_3s_mlops-3/env/lib/python3.10/site-packages/airflow/example_dags/example_time_delta_sensor_async.py
[2024-02-03T04:00:45.035+0400] {logging_mixin.py:188} INFO - [2024-02-03T04:00:45.035+0400] {dag.py:3036} INFO - Sync 1 DAGs
[2024-02-03T04:00:45.043+0400] {logging_mixin.py:188} INFO - [2024-02-03T04:00:45.042+0400] {dag.py:3823} INFO - Setting next_dagrun for example_time_delta_sensor_async to None, run_after=None
[2024-02-03T04:00:45.057+0400] {processor.py:183} INFO - Processing /home/reurairin/projects/urfu/urfu_3s_mlops-3/env/lib/python3.10/site-packages/airflow/example_dags/example_time_delta_sensor_async.py took 0.039 seconds
[2024-02-03T04:01:21.339+0400] {processor.py:161} INFO - Started process (PID=5955) to work on /home/reurairin/projects/urfu/urfu_3s_mlops-3/env/lib/python3.10/site-packages/airflow/example_dags/example_time_delta_sensor_async.py
[2024-02-03T04:01:21.340+0400] {processor.py:830} INFO - Processing file /home/reurairin/projects/urfu/urfu_3s_mlops-3/env/lib/python3.10/site-packages/airflow/example_dags/example_time_delta_sensor_async.py for tasks to queue
[2024-02-03T04:01:21.341+0400] {logging_mixin.py:188} INFO - [2024-02-03T04:01:21.340+0400] {dagbag.py:538} INFO - Filling up the DagBag from /home/reurairin/projects/urfu/urfu_3s_mlops-3/env/lib/python3.10/site-packages/airflow/example_dags/example_time_delta_sensor_async.py
[2024-02-03T04:01:21.344+0400] {processor.py:840} INFO - DAG(s) 'example_time_delta_sensor_async' retrieved from /home/reurairin/projects/urfu/urfu_3s_mlops-3/env/lib/python3.10/site-packages/airflow/example_dags/example_time_delta_sensor_async.py
[2024-02-03T04:01:21.353+0400] {logging_mixin.py:188} INFO - [2024-02-03T04:01:21.353+0400] {dag.py:3036} INFO - Sync 1 DAGs
[2024-02-03T04:01:21.359+0400] {logging_mixin.py:188} INFO - [2024-02-03T04:01:21.359+0400] {dag.py:3823} INFO - Setting next_dagrun for example_time_delta_sensor_async to None, run_after=None
[2024-02-03T04:01:21.372+0400] {processor.py:183} INFO - Processing /home/reurairin/projects/urfu/urfu_3s_mlops-3/env/lib/python3.10/site-packages/airflow/example_dags/example_time_delta_sensor_async.py took 0.035 seconds
[2024-02-03T04:02:10.821+0400] {processor.py:161} INFO - Started process (PID=6163) to work on /home/reurairin/projects/urfu/urfu_3s_mlops-3/env/lib/python3.10/site-packages/airflow/example_dags/example_time_delta_sensor_async.py
[2024-02-03T04:02:10.828+0400] {processor.py:830} INFO - Processing file /home/reurairin/projects/urfu/urfu_3s_mlops-3/env/lib/python3.10/site-packages/airflow/example_dags/example_time_delta_sensor_async.py for tasks to queue
[2024-02-03T04:02:10.828+0400] {logging_mixin.py:188} INFO - [2024-02-03T04:02:10.828+0400] {dagbag.py:538} INFO - Filling up the DagBag from /home/reurairin/projects/urfu/urfu_3s_mlops-3/env/lib/python3.10/site-packages/airflow/example_dags/example_time_delta_sensor_async.py
[2024-02-03T04:02:10.831+0400] {processor.py:840} INFO - DAG(s) 'example_time_delta_sensor_async' retrieved from /home/reurairin/projects/urfu/urfu_3s_mlops-3/env/lib/python3.10/site-packages/airflow/example_dags/example_time_delta_sensor_async.py
[2024-02-03T04:02:10.840+0400] {logging_mixin.py:188} INFO - [2024-02-03T04:02:10.840+0400] {dag.py:3036} INFO - Sync 1 DAGs
[2024-02-03T04:02:10.846+0400] {logging_mixin.py:188} INFO - [2024-02-03T04:02:10.846+0400] {dag.py:3823} INFO - Setting next_dagrun for example_time_delta_sensor_async to None, run_after=None
[2024-02-03T04:02:10.859+0400] {processor.py:183} INFO - Processing /home/reurairin/projects/urfu/urfu_3s_mlops-3/env/lib/python3.10/site-packages/airflow/example_dags/example_time_delta_sensor_async.py took 0.040 seconds
[2024-02-03T04:02:44.965+0400] {processor.py:161} INFO - Started process (PID=6314) to work on /home/reurairin/projects/urfu/urfu_3s_mlops-3/env/lib/python3.10/site-packages/airflow/example_dags/example_time_delta_sensor_async.py
[2024-02-03T04:02:44.966+0400] {processor.py:830} INFO - Processing file /home/reurairin/projects/urfu/urfu_3s_mlops-3/env/lib/python3.10/site-packages/airflow/example_dags/example_time_delta_sensor_async.py for tasks to queue
[2024-02-03T04:02:44.967+0400] {logging_mixin.py:188} INFO - [2024-02-03T04:02:44.967+0400] {dagbag.py:538} INFO - Filling up the DagBag from /home/reurairin/projects/urfu/urfu_3s_mlops-3/env/lib/python3.10/site-packages/airflow/example_dags/example_time_delta_sensor_async.py
[2024-02-03T04:02:44.970+0400] {processor.py:840} INFO - DAG(s) 'example_time_delta_sensor_async' retrieved from /home/reurairin/projects/urfu/urfu_3s_mlops-3/env/lib/python3.10/site-packages/airflow/example_dags/example_time_delta_sensor_async.py
[2024-02-03T04:02:44.978+0400] {logging_mixin.py:188} INFO - [2024-02-03T04:02:44.978+0400] {dag.py:3036} INFO - Sync 1 DAGs
[2024-02-03T04:02:44.984+0400] {logging_mixin.py:188} INFO - [2024-02-03T04:02:44.984+0400] {dag.py:3823} INFO - Setting next_dagrun for example_time_delta_sensor_async to None, run_after=None
[2024-02-03T04:02:44.996+0400] {processor.py:183} INFO - Processing /home/reurairin/projects/urfu/urfu_3s_mlops-3/env/lib/python3.10/site-packages/airflow/example_dags/example_time_delta_sensor_async.py took 0.032 seconds
[2024-02-03T04:03:23.185+0400] {processor.py:161} INFO - Started process (PID=6479) to work on /home/reurairin/projects/urfu/urfu_3s_mlops-3/env/lib/python3.10/site-packages/airflow/example_dags/example_time_delta_sensor_async.py
[2024-02-03T04:03:23.187+0400] {processor.py:830} INFO - Processing file /home/reurairin/projects/urfu/urfu_3s_mlops-3/env/lib/python3.10/site-packages/airflow/example_dags/example_time_delta_sensor_async.py for tasks to queue
[2024-02-03T04:03:23.188+0400] {logging_mixin.py:188} INFO - [2024-02-03T04:03:23.188+0400] {dagbag.py:538} INFO - Filling up the DagBag from /home/reurairin/projects/urfu/urfu_3s_mlops-3/env/lib/python3.10/site-packages/airflow/example_dags/example_time_delta_sensor_async.py
[2024-02-03T04:03:23.191+0400] {processor.py:840} INFO - DAG(s) 'example_time_delta_sensor_async' retrieved from /home/reurairin/projects/urfu/urfu_3s_mlops-3/env/lib/python3.10/site-packages/airflow/example_dags/example_time_delta_sensor_async.py
[2024-02-03T04:03:23.200+0400] {logging_mixin.py:188} INFO - [2024-02-03T04:03:23.200+0400] {dag.py:3036} INFO - Sync 1 DAGs
[2024-02-03T04:03:23.206+0400] {logging_mixin.py:188} INFO - [2024-02-03T04:03:23.206+0400] {dag.py:3823} INFO - Setting next_dagrun for example_time_delta_sensor_async to None, run_after=None
[2024-02-03T04:03:23.218+0400] {processor.py:183} INFO - Processing /home/reurairin/projects/urfu/urfu_3s_mlops-3/env/lib/python3.10/site-packages/airflow/example_dags/example_time_delta_sensor_async.py took 0.035 seconds
[2024-02-03T04:03:59.196+0400] {processor.py:161} INFO - Started process (PID=6624) to work on /home/reurairin/projects/urfu/urfu_3s_mlops-3/env/lib/python3.10/site-packages/airflow/example_dags/example_time_delta_sensor_async.py
[2024-02-03T04:03:59.198+0400] {processor.py:830} INFO - Processing file /home/reurairin/projects/urfu/urfu_3s_mlops-3/env/lib/python3.10/site-packages/airflow/example_dags/example_time_delta_sensor_async.py for tasks to queue
[2024-02-03T04:03:59.200+0400] {logging_mixin.py:188} INFO - [2024-02-03T04:03:59.199+0400] {dagbag.py:538} INFO - Filling up the DagBag from /home/reurairin/projects/urfu/urfu_3s_mlops-3/env/lib/python3.10/site-packages/airflow/example_dags/example_time_delta_sensor_async.py
[2024-02-03T04:03:59.215+0400] {processor.py:840} INFO - DAG(s) 'example_time_delta_sensor_async' retrieved from /home/reurairin/projects/urfu/urfu_3s_mlops-3/env/lib/python3.10/site-packages/airflow/example_dags/example_time_delta_sensor_async.py
[2024-02-03T04:03:59.241+0400] {logging_mixin.py:188} INFO - [2024-02-03T04:03:59.241+0400] {dag.py:3036} INFO - Sync 1 DAGs
[2024-02-03T04:03:59.258+0400] {logging_mixin.py:188} INFO - [2024-02-03T04:03:59.257+0400] {dag.py:3823} INFO - Setting next_dagrun for example_time_delta_sensor_async to None, run_after=None
[2024-02-03T04:03:59.295+0400] {processor.py:183} INFO - Processing /home/reurairin/projects/urfu/urfu_3s_mlops-3/env/lib/python3.10/site-packages/airflow/example_dags/example_time_delta_sensor_async.py took 0.105 seconds
[2024-02-03T04:04:46.553+0400] {processor.py:161} INFO - Started process (PID=6825) to work on /home/reurairin/projects/urfu/urfu_3s_mlops-3/env/lib/python3.10/site-packages/airflow/example_dags/example_time_delta_sensor_async.py
[2024-02-03T04:04:46.554+0400] {processor.py:830} INFO - Processing file /home/reurairin/projects/urfu/urfu_3s_mlops-3/env/lib/python3.10/site-packages/airflow/example_dags/example_time_delta_sensor_async.py for tasks to queue
[2024-02-03T04:04:46.554+0400] {logging_mixin.py:188} INFO - [2024-02-03T04:04:46.554+0400] {dagbag.py:538} INFO - Filling up the DagBag from /home/reurairin/projects/urfu/urfu_3s_mlops-3/env/lib/python3.10/site-packages/airflow/example_dags/example_time_delta_sensor_async.py
[2024-02-03T04:04:46.557+0400] {processor.py:840} INFO - DAG(s) 'example_time_delta_sensor_async' retrieved from /home/reurairin/projects/urfu/urfu_3s_mlops-3/env/lib/python3.10/site-packages/airflow/example_dags/example_time_delta_sensor_async.py
[2024-02-03T04:04:46.567+0400] {logging_mixin.py:188} INFO - [2024-02-03T04:04:46.567+0400] {dag.py:3036} INFO - Sync 1 DAGs
[2024-02-03T04:04:46.574+0400] {logging_mixin.py:188} INFO - [2024-02-03T04:04:46.574+0400] {dag.py:3823} INFO - Setting next_dagrun for example_time_delta_sensor_async to None, run_after=None
[2024-02-03T04:04:46.589+0400] {processor.py:183} INFO - Processing /home/reurairin/projects/urfu/urfu_3s_mlops-3/env/lib/python3.10/site-packages/airflow/example_dags/example_time_delta_sensor_async.py took 0.038 seconds
[2024-02-03T04:05:22.946+0400] {processor.py:161} INFO - Started process (PID=6981) to work on /home/reurairin/projects/urfu/urfu_3s_mlops-3/env/lib/python3.10/site-packages/airflow/example_dags/example_time_delta_sensor_async.py
[2024-02-03T04:05:22.947+0400] {processor.py:830} INFO - Processing file /home/reurairin/projects/urfu/urfu_3s_mlops-3/env/lib/python3.10/site-packages/airflow/example_dags/example_time_delta_sensor_async.py for tasks to queue
[2024-02-03T04:05:22.948+0400] {logging_mixin.py:188} INFO - [2024-02-03T04:05:22.948+0400] {dagbag.py:538} INFO - Filling up the DagBag from /home/reurairin/projects/urfu/urfu_3s_mlops-3/env/lib/python3.10/site-packages/airflow/example_dags/example_time_delta_sensor_async.py
[2024-02-03T04:05:22.951+0400] {processor.py:840} INFO - DAG(s) 'example_time_delta_sensor_async' retrieved from /home/reurairin/projects/urfu/urfu_3s_mlops-3/env/lib/python3.10/site-packages/airflow/example_dags/example_time_delta_sensor_async.py
[2024-02-03T04:05:22.962+0400] {logging_mixin.py:188} INFO - [2024-02-03T04:05:22.962+0400] {dag.py:3036} INFO - Sync 1 DAGs
[2024-02-03T04:05:22.969+0400] {logging_mixin.py:188} INFO - [2024-02-03T04:05:22.969+0400] {dag.py:3823} INFO - Setting next_dagrun for example_time_delta_sensor_async to None, run_after=None
[2024-02-03T04:05:22.991+0400] {processor.py:183} INFO - Processing /home/reurairin/projects/urfu/urfu_3s_mlops-3/env/lib/python3.10/site-packages/airflow/example_dags/example_time_delta_sensor_async.py took 0.046 seconds
[2024-02-03T04:06:01.061+0400] {processor.py:161} INFO - Started process (PID=7185) to work on /home/reurairin/projects/urfu/urfu_3s_mlops-3/env/lib/python3.10/site-packages/airflow/example_dags/example_time_delta_sensor_async.py
[2024-02-03T04:06:01.068+0400] {processor.py:830} INFO - Processing file /home/reurairin/projects/urfu/urfu_3s_mlops-3/env/lib/python3.10/site-packages/airflow/example_dags/example_time_delta_sensor_async.py for tasks to queue
[2024-02-03T04:06:01.069+0400] {logging_mixin.py:188} INFO - [2024-02-03T04:06:01.068+0400] {dagbag.py:538} INFO - Filling up the DagBag from /home/reurairin/projects/urfu/urfu_3s_mlops-3/env/lib/python3.10/site-packages/airflow/example_dags/example_time_delta_sensor_async.py
[2024-02-03T04:06:01.072+0400] {processor.py:840} INFO - DAG(s) 'example_time_delta_sensor_async' retrieved from /home/reurairin/projects/urfu/urfu_3s_mlops-3/env/lib/python3.10/site-packages/airflow/example_dags/example_time_delta_sensor_async.py
[2024-02-03T04:06:01.080+0400] {logging_mixin.py:188} INFO - [2024-02-03T04:06:01.080+0400] {dag.py:3036} INFO - Sync 1 DAGs
[2024-02-03T04:06:01.086+0400] {logging_mixin.py:188} INFO - [2024-02-03T04:06:01.086+0400] {dag.py:3823} INFO - Setting next_dagrun for example_time_delta_sensor_async to None, run_after=None
[2024-02-03T04:06:01.098+0400] {processor.py:183} INFO - Processing /home/reurairin/projects/urfu/urfu_3s_mlops-3/env/lib/python3.10/site-packages/airflow/example_dags/example_time_delta_sensor_async.py took 0.039 seconds
[2024-02-03T04:06:50.671+0400] {processor.py:161} INFO - Started process (PID=7404) to work on /home/reurairin/projects/urfu/urfu_3s_mlops-3/env/lib/python3.10/site-packages/airflow/example_dags/example_time_delta_sensor_async.py
[2024-02-03T04:06:50.678+0400] {processor.py:830} INFO - Processing file /home/reurairin/projects/urfu/urfu_3s_mlops-3/env/lib/python3.10/site-packages/airflow/example_dags/example_time_delta_sensor_async.py for tasks to queue
[2024-02-03T04:06:50.679+0400] {logging_mixin.py:188} INFO - [2024-02-03T04:06:50.678+0400] {dagbag.py:538} INFO - Filling up the DagBag from /home/reurairin/projects/urfu/urfu_3s_mlops-3/env/lib/python3.10/site-packages/airflow/example_dags/example_time_delta_sensor_async.py
[2024-02-03T04:06:50.682+0400] {processor.py:840} INFO - DAG(s) 'example_time_delta_sensor_async' retrieved from /home/reurairin/projects/urfu/urfu_3s_mlops-3/env/lib/python3.10/site-packages/airflow/example_dags/example_time_delta_sensor_async.py
[2024-02-03T04:06:50.691+0400] {logging_mixin.py:188} INFO - [2024-02-03T04:06:50.691+0400] {dag.py:3036} INFO - Sync 1 DAGs
[2024-02-03T04:06:50.698+0400] {logging_mixin.py:188} INFO - [2024-02-03T04:06:50.698+0400] {dag.py:3823} INFO - Setting next_dagrun for example_time_delta_sensor_async to None, run_after=None
[2024-02-03T04:06:50.712+0400] {processor.py:183} INFO - Processing /home/reurairin/projects/urfu/urfu_3s_mlops-3/env/lib/python3.10/site-packages/airflow/example_dags/example_time_delta_sensor_async.py took 0.045 seconds
[2024-02-03T04:07:28.278+0400] {processor.py:161} INFO - Started process (PID=7571) to work on /home/reurairin/projects/urfu/urfu_3s_mlops-3/env/lib/python3.10/site-packages/airflow/example_dags/example_time_delta_sensor_async.py
[2024-02-03T04:07:28.279+0400] {processor.py:830} INFO - Processing file /home/reurairin/projects/urfu/urfu_3s_mlops-3/env/lib/python3.10/site-packages/airflow/example_dags/example_time_delta_sensor_async.py for tasks to queue
[2024-02-03T04:07:28.279+0400] {logging_mixin.py:188} INFO - [2024-02-03T04:07:28.279+0400] {dagbag.py:538} INFO - Filling up the DagBag from /home/reurairin/projects/urfu/urfu_3s_mlops-3/env/lib/python3.10/site-packages/airflow/example_dags/example_time_delta_sensor_async.py
[2024-02-03T04:07:28.282+0400] {processor.py:840} INFO - DAG(s) 'example_time_delta_sensor_async' retrieved from /home/reurairin/projects/urfu/urfu_3s_mlops-3/env/lib/python3.10/site-packages/airflow/example_dags/example_time_delta_sensor_async.py
[2024-02-03T04:07:28.291+0400] {logging_mixin.py:188} INFO - [2024-02-03T04:07:28.291+0400] {dag.py:3036} INFO - Sync 1 DAGs
[2024-02-03T04:07:28.297+0400] {logging_mixin.py:188} INFO - [2024-02-03T04:07:28.297+0400] {dag.py:3823} INFO - Setting next_dagrun for example_time_delta_sensor_async to None, run_after=None
[2024-02-03T04:07:28.310+0400] {processor.py:183} INFO - Processing /home/reurairin/projects/urfu/urfu_3s_mlops-3/env/lib/python3.10/site-packages/airflow/example_dags/example_time_delta_sensor_async.py took 0.034 seconds
[2024-02-03T04:08:04.028+0400] {processor.py:161} INFO - Started process (PID=7729) to work on /home/reurairin/projects/urfu/urfu_3s_mlops-3/env/lib/python3.10/site-packages/airflow/example_dags/example_time_delta_sensor_async.py
[2024-02-03T04:08:04.029+0400] {processor.py:830} INFO - Processing file /home/reurairin/projects/urfu/urfu_3s_mlops-3/env/lib/python3.10/site-packages/airflow/example_dags/example_time_delta_sensor_async.py for tasks to queue
[2024-02-03T04:08:04.030+0400] {logging_mixin.py:188} INFO - [2024-02-03T04:08:04.030+0400] {dagbag.py:538} INFO - Filling up the DagBag from /home/reurairin/projects/urfu/urfu_3s_mlops-3/env/lib/python3.10/site-packages/airflow/example_dags/example_time_delta_sensor_async.py
[2024-02-03T04:08:04.032+0400] {processor.py:840} INFO - DAG(s) 'example_time_delta_sensor_async' retrieved from /home/reurairin/projects/urfu/urfu_3s_mlops-3/env/lib/python3.10/site-packages/airflow/example_dags/example_time_delta_sensor_async.py
[2024-02-03T04:08:04.040+0400] {logging_mixin.py:188} INFO - [2024-02-03T04:08:04.040+0400] {dag.py:3036} INFO - Sync 1 DAGs
[2024-02-03T04:08:04.046+0400] {logging_mixin.py:188} INFO - [2024-02-03T04:08:04.046+0400] {dag.py:3823} INFO - Setting next_dagrun for example_time_delta_sensor_async to None, run_after=None
[2024-02-03T04:08:04.058+0400] {processor.py:183} INFO - Processing /home/reurairin/projects/urfu/urfu_3s_mlops-3/env/lib/python3.10/site-packages/airflow/example_dags/example_time_delta_sensor_async.py took 0.031 seconds
[2024-02-03T04:08:54.814+0400] {processor.py:161} INFO - Started process (PID=7943) to work on /home/reurairin/projects/urfu/urfu_3s_mlops-3/env/lib/python3.10/site-packages/airflow/example_dags/example_time_delta_sensor_async.py
[2024-02-03T04:08:54.821+0400] {processor.py:830} INFO - Processing file /home/reurairin/projects/urfu/urfu_3s_mlops-3/env/lib/python3.10/site-packages/airflow/example_dags/example_time_delta_sensor_async.py for tasks to queue
[2024-02-03T04:08:54.822+0400] {logging_mixin.py:188} INFO - [2024-02-03T04:08:54.821+0400] {dagbag.py:538} INFO - Filling up the DagBag from /home/reurairin/projects/urfu/urfu_3s_mlops-3/env/lib/python3.10/site-packages/airflow/example_dags/example_time_delta_sensor_async.py
[2024-02-03T04:08:54.824+0400] {processor.py:840} INFO - DAG(s) 'example_time_delta_sensor_async' retrieved from /home/reurairin/projects/urfu/urfu_3s_mlops-3/env/lib/python3.10/site-packages/airflow/example_dags/example_time_delta_sensor_async.py
[2024-02-03T04:08:54.832+0400] {logging_mixin.py:188} INFO - [2024-02-03T04:08:54.832+0400] {dag.py:3036} INFO - Sync 1 DAGs
[2024-02-03T04:08:54.838+0400] {logging_mixin.py:188} INFO - [2024-02-03T04:08:54.838+0400] {dag.py:3823} INFO - Setting next_dagrun for example_time_delta_sensor_async to None, run_after=None
[2024-02-03T04:08:54.850+0400] {processor.py:183} INFO - Processing /home/reurairin/projects/urfu/urfu_3s_mlops-3/env/lib/python3.10/site-packages/airflow/example_dags/example_time_delta_sensor_async.py took 0.038 seconds
[2024-02-03T04:09:43.793+0400] {processor.py:161} INFO - Started process (PID=8215) to work on /home/reurairin/projects/urfu/urfu_3s_mlops-3/env/lib/python3.10/site-packages/airflow/example_dags/example_time_delta_sensor_async.py
[2024-02-03T04:09:43.800+0400] {processor.py:830} INFO - Processing file /home/reurairin/projects/urfu/urfu_3s_mlops-3/env/lib/python3.10/site-packages/airflow/example_dags/example_time_delta_sensor_async.py for tasks to queue
[2024-02-03T04:09:43.801+0400] {logging_mixin.py:188} INFO - [2024-02-03T04:09:43.801+0400] {dagbag.py:538} INFO - Filling up the DagBag from /home/reurairin/projects/urfu/urfu_3s_mlops-3/env/lib/python3.10/site-packages/airflow/example_dags/example_time_delta_sensor_async.py
[2024-02-03T04:09:43.804+0400] {processor.py:840} INFO - DAG(s) 'example_time_delta_sensor_async' retrieved from /home/reurairin/projects/urfu/urfu_3s_mlops-3/env/lib/python3.10/site-packages/airflow/example_dags/example_time_delta_sensor_async.py
[2024-02-03T04:09:43.813+0400] {logging_mixin.py:188} INFO - [2024-02-03T04:09:43.813+0400] {dag.py:3036} INFO - Sync 1 DAGs
[2024-02-03T04:09:43.819+0400] {logging_mixin.py:188} INFO - [2024-02-03T04:09:43.819+0400] {dag.py:3823} INFO - Setting next_dagrun for example_time_delta_sensor_async to None, run_after=None
[2024-02-03T04:09:43.832+0400] {processor.py:183} INFO - Processing /home/reurairin/projects/urfu/urfu_3s_mlops-3/env/lib/python3.10/site-packages/airflow/example_dags/example_time_delta_sensor_async.py took 0.041 seconds
