[2024-02-03T04:00:38.778+0400] {processor.py:161} INFO - Started process (PID=5772) to work on /home/reurairin/projects/urfu/urfu_3s_mlops-3/env/lib/python3.10/site-packages/airflow/example_dags/example_python_decorator.py
[2024-02-03T04:00:38.779+0400] {processor.py:830} INFO - Processing file /home/reurairin/projects/urfu/urfu_3s_mlops-3/env/lib/python3.10/site-packages/airflow/example_dags/example_python_decorator.py for tasks to queue
[2024-02-03T04:00:38.779+0400] {logging_mixin.py:188} INFO - [2024-02-03T04:00:38.779+0400] {dagbag.py:538} INFO - Filling up the DagBag from /home/reurairin/projects/urfu/urfu_3s_mlops-3/env/lib/python3.10/site-packages/airflow/example_dags/example_python_decorator.py
[2024-02-03T04:00:38.803+0400] {logging_mixin.py:188} INFO - [2024-02-03T04:00:38.803+0400] {example_python_decorator.py:79} WARNING - The virtalenv_python example task requires virtualenv, please install it.
[2024-02-03T04:00:38.804+0400] {processor.py:840} INFO - DAG(s) 'example_python_decorator' retrieved from /home/reurairin/projects/urfu/urfu_3s_mlops-3/env/lib/python3.10/site-packages/airflow/example_dags/example_python_decorator.py
[2024-02-03T04:00:38.815+0400] {logging_mixin.py:188} INFO - [2024-02-03T04:00:38.815+0400] {dag.py:3036} INFO - Sync 1 DAGs
[2024-02-03T04:00:38.823+0400] {logging_mixin.py:188} INFO - [2024-02-03T04:00:38.823+0400] {dag.py:3823} INFO - Setting next_dagrun for example_python_decorator to None, run_after=None
[2024-02-03T04:00:38.843+0400] {processor.py:183} INFO - Processing /home/reurairin/projects/urfu/urfu_3s_mlops-3/env/lib/python3.10/site-packages/airflow/example_dags/example_python_decorator.py took 0.068 seconds
[2024-02-03T04:01:31.472+0400] {processor.py:161} INFO - Started process (PID=5996) to work on /home/reurairin/projects/urfu/urfu_3s_mlops-3/env/lib/python3.10/site-packages/airflow/example_dags/example_python_decorator.py
[2024-02-03T04:01:31.473+0400] {processor.py:830} INFO - Processing file /home/reurairin/projects/urfu/urfu_3s_mlops-3/env/lib/python3.10/site-packages/airflow/example_dags/example_python_decorator.py for tasks to queue
[2024-02-03T04:01:31.474+0400] {logging_mixin.py:188} INFO - [2024-02-03T04:01:31.474+0400] {dagbag.py:538} INFO - Filling up the DagBag from /home/reurairin/projects/urfu/urfu_3s_mlops-3/env/lib/python3.10/site-packages/airflow/example_dags/example_python_decorator.py
[2024-02-03T04:01:31.503+0400] {logging_mixin.py:188} INFO - [2024-02-03T04:01:31.503+0400] {example_python_decorator.py:79} WARNING - The virtalenv_python example task requires virtualenv, please install it.
[2024-02-03T04:01:31.503+0400] {processor.py:840} INFO - DAG(s) 'example_python_decorator' retrieved from /home/reurairin/projects/urfu/urfu_3s_mlops-3/env/lib/python3.10/site-packages/airflow/example_dags/example_python_decorator.py
[2024-02-03T04:01:31.513+0400] {logging_mixin.py:188} INFO - [2024-02-03T04:01:31.513+0400] {dag.py:3036} INFO - Sync 1 DAGs
[2024-02-03T04:01:31.520+0400] {logging_mixin.py:188} INFO - [2024-02-03T04:01:31.520+0400] {dag.py:3823} INFO - Setting next_dagrun for example_python_decorator to None, run_after=None
[2024-02-03T04:01:31.533+0400] {processor.py:183} INFO - Processing /home/reurairin/projects/urfu/urfu_3s_mlops-3/env/lib/python3.10/site-packages/airflow/example_dags/example_python_decorator.py took 0.062 seconds
[2024-02-03T04:02:22.091+0400] {processor.py:161} INFO - Started process (PID=6212) to work on /home/reurairin/projects/urfu/urfu_3s_mlops-3/env/lib/python3.10/site-packages/airflow/example_dags/example_python_decorator.py
[2024-02-03T04:02:22.099+0400] {processor.py:830} INFO - Processing file /home/reurairin/projects/urfu/urfu_3s_mlops-3/env/lib/python3.10/site-packages/airflow/example_dags/example_python_decorator.py for tasks to queue
[2024-02-03T04:02:22.100+0400] {logging_mixin.py:188} INFO - [2024-02-03T04:02:22.100+0400] {dagbag.py:538} INFO - Filling up the DagBag from /home/reurairin/projects/urfu/urfu_3s_mlops-3/env/lib/python3.10/site-packages/airflow/example_dags/example_python_decorator.py
[2024-02-03T04:02:22.139+0400] {logging_mixin.py:188} INFO - [2024-02-03T04:02:22.139+0400] {example_python_decorator.py:79} WARNING - The virtalenv_python example task requires virtualenv, please install it.
[2024-02-03T04:02:22.140+0400] {processor.py:840} INFO - DAG(s) 'example_python_decorator' retrieved from /home/reurairin/projects/urfu/urfu_3s_mlops-3/env/lib/python3.10/site-packages/airflow/example_dags/example_python_decorator.py
[2024-02-03T04:02:22.153+0400] {logging_mixin.py:188} INFO - [2024-02-03T04:02:22.152+0400] {dag.py:3036} INFO - Sync 1 DAGs
[2024-02-03T04:02:22.161+0400] {logging_mixin.py:188} INFO - [2024-02-03T04:02:22.160+0400] {dag.py:3823} INFO - Setting next_dagrun for example_python_decorator to None, run_after=None
[2024-02-03T04:02:22.179+0400] {processor.py:183} INFO - Processing /home/reurairin/projects/urfu/urfu_3s_mlops-3/env/lib/python3.10/site-packages/airflow/example_dags/example_python_decorator.py took 0.091 seconds
[2024-02-03T04:03:16.910+0400] {processor.py:161} INFO - Started process (PID=6455) to work on /home/reurairin/projects/urfu/urfu_3s_mlops-3/env/lib/python3.10/site-packages/airflow/example_dags/example_python_decorator.py
[2024-02-03T04:03:16.916+0400] {processor.py:830} INFO - Processing file /home/reurairin/projects/urfu/urfu_3s_mlops-3/env/lib/python3.10/site-packages/airflow/example_dags/example_python_decorator.py for tasks to queue
[2024-02-03T04:03:16.917+0400] {logging_mixin.py:188} INFO - [2024-02-03T04:03:16.917+0400] {dagbag.py:538} INFO - Filling up the DagBag from /home/reurairin/projects/urfu/urfu_3s_mlops-3/env/lib/python3.10/site-packages/airflow/example_dags/example_python_decorator.py
[2024-02-03T04:03:16.945+0400] {logging_mixin.py:188} INFO - [2024-02-03T04:03:16.944+0400] {example_python_decorator.py:79} WARNING - The virtalenv_python example task requires virtualenv, please install it.
[2024-02-03T04:03:16.945+0400] {processor.py:840} INFO - DAG(s) 'example_python_decorator' retrieved from /home/reurairin/projects/urfu/urfu_3s_mlops-3/env/lib/python3.10/site-packages/airflow/example_dags/example_python_decorator.py
[2024-02-03T04:03:16.954+0400] {logging_mixin.py:188} INFO - [2024-02-03T04:03:16.954+0400] {dag.py:3036} INFO - Sync 1 DAGs
[2024-02-03T04:03:16.960+0400] {logging_mixin.py:188} INFO - [2024-02-03T04:03:16.960+0400] {dag.py:3823} INFO - Setting next_dagrun for example_python_decorator to None, run_after=None
[2024-02-03T04:03:16.973+0400] {processor.py:183} INFO - Processing /home/reurairin/projects/urfu/urfu_3s_mlops-3/env/lib/python3.10/site-packages/airflow/example_dags/example_python_decorator.py took 0.065 seconds
[2024-02-03T04:04:10.588+0400] {processor.py:161} INFO - Started process (PID=6678) to work on /home/reurairin/projects/urfu/urfu_3s_mlops-3/env/lib/python3.10/site-packages/airflow/example_dags/example_python_decorator.py
[2024-02-03T04:04:10.597+0400] {processor.py:830} INFO - Processing file /home/reurairin/projects/urfu/urfu_3s_mlops-3/env/lib/python3.10/site-packages/airflow/example_dags/example_python_decorator.py for tasks to queue
[2024-02-03T04:04:10.598+0400] {logging_mixin.py:188} INFO - [2024-02-03T04:04:10.598+0400] {dagbag.py:538} INFO - Filling up the DagBag from /home/reurairin/projects/urfu/urfu_3s_mlops-3/env/lib/python3.10/site-packages/airflow/example_dags/example_python_decorator.py
[2024-02-03T04:04:10.627+0400] {logging_mixin.py:188} INFO - [2024-02-03T04:04:10.627+0400] {example_python_decorator.py:79} WARNING - The virtalenv_python example task requires virtualenv, please install it.
[2024-02-03T04:04:10.627+0400] {processor.py:840} INFO - DAG(s) 'example_python_decorator' retrieved from /home/reurairin/projects/urfu/urfu_3s_mlops-3/env/lib/python3.10/site-packages/airflow/example_dags/example_python_decorator.py
[2024-02-03T04:04:10.637+0400] {logging_mixin.py:188} INFO - [2024-02-03T04:04:10.637+0400] {dag.py:3036} INFO - Sync 1 DAGs
[2024-02-03T04:04:10.645+0400] {logging_mixin.py:188} INFO - [2024-02-03T04:04:10.645+0400] {dag.py:3823} INFO - Setting next_dagrun for example_python_decorator to None, run_after=None
[2024-02-03T04:04:10.660+0400] {processor.py:183} INFO - Processing /home/reurairin/projects/urfu/urfu_3s_mlops-3/env/lib/python3.10/site-packages/airflow/example_dags/example_python_decorator.py took 0.074 seconds
[2024-02-03T04:04:58.911+0400] {processor.py:161} INFO - Started process (PID=6885) to work on /home/reurairin/projects/urfu/urfu_3s_mlops-3/env/lib/python3.10/site-packages/airflow/example_dags/example_python_decorator.py
[2024-02-03T04:04:58.912+0400] {processor.py:830} INFO - Processing file /home/reurairin/projects/urfu/urfu_3s_mlops-3/env/lib/python3.10/site-packages/airflow/example_dags/example_python_decorator.py for tasks to queue
[2024-02-03T04:04:58.913+0400] {logging_mixin.py:188} INFO - [2024-02-03T04:04:58.912+0400] {dagbag.py:538} INFO - Filling up the DagBag from /home/reurairin/projects/urfu/urfu_3s_mlops-3/env/lib/python3.10/site-packages/airflow/example_dags/example_python_decorator.py
[2024-02-03T04:04:58.943+0400] {logging_mixin.py:188} INFO - [2024-02-03T04:04:58.943+0400] {example_python_decorator.py:79} WARNING - The virtalenv_python example task requires virtualenv, please install it.
[2024-02-03T04:04:58.944+0400] {processor.py:840} INFO - DAG(s) 'example_python_decorator' retrieved from /home/reurairin/projects/urfu/urfu_3s_mlops-3/env/lib/python3.10/site-packages/airflow/example_dags/example_python_decorator.py
[2024-02-03T04:04:58.956+0400] {logging_mixin.py:188} INFO - [2024-02-03T04:04:58.956+0400] {dag.py:3036} INFO - Sync 1 DAGs
[2024-02-03T04:04:58.963+0400] {logging_mixin.py:188} INFO - [2024-02-03T04:04:58.963+0400] {dag.py:3823} INFO - Setting next_dagrun for example_python_decorator to None, run_after=None
[2024-02-03T04:04:58.983+0400] {processor.py:183} INFO - Processing /home/reurairin/projects/urfu/urfu_3s_mlops-3/env/lib/python3.10/site-packages/airflow/example_dags/example_python_decorator.py took 0.075 seconds
[2024-02-03T04:05:55.924+0400] {processor.py:161} INFO - Started process (PID=7153) to work on /home/reurairin/projects/urfu/urfu_3s_mlops-3/env/lib/python3.10/site-packages/airflow/example_dags/example_python_decorator.py
[2024-02-03T04:05:55.924+0400] {processor.py:830} INFO - Processing file /home/reurairin/projects/urfu/urfu_3s_mlops-3/env/lib/python3.10/site-packages/airflow/example_dags/example_python_decorator.py for tasks to queue
[2024-02-03T04:05:55.925+0400] {logging_mixin.py:188} INFO - [2024-02-03T04:05:55.925+0400] {dagbag.py:538} INFO - Filling up the DagBag from /home/reurairin/projects/urfu/urfu_3s_mlops-3/env/lib/python3.10/site-packages/airflow/example_dags/example_python_decorator.py
[2024-02-03T04:05:55.953+0400] {logging_mixin.py:188} INFO - [2024-02-03T04:05:55.953+0400] {example_python_decorator.py:79} WARNING - The virtalenv_python example task requires virtualenv, please install it.
[2024-02-03T04:05:55.953+0400] {processor.py:840} INFO - DAG(s) 'example_python_decorator' retrieved from /home/reurairin/projects/urfu/urfu_3s_mlops-3/env/lib/python3.10/site-packages/airflow/example_dags/example_python_decorator.py
[2024-02-03T04:05:55.964+0400] {logging_mixin.py:188} INFO - [2024-02-03T04:05:55.963+0400] {dag.py:3036} INFO - Sync 1 DAGs
[2024-02-03T04:05:55.970+0400] {logging_mixin.py:188} INFO - [2024-02-03T04:05:55.970+0400] {dag.py:3823} INFO - Setting next_dagrun for example_python_decorator to None, run_after=None
[2024-02-03T04:05:55.983+0400] {processor.py:183} INFO - Processing /home/reurairin/projects/urfu/urfu_3s_mlops-3/env/lib/python3.10/site-packages/airflow/example_dags/example_python_decorator.py took 0.061 seconds
[2024-02-03T04:06:43.577+0400] {processor.py:161} INFO - Started process (PID=7373) to work on /home/reurairin/projects/urfu/urfu_3s_mlops-3/env/lib/python3.10/site-packages/airflow/example_dags/example_python_decorator.py
[2024-02-03T04:06:43.577+0400] {processor.py:830} INFO - Processing file /home/reurairin/projects/urfu/urfu_3s_mlops-3/env/lib/python3.10/site-packages/airflow/example_dags/example_python_decorator.py for tasks to queue
[2024-02-03T04:06:43.578+0400] {logging_mixin.py:188} INFO - [2024-02-03T04:06:43.578+0400] {dagbag.py:538} INFO - Filling up the DagBag from /home/reurairin/projects/urfu/urfu_3s_mlops-3/env/lib/python3.10/site-packages/airflow/example_dags/example_python_decorator.py
[2024-02-03T04:06:43.606+0400] {logging_mixin.py:188} INFO - [2024-02-03T04:06:43.606+0400] {example_python_decorator.py:79} WARNING - The virtalenv_python example task requires virtualenv, please install it.
[2024-02-03T04:06:43.607+0400] {processor.py:840} INFO - DAG(s) 'example_python_decorator' retrieved from /home/reurairin/projects/urfu/urfu_3s_mlops-3/env/lib/python3.10/site-packages/airflow/example_dags/example_python_decorator.py
[2024-02-03T04:06:43.618+0400] {logging_mixin.py:188} INFO - [2024-02-03T04:06:43.618+0400] {dag.py:3036} INFO - Sync 1 DAGs
[2024-02-03T04:06:43.626+0400] {logging_mixin.py:188} INFO - [2024-02-03T04:06:43.626+0400] {dag.py:3823} INFO - Setting next_dagrun for example_python_decorator to None, run_after=None
[2024-02-03T04:06:43.641+0400] {processor.py:183} INFO - Processing /home/reurairin/projects/urfu/urfu_3s_mlops-3/env/lib/python3.10/site-packages/airflow/example_dags/example_python_decorator.py took 0.066 seconds
[2024-02-03T04:07:40.816+0400] {processor.py:161} INFO - Started process (PID=7635) to work on /home/reurairin/projects/urfu/urfu_3s_mlops-3/env/lib/python3.10/site-packages/airflow/example_dags/example_python_decorator.py
[2024-02-03T04:07:40.817+0400] {processor.py:830} INFO - Processing file /home/reurairin/projects/urfu/urfu_3s_mlops-3/env/lib/python3.10/site-packages/airflow/example_dags/example_python_decorator.py for tasks to queue
[2024-02-03T04:07:40.818+0400] {logging_mixin.py:188} INFO - [2024-02-03T04:07:40.818+0400] {dagbag.py:538} INFO - Filling up the DagBag from /home/reurairin/projects/urfu/urfu_3s_mlops-3/env/lib/python3.10/site-packages/airflow/example_dags/example_python_decorator.py
[2024-02-03T04:07:40.847+0400] {logging_mixin.py:188} INFO - [2024-02-03T04:07:40.847+0400] {example_python_decorator.py:79} WARNING - The virtalenv_python example task requires virtualenv, please install it.
[2024-02-03T04:07:40.848+0400] {processor.py:840} INFO - DAG(s) 'example_python_decorator' retrieved from /home/reurairin/projects/urfu/urfu_3s_mlops-3/env/lib/python3.10/site-packages/airflow/example_dags/example_python_decorator.py
[2024-02-03T04:07:40.859+0400] {logging_mixin.py:188} INFO - [2024-02-03T04:07:40.858+0400] {dag.py:3036} INFO - Sync 1 DAGs
[2024-02-03T04:07:40.866+0400] {logging_mixin.py:188} INFO - [2024-02-03T04:07:40.866+0400] {dag.py:3823} INFO - Setting next_dagrun for example_python_decorator to None, run_after=None
[2024-02-03T04:07:40.879+0400] {processor.py:183} INFO - Processing /home/reurairin/projects/urfu/urfu_3s_mlops-3/env/lib/python3.10/site-packages/airflow/example_dags/example_python_decorator.py took 0.065 seconds
[2024-02-03T04:08:29.852+0400] {processor.py:161} INFO - Started process (PID=7847) to work on /home/reurairin/projects/urfu/urfu_3s_mlops-3/env/lib/python3.10/site-packages/airflow/example_dags/example_python_decorator.py
[2024-02-03T04:08:29.853+0400] {processor.py:830} INFO - Processing file /home/reurairin/projects/urfu/urfu_3s_mlops-3/env/lib/python3.10/site-packages/airflow/example_dags/example_python_decorator.py for tasks to queue
[2024-02-03T04:08:29.853+0400] {logging_mixin.py:188} INFO - [2024-02-03T04:08:29.853+0400] {dagbag.py:538} INFO - Filling up the DagBag from /home/reurairin/projects/urfu/urfu_3s_mlops-3/env/lib/python3.10/site-packages/airflow/example_dags/example_python_decorator.py
[2024-02-03T04:08:29.881+0400] {logging_mixin.py:188} INFO - [2024-02-03T04:08:29.881+0400] {example_python_decorator.py:79} WARNING - The virtalenv_python example task requires virtualenv, please install it.
[2024-02-03T04:08:29.882+0400] {processor.py:840} INFO - DAG(s) 'example_python_decorator' retrieved from /home/reurairin/projects/urfu/urfu_3s_mlops-3/env/lib/python3.10/site-packages/airflow/example_dags/example_python_decorator.py
[2024-02-03T04:08:29.891+0400] {logging_mixin.py:188} INFO - [2024-02-03T04:08:29.891+0400] {dag.py:3036} INFO - Sync 1 DAGs
[2024-02-03T04:08:29.897+0400] {logging_mixin.py:188} INFO - [2024-02-03T04:08:29.897+0400] {dag.py:3823} INFO - Setting next_dagrun for example_python_decorator to None, run_after=None
[2024-02-03T04:08:29.909+0400] {processor.py:183} INFO - Processing /home/reurairin/projects/urfu/urfu_3s_mlops-3/env/lib/python3.10/site-packages/airflow/example_dags/example_python_decorator.py took 0.059 seconds
[2024-02-03T04:09:21.106+0400] {processor.py:161} INFO - Started process (PID=8063) to work on /home/reurairin/projects/urfu/urfu_3s_mlops-3/env/lib/python3.10/site-packages/airflow/example_dags/example_python_decorator.py
[2024-02-03T04:09:21.113+0400] {processor.py:830} INFO - Processing file /home/reurairin/projects/urfu/urfu_3s_mlops-3/env/lib/python3.10/site-packages/airflow/example_dags/example_python_decorator.py for tasks to queue
[2024-02-03T04:09:21.114+0400] {logging_mixin.py:188} INFO - [2024-02-03T04:09:21.113+0400] {dagbag.py:538} INFO - Filling up the DagBag from /home/reurairin/projects/urfu/urfu_3s_mlops-3/env/lib/python3.10/site-packages/airflow/example_dags/example_python_decorator.py
[2024-02-03T04:09:21.143+0400] {logging_mixin.py:188} INFO - [2024-02-03T04:09:21.143+0400] {example_python_decorator.py:79} WARNING - The virtalenv_python example task requires virtualenv, please install it.
[2024-02-03T04:09:21.143+0400] {processor.py:840} INFO - DAG(s) 'example_python_decorator' retrieved from /home/reurairin/projects/urfu/urfu_3s_mlops-3/env/lib/python3.10/site-packages/airflow/example_dags/example_python_decorator.py
[2024-02-03T04:09:21.155+0400] {logging_mixin.py:188} INFO - [2024-02-03T04:09:21.155+0400] {dag.py:3036} INFO - Sync 1 DAGs
[2024-02-03T04:09:21.163+0400] {logging_mixin.py:188} INFO - [2024-02-03T04:09:21.163+0400] {dag.py:3823} INFO - Setting next_dagrun for example_python_decorator to None, run_after=None
[2024-02-03T04:09:21.179+0400] {processor.py:183} INFO - Processing /home/reurairin/projects/urfu/urfu_3s_mlops-3/env/lib/python3.10/site-packages/airflow/example_dags/example_python_decorator.py took 0.074 seconds
[2024-02-03T04:10:12.377+0400] {processor.py:161} INFO - Started process (PID=8512) to work on /home/reurairin/projects/urfu/urfu_3s_mlops-3/env/lib/python3.10/site-packages/airflow/example_dags/example_python_decorator.py
[2024-02-03T04:10:12.378+0400] {processor.py:830} INFO - Processing file /home/reurairin/projects/urfu/urfu_3s_mlops-3/env/lib/python3.10/site-packages/airflow/example_dags/example_python_decorator.py for tasks to queue
[2024-02-03T04:10:12.378+0400] {logging_mixin.py:188} INFO - [2024-02-03T04:10:12.378+0400] {dagbag.py:538} INFO - Filling up the DagBag from /home/reurairin/projects/urfu/urfu_3s_mlops-3/env/lib/python3.10/site-packages/airflow/example_dags/example_python_decorator.py
[2024-02-03T04:10:12.406+0400] {logging_mixin.py:188} INFO - [2024-02-03T04:10:12.406+0400] {example_python_decorator.py:79} WARNING - The virtalenv_python example task requires virtualenv, please install it.
[2024-02-03T04:10:12.406+0400] {processor.py:840} INFO - DAG(s) 'example_python_decorator' retrieved from /home/reurairin/projects/urfu/urfu_3s_mlops-3/env/lib/python3.10/site-packages/airflow/example_dags/example_python_decorator.py
[2024-02-03T04:10:12.416+0400] {logging_mixin.py:188} INFO - [2024-02-03T04:10:12.416+0400] {dag.py:3036} INFO - Sync 1 DAGs
[2024-02-03T04:10:12.422+0400] {logging_mixin.py:188} INFO - [2024-02-03T04:10:12.422+0400] {dag.py:3823} INFO - Setting next_dagrun for example_python_decorator to None, run_after=None
[2024-02-03T04:10:12.435+0400] {processor.py:183} INFO - Processing /home/reurairin/projects/urfu/urfu_3s_mlops-3/env/lib/python3.10/site-packages/airflow/example_dags/example_python_decorator.py took 0.059 seconds
