[2024-02-03T04:00:34.771+0400] {processor.py:161} INFO - Started process (PID=5756) to work on /home/reurairin/projects/urfu/urfu_3s_mlops-3/env/lib/python3.10/site-packages/airflow/example_dags/example_branch_python_dop_operator_3.py
[2024-02-03T04:00:34.771+0400] {processor.py:830} INFO - Processing file /home/reurairin/projects/urfu/urfu_3s_mlops-3/env/lib/python3.10/site-packages/airflow/example_dags/example_branch_python_dop_operator_3.py for tasks to queue
[2024-02-03T04:00:34.772+0400] {logging_mixin.py:188} INFO - [2024-02-03T04:00:34.772+0400] {dagbag.py:538} INFO - Filling up the DagBag from /home/reurairin/projects/urfu/urfu_3s_mlops-3/env/lib/python3.10/site-packages/airflow/example_dags/example_branch_python_dop_operator_3.py
[2024-02-03T04:00:34.778+0400] {processor.py:840} INFO - DAG(s) 'example_branch_dop_operator_v3' retrieved from /home/reurairin/projects/urfu/urfu_3s_mlops-3/env/lib/python3.10/site-packages/airflow/example_dags/example_branch_python_dop_operator_3.py
[2024-02-03T04:00:34.787+0400] {logging_mixin.py:188} INFO - [2024-02-03T04:00:34.787+0400] {dag.py:3036} INFO - Sync 1 DAGs
[2024-02-03T04:00:34.801+0400] {logging_mixin.py:188} INFO - [2024-02-03T04:00:34.800+0400] {dag.py:3823} INFO - Setting next_dagrun for example_branch_dop_operator_v3 to 2024-02-02 23:59:00+00:00, run_after=2024-02-03 00:00:00+00:00
[2024-02-03T04:00:34.820+0400] {processor.py:183} INFO - Processing /home/reurairin/projects/urfu/urfu_3s_mlops-3/env/lib/python3.10/site-packages/airflow/example_dags/example_branch_python_dop_operator_3.py took 0.051 seconds
[2024-02-03T04:01:28.164+0400] {processor.py:161} INFO - Started process (PID=5980) to work on /home/reurairin/projects/urfu/urfu_3s_mlops-3/env/lib/python3.10/site-packages/airflow/example_dags/example_branch_python_dop_operator_3.py
[2024-02-03T04:01:28.165+0400] {processor.py:830} INFO - Processing file /home/reurairin/projects/urfu/urfu_3s_mlops-3/env/lib/python3.10/site-packages/airflow/example_dags/example_branch_python_dop_operator_3.py for tasks to queue
[2024-02-03T04:01:28.166+0400] {logging_mixin.py:188} INFO - [2024-02-03T04:01:28.166+0400] {dagbag.py:538} INFO - Filling up the DagBag from /home/reurairin/projects/urfu/urfu_3s_mlops-3/env/lib/python3.10/site-packages/airflow/example_dags/example_branch_python_dop_operator_3.py
[2024-02-03T04:01:28.172+0400] {processor.py:840} INFO - DAG(s) 'example_branch_dop_operator_v3' retrieved from /home/reurairin/projects/urfu/urfu_3s_mlops-3/env/lib/python3.10/site-packages/airflow/example_dags/example_branch_python_dop_operator_3.py
[2024-02-03T04:01:28.183+0400] {logging_mixin.py:188} INFO - [2024-02-03T04:01:28.182+0400] {dag.py:3036} INFO - Sync 1 DAGs
[2024-02-03T04:01:28.197+0400] {logging_mixin.py:188} INFO - [2024-02-03T04:01:28.197+0400] {dag.py:3823} INFO - Setting next_dagrun for example_branch_dop_operator_v3 to 2024-02-03 00:00:00+00:00, run_after=2024-02-03 00:01:00+00:00
[2024-02-03T04:01:28.212+0400] {processor.py:183} INFO - Processing /home/reurairin/projects/urfu/urfu_3s_mlops-3/env/lib/python3.10/site-packages/airflow/example_dags/example_branch_python_dop_operator_3.py took 0.049 seconds
[2024-02-03T04:02:18.592+0400] {processor.py:161} INFO - Started process (PID=6195) to work on /home/reurairin/projects/urfu/urfu_3s_mlops-3/env/lib/python3.10/site-packages/airflow/example_dags/example_branch_python_dop_operator_3.py
[2024-02-03T04:02:18.601+0400] {processor.py:830} INFO - Processing file /home/reurairin/projects/urfu/urfu_3s_mlops-3/env/lib/python3.10/site-packages/airflow/example_dags/example_branch_python_dop_operator_3.py for tasks to queue
[2024-02-03T04:02:18.601+0400] {logging_mixin.py:188} INFO - [2024-02-03T04:02:18.601+0400] {dagbag.py:538} INFO - Filling up the DagBag from /home/reurairin/projects/urfu/urfu_3s_mlops-3/env/lib/python3.10/site-packages/airflow/example_dags/example_branch_python_dop_operator_3.py
[2024-02-03T04:02:18.607+0400] {processor.py:840} INFO - DAG(s) 'example_branch_dop_operator_v3' retrieved from /home/reurairin/projects/urfu/urfu_3s_mlops-3/env/lib/python3.10/site-packages/airflow/example_dags/example_branch_python_dop_operator_3.py
[2024-02-03T04:02:18.615+0400] {logging_mixin.py:188} INFO - [2024-02-03T04:02:18.615+0400] {dag.py:3036} INFO - Sync 1 DAGs
[2024-02-03T04:02:18.627+0400] {logging_mixin.py:188} INFO - [2024-02-03T04:02:18.627+0400] {dag.py:3823} INFO - Setting next_dagrun for example_branch_dop_operator_v3 to 2024-02-03 00:01:00+00:00, run_after=2024-02-03 00:02:00+00:00
[2024-02-03T04:02:18.640+0400] {processor.py:183} INFO - Processing /home/reurairin/projects/urfu/urfu_3s_mlops-3/env/lib/python3.10/site-packages/airflow/example_dags/example_branch_python_dop_operator_3.py took 0.050 seconds
[2024-02-03T04:03:12.915+0400] {processor.py:161} INFO - Started process (PID=6439) to work on /home/reurairin/projects/urfu/urfu_3s_mlops-3/env/lib/python3.10/site-packages/airflow/example_dags/example_branch_python_dop_operator_3.py
[2024-02-03T04:03:12.916+0400] {processor.py:830} INFO - Processing file /home/reurairin/projects/urfu/urfu_3s_mlops-3/env/lib/python3.10/site-packages/airflow/example_dags/example_branch_python_dop_operator_3.py for tasks to queue
[2024-02-03T04:03:12.917+0400] {logging_mixin.py:188} INFO - [2024-02-03T04:03:12.917+0400] {dagbag.py:538} INFO - Filling up the DagBag from /home/reurairin/projects/urfu/urfu_3s_mlops-3/env/lib/python3.10/site-packages/airflow/example_dags/example_branch_python_dop_operator_3.py
[2024-02-03T04:03:12.926+0400] {processor.py:840} INFO - DAG(s) 'example_branch_dop_operator_v3' retrieved from /home/reurairin/projects/urfu/urfu_3s_mlops-3/env/lib/python3.10/site-packages/airflow/example_dags/example_branch_python_dop_operator_3.py
[2024-02-03T04:03:12.938+0400] {logging_mixin.py:188} INFO - [2024-02-03T04:03:12.938+0400] {dag.py:3036} INFO - Sync 1 DAGs
[2024-02-03T04:03:12.961+0400] {logging_mixin.py:188} INFO - [2024-02-03T04:03:12.960+0400] {dag.py:3823} INFO - Setting next_dagrun for example_branch_dop_operator_v3 to 2024-02-03 00:02:00+00:00, run_after=2024-02-03 00:03:00+00:00
[2024-02-03T04:03:12.983+0400] {processor.py:183} INFO - Processing /home/reurairin/projects/urfu/urfu_3s_mlops-3/env/lib/python3.10/site-packages/airflow/example_dags/example_branch_python_dop_operator_3.py took 0.071 seconds
[2024-02-03T04:04:06.324+0400] {processor.py:161} INFO - Started process (PID=6662) to work on /home/reurairin/projects/urfu/urfu_3s_mlops-3/env/lib/python3.10/site-packages/airflow/example_dags/example_branch_python_dop_operator_3.py
[2024-02-03T04:04:06.326+0400] {processor.py:830} INFO - Processing file /home/reurairin/projects/urfu/urfu_3s_mlops-3/env/lib/python3.10/site-packages/airflow/example_dags/example_branch_python_dop_operator_3.py for tasks to queue
[2024-02-03T04:04:06.327+0400] {logging_mixin.py:188} INFO - [2024-02-03T04:04:06.326+0400] {dagbag.py:538} INFO - Filling up the DagBag from /home/reurairin/projects/urfu/urfu_3s_mlops-3/env/lib/python3.10/site-packages/airflow/example_dags/example_branch_python_dop_operator_3.py
[2024-02-03T04:04:06.333+0400] {processor.py:840} INFO - DAG(s) 'example_branch_dop_operator_v3' retrieved from /home/reurairin/projects/urfu/urfu_3s_mlops-3/env/lib/python3.10/site-packages/airflow/example_dags/example_branch_python_dop_operator_3.py
[2024-02-03T04:04:06.348+0400] {logging_mixin.py:188} INFO - [2024-02-03T04:04:06.348+0400] {dag.py:3036} INFO - Sync 1 DAGs
[2024-02-03T04:04:06.362+0400] {logging_mixin.py:188} INFO - [2024-02-03T04:04:06.361+0400] {dag.py:3823} INFO - Setting next_dagrun for example_branch_dop_operator_v3 to 2024-02-03 00:03:00+00:00, run_after=2024-02-03 00:04:00+00:00
[2024-02-03T04:04:06.377+0400] {processor.py:183} INFO - Processing /home/reurairin/projects/urfu/urfu_3s_mlops-3/env/lib/python3.10/site-packages/airflow/example_dags/example_branch_python_dop_operator_3.py took 0.054 seconds
[2024-02-03T04:04:54.565+0400] {processor.py:161} INFO - Started process (PID=6869) to work on /home/reurairin/projects/urfu/urfu_3s_mlops-3/env/lib/python3.10/site-packages/airflow/example_dags/example_branch_python_dop_operator_3.py
[2024-02-03T04:04:54.572+0400] {processor.py:830} INFO - Processing file /home/reurairin/projects/urfu/urfu_3s_mlops-3/env/lib/python3.10/site-packages/airflow/example_dags/example_branch_python_dop_operator_3.py for tasks to queue
[2024-02-03T04:04:54.573+0400] {logging_mixin.py:188} INFO - [2024-02-03T04:04:54.573+0400] {dagbag.py:538} INFO - Filling up the DagBag from /home/reurairin/projects/urfu/urfu_3s_mlops-3/env/lib/python3.10/site-packages/airflow/example_dags/example_branch_python_dop_operator_3.py
[2024-02-03T04:04:54.581+0400] {processor.py:840} INFO - DAG(s) 'example_branch_dop_operator_v3' retrieved from /home/reurairin/projects/urfu/urfu_3s_mlops-3/env/lib/python3.10/site-packages/airflow/example_dags/example_branch_python_dop_operator_3.py
[2024-02-03T04:04:54.593+0400] {logging_mixin.py:188} INFO - [2024-02-03T04:04:54.592+0400] {dag.py:3036} INFO - Sync 1 DAGs
[2024-02-03T04:04:54.608+0400] {logging_mixin.py:188} INFO - [2024-02-03T04:04:54.607+0400] {dag.py:3823} INFO - Setting next_dagrun for example_branch_dop_operator_v3 to 2024-02-03 00:03:00+00:00, run_after=2024-02-03 00:04:00+00:00
[2024-02-03T04:04:54.624+0400] {processor.py:183} INFO - Processing /home/reurairin/projects/urfu/urfu_3s_mlops-3/env/lib/python3.10/site-packages/airflow/example_dags/example_branch_python_dop_operator_3.py took 0.062 seconds
[2024-02-03T04:05:53.052+0400] {processor.py:161} INFO - Started process (PID=7135) to work on /home/reurairin/projects/urfu/urfu_3s_mlops-3/env/lib/python3.10/site-packages/airflow/example_dags/example_branch_python_dop_operator_3.py
[2024-02-03T04:05:53.053+0400] {processor.py:830} INFO - Processing file /home/reurairin/projects/urfu/urfu_3s_mlops-3/env/lib/python3.10/site-packages/airflow/example_dags/example_branch_python_dop_operator_3.py for tasks to queue
[2024-02-03T04:05:53.054+0400] {logging_mixin.py:188} INFO - [2024-02-03T04:05:53.054+0400] {dagbag.py:538} INFO - Filling up the DagBag from /home/reurairin/projects/urfu/urfu_3s_mlops-3/env/lib/python3.10/site-packages/airflow/example_dags/example_branch_python_dop_operator_3.py
[2024-02-03T04:05:53.059+0400] {processor.py:840} INFO - DAG(s) 'example_branch_dop_operator_v3' retrieved from /home/reurairin/projects/urfu/urfu_3s_mlops-3/env/lib/python3.10/site-packages/airflow/example_dags/example_branch_python_dop_operator_3.py
[2024-02-03T04:05:53.067+0400] {logging_mixin.py:188} INFO - [2024-02-03T04:05:53.067+0400] {dag.py:3036} INFO - Sync 1 DAGs
[2024-02-03T04:05:53.079+0400] {logging_mixin.py:188} INFO - [2024-02-03T04:05:53.079+0400] {dag.py:3823} INFO - Setting next_dagrun for example_branch_dop_operator_v3 to 2024-02-03 00:04:00+00:00, run_after=2024-02-03 00:05:00+00:00
[2024-02-03T04:05:53.092+0400] {processor.py:183} INFO - Processing /home/reurairin/projects/urfu/urfu_3s_mlops-3/env/lib/python3.10/site-packages/airflow/example_dags/example_branch_python_dop_operator_3.py took 0.041 seconds
[2024-02-03T04:06:40.380+0400] {processor.py:161} INFO - Started process (PID=7363) to work on /home/reurairin/projects/urfu/urfu_3s_mlops-3/env/lib/python3.10/site-packages/airflow/example_dags/example_branch_python_dop_operator_3.py
[2024-02-03T04:06:40.387+0400] {processor.py:830} INFO - Processing file /home/reurairin/projects/urfu/urfu_3s_mlops-3/env/lib/python3.10/site-packages/airflow/example_dags/example_branch_python_dop_operator_3.py for tasks to queue
[2024-02-03T04:06:40.388+0400] {logging_mixin.py:188} INFO - [2024-02-03T04:06:40.388+0400] {dagbag.py:538} INFO - Filling up the DagBag from /home/reurairin/projects/urfu/urfu_3s_mlops-3/env/lib/python3.10/site-packages/airflow/example_dags/example_branch_python_dop_operator_3.py
[2024-02-03T04:06:40.393+0400] {processor.py:840} INFO - DAG(s) 'example_branch_dop_operator_v3' retrieved from /home/reurairin/projects/urfu/urfu_3s_mlops-3/env/lib/python3.10/site-packages/airflow/example_dags/example_branch_python_dop_operator_3.py
[2024-02-03T04:06:40.402+0400] {logging_mixin.py:188} INFO - [2024-02-03T04:06:40.402+0400] {dag.py:3036} INFO - Sync 1 DAGs
[2024-02-03T04:06:40.414+0400] {logging_mixin.py:188} INFO - [2024-02-03T04:06:40.414+0400] {dag.py:3823} INFO - Setting next_dagrun for example_branch_dop_operator_v3 to 2024-02-03 00:05:00+00:00, run_after=2024-02-03 00:06:00+00:00
[2024-02-03T04:06:40.427+0400] {processor.py:183} INFO - Processing /home/reurairin/projects/urfu/urfu_3s_mlops-3/env/lib/python3.10/site-packages/airflow/example_dags/example_branch_python_dop_operator_3.py took 0.048 seconds
[2024-02-03T04:07:37.135+0400] {processor.py:161} INFO - Started process (PID=7622) to work on /home/reurairin/projects/urfu/urfu_3s_mlops-3/env/lib/python3.10/site-packages/airflow/example_dags/example_branch_python_dop_operator_3.py
[2024-02-03T04:07:37.136+0400] {processor.py:830} INFO - Processing file /home/reurairin/projects/urfu/urfu_3s_mlops-3/env/lib/python3.10/site-packages/airflow/example_dags/example_branch_python_dop_operator_3.py for tasks to queue
[2024-02-03T04:07:37.137+0400] {logging_mixin.py:188} INFO - [2024-02-03T04:07:37.137+0400] {dagbag.py:538} INFO - Filling up the DagBag from /home/reurairin/projects/urfu/urfu_3s_mlops-3/env/lib/python3.10/site-packages/airflow/example_dags/example_branch_python_dop_operator_3.py
[2024-02-03T04:07:37.142+0400] {processor.py:840} INFO - DAG(s) 'example_branch_dop_operator_v3' retrieved from /home/reurairin/projects/urfu/urfu_3s_mlops-3/env/lib/python3.10/site-packages/airflow/example_dags/example_branch_python_dop_operator_3.py
[2024-02-03T04:07:37.151+0400] {logging_mixin.py:188} INFO - [2024-02-03T04:07:37.151+0400] {dag.py:3036} INFO - Sync 1 DAGs
[2024-02-03T04:07:37.166+0400] {logging_mixin.py:188} INFO - [2024-02-03T04:07:37.166+0400] {dag.py:3823} INFO - Setting next_dagrun for example_branch_dop_operator_v3 to 2024-02-03 00:06:00+00:00, run_after=2024-02-03 00:07:00+00:00
[2024-02-03T04:07:37.180+0400] {processor.py:183} INFO - Processing /home/reurairin/projects/urfu/urfu_3s_mlops-3/env/lib/python3.10/site-packages/airflow/example_dags/example_branch_python_dop_operator_3.py took 0.046 seconds
[2024-02-03T04:08:26.628+0400] {processor.py:161} INFO - Started process (PID=7831) to work on /home/reurairin/projects/urfu/urfu_3s_mlops-3/env/lib/python3.10/site-packages/airflow/example_dags/example_branch_python_dop_operator_3.py
[2024-02-03T04:08:26.635+0400] {processor.py:830} INFO - Processing file /home/reurairin/projects/urfu/urfu_3s_mlops-3/env/lib/python3.10/site-packages/airflow/example_dags/example_branch_python_dop_operator_3.py for tasks to queue
[2024-02-03T04:08:26.636+0400] {logging_mixin.py:188} INFO - [2024-02-03T04:08:26.636+0400] {dagbag.py:538} INFO - Filling up the DagBag from /home/reurairin/projects/urfu/urfu_3s_mlops-3/env/lib/python3.10/site-packages/airflow/example_dags/example_branch_python_dop_operator_3.py
[2024-02-03T04:08:26.641+0400] {processor.py:840} INFO - DAG(s) 'example_branch_dop_operator_v3' retrieved from /home/reurairin/projects/urfu/urfu_3s_mlops-3/env/lib/python3.10/site-packages/airflow/example_dags/example_branch_python_dop_operator_3.py
[2024-02-03T04:08:26.649+0400] {logging_mixin.py:188} INFO - [2024-02-03T04:08:26.649+0400] {dag.py:3036} INFO - Sync 1 DAGs
[2024-02-03T04:08:26.661+0400] {logging_mixin.py:188} INFO - [2024-02-03T04:08:26.660+0400] {dag.py:3823} INFO - Setting next_dagrun for example_branch_dop_operator_v3 to 2024-02-03 00:07:00+00:00, run_after=2024-02-03 00:08:00+00:00
[2024-02-03T04:08:26.674+0400] {processor.py:183} INFO - Processing /home/reurairin/projects/urfu/urfu_3s_mlops-3/env/lib/python3.10/site-packages/airflow/example_dags/example_branch_python_dop_operator_3.py took 0.047 seconds
[2024-02-03T04:09:17.289+0400] {processor.py:161} INFO - Started process (PID=8050) to work on /home/reurairin/projects/urfu/urfu_3s_mlops-3/env/lib/python3.10/site-packages/airflow/example_dags/example_branch_python_dop_operator_3.py
[2024-02-03T04:09:17.290+0400] {processor.py:830} INFO - Processing file /home/reurairin/projects/urfu/urfu_3s_mlops-3/env/lib/python3.10/site-packages/airflow/example_dags/example_branch_python_dop_operator_3.py for tasks to queue
[2024-02-03T04:09:17.290+0400] {logging_mixin.py:188} INFO - [2024-02-03T04:09:17.290+0400] {dagbag.py:538} INFO - Filling up the DagBag from /home/reurairin/projects/urfu/urfu_3s_mlops-3/env/lib/python3.10/site-packages/airflow/example_dags/example_branch_python_dop_operator_3.py
[2024-02-03T04:09:17.296+0400] {processor.py:840} INFO - DAG(s) 'example_branch_dop_operator_v3' retrieved from /home/reurairin/projects/urfu/urfu_3s_mlops-3/env/lib/python3.10/site-packages/airflow/example_dags/example_branch_python_dop_operator_3.py
[2024-02-03T04:09:17.305+0400] {logging_mixin.py:188} INFO - [2024-02-03T04:09:17.304+0400] {dag.py:3036} INFO - Sync 1 DAGs
[2024-02-03T04:09:17.317+0400] {logging_mixin.py:188} INFO - [2024-02-03T04:09:17.317+0400] {dag.py:3823} INFO - Setting next_dagrun for example_branch_dop_operator_v3 to 2024-02-03 00:08:00+00:00, run_after=2024-02-03 00:09:00+00:00
[2024-02-03T04:09:17.333+0400] {processor.py:183} INFO - Processing /home/reurairin/projects/urfu/urfu_3s_mlops-3/env/lib/python3.10/site-packages/airflow/example_dags/example_branch_python_dop_operator_3.py took 0.046 seconds
[2024-02-03T04:10:08.378+0400] {processor.py:161} INFO - Started process (PID=8496) to work on /home/reurairin/projects/urfu/urfu_3s_mlops-3/env/lib/python3.10/site-packages/airflow/example_dags/example_branch_python_dop_operator_3.py
[2024-02-03T04:10:08.378+0400] {processor.py:830} INFO - Processing file /home/reurairin/projects/urfu/urfu_3s_mlops-3/env/lib/python3.10/site-packages/airflow/example_dags/example_branch_python_dop_operator_3.py for tasks to queue
[2024-02-03T04:10:08.379+0400] {logging_mixin.py:188} INFO - [2024-02-03T04:10:08.379+0400] {dagbag.py:538} INFO - Filling up the DagBag from /home/reurairin/projects/urfu/urfu_3s_mlops-3/env/lib/python3.10/site-packages/airflow/example_dags/example_branch_python_dop_operator_3.py
[2024-02-03T04:10:08.384+0400] {processor.py:840} INFO - DAG(s) 'example_branch_dop_operator_v3' retrieved from /home/reurairin/projects/urfu/urfu_3s_mlops-3/env/lib/python3.10/site-packages/airflow/example_dags/example_branch_python_dop_operator_3.py
[2024-02-03T04:10:08.393+0400] {logging_mixin.py:188} INFO - [2024-02-03T04:10:08.393+0400] {dag.py:3036} INFO - Sync 1 DAGs
[2024-02-03T04:10:08.407+0400] {logging_mixin.py:188} INFO - [2024-02-03T04:10:08.407+0400] {dag.py:3823} INFO - Setting next_dagrun for example_branch_dop_operator_v3 to 2024-02-03 00:09:00+00:00, run_after=2024-02-03 00:10:00+00:00
[2024-02-03T04:10:08.421+0400] {processor.py:183} INFO - Processing /home/reurairin/projects/urfu/urfu_3s_mlops-3/env/lib/python3.10/site-packages/airflow/example_dags/example_branch_python_dop_operator_3.py took 0.046 seconds
