[2024-02-03T04:00:31.610+0400] {processor.py:161} INFO - Started process (PID=5744) to work on /home/reurairin/projects/urfu/urfu_3s_mlops-3/env/lib/python3.10/site-packages/airflow/example_dags/example_branch_labels.py
[2024-02-03T04:00:31.610+0400] {processor.py:830} INFO - Processing file /home/reurairin/projects/urfu/urfu_3s_mlops-3/env/lib/python3.10/site-packages/airflow/example_dags/example_branch_labels.py for tasks to queue
[2024-02-03T04:00:31.611+0400] {logging_mixin.py:188} INFO - [2024-02-03T04:00:31.611+0400] {dagbag.py:538} INFO - Filling up the DagBag from /home/reurairin/projects/urfu/urfu_3s_mlops-3/env/lib/python3.10/site-packages/airflow/example_dags/example_branch_labels.py
[2024-02-03T04:00:31.616+0400] {processor.py:840} INFO - DAG(s) 'example_branch_labels' retrieved from /home/reurairin/projects/urfu/urfu_3s_mlops-3/env/lib/python3.10/site-packages/airflow/example_dags/example_branch_labels.py
[2024-02-03T04:00:31.626+0400] {logging_mixin.py:188} INFO - [2024-02-03T04:00:31.625+0400] {dag.py:3036} INFO - Sync 1 DAGs
[2024-02-03T04:00:31.636+0400] {logging_mixin.py:188} INFO - [2024-02-03T04:00:31.636+0400] {dag.py:3823} INFO - Setting next_dagrun for example_branch_labels to 2024-02-02 00:00:00+00:00, run_after=2024-02-03 00:00:00+00:00
[2024-02-03T04:00:31.649+0400] {processor.py:183} INFO - Processing /home/reurairin/projects/urfu/urfu_3s_mlops-3/env/lib/python3.10/site-packages/airflow/example_dags/example_branch_labels.py took 0.041 seconds
[2024-02-03T04:01:25.006+0400] {processor.py:161} INFO - Started process (PID=5971) to work on /home/reurairin/projects/urfu/urfu_3s_mlops-3/env/lib/python3.10/site-packages/airflow/example_dags/example_branch_labels.py
[2024-02-03T04:01:25.014+0400] {processor.py:830} INFO - Processing file /home/reurairin/projects/urfu/urfu_3s_mlops-3/env/lib/python3.10/site-packages/airflow/example_dags/example_branch_labels.py for tasks to queue
[2024-02-03T04:01:25.015+0400] {logging_mixin.py:188} INFO - [2024-02-03T04:01:25.015+0400] {dagbag.py:538} INFO - Filling up the DagBag from /home/reurairin/projects/urfu/urfu_3s_mlops-3/env/lib/python3.10/site-packages/airflow/example_dags/example_branch_labels.py
[2024-02-03T04:01:25.022+0400] {processor.py:840} INFO - DAG(s) 'example_branch_labels' retrieved from /home/reurairin/projects/urfu/urfu_3s_mlops-3/env/lib/python3.10/site-packages/airflow/example_dags/example_branch_labels.py
[2024-02-03T04:01:25.033+0400] {logging_mixin.py:188} INFO - [2024-02-03T04:01:25.033+0400] {dag.py:3036} INFO - Sync 1 DAGs
[2024-02-03T04:01:25.046+0400] {logging_mixin.py:188} INFO - [2024-02-03T04:01:25.046+0400] {dag.py:3823} INFO - Setting next_dagrun for example_branch_labels to 2024-02-02 00:00:00+00:00, run_after=2024-02-03 00:00:00+00:00
[2024-02-03T04:01:25.062+0400] {processor.py:183} INFO - Processing /home/reurairin/projects/urfu/urfu_3s_mlops-3/env/lib/python3.10/site-packages/airflow/example_dags/example_branch_labels.py took 0.058 seconds
[2024-02-03T04:02:15.191+0400] {processor.py:161} INFO - Started process (PID=6183) to work on /home/reurairin/projects/urfu/urfu_3s_mlops-3/env/lib/python3.10/site-packages/airflow/example_dags/example_branch_labels.py
[2024-02-03T04:02:15.198+0400] {processor.py:830} INFO - Processing file /home/reurairin/projects/urfu/urfu_3s_mlops-3/env/lib/python3.10/site-packages/airflow/example_dags/example_branch_labels.py for tasks to queue
[2024-02-03T04:02:15.199+0400] {logging_mixin.py:188} INFO - [2024-02-03T04:02:15.199+0400] {dagbag.py:538} INFO - Filling up the DagBag from /home/reurairin/projects/urfu/urfu_3s_mlops-3/env/lib/python3.10/site-packages/airflow/example_dags/example_branch_labels.py
[2024-02-03T04:02:15.204+0400] {processor.py:840} INFO - DAG(s) 'example_branch_labels' retrieved from /home/reurairin/projects/urfu/urfu_3s_mlops-3/env/lib/python3.10/site-packages/airflow/example_dags/example_branch_labels.py
[2024-02-03T04:02:15.213+0400] {logging_mixin.py:188} INFO - [2024-02-03T04:02:15.213+0400] {dag.py:3036} INFO - Sync 1 DAGs
[2024-02-03T04:02:15.223+0400] {logging_mixin.py:188} INFO - [2024-02-03T04:02:15.223+0400] {dag.py:3823} INFO - Setting next_dagrun for example_branch_labels to 2024-02-02 00:00:00+00:00, run_after=2024-02-03 00:00:00+00:00
[2024-02-03T04:02:15.235+0400] {processor.py:183} INFO - Processing /home/reurairin/projects/urfu/urfu_3s_mlops-3/env/lib/python3.10/site-packages/airflow/example_dags/example_branch_labels.py took 0.046 seconds
[2024-02-03T04:03:10.236+0400] {processor.py:161} INFO - Started process (PID=6427) to work on /home/reurairin/projects/urfu/urfu_3s_mlops-3/env/lib/python3.10/site-packages/airflow/example_dags/example_branch_labels.py
[2024-02-03T04:03:10.243+0400] {processor.py:830} INFO - Processing file /home/reurairin/projects/urfu/urfu_3s_mlops-3/env/lib/python3.10/site-packages/airflow/example_dags/example_branch_labels.py for tasks to queue
[2024-02-03T04:03:10.244+0400] {logging_mixin.py:188} INFO - [2024-02-03T04:03:10.244+0400] {dagbag.py:538} INFO - Filling up the DagBag from /home/reurairin/projects/urfu/urfu_3s_mlops-3/env/lib/python3.10/site-packages/airflow/example_dags/example_branch_labels.py
[2024-02-03T04:03:10.251+0400] {processor.py:840} INFO - DAG(s) 'example_branch_labels' retrieved from /home/reurairin/projects/urfu/urfu_3s_mlops-3/env/lib/python3.10/site-packages/airflow/example_dags/example_branch_labels.py
[2024-02-03T04:03:10.265+0400] {logging_mixin.py:188} INFO - [2024-02-03T04:03:10.264+0400] {dag.py:3036} INFO - Sync 1 DAGs
[2024-02-03T04:03:10.280+0400] {logging_mixin.py:188} INFO - [2024-02-03T04:03:10.280+0400] {dag.py:3823} INFO - Setting next_dagrun for example_branch_labels to 2024-02-02 00:00:00+00:00, run_after=2024-02-03 00:00:00+00:00
[2024-02-03T04:03:10.300+0400] {processor.py:183} INFO - Processing /home/reurairin/projects/urfu/urfu_3s_mlops-3/env/lib/python3.10/site-packages/airflow/example_dags/example_branch_labels.py took 0.066 seconds
[2024-02-03T04:04:03.565+0400] {processor.py:161} INFO - Started process (PID=6653) to work on /home/reurairin/projects/urfu/urfu_3s_mlops-3/env/lib/python3.10/site-packages/airflow/example_dags/example_branch_labels.py
[2024-02-03T04:04:03.566+0400] {processor.py:830} INFO - Processing file /home/reurairin/projects/urfu/urfu_3s_mlops-3/env/lib/python3.10/site-packages/airflow/example_dags/example_branch_labels.py for tasks to queue
[2024-02-03T04:04:03.567+0400] {logging_mixin.py:188} INFO - [2024-02-03T04:04:03.567+0400] {dagbag.py:538} INFO - Filling up the DagBag from /home/reurairin/projects/urfu/urfu_3s_mlops-3/env/lib/python3.10/site-packages/airflow/example_dags/example_branch_labels.py
[2024-02-03T04:04:03.572+0400] {processor.py:840} INFO - DAG(s) 'example_branch_labels' retrieved from /home/reurairin/projects/urfu/urfu_3s_mlops-3/env/lib/python3.10/site-packages/airflow/example_dags/example_branch_labels.py
[2024-02-03T04:04:03.584+0400] {logging_mixin.py:188} INFO - [2024-02-03T04:04:03.583+0400] {dag.py:3036} INFO - Sync 1 DAGs
[2024-02-03T04:04:03.596+0400] {logging_mixin.py:188} INFO - [2024-02-03T04:04:03.596+0400] {dag.py:3823} INFO - Setting next_dagrun for example_branch_labels to 2024-02-02 00:00:00+00:00, run_after=2024-02-03 00:00:00+00:00
[2024-02-03T04:04:03.612+0400] {processor.py:183} INFO - Processing /home/reurairin/projects/urfu/urfu_3s_mlops-3/env/lib/python3.10/site-packages/airflow/example_dags/example_branch_labels.py took 0.050 seconds
[2024-02-03T04:04:51.704+0400] {processor.py:161} INFO - Started process (PID=6857) to work on /home/reurairin/projects/urfu/urfu_3s_mlops-3/env/lib/python3.10/site-packages/airflow/example_dags/example_branch_labels.py
[2024-02-03T04:04:51.705+0400] {processor.py:830} INFO - Processing file /home/reurairin/projects/urfu/urfu_3s_mlops-3/env/lib/python3.10/site-packages/airflow/example_dags/example_branch_labels.py for tasks to queue
[2024-02-03T04:04:51.706+0400] {logging_mixin.py:188} INFO - [2024-02-03T04:04:51.705+0400] {dagbag.py:538} INFO - Filling up the DagBag from /home/reurairin/projects/urfu/urfu_3s_mlops-3/env/lib/python3.10/site-packages/airflow/example_dags/example_branch_labels.py
[2024-02-03T04:04:51.711+0400] {processor.py:840} INFO - DAG(s) 'example_branch_labels' retrieved from /home/reurairin/projects/urfu/urfu_3s_mlops-3/env/lib/python3.10/site-packages/airflow/example_dags/example_branch_labels.py
[2024-02-03T04:04:51.726+0400] {logging_mixin.py:188} INFO - [2024-02-03T04:04:51.726+0400] {dag.py:3036} INFO - Sync 1 DAGs
[2024-02-03T04:04:51.740+0400] {logging_mixin.py:188} INFO - [2024-02-03T04:04:51.739+0400] {dag.py:3823} INFO - Setting next_dagrun for example_branch_labels to 2024-02-02 00:00:00+00:00, run_after=2024-02-03 00:00:00+00:00
[2024-02-03T04:04:51.754+0400] {processor.py:183} INFO - Processing /home/reurairin/projects/urfu/urfu_3s_mlops-3/env/lib/python3.10/site-packages/airflow/example_dags/example_branch_labels.py took 0.051 seconds
[2024-02-03T04:05:50.175+0400] {processor.py:161} INFO - Started process (PID=7099) to work on /home/reurairin/projects/urfu/urfu_3s_mlops-3/env/lib/python3.10/site-packages/airflow/example_dags/example_branch_labels.py
[2024-02-03T04:05:50.177+0400] {processor.py:830} INFO - Processing file /home/reurairin/projects/urfu/urfu_3s_mlops-3/env/lib/python3.10/site-packages/airflow/example_dags/example_branch_labels.py for tasks to queue
[2024-02-03T04:05:50.177+0400] {logging_mixin.py:188} INFO - [2024-02-03T04:05:50.177+0400] {dagbag.py:538} INFO - Filling up the DagBag from /home/reurairin/projects/urfu/urfu_3s_mlops-3/env/lib/python3.10/site-packages/airflow/example_dags/example_branch_labels.py
[2024-02-03T04:05:50.182+0400] {processor.py:840} INFO - DAG(s) 'example_branch_labels' retrieved from /home/reurairin/projects/urfu/urfu_3s_mlops-3/env/lib/python3.10/site-packages/airflow/example_dags/example_branch_labels.py
[2024-02-03T04:05:50.191+0400] {logging_mixin.py:188} INFO - [2024-02-03T04:05:50.191+0400] {dag.py:3036} INFO - Sync 1 DAGs
[2024-02-03T04:05:50.201+0400] {logging_mixin.py:188} INFO - [2024-02-03T04:05:50.201+0400] {dag.py:3823} INFO - Setting next_dagrun for example_branch_labels to 2024-02-02 00:00:00+00:00, run_after=2024-02-03 00:00:00+00:00
[2024-02-03T04:05:50.214+0400] {processor.py:183} INFO - Processing /home/reurairin/projects/urfu/urfu_3s_mlops-3/env/lib/python3.10/site-packages/airflow/example_dags/example_branch_labels.py took 0.040 seconds
[2024-02-03T04:06:36.986+0400] {processor.py:161} INFO - Started process (PID=7348) to work on /home/reurairin/projects/urfu/urfu_3s_mlops-3/env/lib/python3.10/site-packages/airflow/example_dags/example_branch_labels.py
[2024-02-03T04:06:36.993+0400] {processor.py:830} INFO - Processing file /home/reurairin/projects/urfu/urfu_3s_mlops-3/env/lib/python3.10/site-packages/airflow/example_dags/example_branch_labels.py for tasks to queue
[2024-02-03T04:06:36.993+0400] {logging_mixin.py:188} INFO - [2024-02-03T04:06:36.993+0400] {dagbag.py:538} INFO - Filling up the DagBag from /home/reurairin/projects/urfu/urfu_3s_mlops-3/env/lib/python3.10/site-packages/airflow/example_dags/example_branch_labels.py
[2024-02-03T04:06:36.998+0400] {processor.py:840} INFO - DAG(s) 'example_branch_labels' retrieved from /home/reurairin/projects/urfu/urfu_3s_mlops-3/env/lib/python3.10/site-packages/airflow/example_dags/example_branch_labels.py
[2024-02-03T04:06:37.007+0400] {logging_mixin.py:188} INFO - [2024-02-03T04:06:37.007+0400] {dag.py:3036} INFO - Sync 1 DAGs
[2024-02-03T04:06:37.017+0400] {logging_mixin.py:188} INFO - [2024-02-03T04:06:37.017+0400] {dag.py:3823} INFO - Setting next_dagrun for example_branch_labels to 2024-02-02 00:00:00+00:00, run_after=2024-02-03 00:00:00+00:00
[2024-02-03T04:06:37.029+0400] {processor.py:183} INFO - Processing /home/reurairin/projects/urfu/urfu_3s_mlops-3/env/lib/python3.10/site-packages/airflow/example_dags/example_branch_labels.py took 0.045 seconds
[2024-02-03T04:07:34.552+0400] {processor.py:161} INFO - Started process (PID=7607) to work on /home/reurairin/projects/urfu/urfu_3s_mlops-3/env/lib/python3.10/site-packages/airflow/example_dags/example_branch_labels.py
[2024-02-03T04:07:34.559+0400] {processor.py:830} INFO - Processing file /home/reurairin/projects/urfu/urfu_3s_mlops-3/env/lib/python3.10/site-packages/airflow/example_dags/example_branch_labels.py for tasks to queue
[2024-02-03T04:07:34.559+0400] {logging_mixin.py:188} INFO - [2024-02-03T04:07:34.559+0400] {dagbag.py:538} INFO - Filling up the DagBag from /home/reurairin/projects/urfu/urfu_3s_mlops-3/env/lib/python3.10/site-packages/airflow/example_dags/example_branch_labels.py
[2024-02-03T04:07:34.564+0400] {processor.py:840} INFO - DAG(s) 'example_branch_labels' retrieved from /home/reurairin/projects/urfu/urfu_3s_mlops-3/env/lib/python3.10/site-packages/airflow/example_dags/example_branch_labels.py
[2024-02-03T04:07:34.574+0400] {logging_mixin.py:188} INFO - [2024-02-03T04:07:34.574+0400] {dag.py:3036} INFO - Sync 1 DAGs
[2024-02-03T04:07:34.584+0400] {logging_mixin.py:188} INFO - [2024-02-03T04:07:34.584+0400] {dag.py:3823} INFO - Setting next_dagrun for example_branch_labels to 2024-02-02 00:00:00+00:00, run_after=2024-02-03 00:00:00+00:00
[2024-02-03T04:07:34.596+0400] {processor.py:183} INFO - Processing /home/reurairin/projects/urfu/urfu_3s_mlops-3/env/lib/python3.10/site-packages/airflow/example_dags/example_branch_labels.py took 0.046 seconds
[2024-02-03T04:08:24.310+0400] {processor.py:161} INFO - Started process (PID=7822) to work on /home/reurairin/projects/urfu/urfu_3s_mlops-3/env/lib/python3.10/site-packages/airflow/example_dags/example_branch_labels.py
[2024-02-03T04:08:24.311+0400] {processor.py:830} INFO - Processing file /home/reurairin/projects/urfu/urfu_3s_mlops-3/env/lib/python3.10/site-packages/airflow/example_dags/example_branch_labels.py for tasks to queue
[2024-02-03T04:08:24.312+0400] {logging_mixin.py:188} INFO - [2024-02-03T04:08:24.312+0400] {dagbag.py:538} INFO - Filling up the DagBag from /home/reurairin/projects/urfu/urfu_3s_mlops-3/env/lib/python3.10/site-packages/airflow/example_dags/example_branch_labels.py
[2024-02-03T04:08:24.317+0400] {processor.py:840} INFO - DAG(s) 'example_branch_labels' retrieved from /home/reurairin/projects/urfu/urfu_3s_mlops-3/env/lib/python3.10/site-packages/airflow/example_dags/example_branch_labels.py
[2024-02-03T04:08:24.325+0400] {logging_mixin.py:188} INFO - [2024-02-03T04:08:24.325+0400] {dag.py:3036} INFO - Sync 1 DAGs
[2024-02-03T04:08:24.335+0400] {logging_mixin.py:188} INFO - [2024-02-03T04:08:24.335+0400] {dag.py:3823} INFO - Setting next_dagrun for example_branch_labels to 2024-02-02 00:00:00+00:00, run_after=2024-02-03 00:00:00+00:00
[2024-02-03T04:08:24.347+0400] {processor.py:183} INFO - Processing /home/reurairin/projects/urfu/urfu_3s_mlops-3/env/lib/python3.10/site-packages/airflow/example_dags/example_branch_labels.py took 0.039 seconds
[2024-02-03T04:09:14.991+0400] {processor.py:161} INFO - Started process (PID=8041) to work on /home/reurairin/projects/urfu/urfu_3s_mlops-3/env/lib/python3.10/site-packages/airflow/example_dags/example_branch_labels.py
[2024-02-03T04:09:14.992+0400] {processor.py:830} INFO - Processing file /home/reurairin/projects/urfu/urfu_3s_mlops-3/env/lib/python3.10/site-packages/airflow/example_dags/example_branch_labels.py for tasks to queue
[2024-02-03T04:09:14.993+0400] {logging_mixin.py:188} INFO - [2024-02-03T04:09:14.993+0400] {dagbag.py:538} INFO - Filling up the DagBag from /home/reurairin/projects/urfu/urfu_3s_mlops-3/env/lib/python3.10/site-packages/airflow/example_dags/example_branch_labels.py
[2024-02-03T04:09:14.998+0400] {processor.py:840} INFO - DAG(s) 'example_branch_labels' retrieved from /home/reurairin/projects/urfu/urfu_3s_mlops-3/env/lib/python3.10/site-packages/airflow/example_dags/example_branch_labels.py
[2024-02-03T04:09:15.007+0400] {logging_mixin.py:188} INFO - [2024-02-03T04:09:15.007+0400] {dag.py:3036} INFO - Sync 1 DAGs
[2024-02-03T04:09:15.017+0400] {logging_mixin.py:188} INFO - [2024-02-03T04:09:15.017+0400] {dag.py:3823} INFO - Setting next_dagrun for example_branch_labels to 2024-02-02 00:00:00+00:00, run_after=2024-02-03 00:00:00+00:00
[2024-02-03T04:09:15.029+0400] {processor.py:183} INFO - Processing /home/reurairin/projects/urfu/urfu_3s_mlops-3/env/lib/python3.10/site-packages/airflow/example_dags/example_branch_labels.py took 0.039 seconds
[2024-02-03T04:10:05.988+0400] {processor.py:161} INFO - Started process (PID=8472) to work on /home/reurairin/projects/urfu/urfu_3s_mlops-3/env/lib/python3.10/site-packages/airflow/example_dags/example_branch_labels.py
[2024-02-03T04:10:05.989+0400] {processor.py:830} INFO - Processing file /home/reurairin/projects/urfu/urfu_3s_mlops-3/env/lib/python3.10/site-packages/airflow/example_dags/example_branch_labels.py for tasks to queue
[2024-02-03T04:10:05.989+0400] {logging_mixin.py:188} INFO - [2024-02-03T04:10:05.989+0400] {dagbag.py:538} INFO - Filling up the DagBag from /home/reurairin/projects/urfu/urfu_3s_mlops-3/env/lib/python3.10/site-packages/airflow/example_dags/example_branch_labels.py
[2024-02-03T04:10:05.994+0400] {processor.py:840} INFO - DAG(s) 'example_branch_labels' retrieved from /home/reurairin/projects/urfu/urfu_3s_mlops-3/env/lib/python3.10/site-packages/airflow/example_dags/example_branch_labels.py
[2024-02-03T04:10:06.008+0400] {logging_mixin.py:188} INFO - [2024-02-03T04:10:06.007+0400] {dag.py:3036} INFO - Sync 1 DAGs
[2024-02-03T04:10:06.021+0400] {logging_mixin.py:188} INFO - [2024-02-03T04:10:06.021+0400] {dag.py:3823} INFO - Setting next_dagrun for example_branch_labels to 2024-02-02 00:00:00+00:00, run_after=2024-02-03 00:00:00+00:00
[2024-02-03T04:10:06.043+0400] {processor.py:183} INFO - Processing /home/reurairin/projects/urfu/urfu_3s_mlops-3/env/lib/python3.10/site-packages/airflow/example_dags/example_branch_labels.py took 0.058 seconds
