[2024-02-03T04:00:28.503+0400] {processor.py:161} INFO - Started process (PID=5732) to work on /home/reurairin/projects/urfu/urfu_3s_mlops-3/env/lib/python3.10/site-packages/airflow/example_dags/example_params_ui_tutorial.py
[2024-02-03T04:00:28.504+0400] {processor.py:830} INFO - Processing file /home/reurairin/projects/urfu/urfu_3s_mlops-3/env/lib/python3.10/site-packages/airflow/example_dags/example_params_ui_tutorial.py for tasks to queue
[2024-02-03T04:00:28.505+0400] {logging_mixin.py:188} INFO - [2024-02-03T04:00:28.504+0400] {dagbag.py:538} INFO - Filling up the DagBag from /home/reurairin/projects/urfu/urfu_3s_mlops-3/env/lib/python3.10/site-packages/airflow/example_dags/example_params_ui_tutorial.py
[2024-02-03T04:00:28.512+0400] {processor.py:840} INFO - DAG(s) 'example_params_ui_tutorial' retrieved from /home/reurairin/projects/urfu/urfu_3s_mlops-3/env/lib/python3.10/site-packages/airflow/example_dags/example_params_ui_tutorial.py
[2024-02-03T04:00:28.539+0400] {logging_mixin.py:188} INFO - [2024-02-03T04:00:28.538+0400] {dag.py:3036} INFO - Sync 1 DAGs
[2024-02-03T04:00:28.545+0400] {logging_mixin.py:188} INFO - [2024-02-03T04:00:28.545+0400] {dag.py:3823} INFO - Setting next_dagrun for example_params_ui_tutorial to None, run_after=None
[2024-02-03T04:00:28.564+0400] {processor.py:183} INFO - Processing /home/reurairin/projects/urfu/urfu_3s_mlops-3/env/lib/python3.10/site-packages/airflow/example_dags/example_params_ui_tutorial.py took 0.063 seconds
[2024-02-03T04:01:05.918+0400] {processor.py:161} INFO - Started process (PID=5893) to work on /home/reurairin/projects/urfu/urfu_3s_mlops-3/env/lib/python3.10/site-packages/airflow/example_dags/example_params_ui_tutorial.py
[2024-02-03T04:01:05.919+0400] {processor.py:830} INFO - Processing file /home/reurairin/projects/urfu/urfu_3s_mlops-3/env/lib/python3.10/site-packages/airflow/example_dags/example_params_ui_tutorial.py for tasks to queue
[2024-02-03T04:01:05.920+0400] {logging_mixin.py:188} INFO - [2024-02-03T04:01:05.920+0400] {dagbag.py:538} INFO - Filling up the DagBag from /home/reurairin/projects/urfu/urfu_3s_mlops-3/env/lib/python3.10/site-packages/airflow/example_dags/example_params_ui_tutorial.py
[2024-02-03T04:01:05.928+0400] {processor.py:840} INFO - DAG(s) 'example_params_ui_tutorial' retrieved from /home/reurairin/projects/urfu/urfu_3s_mlops-3/env/lib/python3.10/site-packages/airflow/example_dags/example_params_ui_tutorial.py
[2024-02-03T04:01:05.956+0400] {logging_mixin.py:188} INFO - [2024-02-03T04:01:05.956+0400] {dag.py:3036} INFO - Sync 1 DAGs
[2024-02-03T04:01:05.963+0400] {logging_mixin.py:188} INFO - [2024-02-03T04:01:05.962+0400] {dag.py:3823} INFO - Setting next_dagrun for example_params_ui_tutorial to None, run_after=None
[2024-02-03T04:01:05.976+0400] {processor.py:183} INFO - Processing /home/reurairin/projects/urfu/urfu_3s_mlops-3/env/lib/python3.10/site-packages/airflow/example_dags/example_params_ui_tutorial.py took 0.059 seconds
[2024-02-03T04:01:55.833+0400] {processor.py:161} INFO - Started process (PID=6104) to work on /home/reurairin/projects/urfu/urfu_3s_mlops-3/env/lib/python3.10/site-packages/airflow/example_dags/example_params_ui_tutorial.py
[2024-02-03T04:01:55.839+0400] {processor.py:830} INFO - Processing file /home/reurairin/projects/urfu/urfu_3s_mlops-3/env/lib/python3.10/site-packages/airflow/example_dags/example_params_ui_tutorial.py for tasks to queue
[2024-02-03T04:01:55.840+0400] {logging_mixin.py:188} INFO - [2024-02-03T04:01:55.840+0400] {dagbag.py:538} INFO - Filling up the DagBag from /home/reurairin/projects/urfu/urfu_3s_mlops-3/env/lib/python3.10/site-packages/airflow/example_dags/example_params_ui_tutorial.py
[2024-02-03T04:01:55.847+0400] {processor.py:840} INFO - DAG(s) 'example_params_ui_tutorial' retrieved from /home/reurairin/projects/urfu/urfu_3s_mlops-3/env/lib/python3.10/site-packages/airflow/example_dags/example_params_ui_tutorial.py
[2024-02-03T04:01:55.874+0400] {logging_mixin.py:188} INFO - [2024-02-03T04:01:55.874+0400] {dag.py:3036} INFO - Sync 1 DAGs
[2024-02-03T04:01:55.880+0400] {logging_mixin.py:188} INFO - [2024-02-03T04:01:55.880+0400] {dag.py:3823} INFO - Setting next_dagrun for example_params_ui_tutorial to None, run_after=None
[2024-02-03T04:01:55.892+0400] {processor.py:183} INFO - Processing /home/reurairin/projects/urfu/urfu_3s_mlops-3/env/lib/python3.10/site-packages/airflow/example_dags/example_params_ui_tutorial.py took 0.061 seconds
[2024-02-03T04:02:47.231+0400] {processor.py:161} INFO - Started process (PID=6322) to work on /home/reurairin/projects/urfu/urfu_3s_mlops-3/env/lib/python3.10/site-packages/airflow/example_dags/example_params_ui_tutorial.py
[2024-02-03T04:02:47.238+0400] {processor.py:830} INFO - Processing file /home/reurairin/projects/urfu/urfu_3s_mlops-3/env/lib/python3.10/site-packages/airflow/example_dags/example_params_ui_tutorial.py for tasks to queue
[2024-02-03T04:02:47.239+0400] {logging_mixin.py:188} INFO - [2024-02-03T04:02:47.238+0400] {dagbag.py:538} INFO - Filling up the DagBag from /home/reurairin/projects/urfu/urfu_3s_mlops-3/env/lib/python3.10/site-packages/airflow/example_dags/example_params_ui_tutorial.py
[2024-02-03T04:02:47.245+0400] {processor.py:840} INFO - DAG(s) 'example_params_ui_tutorial' retrieved from /home/reurairin/projects/urfu/urfu_3s_mlops-3/env/lib/python3.10/site-packages/airflow/example_dags/example_params_ui_tutorial.py
[2024-02-03T04:02:47.271+0400] {logging_mixin.py:188} INFO - [2024-02-03T04:02:47.271+0400] {dag.py:3036} INFO - Sync 1 DAGs
[2024-02-03T04:02:47.276+0400] {logging_mixin.py:188} INFO - [2024-02-03T04:02:47.276+0400] {dag.py:3823} INFO - Setting next_dagrun for example_params_ui_tutorial to None, run_after=None
[2024-02-03T04:02:47.289+0400] {processor.py:183} INFO - Processing /home/reurairin/projects/urfu/urfu_3s_mlops-3/env/lib/python3.10/site-packages/airflow/example_dags/example_params_ui_tutorial.py took 0.060 seconds
[2024-02-03T04:03:26.591+0400] {processor.py:161} INFO - Started process (PID=6494) to work on /home/reurairin/projects/urfu/urfu_3s_mlops-3/env/lib/python3.10/site-packages/airflow/example_dags/example_params_ui_tutorial.py
[2024-02-03T04:03:26.599+0400] {processor.py:830} INFO - Processing file /home/reurairin/projects/urfu/urfu_3s_mlops-3/env/lib/python3.10/site-packages/airflow/example_dags/example_params_ui_tutorial.py for tasks to queue
[2024-02-03T04:03:26.602+0400] {logging_mixin.py:188} INFO - [2024-02-03T04:03:26.601+0400] {dagbag.py:538} INFO - Filling up the DagBag from /home/reurairin/projects/urfu/urfu_3s_mlops-3/env/lib/python3.10/site-packages/airflow/example_dags/example_params_ui_tutorial.py
[2024-02-03T04:03:26.615+0400] {processor.py:840} INFO - DAG(s) 'example_params_ui_tutorial' retrieved from /home/reurairin/projects/urfu/urfu_3s_mlops-3/env/lib/python3.10/site-packages/airflow/example_dags/example_params_ui_tutorial.py
[2024-02-03T04:03:26.667+0400] {logging_mixin.py:188} INFO - [2024-02-03T04:03:26.666+0400] {dag.py:3036} INFO - Sync 1 DAGs
[2024-02-03T04:03:26.676+0400] {logging_mixin.py:188} INFO - [2024-02-03T04:03:26.676+0400] {dag.py:3823} INFO - Setting next_dagrun for example_params_ui_tutorial to None, run_after=None
[2024-02-03T04:03:26.695+0400] {processor.py:183} INFO - Processing /home/reurairin/projects/urfu/urfu_3s_mlops-3/env/lib/python3.10/site-packages/airflow/example_dags/example_params_ui_tutorial.py took 0.110 seconds
[2024-02-03T04:04:18.596+0400] {processor.py:161} INFO - Started process (PID=6711) to work on /home/reurairin/projects/urfu/urfu_3s_mlops-3/env/lib/python3.10/site-packages/airflow/example_dags/example_params_ui_tutorial.py
[2024-02-03T04:04:18.604+0400] {processor.py:830} INFO - Processing file /home/reurairin/projects/urfu/urfu_3s_mlops-3/env/lib/python3.10/site-packages/airflow/example_dags/example_params_ui_tutorial.py for tasks to queue
[2024-02-03T04:04:18.604+0400] {logging_mixin.py:188} INFO - [2024-02-03T04:04:18.604+0400] {dagbag.py:538} INFO - Filling up the DagBag from /home/reurairin/projects/urfu/urfu_3s_mlops-3/env/lib/python3.10/site-packages/airflow/example_dags/example_params_ui_tutorial.py
[2024-02-03T04:04:18.614+0400] {processor.py:840} INFO - DAG(s) 'example_params_ui_tutorial' retrieved from /home/reurairin/projects/urfu/urfu_3s_mlops-3/env/lib/python3.10/site-packages/airflow/example_dags/example_params_ui_tutorial.py
[2024-02-03T04:04:18.641+0400] {logging_mixin.py:188} INFO - [2024-02-03T04:04:18.641+0400] {dag.py:3036} INFO - Sync 1 DAGs
[2024-02-03T04:04:18.650+0400] {logging_mixin.py:188} INFO - [2024-02-03T04:04:18.650+0400] {dag.py:3823} INFO - Setting next_dagrun for example_params_ui_tutorial to None, run_after=None
[2024-02-03T04:04:18.667+0400] {processor.py:183} INFO - Processing /home/reurairin/projects/urfu/urfu_3s_mlops-3/env/lib/python3.10/site-packages/airflow/example_dags/example_params_ui_tutorial.py took 0.073 seconds
[2024-02-03T04:05:08.728+0400] {processor.py:161} INFO - Started process (PID=6925) to work on /home/reurairin/projects/urfu/urfu_3s_mlops-3/env/lib/python3.10/site-packages/airflow/example_dags/example_params_ui_tutorial.py
[2024-02-03T04:05:08.735+0400] {processor.py:830} INFO - Processing file /home/reurairin/projects/urfu/urfu_3s_mlops-3/env/lib/python3.10/site-packages/airflow/example_dags/example_params_ui_tutorial.py for tasks to queue
[2024-02-03T04:05:08.736+0400] {logging_mixin.py:188} INFO - [2024-02-03T04:05:08.736+0400] {dagbag.py:538} INFO - Filling up the DagBag from /home/reurairin/projects/urfu/urfu_3s_mlops-3/env/lib/python3.10/site-packages/airflow/example_dags/example_params_ui_tutorial.py
[2024-02-03T04:05:08.745+0400] {processor.py:840} INFO - DAG(s) 'example_params_ui_tutorial' retrieved from /home/reurairin/projects/urfu/urfu_3s_mlops-3/env/lib/python3.10/site-packages/airflow/example_dags/example_params_ui_tutorial.py
[2024-02-03T04:05:08.774+0400] {logging_mixin.py:188} INFO - [2024-02-03T04:05:08.774+0400] {dag.py:3036} INFO - Sync 1 DAGs
[2024-02-03T04:05:08.786+0400] {logging_mixin.py:188} INFO - [2024-02-03T04:05:08.786+0400] {dag.py:3823} INFO - Setting next_dagrun for example_params_ui_tutorial to None, run_after=None
[2024-02-03T04:05:08.806+0400] {processor.py:183} INFO - Processing /home/reurairin/projects/urfu/urfu_3s_mlops-3/env/lib/python3.10/site-packages/airflow/example_dags/example_params_ui_tutorial.py took 0.080 seconds
[2024-02-03T04:05:46.788+0400] {processor.py:161} INFO - Started process (PID=7087) to work on /home/reurairin/projects/urfu/urfu_3s_mlops-3/env/lib/python3.10/site-packages/airflow/example_dags/example_params_ui_tutorial.py
[2024-02-03T04:05:46.795+0400] {processor.py:830} INFO - Processing file /home/reurairin/projects/urfu/urfu_3s_mlops-3/env/lib/python3.10/site-packages/airflow/example_dags/example_params_ui_tutorial.py for tasks to queue
[2024-02-03T04:05:46.795+0400] {logging_mixin.py:188} INFO - [2024-02-03T04:05:46.795+0400] {dagbag.py:538} INFO - Filling up the DagBag from /home/reurairin/projects/urfu/urfu_3s_mlops-3/env/lib/python3.10/site-packages/airflow/example_dags/example_params_ui_tutorial.py
[2024-02-03T04:05:46.803+0400] {processor.py:840} INFO - DAG(s) 'example_params_ui_tutorial' retrieved from /home/reurairin/projects/urfu/urfu_3s_mlops-3/env/lib/python3.10/site-packages/airflow/example_dags/example_params_ui_tutorial.py
[2024-02-03T04:05:46.831+0400] {logging_mixin.py:188} INFO - [2024-02-03T04:05:46.831+0400] {dag.py:3036} INFO - Sync 1 DAGs
[2024-02-03T04:05:46.837+0400] {logging_mixin.py:188} INFO - [2024-02-03T04:05:46.837+0400] {dag.py:3823} INFO - Setting next_dagrun for example_params_ui_tutorial to None, run_after=None
[2024-02-03T04:05:46.851+0400] {processor.py:183} INFO - Processing /home/reurairin/projects/urfu/urfu_3s_mlops-3/env/lib/python3.10/site-packages/airflow/example_dags/example_params_ui_tutorial.py took 0.065 seconds
[2024-02-03T04:06:33.876+0400] {processor.py:161} INFO - Started process (PID=7336) to work on /home/reurairin/projects/urfu/urfu_3s_mlops-3/env/lib/python3.10/site-packages/airflow/example_dags/example_params_ui_tutorial.py
[2024-02-03T04:06:33.883+0400] {processor.py:830} INFO - Processing file /home/reurairin/projects/urfu/urfu_3s_mlops-3/env/lib/python3.10/site-packages/airflow/example_dags/example_params_ui_tutorial.py for tasks to queue
[2024-02-03T04:06:33.884+0400] {logging_mixin.py:188} INFO - [2024-02-03T04:06:33.884+0400] {dagbag.py:538} INFO - Filling up the DagBag from /home/reurairin/projects/urfu/urfu_3s_mlops-3/env/lib/python3.10/site-packages/airflow/example_dags/example_params_ui_tutorial.py
[2024-02-03T04:06:33.895+0400] {processor.py:840} INFO - DAG(s) 'example_params_ui_tutorial' retrieved from /home/reurairin/projects/urfu/urfu_3s_mlops-3/env/lib/python3.10/site-packages/airflow/example_dags/example_params_ui_tutorial.py
[2024-02-03T04:06:33.930+0400] {logging_mixin.py:188} INFO - [2024-02-03T04:06:33.930+0400] {dag.py:3036} INFO - Sync 1 DAGs
[2024-02-03T04:06:33.939+0400] {logging_mixin.py:188} INFO - [2024-02-03T04:06:33.939+0400] {dag.py:3823} INFO - Setting next_dagrun for example_params_ui_tutorial to None, run_after=None
[2024-02-03T04:06:33.959+0400] {processor.py:183} INFO - Processing /home/reurairin/projects/urfu/urfu_3s_mlops-3/env/lib/python3.10/site-packages/airflow/example_dags/example_params_ui_tutorial.py took 0.084 seconds
[2024-02-03T04:07:12.335+0400] {processor.py:161} INFO - Started process (PID=7500) to work on /home/reurairin/projects/urfu/urfu_3s_mlops-3/env/lib/python3.10/site-packages/airflow/example_dags/example_params_ui_tutorial.py
[2024-02-03T04:07:12.335+0400] {processor.py:830} INFO - Processing file /home/reurairin/projects/urfu/urfu_3s_mlops-3/env/lib/python3.10/site-packages/airflow/example_dags/example_params_ui_tutorial.py for tasks to queue
[2024-02-03T04:07:12.336+0400] {logging_mixin.py:188} INFO - [2024-02-03T04:07:12.336+0400] {dagbag.py:538} INFO - Filling up the DagBag from /home/reurairin/projects/urfu/urfu_3s_mlops-3/env/lib/python3.10/site-packages/airflow/example_dags/example_params_ui_tutorial.py
[2024-02-03T04:07:12.343+0400] {processor.py:840} INFO - DAG(s) 'example_params_ui_tutorial' retrieved from /home/reurairin/projects/urfu/urfu_3s_mlops-3/env/lib/python3.10/site-packages/airflow/example_dags/example_params_ui_tutorial.py
[2024-02-03T04:07:12.368+0400] {logging_mixin.py:188} INFO - [2024-02-03T04:07:12.368+0400] {dag.py:3036} INFO - Sync 1 DAGs
[2024-02-03T04:07:12.374+0400] {logging_mixin.py:188} INFO - [2024-02-03T04:07:12.374+0400] {dag.py:3823} INFO - Setting next_dagrun for example_params_ui_tutorial to None, run_after=None
[2024-02-03T04:07:12.386+0400] {processor.py:183} INFO - Processing /home/reurairin/projects/urfu/urfu_3s_mlops-3/env/lib/python3.10/site-packages/airflow/example_dags/example_params_ui_tutorial.py took 0.053 seconds
[2024-02-03T04:07:49.962+0400] {processor.py:161} INFO - Started process (PID=7672) to work on /home/reurairin/projects/urfu/urfu_3s_mlops-3/env/lib/python3.10/site-packages/airflow/example_dags/example_params_ui_tutorial.py
[2024-02-03T04:07:49.969+0400] {processor.py:830} INFO - Processing file /home/reurairin/projects/urfu/urfu_3s_mlops-3/env/lib/python3.10/site-packages/airflow/example_dags/example_params_ui_tutorial.py for tasks to queue
[2024-02-03T04:07:49.970+0400] {logging_mixin.py:188} INFO - [2024-02-03T04:07:49.969+0400] {dagbag.py:538} INFO - Filling up the DagBag from /home/reurairin/projects/urfu/urfu_3s_mlops-3/env/lib/python3.10/site-packages/airflow/example_dags/example_params_ui_tutorial.py
[2024-02-03T04:07:49.976+0400] {processor.py:840} INFO - DAG(s) 'example_params_ui_tutorial' retrieved from /home/reurairin/projects/urfu/urfu_3s_mlops-3/env/lib/python3.10/site-packages/airflow/example_dags/example_params_ui_tutorial.py
[2024-02-03T04:07:50.002+0400] {logging_mixin.py:188} INFO - [2024-02-03T04:07:50.002+0400] {dag.py:3036} INFO - Sync 1 DAGs
[2024-02-03T04:07:50.008+0400] {logging_mixin.py:188} INFO - [2024-02-03T04:07:50.008+0400] {dag.py:3823} INFO - Setting next_dagrun for example_params_ui_tutorial to None, run_after=None
[2024-02-03T04:07:50.020+0400] {processor.py:183} INFO - Processing /home/reurairin/projects/urfu/urfu_3s_mlops-3/env/lib/python3.10/site-packages/airflow/example_dags/example_params_ui_tutorial.py took 0.060 seconds
[2024-02-03T04:08:39.022+0400] {processor.py:161} INFO - Started process (PID=7880) to work on /home/reurairin/projects/urfu/urfu_3s_mlops-3/env/lib/python3.10/site-packages/airflow/example_dags/example_params_ui_tutorial.py
[2024-02-03T04:08:39.029+0400] {processor.py:830} INFO - Processing file /home/reurairin/projects/urfu/urfu_3s_mlops-3/env/lib/python3.10/site-packages/airflow/example_dags/example_params_ui_tutorial.py for tasks to queue
[2024-02-03T04:08:39.030+0400] {logging_mixin.py:188} INFO - [2024-02-03T04:08:39.030+0400] {dagbag.py:538} INFO - Filling up the DagBag from /home/reurairin/projects/urfu/urfu_3s_mlops-3/env/lib/python3.10/site-packages/airflow/example_dags/example_params_ui_tutorial.py
[2024-02-03T04:08:39.037+0400] {processor.py:840} INFO - DAG(s) 'example_params_ui_tutorial' retrieved from /home/reurairin/projects/urfu/urfu_3s_mlops-3/env/lib/python3.10/site-packages/airflow/example_dags/example_params_ui_tutorial.py
[2024-02-03T04:08:39.062+0400] {logging_mixin.py:188} INFO - [2024-02-03T04:08:39.062+0400] {dag.py:3036} INFO - Sync 1 DAGs
[2024-02-03T04:08:39.068+0400] {logging_mixin.py:188} INFO - [2024-02-03T04:08:39.068+0400] {dag.py:3823} INFO - Setting next_dagrun for example_params_ui_tutorial to None, run_after=None
[2024-02-03T04:08:39.081+0400] {processor.py:183} INFO - Processing /home/reurairin/projects/urfu/urfu_3s_mlops-3/env/lib/python3.10/site-packages/airflow/example_dags/example_params_ui_tutorial.py took 0.060 seconds
[2024-02-03T04:09:29.645+0400] {processor.py:161} INFO - Started process (PID=8083) to work on /home/reurairin/projects/urfu/urfu_3s_mlops-3/env/lib/python3.10/site-packages/airflow/example_dags/example_params_ui_tutorial.py
[2024-02-03T04:09:29.652+0400] {processor.py:830} INFO - Processing file /home/reurairin/projects/urfu/urfu_3s_mlops-3/env/lib/python3.10/site-packages/airflow/example_dags/example_params_ui_tutorial.py for tasks to queue
[2024-02-03T04:09:29.653+0400] {logging_mixin.py:188} INFO - [2024-02-03T04:09:29.653+0400] {dagbag.py:538} INFO - Filling up the DagBag from /home/reurairin/projects/urfu/urfu_3s_mlops-3/env/lib/python3.10/site-packages/airflow/example_dags/example_params_ui_tutorial.py
[2024-02-03T04:09:29.661+0400] {processor.py:840} INFO - DAG(s) 'example_params_ui_tutorial' retrieved from /home/reurairin/projects/urfu/urfu_3s_mlops-3/env/lib/python3.10/site-packages/airflow/example_dags/example_params_ui_tutorial.py
[2024-02-03T04:09:29.690+0400] {logging_mixin.py:188} INFO - [2024-02-03T04:09:29.690+0400] {dag.py:3036} INFO - Sync 1 DAGs
[2024-02-03T04:09:29.697+0400] {logging_mixin.py:188} INFO - [2024-02-03T04:09:29.697+0400] {dag.py:3823} INFO - Setting next_dagrun for example_params_ui_tutorial to None, run_after=None
[2024-02-03T04:09:29.712+0400] {processor.py:183} INFO - Processing /home/reurairin/projects/urfu/urfu_3s_mlops-3/env/lib/python3.10/site-packages/airflow/example_dags/example_params_ui_tutorial.py took 0.069 seconds
