[2024-02-03T04:00:15.356+0400] {processor.py:161} INFO - Started process (PID=5680) to work on /home/reurairin/projects/urfu/urfu_3s_mlops-3/env/lib/python3.10/site-packages/airflow/example_dags/example_latest_only.py
[2024-02-03T04:00:15.357+0400] {processor.py:830} INFO - Processing file /home/reurairin/projects/urfu/urfu_3s_mlops-3/env/lib/python3.10/site-packages/airflow/example_dags/example_latest_only.py for tasks to queue
[2024-02-03T04:00:15.357+0400] {logging_mixin.py:188} INFO - [2024-02-03T04:00:15.357+0400] {dagbag.py:538} INFO - Filling up the DagBag from /home/reurairin/projects/urfu/urfu_3s_mlops-3/env/lib/python3.10/site-packages/airflow/example_dags/example_latest_only.py
[2024-02-03T04:00:15.360+0400] {processor.py:840} INFO - DAG(s) 'latest_only' retrieved from /home/reurairin/projects/urfu/urfu_3s_mlops-3/env/lib/python3.10/site-packages/airflow/example_dags/example_latest_only.py
[2024-02-03T04:00:15.369+0400] {logging_mixin.py:188} INFO - [2024-02-03T04:00:15.368+0400] {dag.py:3036} INFO - Sync 1 DAGs
[2024-02-03T04:00:15.379+0400] {logging_mixin.py:188} INFO - [2024-02-03T04:00:15.378+0400] {dag.py:3823} INFO - Setting next_dagrun for latest_only to 2024-02-02 20:00:00+00:00, run_after=2024-02-03 00:00:00+00:00
[2024-02-03T04:00:15.398+0400] {processor.py:183} INFO - Processing /home/reurairin/projects/urfu/urfu_3s_mlops-3/env/lib/python3.10/site-packages/airflow/example_dags/example_latest_only.py took 0.044 seconds
[2024-02-03T04:01:10.748+0400] {processor.py:161} INFO - Started process (PID=5914) to work on /home/reurairin/projects/urfu/urfu_3s_mlops-3/env/lib/python3.10/site-packages/airflow/example_dags/example_latest_only.py
[2024-02-03T04:01:10.755+0400] {processor.py:830} INFO - Processing file /home/reurairin/projects/urfu/urfu_3s_mlops-3/env/lib/python3.10/site-packages/airflow/example_dags/example_latest_only.py for tasks to queue
[2024-02-03T04:01:10.756+0400] {logging_mixin.py:188} INFO - [2024-02-03T04:01:10.756+0400] {dagbag.py:538} INFO - Filling up the DagBag from /home/reurairin/projects/urfu/urfu_3s_mlops-3/env/lib/python3.10/site-packages/airflow/example_dags/example_latest_only.py
[2024-02-03T04:01:10.759+0400] {processor.py:840} INFO - DAG(s) 'latest_only' retrieved from /home/reurairin/projects/urfu/urfu_3s_mlops-3/env/lib/python3.10/site-packages/airflow/example_dags/example_latest_only.py
[2024-02-03T04:01:10.768+0400] {logging_mixin.py:188} INFO - [2024-02-03T04:01:10.768+0400] {dag.py:3036} INFO - Sync 1 DAGs
[2024-02-03T04:01:10.778+0400] {logging_mixin.py:188} INFO - [2024-02-03T04:01:10.778+0400] {dag.py:3823} INFO - Setting next_dagrun for latest_only to 2024-02-02 20:00:00+00:00, run_after=2024-02-03 00:00:00+00:00
[2024-02-03T04:01:10.791+0400] {processor.py:183} INFO - Processing /home/reurairin/projects/urfu/urfu_3s_mlops-3/env/lib/python3.10/site-packages/airflow/example_dags/example_latest_only.py took 0.045 seconds
[2024-02-03T04:02:00.690+0400] {processor.py:161} INFO - Started process (PID=6122) to work on /home/reurairin/projects/urfu/urfu_3s_mlops-3/env/lib/python3.10/site-packages/airflow/example_dags/example_latest_only.py
[2024-02-03T04:02:00.698+0400] {processor.py:830} INFO - Processing file /home/reurairin/projects/urfu/urfu_3s_mlops-3/env/lib/python3.10/site-packages/airflow/example_dags/example_latest_only.py for tasks to queue
[2024-02-03T04:02:00.699+0400] {logging_mixin.py:188} INFO - [2024-02-03T04:02:00.699+0400] {dagbag.py:538} INFO - Filling up the DagBag from /home/reurairin/projects/urfu/urfu_3s_mlops-3/env/lib/python3.10/site-packages/airflow/example_dags/example_latest_only.py
[2024-02-03T04:02:00.702+0400] {processor.py:840} INFO - DAG(s) 'latest_only' retrieved from /home/reurairin/projects/urfu/urfu_3s_mlops-3/env/lib/python3.10/site-packages/airflow/example_dags/example_latest_only.py
[2024-02-03T04:02:00.713+0400] {logging_mixin.py:188} INFO - [2024-02-03T04:02:00.713+0400] {dag.py:3036} INFO - Sync 1 DAGs
[2024-02-03T04:02:00.725+0400] {logging_mixin.py:188} INFO - [2024-02-03T04:02:00.725+0400] {dag.py:3823} INFO - Setting next_dagrun for latest_only to 2024-02-02 20:00:00+00:00, run_after=2024-02-03 00:00:00+00:00
[2024-02-03T04:02:00.739+0400] {processor.py:183} INFO - Processing /home/reurairin/projects/urfu/urfu_3s_mlops-3/env/lib/python3.10/site-packages/airflow/example_dags/example_latest_only.py took 0.051 seconds
[2024-02-03T04:02:53.492+0400] {processor.py:161} INFO - Started process (PID=6346) to work on /home/reurairin/projects/urfu/urfu_3s_mlops-3/env/lib/python3.10/site-packages/airflow/example_dags/example_latest_only.py
[2024-02-03T04:02:53.499+0400] {processor.py:830} INFO - Processing file /home/reurairin/projects/urfu/urfu_3s_mlops-3/env/lib/python3.10/site-packages/airflow/example_dags/example_latest_only.py for tasks to queue
[2024-02-03T04:02:53.499+0400] {logging_mixin.py:188} INFO - [2024-02-03T04:02:53.499+0400] {dagbag.py:538} INFO - Filling up the DagBag from /home/reurairin/projects/urfu/urfu_3s_mlops-3/env/lib/python3.10/site-packages/airflow/example_dags/example_latest_only.py
[2024-02-03T04:02:53.503+0400] {processor.py:840} INFO - DAG(s) 'latest_only' retrieved from /home/reurairin/projects/urfu/urfu_3s_mlops-3/env/lib/python3.10/site-packages/airflow/example_dags/example_latest_only.py
[2024-02-03T04:02:53.511+0400] {logging_mixin.py:188} INFO - [2024-02-03T04:02:53.511+0400] {dag.py:3036} INFO - Sync 1 DAGs
[2024-02-03T04:02:53.521+0400] {logging_mixin.py:188} INFO - [2024-02-03T04:02:53.521+0400] {dag.py:3823} INFO - Setting next_dagrun for latest_only to 2024-02-02 20:00:00+00:00, run_after=2024-02-03 00:00:00+00:00
[2024-02-03T04:02:53.534+0400] {processor.py:183} INFO - Processing /home/reurairin/projects/urfu/urfu_3s_mlops-3/env/lib/python3.10/site-packages/airflow/example_dags/example_latest_only.py took 0.044 seconds
[2024-02-03T04:03:47.747+0400] {processor.py:161} INFO - Started process (PID=6577) to work on /home/reurairin/projects/urfu/urfu_3s_mlops-3/env/lib/python3.10/site-packages/airflow/example_dags/example_latest_only.py
[2024-02-03T04:03:47.748+0400] {processor.py:830} INFO - Processing file /home/reurairin/projects/urfu/urfu_3s_mlops-3/env/lib/python3.10/site-packages/airflow/example_dags/example_latest_only.py for tasks to queue
[2024-02-03T04:03:47.748+0400] {logging_mixin.py:188} INFO - [2024-02-03T04:03:47.748+0400] {dagbag.py:538} INFO - Filling up the DagBag from /home/reurairin/projects/urfu/urfu_3s_mlops-3/env/lib/python3.10/site-packages/airflow/example_dags/example_latest_only.py
[2024-02-03T04:03:47.752+0400] {processor.py:840} INFO - DAG(s) 'latest_only' retrieved from /home/reurairin/projects/urfu/urfu_3s_mlops-3/env/lib/python3.10/site-packages/airflow/example_dags/example_latest_only.py
[2024-02-03T04:03:47.762+0400] {logging_mixin.py:188} INFO - [2024-02-03T04:03:47.761+0400] {dag.py:3036} INFO - Sync 1 DAGs
[2024-02-03T04:03:47.773+0400] {logging_mixin.py:188} INFO - [2024-02-03T04:03:47.772+0400] {dag.py:3823} INFO - Setting next_dagrun for latest_only to 2024-02-02 20:00:00+00:00, run_after=2024-02-03 00:00:00+00:00
[2024-02-03T04:03:47.787+0400] {processor.py:183} INFO - Processing /home/reurairin/projects/urfu/urfu_3s_mlops-3/env/lib/python3.10/site-packages/airflow/example_dags/example_latest_only.py took 0.043 seconds
[2024-02-03T04:04:37.409+0400] {processor.py:161} INFO - Started process (PID=6788) to work on /home/reurairin/projects/urfu/urfu_3s_mlops-3/env/lib/python3.10/site-packages/airflow/example_dags/example_latest_only.py
[2024-02-03T04:04:37.416+0400] {processor.py:830} INFO - Processing file /home/reurairin/projects/urfu/urfu_3s_mlops-3/env/lib/python3.10/site-packages/airflow/example_dags/example_latest_only.py for tasks to queue
[2024-02-03T04:04:37.417+0400] {logging_mixin.py:188} INFO - [2024-02-03T04:04:37.416+0400] {dagbag.py:538} INFO - Filling up the DagBag from /home/reurairin/projects/urfu/urfu_3s_mlops-3/env/lib/python3.10/site-packages/airflow/example_dags/example_latest_only.py
[2024-02-03T04:04:37.420+0400] {processor.py:840} INFO - DAG(s) 'latest_only' retrieved from /home/reurairin/projects/urfu/urfu_3s_mlops-3/env/lib/python3.10/site-packages/airflow/example_dags/example_latest_only.py
[2024-02-03T04:04:37.429+0400] {logging_mixin.py:188} INFO - [2024-02-03T04:04:37.429+0400] {dag.py:3036} INFO - Sync 1 DAGs
[2024-02-03T04:04:37.441+0400] {logging_mixin.py:188} INFO - [2024-02-03T04:04:37.440+0400] {dag.py:3823} INFO - Setting next_dagrun for latest_only to 2024-02-02 20:00:00+00:00, run_after=2024-02-03 00:00:00+00:00
[2024-02-03T04:04:37.454+0400] {processor.py:183} INFO - Processing /home/reurairin/projects/urfu/urfu_3s_mlops-3/env/lib/python3.10/site-packages/airflow/example_dags/example_latest_only.py took 0.047 seconds
[2024-02-03T04:05:33.083+0400] {processor.py:161} INFO - Started process (PID=7033) to work on /home/reurairin/projects/urfu/urfu_3s_mlops-3/env/lib/python3.10/site-packages/airflow/example_dags/example_latest_only.py
[2024-02-03T04:05:33.084+0400] {processor.py:830} INFO - Processing file /home/reurairin/projects/urfu/urfu_3s_mlops-3/env/lib/python3.10/site-packages/airflow/example_dags/example_latest_only.py for tasks to queue
[2024-02-03T04:05:33.085+0400] {logging_mixin.py:188} INFO - [2024-02-03T04:05:33.085+0400] {dagbag.py:538} INFO - Filling up the DagBag from /home/reurairin/projects/urfu/urfu_3s_mlops-3/env/lib/python3.10/site-packages/airflow/example_dags/example_latest_only.py
[2024-02-03T04:05:33.091+0400] {processor.py:840} INFO - DAG(s) 'latest_only' retrieved from /home/reurairin/projects/urfu/urfu_3s_mlops-3/env/lib/python3.10/site-packages/airflow/example_dags/example_latest_only.py
[2024-02-03T04:05:33.105+0400] {logging_mixin.py:188} INFO - [2024-02-03T04:05:33.104+0400] {dag.py:3036} INFO - Sync 1 DAGs
[2024-02-03T04:05:33.122+0400] {logging_mixin.py:188} INFO - [2024-02-03T04:05:33.122+0400] {dag.py:3823} INFO - Setting next_dagrun for latest_only to 2024-02-02 20:00:00+00:00, run_after=2024-02-03 00:00:00+00:00
[2024-02-03T04:05:33.144+0400] {processor.py:183} INFO - Processing /home/reurairin/projects/urfu/urfu_3s_mlops-3/env/lib/python3.10/site-packages/airflow/example_dags/example_latest_only.py took 0.064 seconds
[2024-02-03T04:06:21.616+0400] {processor.py:161} INFO - Started process (PID=7288) to work on /home/reurairin/projects/urfu/urfu_3s_mlops-3/env/lib/python3.10/site-packages/airflow/example_dags/example_latest_only.py
[2024-02-03T04:06:21.623+0400] {processor.py:830} INFO - Processing file /home/reurairin/projects/urfu/urfu_3s_mlops-3/env/lib/python3.10/site-packages/airflow/example_dags/example_latest_only.py for tasks to queue
[2024-02-03T04:06:21.623+0400] {logging_mixin.py:188} INFO - [2024-02-03T04:06:21.623+0400] {dagbag.py:538} INFO - Filling up the DagBag from /home/reurairin/projects/urfu/urfu_3s_mlops-3/env/lib/python3.10/site-packages/airflow/example_dags/example_latest_only.py
[2024-02-03T04:06:21.627+0400] {processor.py:840} INFO - DAG(s) 'latest_only' retrieved from /home/reurairin/projects/urfu/urfu_3s_mlops-3/env/lib/python3.10/site-packages/airflow/example_dags/example_latest_only.py
[2024-02-03T04:06:21.636+0400] {logging_mixin.py:188} INFO - [2024-02-03T04:06:21.635+0400] {dag.py:3036} INFO - Sync 1 DAGs
[2024-02-03T04:06:21.646+0400] {logging_mixin.py:188} INFO - [2024-02-03T04:06:21.645+0400] {dag.py:3823} INFO - Setting next_dagrun for latest_only to 2024-02-02 20:00:00+00:00, run_after=2024-02-03 00:00:00+00:00
[2024-02-03T04:06:21.659+0400] {processor.py:183} INFO - Processing /home/reurairin/projects/urfu/urfu_3s_mlops-3/env/lib/python3.10/site-packages/airflow/example_dags/example_latest_only.py took 0.045 seconds
[2024-02-03T04:07:16.871+0400] {processor.py:161} INFO - Started process (PID=7529) to work on /home/reurairin/projects/urfu/urfu_3s_mlops-3/env/lib/python3.10/site-packages/airflow/example_dags/example_latest_only.py
[2024-02-03T04:07:16.878+0400] {processor.py:830} INFO - Processing file /home/reurairin/projects/urfu/urfu_3s_mlops-3/env/lib/python3.10/site-packages/airflow/example_dags/example_latest_only.py for tasks to queue
[2024-02-03T04:07:16.879+0400] {logging_mixin.py:188} INFO - [2024-02-03T04:07:16.878+0400] {dagbag.py:538} INFO - Filling up the DagBag from /home/reurairin/projects/urfu/urfu_3s_mlops-3/env/lib/python3.10/site-packages/airflow/example_dags/example_latest_only.py
[2024-02-03T04:07:16.882+0400] {processor.py:840} INFO - DAG(s) 'latest_only' retrieved from /home/reurairin/projects/urfu/urfu_3s_mlops-3/env/lib/python3.10/site-packages/airflow/example_dags/example_latest_only.py
[2024-02-03T04:07:16.890+0400] {logging_mixin.py:188} INFO - [2024-02-03T04:07:16.890+0400] {dag.py:3036} INFO - Sync 1 DAGs
[2024-02-03T04:07:16.899+0400] {logging_mixin.py:188} INFO - [2024-02-03T04:07:16.899+0400] {dag.py:3823} INFO - Setting next_dagrun for latest_only to 2024-02-02 20:00:00+00:00, run_after=2024-02-03 00:00:00+00:00
[2024-02-03T04:07:16.911+0400] {processor.py:183} INFO - Processing /home/reurairin/projects/urfu/urfu_3s_mlops-3/env/lib/python3.10/site-packages/airflow/example_dags/example_latest_only.py took 0.042 seconds
[2024-02-03T04:08:09.117+0400] {processor.py:161} INFO - Started process (PID=7747) to work on /home/reurairin/projects/urfu/urfu_3s_mlops-3/env/lib/python3.10/site-packages/airflow/example_dags/example_latest_only.py
[2024-02-03T04:08:09.124+0400] {processor.py:830} INFO - Processing file /home/reurairin/projects/urfu/urfu_3s_mlops-3/env/lib/python3.10/site-packages/airflow/example_dags/example_latest_only.py for tasks to queue
[2024-02-03T04:08:09.124+0400] {logging_mixin.py:188} INFO - [2024-02-03T04:08:09.124+0400] {dagbag.py:538} INFO - Filling up the DagBag from /home/reurairin/projects/urfu/urfu_3s_mlops-3/env/lib/python3.10/site-packages/airflow/example_dags/example_latest_only.py
[2024-02-03T04:08:09.127+0400] {processor.py:840} INFO - DAG(s) 'latest_only' retrieved from /home/reurairin/projects/urfu/urfu_3s_mlops-3/env/lib/python3.10/site-packages/airflow/example_dags/example_latest_only.py
[2024-02-03T04:08:09.135+0400] {logging_mixin.py:188} INFO - [2024-02-03T04:08:09.135+0400] {dag.py:3036} INFO - Sync 1 DAGs
[2024-02-03T04:08:09.145+0400] {logging_mixin.py:188} INFO - [2024-02-03T04:08:09.145+0400] {dag.py:3823} INFO - Setting next_dagrun for latest_only to 2024-02-02 20:00:00+00:00, run_after=2024-02-03 00:00:00+00:00
[2024-02-03T04:08:09.160+0400] {processor.py:183} INFO - Processing /home/reurairin/projects/urfu/urfu_3s_mlops-3/env/lib/python3.10/site-packages/airflow/example_dags/example_latest_only.py took 0.045 seconds
[2024-02-03T04:09:00.559+0400] {processor.py:161} INFO - Started process (PID=7968) to work on /home/reurairin/projects/urfu/urfu_3s_mlops-3/env/lib/python3.10/site-packages/airflow/example_dags/example_latest_only.py
[2024-02-03T04:09:00.567+0400] {processor.py:830} INFO - Processing file /home/reurairin/projects/urfu/urfu_3s_mlops-3/env/lib/python3.10/site-packages/airflow/example_dags/example_latest_only.py for tasks to queue
[2024-02-03T04:09:00.568+0400] {logging_mixin.py:188} INFO - [2024-02-03T04:09:00.567+0400] {dagbag.py:538} INFO - Filling up the DagBag from /home/reurairin/projects/urfu/urfu_3s_mlops-3/env/lib/python3.10/site-packages/airflow/example_dags/example_latest_only.py
[2024-02-03T04:09:00.571+0400] {processor.py:840} INFO - DAG(s) 'latest_only' retrieved from /home/reurairin/projects/urfu/urfu_3s_mlops-3/env/lib/python3.10/site-packages/airflow/example_dags/example_latest_only.py
[2024-02-03T04:09:00.579+0400] {logging_mixin.py:188} INFO - [2024-02-03T04:09:00.578+0400] {dag.py:3036} INFO - Sync 1 DAGs
[2024-02-03T04:09:00.588+0400] {logging_mixin.py:188} INFO - [2024-02-03T04:09:00.588+0400] {dag.py:3823} INFO - Setting next_dagrun for latest_only to 2024-02-02 20:00:00+00:00, run_after=2024-02-03 00:00:00+00:00
[2024-02-03T04:09:00.601+0400] {processor.py:183} INFO - Processing /home/reurairin/projects/urfu/urfu_3s_mlops-3/env/lib/python3.10/site-packages/airflow/example_dags/example_latest_only.py took 0.044 seconds
[2024-02-03T04:09:51.185+0400] {processor.py:161} INFO - Started process (PID=8251) to work on /home/reurairin/projects/urfu/urfu_3s_mlops-3/env/lib/python3.10/site-packages/airflow/example_dags/example_latest_only.py
[2024-02-03T04:09:51.192+0400] {processor.py:830} INFO - Processing file /home/reurairin/projects/urfu/urfu_3s_mlops-3/env/lib/python3.10/site-packages/airflow/example_dags/example_latest_only.py for tasks to queue
[2024-02-03T04:09:51.193+0400] {logging_mixin.py:188} INFO - [2024-02-03T04:09:51.193+0400] {dagbag.py:538} INFO - Filling up the DagBag from /home/reurairin/projects/urfu/urfu_3s_mlops-3/env/lib/python3.10/site-packages/airflow/example_dags/example_latest_only.py
[2024-02-03T04:09:51.196+0400] {processor.py:840} INFO - DAG(s) 'latest_only' retrieved from /home/reurairin/projects/urfu/urfu_3s_mlops-3/env/lib/python3.10/site-packages/airflow/example_dags/example_latest_only.py
[2024-02-03T04:09:51.205+0400] {logging_mixin.py:188} INFO - [2024-02-03T04:09:51.204+0400] {dag.py:3036} INFO - Sync 1 DAGs
[2024-02-03T04:09:51.214+0400] {logging_mixin.py:188} INFO - [2024-02-03T04:09:51.214+0400] {dag.py:3823} INFO - Setting next_dagrun for latest_only to 2024-02-02 20:00:00+00:00, run_after=2024-02-03 00:00:00+00:00
[2024-02-03T04:09:51.226+0400] {processor.py:183} INFO - Processing /home/reurairin/projects/urfu/urfu_3s_mlops-3/env/lib/python3.10/site-packages/airflow/example_dags/example_latest_only.py took 0.043 seconds
