[2024-02-03T04:00:04.652+0400] {processor.py:161} INFO - Started process (PID=5637) to work on /home/reurairin/projects/urfu/urfu_3s_mlops-3/env/lib/python3.10/site-packages/airflow/example_dags/example_setup_teardown_taskflow.py
[2024-02-03T04:00:04.652+0400] {processor.py:830} INFO - Processing file /home/reurairin/projects/urfu/urfu_3s_mlops-3/env/lib/python3.10/site-packages/airflow/example_dags/example_setup_teardown_taskflow.py for tasks to queue
[2024-02-03T04:00:04.653+0400] {logging_mixin.py:188} INFO - [2024-02-03T04:00:04.653+0400] {dagbag.py:538} INFO - Filling up the DagBag from /home/reurairin/projects/urfu/urfu_3s_mlops-3/env/lib/python3.10/site-packages/airflow/example_dags/example_setup_teardown_taskflow.py
[2024-02-03T04:00:04.659+0400] {processor.py:840} INFO - DAG(s) 'example_setup_teardown_taskflow' retrieved from /home/reurairin/projects/urfu/urfu_3s_mlops-3/env/lib/python3.10/site-packages/airflow/example_dags/example_setup_teardown_taskflow.py
[2024-02-03T04:00:04.669+0400] {logging_mixin.py:188} INFO - [2024-02-03T04:00:04.669+0400] {dag.py:3036} INFO - Sync 1 DAGs
[2024-02-03T04:00:04.679+0400] {logging_mixin.py:188} INFO - [2024-02-03T04:00:04.679+0400] {dag.py:3823} INFO - Setting next_dagrun for example_setup_teardown_taskflow to 2024-02-02 00:00:00+00:00, run_after=2024-02-03 00:00:00+00:00
[2024-02-03T04:00:04.693+0400] {processor.py:183} INFO - Processing /home/reurairin/projects/urfu/urfu_3s_mlops-3/env/lib/python3.10/site-packages/airflow/example_dags/example_setup_teardown_taskflow.py took 0.043 seconds
[2024-02-03T04:00:59.942+0400] {processor.py:161} INFO - Started process (PID=5869) to work on /home/reurairin/projects/urfu/urfu_3s_mlops-3/env/lib/python3.10/site-packages/airflow/example_dags/example_setup_teardown_taskflow.py
[2024-02-03T04:00:59.949+0400] {processor.py:830} INFO - Processing file /home/reurairin/projects/urfu/urfu_3s_mlops-3/env/lib/python3.10/site-packages/airflow/example_dags/example_setup_teardown_taskflow.py for tasks to queue
[2024-02-03T04:00:59.949+0400] {logging_mixin.py:188} INFO - [2024-02-03T04:00:59.949+0400] {dagbag.py:538} INFO - Filling up the DagBag from /home/reurairin/projects/urfu/urfu_3s_mlops-3/env/lib/python3.10/site-packages/airflow/example_dags/example_setup_teardown_taskflow.py
[2024-02-03T04:00:59.956+0400] {processor.py:840} INFO - DAG(s) 'example_setup_teardown_taskflow' retrieved from /home/reurairin/projects/urfu/urfu_3s_mlops-3/env/lib/python3.10/site-packages/airflow/example_dags/example_setup_teardown_taskflow.py
[2024-02-03T04:00:59.966+0400] {logging_mixin.py:188} INFO - [2024-02-03T04:00:59.966+0400] {dag.py:3036} INFO - Sync 1 DAGs
[2024-02-03T04:00:59.978+0400] {logging_mixin.py:188} INFO - [2024-02-03T04:00:59.978+0400] {dag.py:3823} INFO - Setting next_dagrun for example_setup_teardown_taskflow to 2024-02-02 00:00:00+00:00, run_after=2024-02-03 00:00:00+00:00
[2024-02-03T04:00:59.993+0400] {processor.py:183} INFO - Processing /home/reurairin/projects/urfu/urfu_3s_mlops-3/env/lib/python3.10/site-packages/airflow/example_dags/example_setup_teardown_taskflow.py took 0.053 seconds
[2024-02-03T04:01:49.560+0400] {processor.py:161} INFO - Started process (PID=6080) to work on /home/reurairin/projects/urfu/urfu_3s_mlops-3/env/lib/python3.10/site-packages/airflow/example_dags/example_setup_teardown_taskflow.py
[2024-02-03T04:01:49.567+0400] {processor.py:830} INFO - Processing file /home/reurairin/projects/urfu/urfu_3s_mlops-3/env/lib/python3.10/site-packages/airflow/example_dags/example_setup_teardown_taskflow.py for tasks to queue
[2024-02-03T04:01:49.568+0400] {logging_mixin.py:188} INFO - [2024-02-03T04:01:49.567+0400] {dagbag.py:538} INFO - Filling up the DagBag from /home/reurairin/projects/urfu/urfu_3s_mlops-3/env/lib/python3.10/site-packages/airflow/example_dags/example_setup_teardown_taskflow.py
[2024-02-03T04:01:49.573+0400] {processor.py:840} INFO - DAG(s) 'example_setup_teardown_taskflow' retrieved from /home/reurairin/projects/urfu/urfu_3s_mlops-3/env/lib/python3.10/site-packages/airflow/example_dags/example_setup_teardown_taskflow.py
[2024-02-03T04:01:49.584+0400] {logging_mixin.py:188} INFO - [2024-02-03T04:01:49.583+0400] {dag.py:3036} INFO - Sync 1 DAGs
[2024-02-03T04:01:49.593+0400] {logging_mixin.py:188} INFO - [2024-02-03T04:01:49.593+0400] {dag.py:3823} INFO - Setting next_dagrun for example_setup_teardown_taskflow to 2024-02-02 00:00:00+00:00, run_after=2024-02-03 00:00:00+00:00
[2024-02-03T04:01:49.605+0400] {processor.py:183} INFO - Processing /home/reurairin/projects/urfu/urfu_3s_mlops-3/env/lib/python3.10/site-packages/airflow/example_dags/example_setup_teardown_taskflow.py took 0.047 seconds
[2024-02-03T04:02:41.085+0400] {processor.py:161} INFO - Started process (PID=6298) to work on /home/reurairin/projects/urfu/urfu_3s_mlops-3/env/lib/python3.10/site-packages/airflow/example_dags/example_setup_teardown_taskflow.py
[2024-02-03T04:02:41.092+0400] {processor.py:830} INFO - Processing file /home/reurairin/projects/urfu/urfu_3s_mlops-3/env/lib/python3.10/site-packages/airflow/example_dags/example_setup_teardown_taskflow.py for tasks to queue
[2024-02-03T04:02:41.092+0400] {logging_mixin.py:188} INFO - [2024-02-03T04:02:41.092+0400] {dagbag.py:538} INFO - Filling up the DagBag from /home/reurairin/projects/urfu/urfu_3s_mlops-3/env/lib/python3.10/site-packages/airflow/example_dags/example_setup_teardown_taskflow.py
[2024-02-03T04:02:41.098+0400] {processor.py:840} INFO - DAG(s) 'example_setup_teardown_taskflow' retrieved from /home/reurairin/projects/urfu/urfu_3s_mlops-3/env/lib/python3.10/site-packages/airflow/example_dags/example_setup_teardown_taskflow.py
[2024-02-03T04:02:41.109+0400] {logging_mixin.py:188} INFO - [2024-02-03T04:02:41.108+0400] {dag.py:3036} INFO - Sync 1 DAGs
[2024-02-03T04:02:41.119+0400] {logging_mixin.py:188} INFO - [2024-02-03T04:02:41.119+0400] {dag.py:3823} INFO - Setting next_dagrun for example_setup_teardown_taskflow to 2024-02-02 00:00:00+00:00, run_after=2024-02-03 00:00:00+00:00
[2024-02-03T04:02:41.132+0400] {processor.py:183} INFO - Processing /home/reurairin/projects/urfu/urfu_3s_mlops-3/env/lib/python3.10/site-packages/airflow/example_dags/example_setup_teardown_taskflow.py took 0.049 seconds
[2024-02-03T04:03:36.865+0400] {processor.py:161} INFO - Started process (PID=6535) to work on /home/reurairin/projects/urfu/urfu_3s_mlops-3/env/lib/python3.10/site-packages/airflow/example_dags/example_setup_teardown_taskflow.py
[2024-02-03T04:03:36.866+0400] {processor.py:830} INFO - Processing file /home/reurairin/projects/urfu/urfu_3s_mlops-3/env/lib/python3.10/site-packages/airflow/example_dags/example_setup_teardown_taskflow.py for tasks to queue
[2024-02-03T04:03:36.866+0400] {logging_mixin.py:188} INFO - [2024-02-03T04:03:36.866+0400] {dagbag.py:538} INFO - Filling up the DagBag from /home/reurairin/projects/urfu/urfu_3s_mlops-3/env/lib/python3.10/site-packages/airflow/example_dags/example_setup_teardown_taskflow.py
[2024-02-03T04:03:36.872+0400] {processor.py:840} INFO - DAG(s) 'example_setup_teardown_taskflow' retrieved from /home/reurairin/projects/urfu/urfu_3s_mlops-3/env/lib/python3.10/site-packages/airflow/example_dags/example_setup_teardown_taskflow.py
[2024-02-03T04:03:36.881+0400] {logging_mixin.py:188} INFO - [2024-02-03T04:03:36.881+0400] {dag.py:3036} INFO - Sync 1 DAGs
[2024-02-03T04:03:36.892+0400] {logging_mixin.py:188} INFO - [2024-02-03T04:03:36.892+0400] {dag.py:3823} INFO - Setting next_dagrun for example_setup_teardown_taskflow to 2024-02-02 00:00:00+00:00, run_after=2024-02-03 00:00:00+00:00
[2024-02-03T04:03:36.908+0400] {processor.py:183} INFO - Processing /home/reurairin/projects/urfu/urfu_3s_mlops-3/env/lib/python3.10/site-packages/airflow/example_dags/example_setup_teardown_taskflow.py took 0.045 seconds
[2024-02-03T04:04:28.632+0400] {processor.py:161} INFO - Started process (PID=6752) to work on /home/reurairin/projects/urfu/urfu_3s_mlops-3/env/lib/python3.10/site-packages/airflow/example_dags/example_setup_teardown_taskflow.py
[2024-02-03T04:04:28.633+0400] {processor.py:830} INFO - Processing file /home/reurairin/projects/urfu/urfu_3s_mlops-3/env/lib/python3.10/site-packages/airflow/example_dags/example_setup_teardown_taskflow.py for tasks to queue
[2024-02-03T04:04:28.633+0400] {logging_mixin.py:188} INFO - [2024-02-03T04:04:28.633+0400] {dagbag.py:538} INFO - Filling up the DagBag from /home/reurairin/projects/urfu/urfu_3s_mlops-3/env/lib/python3.10/site-packages/airflow/example_dags/example_setup_teardown_taskflow.py
[2024-02-03T04:04:28.640+0400] {processor.py:840} INFO - DAG(s) 'example_setup_teardown_taskflow' retrieved from /home/reurairin/projects/urfu/urfu_3s_mlops-3/env/lib/python3.10/site-packages/airflow/example_dags/example_setup_teardown_taskflow.py
[2024-02-03T04:04:28.650+0400] {logging_mixin.py:188} INFO - [2024-02-03T04:04:28.650+0400] {dag.py:3036} INFO - Sync 1 DAGs
[2024-02-03T04:04:28.661+0400] {logging_mixin.py:188} INFO - [2024-02-03T04:04:28.660+0400] {dag.py:3823} INFO - Setting next_dagrun for example_setup_teardown_taskflow to 2024-02-02 00:00:00+00:00, run_after=2024-02-03 00:00:00+00:00
[2024-02-03T04:04:28.674+0400] {processor.py:183} INFO - Processing /home/reurairin/projects/urfu/urfu_3s_mlops-3/env/lib/python3.10/site-packages/airflow/example_dags/example_setup_teardown_taskflow.py took 0.044 seconds
[2024-02-03T04:05:20.136+0400] {processor.py:161} INFO - Started process (PID=6969) to work on /home/reurairin/projects/urfu/urfu_3s_mlops-3/env/lib/python3.10/site-packages/airflow/example_dags/example_setup_teardown_taskflow.py
[2024-02-03T04:05:20.143+0400] {processor.py:830} INFO - Processing file /home/reurairin/projects/urfu/urfu_3s_mlops-3/env/lib/python3.10/site-packages/airflow/example_dags/example_setup_teardown_taskflow.py for tasks to queue
[2024-02-03T04:05:20.144+0400] {logging_mixin.py:188} INFO - [2024-02-03T04:05:20.144+0400] {dagbag.py:538} INFO - Filling up the DagBag from /home/reurairin/projects/urfu/urfu_3s_mlops-3/env/lib/python3.10/site-packages/airflow/example_dags/example_setup_teardown_taskflow.py
[2024-02-03T04:05:20.150+0400] {processor.py:840} INFO - DAG(s) 'example_setup_teardown_taskflow' retrieved from /home/reurairin/projects/urfu/urfu_3s_mlops-3/env/lib/python3.10/site-packages/airflow/example_dags/example_setup_teardown_taskflow.py
[2024-02-03T04:05:20.164+0400] {logging_mixin.py:188} INFO - [2024-02-03T04:05:20.164+0400] {dag.py:3036} INFO - Sync 1 DAGs
[2024-02-03T04:05:20.177+0400] {logging_mixin.py:188} INFO - [2024-02-03T04:05:20.176+0400] {dag.py:3823} INFO - Setting next_dagrun for example_setup_teardown_taskflow to 2024-02-02 00:00:00+00:00, run_after=2024-02-03 00:00:00+00:00
[2024-02-03T04:05:20.193+0400] {processor.py:183} INFO - Processing /home/reurairin/projects/urfu/urfu_3s_mlops-3/env/lib/python3.10/site-packages/airflow/example_dags/example_setup_teardown_taskflow.py took 0.058 seconds
[2024-02-03T04:06:13.308+0400] {processor.py:161} INFO - Started process (PID=7255) to work on /home/reurairin/projects/urfu/urfu_3s_mlops-3/env/lib/python3.10/site-packages/airflow/example_dags/example_setup_teardown_taskflow.py
[2024-02-03T04:06:13.309+0400] {processor.py:830} INFO - Processing file /home/reurairin/projects/urfu/urfu_3s_mlops-3/env/lib/python3.10/site-packages/airflow/example_dags/example_setup_teardown_taskflow.py for tasks to queue
[2024-02-03T04:06:13.310+0400] {logging_mixin.py:188} INFO - [2024-02-03T04:06:13.309+0400] {dagbag.py:538} INFO - Filling up the DagBag from /home/reurairin/projects/urfu/urfu_3s_mlops-3/env/lib/python3.10/site-packages/airflow/example_dags/example_setup_teardown_taskflow.py
[2024-02-03T04:06:13.316+0400] {processor.py:840} INFO - DAG(s) 'example_setup_teardown_taskflow' retrieved from /home/reurairin/projects/urfu/urfu_3s_mlops-3/env/lib/python3.10/site-packages/airflow/example_dags/example_setup_teardown_taskflow.py
[2024-02-03T04:06:13.328+0400] {logging_mixin.py:188} INFO - [2024-02-03T04:06:13.328+0400] {dag.py:3036} INFO - Sync 1 DAGs
[2024-02-03T04:06:13.341+0400] {logging_mixin.py:188} INFO - [2024-02-03T04:06:13.341+0400] {dag.py:3823} INFO - Setting next_dagrun for example_setup_teardown_taskflow to 2024-02-02 00:00:00+00:00, run_after=2024-02-03 00:00:00+00:00
[2024-02-03T04:06:13.356+0400] {processor.py:183} INFO - Processing /home/reurairin/projects/urfu/urfu_3s_mlops-3/env/lib/python3.10/site-packages/airflow/example_dags/example_setup_teardown_taskflow.py took 0.050 seconds
[2024-02-03T04:07:04.478+0400] {processor.py:161} INFO - Started process (PID=7472) to work on /home/reurairin/projects/urfu/urfu_3s_mlops-3/env/lib/python3.10/site-packages/airflow/example_dags/example_setup_teardown_taskflow.py
[2024-02-03T04:07:04.479+0400] {processor.py:830} INFO - Processing file /home/reurairin/projects/urfu/urfu_3s_mlops-3/env/lib/python3.10/site-packages/airflow/example_dags/example_setup_teardown_taskflow.py for tasks to queue
[2024-02-03T04:07:04.479+0400] {logging_mixin.py:188} INFO - [2024-02-03T04:07:04.479+0400] {dagbag.py:538} INFO - Filling up the DagBag from /home/reurairin/projects/urfu/urfu_3s_mlops-3/env/lib/python3.10/site-packages/airflow/example_dags/example_setup_teardown_taskflow.py
[2024-02-03T04:07:04.485+0400] {processor.py:840} INFO - DAG(s) 'example_setup_teardown_taskflow' retrieved from /home/reurairin/projects/urfu/urfu_3s_mlops-3/env/lib/python3.10/site-packages/airflow/example_dags/example_setup_teardown_taskflow.py
[2024-02-03T04:07:04.494+0400] {logging_mixin.py:188} INFO - [2024-02-03T04:07:04.494+0400] {dag.py:3036} INFO - Sync 1 DAGs
[2024-02-03T04:07:04.504+0400] {logging_mixin.py:188} INFO - [2024-02-03T04:07:04.504+0400] {dag.py:3823} INFO - Setting next_dagrun for example_setup_teardown_taskflow to 2024-02-02 00:00:00+00:00, run_after=2024-02-03 00:00:00+00:00
[2024-02-03T04:07:04.516+0400] {processor.py:183} INFO - Processing /home/reurairin/projects/urfu/urfu_3s_mlops-3/env/lib/python3.10/site-packages/airflow/example_dags/example_setup_teardown_taskflow.py took 0.041 seconds
[2024-02-03T04:07:59.308+0400] {processor.py:161} INFO - Started process (PID=7712) to work on /home/reurairin/projects/urfu/urfu_3s_mlops-3/env/lib/python3.10/site-packages/airflow/example_dags/example_setup_teardown_taskflow.py
[2024-02-03T04:07:59.309+0400] {processor.py:830} INFO - Processing file /home/reurairin/projects/urfu/urfu_3s_mlops-3/env/lib/python3.10/site-packages/airflow/example_dags/example_setup_teardown_taskflow.py for tasks to queue
[2024-02-03T04:07:59.310+0400] {logging_mixin.py:188} INFO - [2024-02-03T04:07:59.310+0400] {dagbag.py:538} INFO - Filling up the DagBag from /home/reurairin/projects/urfu/urfu_3s_mlops-3/env/lib/python3.10/site-packages/airflow/example_dags/example_setup_teardown_taskflow.py
[2024-02-03T04:07:59.316+0400] {processor.py:840} INFO - DAG(s) 'example_setup_teardown_taskflow' retrieved from /home/reurairin/projects/urfu/urfu_3s_mlops-3/env/lib/python3.10/site-packages/airflow/example_dags/example_setup_teardown_taskflow.py
[2024-02-03T04:07:59.325+0400] {logging_mixin.py:188} INFO - [2024-02-03T04:07:59.325+0400] {dag.py:3036} INFO - Sync 1 DAGs
[2024-02-03T04:07:59.334+0400] {logging_mixin.py:188} INFO - [2024-02-03T04:07:59.334+0400] {dag.py:3823} INFO - Setting next_dagrun for example_setup_teardown_taskflow to 2024-02-02 00:00:00+00:00, run_after=2024-02-03 00:00:00+00:00
[2024-02-03T04:07:59.346+0400] {processor.py:183} INFO - Processing /home/reurairin/projects/urfu/urfu_3s_mlops-3/env/lib/python3.10/site-packages/airflow/example_dags/example_setup_teardown_taskflow.py took 0.040 seconds
[2024-02-03T04:08:49.155+0400] {processor.py:161} INFO - Started process (PID=7920) to work on /home/reurairin/projects/urfu/urfu_3s_mlops-3/env/lib/python3.10/site-packages/airflow/example_dags/example_setup_teardown_taskflow.py
[2024-02-03T04:08:49.162+0400] {processor.py:830} INFO - Processing file /home/reurairin/projects/urfu/urfu_3s_mlops-3/env/lib/python3.10/site-packages/airflow/example_dags/example_setup_teardown_taskflow.py for tasks to queue
[2024-02-03T04:08:49.163+0400] {logging_mixin.py:188} INFO - [2024-02-03T04:08:49.163+0400] {dagbag.py:538} INFO - Filling up the DagBag from /home/reurairin/projects/urfu/urfu_3s_mlops-3/env/lib/python3.10/site-packages/airflow/example_dags/example_setup_teardown_taskflow.py
[2024-02-03T04:08:49.169+0400] {processor.py:840} INFO - DAG(s) 'example_setup_teardown_taskflow' retrieved from /home/reurairin/projects/urfu/urfu_3s_mlops-3/env/lib/python3.10/site-packages/airflow/example_dags/example_setup_teardown_taskflow.py
[2024-02-03T04:08:49.178+0400] {logging_mixin.py:188} INFO - [2024-02-03T04:08:49.178+0400] {dag.py:3036} INFO - Sync 1 DAGs
[2024-02-03T04:08:49.188+0400] {logging_mixin.py:188} INFO - [2024-02-03T04:08:49.188+0400] {dag.py:3823} INFO - Setting next_dagrun for example_setup_teardown_taskflow to 2024-02-02 00:00:00+00:00, run_after=2024-02-03 00:00:00+00:00
[2024-02-03T04:08:49.201+0400] {processor.py:183} INFO - Processing /home/reurairin/projects/urfu/urfu_3s_mlops-3/env/lib/python3.10/site-packages/airflow/example_dags/example_setup_teardown_taskflow.py took 0.047 seconds
[2024-02-03T04:09:39.785+0400] {processor.py:161} INFO - Started process (PID=8190) to work on /home/reurairin/projects/urfu/urfu_3s_mlops-3/env/lib/python3.10/site-packages/airflow/example_dags/example_setup_teardown_taskflow.py
[2024-02-03T04:09:39.792+0400] {processor.py:830} INFO - Processing file /home/reurairin/projects/urfu/urfu_3s_mlops-3/env/lib/python3.10/site-packages/airflow/example_dags/example_setup_teardown_taskflow.py for tasks to queue
[2024-02-03T04:09:39.792+0400] {logging_mixin.py:188} INFO - [2024-02-03T04:09:39.792+0400] {dagbag.py:538} INFO - Filling up the DagBag from /home/reurairin/projects/urfu/urfu_3s_mlops-3/env/lib/python3.10/site-packages/airflow/example_dags/example_setup_teardown_taskflow.py
[2024-02-03T04:09:39.798+0400] {processor.py:840} INFO - DAG(s) 'example_setup_teardown_taskflow' retrieved from /home/reurairin/projects/urfu/urfu_3s_mlops-3/env/lib/python3.10/site-packages/airflow/example_dags/example_setup_teardown_taskflow.py
[2024-02-03T04:09:39.807+0400] {logging_mixin.py:188} INFO - [2024-02-03T04:09:39.807+0400] {dag.py:3036} INFO - Sync 1 DAGs
[2024-02-03T04:09:39.818+0400] {logging_mixin.py:188} INFO - [2024-02-03T04:09:39.818+0400] {dag.py:3823} INFO - Setting next_dagrun for example_setup_teardown_taskflow to 2024-02-02 00:00:00+00:00, run_after=2024-02-03 00:00:00+00:00
[2024-02-03T04:09:39.836+0400] {processor.py:183} INFO - Processing /home/reurairin/projects/urfu/urfu_3s_mlops-3/env/lib/python3.10/site-packages/airflow/example_dags/example_setup_teardown_taskflow.py took 0.053 seconds
