[2024-02-03T04:00:11.949+0400] {processor.py:161} INFO - Started process (PID=5668) to work on /home/reurairin/projects/urfu/urfu_3s_mlops-3/env/lib/python3.10/site-packages/airflow/example_dags/example_complex.py
[2024-02-03T04:00:11.950+0400] {processor.py:830} INFO - Processing file /home/reurairin/projects/urfu/urfu_3s_mlops-3/env/lib/python3.10/site-packages/airflow/example_dags/example_complex.py for tasks to queue
[2024-02-03T04:00:11.950+0400] {logging_mixin.py:188} INFO - [2024-02-03T04:00:11.950+0400] {dagbag.py:538} INFO - Filling up the DagBag from /home/reurairin/projects/urfu/urfu_3s_mlops-3/env/lib/python3.10/site-packages/airflow/example_dags/example_complex.py
[2024-02-03T04:00:11.957+0400] {processor.py:840} INFO - DAG(s) 'example_complex' retrieved from /home/reurairin/projects/urfu/urfu_3s_mlops-3/env/lib/python3.10/site-packages/airflow/example_dags/example_complex.py
[2024-02-03T04:00:11.972+0400] {logging_mixin.py:188} INFO - [2024-02-03T04:00:11.972+0400] {dag.py:3036} INFO - Sync 1 DAGs
[2024-02-03T04:00:11.979+0400] {logging_mixin.py:188} INFO - [2024-02-03T04:00:11.979+0400] {dag.py:3823} INFO - Setting next_dagrun for example_complex to None, run_after=None
[2024-02-03T04:00:11.992+0400] {processor.py:183} INFO - Processing /home/reurairin/projects/urfu/urfu_3s_mlops-3/env/lib/python3.10/site-packages/airflow/example_dags/example_complex.py took 0.045 seconds
[2024-02-03T04:01:08.450+0400] {processor.py:161} INFO - Started process (PID=5905) to work on /home/reurairin/projects/urfu/urfu_3s_mlops-3/env/lib/python3.10/site-packages/airflow/example_dags/example_complex.py
[2024-02-03T04:01:08.457+0400] {processor.py:830} INFO - Processing file /home/reurairin/projects/urfu/urfu_3s_mlops-3/env/lib/python3.10/site-packages/airflow/example_dags/example_complex.py for tasks to queue
[2024-02-03T04:01:08.458+0400] {logging_mixin.py:188} INFO - [2024-02-03T04:01:08.458+0400] {dagbag.py:538} INFO - Filling up the DagBag from /home/reurairin/projects/urfu/urfu_3s_mlops-3/env/lib/python3.10/site-packages/airflow/example_dags/example_complex.py
[2024-02-03T04:01:08.464+0400] {processor.py:840} INFO - DAG(s) 'example_complex' retrieved from /home/reurairin/projects/urfu/urfu_3s_mlops-3/env/lib/python3.10/site-packages/airflow/example_dags/example_complex.py
[2024-02-03T04:01:08.479+0400] {logging_mixin.py:188} INFO - [2024-02-03T04:01:08.479+0400] {dag.py:3036} INFO - Sync 1 DAGs
[2024-02-03T04:01:08.486+0400] {logging_mixin.py:188} INFO - [2024-02-03T04:01:08.486+0400] {dag.py:3823} INFO - Setting next_dagrun for example_complex to None, run_after=None
[2024-02-03T04:01:08.501+0400] {processor.py:183} INFO - Processing /home/reurairin/projects/urfu/urfu_3s_mlops-3/env/lib/python3.10/site-packages/airflow/example_dags/example_complex.py took 0.052 seconds
[2024-02-03T04:01:58.430+0400] {processor.py:161} INFO - Started process (PID=6113) to work on /home/reurairin/projects/urfu/urfu_3s_mlops-3/env/lib/python3.10/site-packages/airflow/example_dags/example_complex.py
[2024-02-03T04:01:58.437+0400] {processor.py:830} INFO - Processing file /home/reurairin/projects/urfu/urfu_3s_mlops-3/env/lib/python3.10/site-packages/airflow/example_dags/example_complex.py for tasks to queue
[2024-02-03T04:01:58.437+0400] {logging_mixin.py:188} INFO - [2024-02-03T04:01:58.437+0400] {dagbag.py:538} INFO - Filling up the DagBag from /home/reurairin/projects/urfu/urfu_3s_mlops-3/env/lib/python3.10/site-packages/airflow/example_dags/example_complex.py
[2024-02-03T04:01:58.444+0400] {processor.py:840} INFO - DAG(s) 'example_complex' retrieved from /home/reurairin/projects/urfu/urfu_3s_mlops-3/env/lib/python3.10/site-packages/airflow/example_dags/example_complex.py
[2024-02-03T04:01:58.459+0400] {logging_mixin.py:188} INFO - [2024-02-03T04:01:58.459+0400] {dag.py:3036} INFO - Sync 1 DAGs
[2024-02-03T04:01:58.465+0400] {logging_mixin.py:188} INFO - [2024-02-03T04:01:58.465+0400] {dag.py:3823} INFO - Setting next_dagrun for example_complex to None, run_after=None
[2024-02-03T04:01:58.480+0400] {processor.py:183} INFO - Processing /home/reurairin/projects/urfu/urfu_3s_mlops-3/env/lib/python3.10/site-packages/airflow/example_dags/example_complex.py took 0.052 seconds
[2024-02-03T04:02:50.623+0400] {processor.py:161} INFO - Started process (PID=6337) to work on /home/reurairin/projects/urfu/urfu_3s_mlops-3/env/lib/python3.10/site-packages/airflow/example_dags/example_complex.py
[2024-02-03T04:02:50.631+0400] {processor.py:830} INFO - Processing file /home/reurairin/projects/urfu/urfu_3s_mlops-3/env/lib/python3.10/site-packages/airflow/example_dags/example_complex.py for tasks to queue
[2024-02-03T04:02:50.631+0400] {logging_mixin.py:188} INFO - [2024-02-03T04:02:50.631+0400] {dagbag.py:538} INFO - Filling up the DagBag from /home/reurairin/projects/urfu/urfu_3s_mlops-3/env/lib/python3.10/site-packages/airflow/example_dags/example_complex.py
[2024-02-03T04:02:50.638+0400] {processor.py:840} INFO - DAG(s) 'example_complex' retrieved from /home/reurairin/projects/urfu/urfu_3s_mlops-3/env/lib/python3.10/site-packages/airflow/example_dags/example_complex.py
[2024-02-03T04:02:50.652+0400] {logging_mixin.py:188} INFO - [2024-02-03T04:02:50.652+0400] {dag.py:3036} INFO - Sync 1 DAGs
[2024-02-03T04:02:50.658+0400] {logging_mixin.py:188} INFO - [2024-02-03T04:02:50.658+0400] {dag.py:3823} INFO - Setting next_dagrun for example_complex to None, run_after=None
[2024-02-03T04:02:50.671+0400] {processor.py:183} INFO - Processing /home/reurairin/projects/urfu/urfu_3s_mlops-3/env/lib/python3.10/site-packages/airflow/example_dags/example_complex.py took 0.049 seconds
[2024-02-03T04:03:44.881+0400] {processor.py:161} INFO - Started process (PID=6565) to work on /home/reurairin/projects/urfu/urfu_3s_mlops-3/env/lib/python3.10/site-packages/airflow/example_dags/example_complex.py
[2024-02-03T04:03:44.888+0400] {processor.py:830} INFO - Processing file /home/reurairin/projects/urfu/urfu_3s_mlops-3/env/lib/python3.10/site-packages/airflow/example_dags/example_complex.py for tasks to queue
[2024-02-03T04:03:44.890+0400] {logging_mixin.py:188} INFO - [2024-02-03T04:03:44.889+0400] {dagbag.py:538} INFO - Filling up the DagBag from /home/reurairin/projects/urfu/urfu_3s_mlops-3/env/lib/python3.10/site-packages/airflow/example_dags/example_complex.py
[2024-02-03T04:03:44.896+0400] {processor.py:840} INFO - DAG(s) 'example_complex' retrieved from /home/reurairin/projects/urfu/urfu_3s_mlops-3/env/lib/python3.10/site-packages/airflow/example_dags/example_complex.py
[2024-02-03T04:03:44.914+0400] {logging_mixin.py:188} INFO - [2024-02-03T04:03:44.913+0400] {dag.py:3036} INFO - Sync 1 DAGs
[2024-02-03T04:03:44.924+0400] {logging_mixin.py:188} INFO - [2024-02-03T04:03:44.924+0400] {dag.py:3823} INFO - Setting next_dagrun for example_complex to None, run_after=None
[2024-02-03T04:03:44.941+0400] {processor.py:183} INFO - Processing /home/reurairin/projects/urfu/urfu_3s_mlops-3/env/lib/python3.10/site-packages/airflow/example_dags/example_complex.py took 0.062 seconds
[2024-02-03T04:04:34.014+0400] {processor.py:161} INFO - Started process (PID=6776) to work on /home/reurairin/projects/urfu/urfu_3s_mlops-3/env/lib/python3.10/site-packages/airflow/example_dags/example_complex.py
[2024-02-03T04:04:34.015+0400] {processor.py:830} INFO - Processing file /home/reurairin/projects/urfu/urfu_3s_mlops-3/env/lib/python3.10/site-packages/airflow/example_dags/example_complex.py for tasks to queue
[2024-02-03T04:04:34.016+0400] {logging_mixin.py:188} INFO - [2024-02-03T04:04:34.015+0400] {dagbag.py:538} INFO - Filling up the DagBag from /home/reurairin/projects/urfu/urfu_3s_mlops-3/env/lib/python3.10/site-packages/airflow/example_dags/example_complex.py
[2024-02-03T04:04:34.022+0400] {processor.py:840} INFO - DAG(s) 'example_complex' retrieved from /home/reurairin/projects/urfu/urfu_3s_mlops-3/env/lib/python3.10/site-packages/airflow/example_dags/example_complex.py
[2024-02-03T04:04:34.036+0400] {logging_mixin.py:188} INFO - [2024-02-03T04:04:34.036+0400] {dag.py:3036} INFO - Sync 1 DAGs
[2024-02-03T04:04:34.042+0400] {logging_mixin.py:188} INFO - [2024-02-03T04:04:34.042+0400] {dag.py:3823} INFO - Setting next_dagrun for example_complex to None, run_after=None
[2024-02-03T04:04:34.055+0400] {processor.py:183} INFO - Processing /home/reurairin/projects/urfu/urfu_3s_mlops-3/env/lib/python3.10/site-packages/airflow/example_dags/example_complex.py took 0.042 seconds
[2024-02-03T04:05:30.357+0400] {processor.py:161} INFO - Started process (PID=7021) to work on /home/reurairin/projects/urfu/urfu_3s_mlops-3/env/lib/python3.10/site-packages/airflow/example_dags/example_complex.py
[2024-02-03T04:05:30.358+0400] {processor.py:830} INFO - Processing file /home/reurairin/projects/urfu/urfu_3s_mlops-3/env/lib/python3.10/site-packages/airflow/example_dags/example_complex.py for tasks to queue
[2024-02-03T04:05:30.358+0400] {logging_mixin.py:188} INFO - [2024-02-03T04:05:30.358+0400] {dagbag.py:538} INFO - Filling up the DagBag from /home/reurairin/projects/urfu/urfu_3s_mlops-3/env/lib/python3.10/site-packages/airflow/example_dags/example_complex.py
[2024-02-03T04:05:30.368+0400] {processor.py:840} INFO - DAG(s) 'example_complex' retrieved from /home/reurairin/projects/urfu/urfu_3s_mlops-3/env/lib/python3.10/site-packages/airflow/example_dags/example_complex.py
[2024-02-03T04:05:30.385+0400] {logging_mixin.py:188} INFO - [2024-02-03T04:05:30.385+0400] {dag.py:3036} INFO - Sync 1 DAGs
[2024-02-03T04:05:30.395+0400] {logging_mixin.py:188} INFO - [2024-02-03T04:05:30.394+0400] {dag.py:3823} INFO - Setting next_dagrun for example_complex to None, run_after=None
[2024-02-03T04:05:30.415+0400] {processor.py:183} INFO - Processing /home/reurairin/projects/urfu/urfu_3s_mlops-3/env/lib/python3.10/site-packages/airflow/example_dags/example_complex.py took 0.060 seconds
[2024-02-03T04:06:18.748+0400] {processor.py:161} INFO - Started process (PID=7276) to work on /home/reurairin/projects/urfu/urfu_3s_mlops-3/env/lib/python3.10/site-packages/airflow/example_dags/example_complex.py
[2024-02-03T04:06:18.755+0400] {processor.py:830} INFO - Processing file /home/reurairin/projects/urfu/urfu_3s_mlops-3/env/lib/python3.10/site-packages/airflow/example_dags/example_complex.py for tasks to queue
[2024-02-03T04:06:18.756+0400] {logging_mixin.py:188} INFO - [2024-02-03T04:06:18.756+0400] {dagbag.py:538} INFO - Filling up the DagBag from /home/reurairin/projects/urfu/urfu_3s_mlops-3/env/lib/python3.10/site-packages/airflow/example_dags/example_complex.py
[2024-02-03T04:06:18.763+0400] {processor.py:840} INFO - DAG(s) 'example_complex' retrieved from /home/reurairin/projects/urfu/urfu_3s_mlops-3/env/lib/python3.10/site-packages/airflow/example_dags/example_complex.py
[2024-02-03T04:06:18.776+0400] {logging_mixin.py:188} INFO - [2024-02-03T04:06:18.776+0400] {dag.py:3036} INFO - Sync 1 DAGs
[2024-02-03T04:06:18.783+0400] {logging_mixin.py:188} INFO - [2024-02-03T04:06:18.782+0400] {dag.py:3823} INFO - Setting next_dagrun for example_complex to None, run_after=None
[2024-02-03T04:06:18.795+0400] {processor.py:183} INFO - Processing /home/reurairin/projects/urfu/urfu_3s_mlops-3/env/lib/python3.10/site-packages/airflow/example_dags/example_complex.py took 0.049 seconds
[2024-02-03T04:07:13.906+0400] {processor.py:161} INFO - Started process (PID=7505) to work on /home/reurairin/projects/urfu/urfu_3s_mlops-3/env/lib/python3.10/site-packages/airflow/example_dags/example_complex.py
[2024-02-03T04:07:13.913+0400] {processor.py:830} INFO - Processing file /home/reurairin/projects/urfu/urfu_3s_mlops-3/env/lib/python3.10/site-packages/airflow/example_dags/example_complex.py for tasks to queue
[2024-02-03T04:07:13.913+0400] {logging_mixin.py:188} INFO - [2024-02-03T04:07:13.913+0400] {dagbag.py:538} INFO - Filling up the DagBag from /home/reurairin/projects/urfu/urfu_3s_mlops-3/env/lib/python3.10/site-packages/airflow/example_dags/example_complex.py
[2024-02-03T04:07:13.920+0400] {processor.py:840} INFO - DAG(s) 'example_complex' retrieved from /home/reurairin/projects/urfu/urfu_3s_mlops-3/env/lib/python3.10/site-packages/airflow/example_dags/example_complex.py
[2024-02-03T04:07:13.934+0400] {logging_mixin.py:188} INFO - [2024-02-03T04:07:13.934+0400] {dag.py:3036} INFO - Sync 1 DAGs
[2024-02-03T04:07:13.940+0400] {logging_mixin.py:188} INFO - [2024-02-03T04:07:13.940+0400] {dag.py:3823} INFO - Setting next_dagrun for example_complex to None, run_after=None
[2024-02-03T04:07:13.952+0400] {processor.py:183} INFO - Processing /home/reurairin/projects/urfu/urfu_3s_mlops-3/env/lib/python3.10/site-packages/airflow/example_dags/example_complex.py took 0.049 seconds
[2024-02-03T04:08:05.722+0400] {processor.py:161} INFO - Started process (PID=7738) to work on /home/reurairin/projects/urfu/urfu_3s_mlops-3/env/lib/python3.10/site-packages/airflow/example_dags/example_complex.py
[2024-02-03T04:08:05.722+0400] {processor.py:830} INFO - Processing file /home/reurairin/projects/urfu/urfu_3s_mlops-3/env/lib/python3.10/site-packages/airflow/example_dags/example_complex.py for tasks to queue
[2024-02-03T04:08:05.723+0400] {logging_mixin.py:188} INFO - [2024-02-03T04:08:05.723+0400] {dagbag.py:538} INFO - Filling up the DagBag from /home/reurairin/projects/urfu/urfu_3s_mlops-3/env/lib/python3.10/site-packages/airflow/example_dags/example_complex.py
[2024-02-03T04:08:05.730+0400] {processor.py:840} INFO - DAG(s) 'example_complex' retrieved from /home/reurairin/projects/urfu/urfu_3s_mlops-3/env/lib/python3.10/site-packages/airflow/example_dags/example_complex.py
[2024-02-03T04:08:05.744+0400] {logging_mixin.py:188} INFO - [2024-02-03T04:08:05.744+0400] {dag.py:3036} INFO - Sync 1 DAGs
[2024-02-03T04:08:05.750+0400] {logging_mixin.py:188} INFO - [2024-02-03T04:08:05.750+0400] {dag.py:3823} INFO - Setting next_dagrun for example_complex to None, run_after=None
[2024-02-03T04:08:05.763+0400] {processor.py:183} INFO - Processing /home/reurairin/projects/urfu/urfu_3s_mlops-3/env/lib/python3.10/site-packages/airflow/example_dags/example_complex.py took 0.043 seconds
[2024-02-03T04:08:58.155+0400] {processor.py:161} INFO - Started process (PID=7956) to work on /home/reurairin/projects/urfu/urfu_3s_mlops-3/env/lib/python3.10/site-packages/airflow/example_dags/example_complex.py
[2024-02-03T04:08:58.156+0400] {processor.py:830} INFO - Processing file /home/reurairin/projects/urfu/urfu_3s_mlops-3/env/lib/python3.10/site-packages/airflow/example_dags/example_complex.py for tasks to queue
[2024-02-03T04:08:58.156+0400] {logging_mixin.py:188} INFO - [2024-02-03T04:08:58.156+0400] {dagbag.py:538} INFO - Filling up the DagBag from /home/reurairin/projects/urfu/urfu_3s_mlops-3/env/lib/python3.10/site-packages/airflow/example_dags/example_complex.py
[2024-02-03T04:08:58.163+0400] {processor.py:840} INFO - DAG(s) 'example_complex' retrieved from /home/reurairin/projects/urfu/urfu_3s_mlops-3/env/lib/python3.10/site-packages/airflow/example_dags/example_complex.py
[2024-02-03T04:08:58.177+0400] {logging_mixin.py:188} INFO - [2024-02-03T04:08:58.176+0400] {dag.py:3036} INFO - Sync 1 DAGs
[2024-02-03T04:08:58.182+0400] {logging_mixin.py:188} INFO - [2024-02-03T04:08:58.182+0400] {dag.py:3823} INFO - Setting next_dagrun for example_complex to None, run_after=None
[2024-02-03T04:08:58.195+0400] {processor.py:183} INFO - Processing /home/reurairin/projects/urfu/urfu_3s_mlops-3/env/lib/python3.10/site-packages/airflow/example_dags/example_complex.py took 0.042 seconds
[2024-02-03T04:09:47.795+0400] {processor.py:161} INFO - Started process (PID=8239) to work on /home/reurairin/projects/urfu/urfu_3s_mlops-3/env/lib/python3.10/site-packages/airflow/example_dags/example_complex.py
[2024-02-03T04:09:47.802+0400] {processor.py:830} INFO - Processing file /home/reurairin/projects/urfu/urfu_3s_mlops-3/env/lib/python3.10/site-packages/airflow/example_dags/example_complex.py for tasks to queue
[2024-02-03T04:09:47.803+0400] {logging_mixin.py:188} INFO - [2024-02-03T04:09:47.803+0400] {dagbag.py:538} INFO - Filling up the DagBag from /home/reurairin/projects/urfu/urfu_3s_mlops-3/env/lib/python3.10/site-packages/airflow/example_dags/example_complex.py
[2024-02-03T04:09:47.810+0400] {processor.py:840} INFO - DAG(s) 'example_complex' retrieved from /home/reurairin/projects/urfu/urfu_3s_mlops-3/env/lib/python3.10/site-packages/airflow/example_dags/example_complex.py
[2024-02-03T04:09:47.824+0400] {logging_mixin.py:188} INFO - [2024-02-03T04:09:47.824+0400] {dag.py:3036} INFO - Sync 1 DAGs
[2024-02-03T04:09:47.829+0400] {logging_mixin.py:188} INFO - [2024-02-03T04:09:47.829+0400] {dag.py:3823} INFO - Setting next_dagrun for example_complex to None, run_after=None
[2024-02-03T04:09:47.843+0400] {processor.py:183} INFO - Processing /home/reurairin/projects/urfu/urfu_3s_mlops-3/env/lib/python3.10/site-packages/airflow/example_dags/example_complex.py took 0.050 seconds
