[2024-02-03T04:00:00.188+0400] {processor.py:161} INFO - Started process (PID=5619) to work on /home/reurairin/projects/urfu/urfu_3s_mlops-3/env/lib/python3.10/site-packages/airflow/example_dags/example_dag_decorator.py
[2024-02-03T04:00:00.188+0400] {processor.py:830} INFO - Processing file /home/reurairin/projects/urfu/urfu_3s_mlops-3/env/lib/python3.10/site-packages/airflow/example_dags/example_dag_decorator.py for tasks to queue
[2024-02-03T04:00:00.189+0400] {logging_mixin.py:188} INFO - [2024-02-03T04:00:00.189+0400] {dagbag.py:538} INFO - Filling up the DagBag from /home/reurairin/projects/urfu/urfu_3s_mlops-3/env/lib/python3.10/site-packages/airflow/example_dags/example_dag_decorator.py
[2024-02-03T04:00:00.240+0400] {processor.py:840} INFO - DAG(s) 'example_dag_decorator' retrieved from /home/reurairin/projects/urfu/urfu_3s_mlops-3/env/lib/python3.10/site-packages/airflow/example_dags/example_dag_decorator.py
[2024-02-03T04:00:00.298+0400] {logging_mixin.py:188} INFO - [2024-02-03T04:00:00.297+0400] {dag.py:3036} INFO - Sync 1 DAGs
[2024-02-03T04:00:00.304+0400] {logging_mixin.py:188} INFO - [2024-02-03T04:00:00.304+0400] {dag.py:3823} INFO - Setting next_dagrun for example_dag_decorator to None, run_after=None
[2024-02-03T04:00:00.317+0400] {processor.py:183} INFO - Processing /home/reurairin/projects/urfu/urfu_3s_mlops-3/env/lib/python3.10/site-packages/airflow/example_dags/example_dag_decorator.py took 0.131 seconds
[2024-02-03T04:00:55.303+0400] {processor.py:161} INFO - Started process (PID=5848) to work on /home/reurairin/projects/urfu/urfu_3s_mlops-3/env/lib/python3.10/site-packages/airflow/example_dags/example_dag_decorator.py
[2024-02-03T04:00:55.310+0400] {processor.py:830} INFO - Processing file /home/reurairin/projects/urfu/urfu_3s_mlops-3/env/lib/python3.10/site-packages/airflow/example_dags/example_dag_decorator.py for tasks to queue
[2024-02-03T04:00:55.311+0400] {logging_mixin.py:188} INFO - [2024-02-03T04:00:55.310+0400] {dagbag.py:538} INFO - Filling up the DagBag from /home/reurairin/projects/urfu/urfu_3s_mlops-3/env/lib/python3.10/site-packages/airflow/example_dags/example_dag_decorator.py
[2024-02-03T04:00:55.361+0400] {processor.py:840} INFO - DAG(s) 'example_dag_decorator' retrieved from /home/reurairin/projects/urfu/urfu_3s_mlops-3/env/lib/python3.10/site-packages/airflow/example_dags/example_dag_decorator.py
[2024-02-03T04:00:55.415+0400] {logging_mixin.py:188} INFO - [2024-02-03T04:00:55.415+0400] {dag.py:3036} INFO - Sync 1 DAGs
[2024-02-03T04:00:55.420+0400] {logging_mixin.py:188} INFO - [2024-02-03T04:00:55.420+0400] {dag.py:3823} INFO - Setting next_dagrun for example_dag_decorator to None, run_after=None
[2024-02-03T04:00:55.434+0400] {processor.py:183} INFO - Processing /home/reurairin/projects/urfu/urfu_3s_mlops-3/env/lib/python3.10/site-packages/airflow/example_dags/example_dag_decorator.py took 0.134 seconds
[2024-02-03T04:01:43.292+0400] {processor.py:161} INFO - Started process (PID=6056) to work on /home/reurairin/projects/urfu/urfu_3s_mlops-3/env/lib/python3.10/site-packages/airflow/example_dags/example_dag_decorator.py
[2024-02-03T04:01:43.293+0400] {processor.py:830} INFO - Processing file /home/reurairin/projects/urfu/urfu_3s_mlops-3/env/lib/python3.10/site-packages/airflow/example_dags/example_dag_decorator.py for tasks to queue
[2024-02-03T04:01:43.293+0400] {logging_mixin.py:188} INFO - [2024-02-03T04:01:43.293+0400] {dagbag.py:538} INFO - Filling up the DagBag from /home/reurairin/projects/urfu/urfu_3s_mlops-3/env/lib/python3.10/site-packages/airflow/example_dags/example_dag_decorator.py
[2024-02-03T04:01:43.344+0400] {processor.py:840} INFO - DAG(s) 'example_dag_decorator' retrieved from /home/reurairin/projects/urfu/urfu_3s_mlops-3/env/lib/python3.10/site-packages/airflow/example_dags/example_dag_decorator.py
[2024-02-03T04:01:43.398+0400] {logging_mixin.py:188} INFO - [2024-02-03T04:01:43.398+0400] {dag.py:3036} INFO - Sync 1 DAGs
[2024-02-03T04:01:43.403+0400] {logging_mixin.py:188} INFO - [2024-02-03T04:01:43.403+0400] {dag.py:3823} INFO - Setting next_dagrun for example_dag_decorator to None, run_after=None
[2024-02-03T04:01:43.417+0400] {processor.py:183} INFO - Processing /home/reurairin/projects/urfu/urfu_3s_mlops-3/env/lib/python3.10/site-packages/airflow/example_dags/example_dag_decorator.py took 0.127 seconds
[2024-02-03T04:02:35.611+0400] {processor.py:161} INFO - Started process (PID=6277) to work on /home/reurairin/projects/urfu/urfu_3s_mlops-3/env/lib/python3.10/site-packages/airflow/example_dags/example_dag_decorator.py
[2024-02-03T04:02:35.618+0400] {processor.py:830} INFO - Processing file /home/reurairin/projects/urfu/urfu_3s_mlops-3/env/lib/python3.10/site-packages/airflow/example_dags/example_dag_decorator.py for tasks to queue
[2024-02-03T04:02:35.619+0400] {logging_mixin.py:188} INFO - [2024-02-03T04:02:35.619+0400] {dagbag.py:538} INFO - Filling up the DagBag from /home/reurairin/projects/urfu/urfu_3s_mlops-3/env/lib/python3.10/site-packages/airflow/example_dags/example_dag_decorator.py
[2024-02-03T04:02:35.667+0400] {processor.py:840} INFO - DAG(s) 'example_dag_decorator' retrieved from /home/reurairin/projects/urfu/urfu_3s_mlops-3/env/lib/python3.10/site-packages/airflow/example_dags/example_dag_decorator.py
[2024-02-03T04:02:35.677+0400] {logging_mixin.py:188} INFO - [2024-02-03T04:02:35.677+0400] {dag.py:3036} INFO - Sync 1 DAGs
[2024-02-03T04:02:35.684+0400] {logging_mixin.py:188} INFO - [2024-02-03T04:02:35.684+0400] {dag.py:3823} INFO - Setting next_dagrun for example_dag_decorator to None, run_after=None
[2024-02-03T04:02:35.696+0400] {processor.py:183} INFO - Processing /home/reurairin/projects/urfu/urfu_3s_mlops-3/env/lib/python3.10/site-packages/airflow/example_dags/example_dag_decorator.py took 0.087 seconds
[2024-02-03T04:03:30.594+0400] {processor.py:161} INFO - Started process (PID=6508) to work on /home/reurairin/projects/urfu/urfu_3s_mlops-3/env/lib/python3.10/site-packages/airflow/example_dags/example_dag_decorator.py
[2024-02-03T04:03:30.602+0400] {processor.py:830} INFO - Processing file /home/reurairin/projects/urfu/urfu_3s_mlops-3/env/lib/python3.10/site-packages/airflow/example_dags/example_dag_decorator.py for tasks to queue
[2024-02-03T04:03:30.603+0400] {logging_mixin.py:188} INFO - [2024-02-03T04:03:30.602+0400] {dagbag.py:538} INFO - Filling up the DagBag from /home/reurairin/projects/urfu/urfu_3s_mlops-3/env/lib/python3.10/site-packages/airflow/example_dags/example_dag_decorator.py
[2024-02-03T04:03:30.657+0400] {processor.py:840} INFO - DAG(s) 'example_dag_decorator' retrieved from /home/reurairin/projects/urfu/urfu_3s_mlops-3/env/lib/python3.10/site-packages/airflow/example_dags/example_dag_decorator.py
[2024-02-03T04:03:30.717+0400] {logging_mixin.py:188} INFO - [2024-02-03T04:03:30.717+0400] {dag.py:3036} INFO - Sync 1 DAGs
[2024-02-03T04:03:30.724+0400] {logging_mixin.py:188} INFO - [2024-02-03T04:03:30.724+0400] {dag.py:3823} INFO - Setting next_dagrun for example_dag_decorator to None, run_after=None
[2024-02-03T04:03:30.739+0400] {processor.py:183} INFO - Processing /home/reurairin/projects/urfu/urfu_3s_mlops-3/env/lib/python3.10/site-packages/airflow/example_dags/example_dag_decorator.py took 0.147 seconds
[2024-02-03T04:04:23.278+0400] {processor.py:161} INFO - Started process (PID=6731) to work on /home/reurairin/projects/urfu/urfu_3s_mlops-3/env/lib/python3.10/site-packages/airflow/example_dags/example_dag_decorator.py
[2024-02-03T04:04:23.279+0400] {processor.py:830} INFO - Processing file /home/reurairin/projects/urfu/urfu_3s_mlops-3/env/lib/python3.10/site-packages/airflow/example_dags/example_dag_decorator.py for tasks to queue
[2024-02-03T04:04:23.279+0400] {logging_mixin.py:188} INFO - [2024-02-03T04:04:23.279+0400] {dagbag.py:538} INFO - Filling up the DagBag from /home/reurairin/projects/urfu/urfu_3s_mlops-3/env/lib/python3.10/site-packages/airflow/example_dags/example_dag_decorator.py
[2024-02-03T04:04:23.329+0400] {processor.py:840} INFO - DAG(s) 'example_dag_decorator' retrieved from /home/reurairin/projects/urfu/urfu_3s_mlops-3/env/lib/python3.10/site-packages/airflow/example_dags/example_dag_decorator.py
[2024-02-03T04:04:23.340+0400] {logging_mixin.py:188} INFO - [2024-02-03T04:04:23.340+0400] {dag.py:3036} INFO - Sync 1 DAGs
[2024-02-03T04:04:23.346+0400] {logging_mixin.py:188} INFO - [2024-02-03T04:04:23.346+0400] {dag.py:3823} INFO - Setting next_dagrun for example_dag_decorator to None, run_after=None
[2024-02-03T04:04:23.362+0400] {processor.py:183} INFO - Processing /home/reurairin/projects/urfu/urfu_3s_mlops-3/env/lib/python3.10/site-packages/airflow/example_dags/example_dag_decorator.py took 0.086 seconds
[2024-02-03T04:05:13.950+0400] {processor.py:161} INFO - Started process (PID=6942) to work on /home/reurairin/projects/urfu/urfu_3s_mlops-3/env/lib/python3.10/site-packages/airflow/example_dags/example_dag_decorator.py
[2024-02-03T04:05:13.957+0400] {processor.py:830} INFO - Processing file /home/reurairin/projects/urfu/urfu_3s_mlops-3/env/lib/python3.10/site-packages/airflow/example_dags/example_dag_decorator.py for tasks to queue
[2024-02-03T04:05:13.958+0400] {logging_mixin.py:188} INFO - [2024-02-03T04:05:13.957+0400] {dagbag.py:538} INFO - Filling up the DagBag from /home/reurairin/projects/urfu/urfu_3s_mlops-3/env/lib/python3.10/site-packages/airflow/example_dags/example_dag_decorator.py
[2024-02-03T04:05:14.013+0400] {processor.py:840} INFO - DAG(s) 'example_dag_decorator' retrieved from /home/reurairin/projects/urfu/urfu_3s_mlops-3/env/lib/python3.10/site-packages/airflow/example_dags/example_dag_decorator.py
[2024-02-03T04:05:14.029+0400] {logging_mixin.py:188} INFO - [2024-02-03T04:05:14.029+0400] {dag.py:3036} INFO - Sync 1 DAGs
[2024-02-03T04:05:14.038+0400] {logging_mixin.py:188} INFO - [2024-02-03T04:05:14.037+0400] {dag.py:3823} INFO - Setting next_dagrun for example_dag_decorator to None, run_after=None
[2024-02-03T04:05:14.053+0400] {processor.py:183} INFO - Processing /home/reurairin/projects/urfu/urfu_3s_mlops-3/env/lib/python3.10/site-packages/airflow/example_dags/example_dag_decorator.py took 0.106 seconds
[2024-02-03T04:06:07.337+0400] {processor.py:161} INFO - Started process (PID=7223) to work on /home/reurairin/projects/urfu/urfu_3s_mlops-3/env/lib/python3.10/site-packages/airflow/example_dags/example_dag_decorator.py
[2024-02-03T04:06:07.344+0400] {processor.py:830} INFO - Processing file /home/reurairin/projects/urfu/urfu_3s_mlops-3/env/lib/python3.10/site-packages/airflow/example_dags/example_dag_decorator.py for tasks to queue
[2024-02-03T04:06:07.345+0400] {logging_mixin.py:188} INFO - [2024-02-03T04:06:07.344+0400] {dagbag.py:538} INFO - Filling up the DagBag from /home/reurairin/projects/urfu/urfu_3s_mlops-3/env/lib/python3.10/site-packages/airflow/example_dags/example_dag_decorator.py
[2024-02-03T04:06:07.393+0400] {processor.py:840} INFO - DAG(s) 'example_dag_decorator' retrieved from /home/reurairin/projects/urfu/urfu_3s_mlops-3/env/lib/python3.10/site-packages/airflow/example_dags/example_dag_decorator.py
[2024-02-03T04:06:07.403+0400] {logging_mixin.py:188} INFO - [2024-02-03T04:06:07.403+0400] {dag.py:3036} INFO - Sync 1 DAGs
[2024-02-03T04:06:07.410+0400] {logging_mixin.py:188} INFO - [2024-02-03T04:06:07.410+0400] {dag.py:3823} INFO - Setting next_dagrun for example_dag_decorator to None, run_after=None
[2024-02-03T04:06:07.423+0400] {processor.py:183} INFO - Processing /home/reurairin/projects/urfu/urfu_3s_mlops-3/env/lib/python3.10/site-packages/airflow/example_dags/example_dag_decorator.py took 0.088 seconds
[2024-02-03T04:06:58.665+0400] {processor.py:161} INFO - Started process (PID=7448) to work on /home/reurairin/projects/urfu/urfu_3s_mlops-3/env/lib/python3.10/site-packages/airflow/example_dags/example_dag_decorator.py
[2024-02-03T04:06:58.666+0400] {processor.py:830} INFO - Processing file /home/reurairin/projects/urfu/urfu_3s_mlops-3/env/lib/python3.10/site-packages/airflow/example_dags/example_dag_decorator.py for tasks to queue
[2024-02-03T04:06:58.667+0400] {logging_mixin.py:188} INFO - [2024-02-03T04:06:58.666+0400] {dagbag.py:538} INFO - Filling up the DagBag from /home/reurairin/projects/urfu/urfu_3s_mlops-3/env/lib/python3.10/site-packages/airflow/example_dags/example_dag_decorator.py
[2024-02-03T04:06:58.713+0400] {processor.py:840} INFO - DAG(s) 'example_dag_decorator' retrieved from /home/reurairin/projects/urfu/urfu_3s_mlops-3/env/lib/python3.10/site-packages/airflow/example_dags/example_dag_decorator.py
[2024-02-03T04:06:58.766+0400] {logging_mixin.py:188} INFO - [2024-02-03T04:06:58.766+0400] {dag.py:3036} INFO - Sync 1 DAGs
[2024-02-03T04:06:58.771+0400] {logging_mixin.py:188} INFO - [2024-02-03T04:06:58.771+0400] {dag.py:3823} INFO - Setting next_dagrun for example_dag_decorator to None, run_after=None
[2024-02-03T04:06:58.785+0400] {processor.py:183} INFO - Processing /home/reurairin/projects/urfu/urfu_3s_mlops-3/env/lib/python3.10/site-packages/airflow/example_dags/example_dag_decorator.py took 0.122 seconds
[2024-02-03T04:07:53.961+0400] {processor.py:161} INFO - Started process (PID=7688) to work on /home/reurairin/projects/urfu/urfu_3s_mlops-3/env/lib/python3.10/site-packages/airflow/example_dags/example_dag_decorator.py
[2024-02-03T04:07:53.968+0400] {processor.py:830} INFO - Processing file /home/reurairin/projects/urfu/urfu_3s_mlops-3/env/lib/python3.10/site-packages/airflow/example_dags/example_dag_decorator.py for tasks to queue
[2024-02-03T04:07:53.969+0400] {logging_mixin.py:188} INFO - [2024-02-03T04:07:53.969+0400] {dagbag.py:538} INFO - Filling up the DagBag from /home/reurairin/projects/urfu/urfu_3s_mlops-3/env/lib/python3.10/site-packages/airflow/example_dags/example_dag_decorator.py
[2024-02-03T04:07:54.019+0400] {processor.py:840} INFO - DAG(s) 'example_dag_decorator' retrieved from /home/reurairin/projects/urfu/urfu_3s_mlops-3/env/lib/python3.10/site-packages/airflow/example_dags/example_dag_decorator.py
[2024-02-03T04:07:54.029+0400] {logging_mixin.py:188} INFO - [2024-02-03T04:07:54.028+0400] {dag.py:3036} INFO - Sync 1 DAGs
[2024-02-03T04:07:54.034+0400] {logging_mixin.py:188} INFO - [2024-02-03T04:07:54.034+0400] {dag.py:3823} INFO - Setting next_dagrun for example_dag_decorator to None, run_after=None
[2024-02-03T04:07:54.049+0400] {processor.py:183} INFO - Processing /home/reurairin/projects/urfu/urfu_3s_mlops-3/env/lib/python3.10/site-packages/airflow/example_dags/example_dag_decorator.py took 0.089 seconds
[2024-02-03T04:08:43.523+0400] {processor.py:161} INFO - Started process (PID=7896) to work on /home/reurairin/projects/urfu/urfu_3s_mlops-3/env/lib/python3.10/site-packages/airflow/example_dags/example_dag_decorator.py
[2024-02-03T04:08:43.524+0400] {processor.py:830} INFO - Processing file /home/reurairin/projects/urfu/urfu_3s_mlops-3/env/lib/python3.10/site-packages/airflow/example_dags/example_dag_decorator.py for tasks to queue
[2024-02-03T04:08:43.524+0400] {logging_mixin.py:188} INFO - [2024-02-03T04:08:43.524+0400] {dagbag.py:538} INFO - Filling up the DagBag from /home/reurairin/projects/urfu/urfu_3s_mlops-3/env/lib/python3.10/site-packages/airflow/example_dags/example_dag_decorator.py
[2024-02-03T04:08:43.576+0400] {processor.py:840} INFO - DAG(s) 'example_dag_decorator' retrieved from /home/reurairin/projects/urfu/urfu_3s_mlops-3/env/lib/python3.10/site-packages/airflow/example_dags/example_dag_decorator.py
[2024-02-03T04:08:43.630+0400] {logging_mixin.py:188} INFO - [2024-02-03T04:08:43.629+0400] {dag.py:3036} INFO - Sync 1 DAGs
[2024-02-03T04:08:43.636+0400] {logging_mixin.py:188} INFO - [2024-02-03T04:08:43.636+0400] {dag.py:3823} INFO - Setting next_dagrun for example_dag_decorator to None, run_after=None
[2024-02-03T04:08:43.648+0400] {processor.py:183} INFO - Processing /home/reurairin/projects/urfu/urfu_3s_mlops-3/env/lib/python3.10/site-packages/airflow/example_dags/example_dag_decorator.py took 0.129 seconds
[2024-02-03T04:09:33.534+0400] {processor.py:161} INFO - Started process (PID=8159) to work on /home/reurairin/projects/urfu/urfu_3s_mlops-3/env/lib/python3.10/site-packages/airflow/example_dags/example_dag_decorator.py
[2024-02-03T04:09:33.541+0400] {processor.py:830} INFO - Processing file /home/reurairin/projects/urfu/urfu_3s_mlops-3/env/lib/python3.10/site-packages/airflow/example_dags/example_dag_decorator.py for tasks to queue
[2024-02-03T04:09:33.542+0400] {logging_mixin.py:188} INFO - [2024-02-03T04:09:33.542+0400] {dagbag.py:538} INFO - Filling up the DagBag from /home/reurairin/projects/urfu/urfu_3s_mlops-3/env/lib/python3.10/site-packages/airflow/example_dags/example_dag_decorator.py
[2024-02-03T04:09:33.589+0400] {processor.py:840} INFO - DAG(s) 'example_dag_decorator' retrieved from /home/reurairin/projects/urfu/urfu_3s_mlops-3/env/lib/python3.10/site-packages/airflow/example_dags/example_dag_decorator.py
[2024-02-03T04:09:33.605+0400] {logging_mixin.py:188} INFO - [2024-02-03T04:09:33.605+0400] {dag.py:3036} INFO - Sync 1 DAGs
[2024-02-03T04:09:33.612+0400] {logging_mixin.py:188} INFO - [2024-02-03T04:09:33.612+0400] {dag.py:3823} INFO - Setting next_dagrun for example_dag_decorator to None, run_after=None
[2024-02-03T04:09:33.629+0400] {processor.py:183} INFO - Processing /home/reurairin/projects/urfu/urfu_3s_mlops-3/env/lib/python3.10/site-packages/airflow/example_dags/example_dag_decorator.py took 0.096 seconds
