[2024-02-03T04:00:01.672+0400] {processor.py:161} INFO - Started process (PID=5627) to work on /home/reurairin/projects/urfu/urfu_3s_mlops-3/env/lib/python3.10/site-packages/airflow/example_dags/example_datasets.py
[2024-02-03T04:00:01.673+0400] {processor.py:830} INFO - Processing file /home/reurairin/projects/urfu/urfu_3s_mlops-3/env/lib/python3.10/site-packages/airflow/example_dags/example_datasets.py for tasks to queue
[2024-02-03T04:00:01.674+0400] {logging_mixin.py:188} INFO - [2024-02-03T04:00:01.673+0400] {dagbag.py:538} INFO - Filling up the DagBag from /home/reurairin/projects/urfu/urfu_3s_mlops-3/env/lib/python3.10/site-packages/airflow/example_dags/example_datasets.py
[2024-02-03T04:00:01.680+0400] {processor.py:840} INFO - DAG(s) 'dataset_produces_2', 'dataset_consumes_1_never_scheduled', 'dataset_consumes_1', 'dataset_produces_1', 'dataset_consumes_1_and_2', 'dataset_consumes_unknown_never_scheduled' retrieved from /home/reurairin/projects/urfu/urfu_3s_mlops-3/env/lib/python3.10/site-packages/airflow/example_dags/example_datasets.py
[2024-02-03T04:00:01.697+0400] {logging_mixin.py:188} INFO - [2024-02-03T04:00:01.697+0400] {dag.py:3036} INFO - Sync 6 DAGs
[2024-02-03T04:00:01.709+0400] {logging_mixin.py:188} INFO - [2024-02-03T04:00:01.709+0400] {dag.py:3823} INFO - Setting next_dagrun for dataset_consumes_1 to None, run_after=None
[2024-02-03T04:00:01.710+0400] {logging_mixin.py:188} INFO - [2024-02-03T04:00:01.710+0400] {dag.py:3823} INFO - Setting next_dagrun for dataset_consumes_1_and_2 to None, run_after=None
[2024-02-03T04:00:01.711+0400] {logging_mixin.py:188} INFO - [2024-02-03T04:00:01.711+0400] {dag.py:3823} INFO - Setting next_dagrun for dataset_consumes_1_never_scheduled to None, run_after=None
[2024-02-03T04:00:01.712+0400] {logging_mixin.py:188} INFO - [2024-02-03T04:00:01.712+0400] {dag.py:3823} INFO - Setting next_dagrun for dataset_consumes_unknown_never_scheduled to None, run_after=None
[2024-02-03T04:00:01.713+0400] {logging_mixin.py:188} INFO - [2024-02-03T04:00:01.713+0400] {dag.py:3823} INFO - Setting next_dagrun for dataset_produces_1 to 2024-02-02 00:00:00+00:00, run_after=2024-02-03 00:00:00+00:00
[2024-02-03T04:00:01.714+0400] {logging_mixin.py:188} INFO - [2024-02-03T04:00:01.714+0400] {dag.py:3823} INFO - Setting next_dagrun for dataset_produces_2 to None, run_after=None
[2024-02-03T04:00:01.733+0400] {processor.py:183} INFO - Processing /home/reurairin/projects/urfu/urfu_3s_mlops-3/env/lib/python3.10/site-packages/airflow/example_dags/example_datasets.py took 0.062 seconds
[2024-02-03T04:00:56.748+0400] {processor.py:161} INFO - Started process (PID=5856) to work on /home/reurairin/projects/urfu/urfu_3s_mlops-3/env/lib/python3.10/site-packages/airflow/example_dags/example_datasets.py
[2024-02-03T04:00:56.755+0400] {processor.py:830} INFO - Processing file /home/reurairin/projects/urfu/urfu_3s_mlops-3/env/lib/python3.10/site-packages/airflow/example_dags/example_datasets.py for tasks to queue
[2024-02-03T04:00:56.756+0400] {logging_mixin.py:188} INFO - [2024-02-03T04:00:56.756+0400] {dagbag.py:538} INFO - Filling up the DagBag from /home/reurairin/projects/urfu/urfu_3s_mlops-3/env/lib/python3.10/site-packages/airflow/example_dags/example_datasets.py
[2024-02-03T04:00:56.762+0400] {processor.py:840} INFO - DAG(s) 'dataset_consumes_1_never_scheduled', 'dataset_produces_2', 'dataset_produces_1', 'dataset_consumes_unknown_never_scheduled', 'dataset_consumes_1_and_2', 'dataset_consumes_1' retrieved from /home/reurairin/projects/urfu/urfu_3s_mlops-3/env/lib/python3.10/site-packages/airflow/example_dags/example_datasets.py
[2024-02-03T04:00:56.778+0400] {logging_mixin.py:188} INFO - [2024-02-03T04:00:56.778+0400] {dag.py:3036} INFO - Sync 6 DAGs
[2024-02-03T04:00:56.791+0400] {logging_mixin.py:188} INFO - [2024-02-03T04:00:56.791+0400] {dag.py:3823} INFO - Setting next_dagrun for dataset_consumes_1 to None, run_after=None
[2024-02-03T04:00:56.792+0400] {logging_mixin.py:188} INFO - [2024-02-03T04:00:56.792+0400] {dag.py:3823} INFO - Setting next_dagrun for dataset_consumes_1_and_2 to None, run_after=None
[2024-02-03T04:00:56.793+0400] {logging_mixin.py:188} INFO - [2024-02-03T04:00:56.793+0400] {dag.py:3823} INFO - Setting next_dagrun for dataset_consumes_1_never_scheduled to None, run_after=None
[2024-02-03T04:00:56.794+0400] {logging_mixin.py:188} INFO - [2024-02-03T04:00:56.793+0400] {dag.py:3823} INFO - Setting next_dagrun for dataset_consumes_unknown_never_scheduled to None, run_after=None
[2024-02-03T04:00:56.795+0400] {logging_mixin.py:188} INFO - [2024-02-03T04:00:56.795+0400] {dag.py:3823} INFO - Setting next_dagrun for dataset_produces_1 to 2024-02-02 00:00:00+00:00, run_after=2024-02-03 00:00:00+00:00
[2024-02-03T04:00:56.796+0400] {logging_mixin.py:188} INFO - [2024-02-03T04:00:56.796+0400] {dag.py:3823} INFO - Setting next_dagrun for dataset_produces_2 to None, run_after=None
[2024-02-03T04:00:56.814+0400] {processor.py:183} INFO - Processing /home/reurairin/projects/urfu/urfu_3s_mlops-3/env/lib/python3.10/site-packages/airflow/example_dags/example_datasets.py took 0.068 seconds
[2024-02-03T04:01:45.561+0400] {processor.py:161} INFO - Started process (PID=6064) to work on /home/reurairin/projects/urfu/urfu_3s_mlops-3/env/lib/python3.10/site-packages/airflow/example_dags/example_datasets.py
[2024-02-03T04:01:45.562+0400] {processor.py:830} INFO - Processing file /home/reurairin/projects/urfu/urfu_3s_mlops-3/env/lib/python3.10/site-packages/airflow/example_dags/example_datasets.py for tasks to queue
[2024-02-03T04:01:45.563+0400] {logging_mixin.py:188} INFO - [2024-02-03T04:01:45.562+0400] {dagbag.py:538} INFO - Filling up the DagBag from /home/reurairin/projects/urfu/urfu_3s_mlops-3/env/lib/python3.10/site-packages/airflow/example_dags/example_datasets.py
[2024-02-03T04:01:45.568+0400] {processor.py:840} INFO - DAG(s) 'dataset_produces_2', 'dataset_consumes_1', 'dataset_consumes_1_never_scheduled', 'dataset_consumes_unknown_never_scheduled', 'dataset_produces_1', 'dataset_consumes_1_and_2' retrieved from /home/reurairin/projects/urfu/urfu_3s_mlops-3/env/lib/python3.10/site-packages/airflow/example_dags/example_datasets.py
[2024-02-03T04:01:45.583+0400] {logging_mixin.py:188} INFO - [2024-02-03T04:01:45.583+0400] {dag.py:3036} INFO - Sync 6 DAGs
[2024-02-03T04:01:45.594+0400] {logging_mixin.py:188} INFO - [2024-02-03T04:01:45.594+0400] {dag.py:3823} INFO - Setting next_dagrun for dataset_consumes_1 to None, run_after=None
[2024-02-03T04:01:45.596+0400] {logging_mixin.py:188} INFO - [2024-02-03T04:01:45.595+0400] {dag.py:3823} INFO - Setting next_dagrun for dataset_consumes_1_and_2 to None, run_after=None
[2024-02-03T04:01:45.596+0400] {logging_mixin.py:188} INFO - [2024-02-03T04:01:45.596+0400] {dag.py:3823} INFO - Setting next_dagrun for dataset_consumes_1_never_scheduled to None, run_after=None
[2024-02-03T04:01:45.597+0400] {logging_mixin.py:188} INFO - [2024-02-03T04:01:45.597+0400] {dag.py:3823} INFO - Setting next_dagrun for dataset_consumes_unknown_never_scheduled to None, run_after=None
[2024-02-03T04:01:45.598+0400] {logging_mixin.py:188} INFO - [2024-02-03T04:01:45.598+0400] {dag.py:3823} INFO - Setting next_dagrun for dataset_produces_1 to 2024-02-02 00:00:00+00:00, run_after=2024-02-03 00:00:00+00:00
[2024-02-03T04:01:45.599+0400] {logging_mixin.py:188} INFO - [2024-02-03T04:01:45.599+0400] {dag.py:3823} INFO - Setting next_dagrun for dataset_produces_2 to None, run_after=None
[2024-02-03T04:01:45.616+0400] {processor.py:183} INFO - Processing /home/reurairin/projects/urfu/urfu_3s_mlops-3/env/lib/python3.10/site-packages/airflow/example_dags/example_datasets.py took 0.056 seconds
[2024-02-03T04:02:37.085+0400] {processor.py:161} INFO - Started process (PID=6282) to work on /home/reurairin/projects/urfu/urfu_3s_mlops-3/env/lib/python3.10/site-packages/airflow/example_dags/example_datasets.py
[2024-02-03T04:02:37.092+0400] {processor.py:830} INFO - Processing file /home/reurairin/projects/urfu/urfu_3s_mlops-3/env/lib/python3.10/site-packages/airflow/example_dags/example_datasets.py for tasks to queue
[2024-02-03T04:02:37.093+0400] {logging_mixin.py:188} INFO - [2024-02-03T04:02:37.093+0400] {dagbag.py:538} INFO - Filling up the DagBag from /home/reurairin/projects/urfu/urfu_3s_mlops-3/env/lib/python3.10/site-packages/airflow/example_dags/example_datasets.py
[2024-02-03T04:02:37.099+0400] {processor.py:840} INFO - DAG(s) 'dataset_consumes_1', 'dataset_consumes_unknown_never_scheduled', 'dataset_produces_1', 'dataset_consumes_1_never_scheduled', 'dataset_produces_2', 'dataset_consumes_1_and_2' retrieved from /home/reurairin/projects/urfu/urfu_3s_mlops-3/env/lib/python3.10/site-packages/airflow/example_dags/example_datasets.py
[2024-02-03T04:02:37.113+0400] {logging_mixin.py:188} INFO - [2024-02-03T04:02:37.113+0400] {dag.py:3036} INFO - Sync 6 DAGs
[2024-02-03T04:02:37.124+0400] {logging_mixin.py:188} INFO - [2024-02-03T04:02:37.123+0400] {dag.py:3823} INFO - Setting next_dagrun for dataset_consumes_1 to None, run_after=None
[2024-02-03T04:02:37.125+0400] {logging_mixin.py:188} INFO - [2024-02-03T04:02:37.125+0400] {dag.py:3823} INFO - Setting next_dagrun for dataset_consumes_1_and_2 to None, run_after=None
[2024-02-03T04:02:37.126+0400] {logging_mixin.py:188} INFO - [2024-02-03T04:02:37.125+0400] {dag.py:3823} INFO - Setting next_dagrun for dataset_consumes_1_never_scheduled to None, run_after=None
[2024-02-03T04:02:37.126+0400] {logging_mixin.py:188} INFO - [2024-02-03T04:02:37.126+0400] {dag.py:3823} INFO - Setting next_dagrun for dataset_consumes_unknown_never_scheduled to None, run_after=None
[2024-02-03T04:02:37.128+0400] {logging_mixin.py:188} INFO - [2024-02-03T04:02:37.127+0400] {dag.py:3823} INFO - Setting next_dagrun for dataset_produces_1 to 2024-02-02 00:00:00+00:00, run_after=2024-02-03 00:00:00+00:00
[2024-02-03T04:02:37.128+0400] {logging_mixin.py:188} INFO - [2024-02-03T04:02:37.128+0400] {dag.py:3823} INFO - Setting next_dagrun for dataset_produces_2 to None, run_after=None
[2024-02-03T04:02:37.145+0400] {processor.py:183} INFO - Processing /home/reurairin/projects/urfu/urfu_3s_mlops-3/env/lib/python3.10/site-packages/airflow/example_dags/example_datasets.py took 0.061 seconds
[2024-02-03T04:03:32.329+0400] {processor.py:161} INFO - Started process (PID=6516) to work on /home/reurairin/projects/urfu/urfu_3s_mlops-3/env/lib/python3.10/site-packages/airflow/example_dags/example_datasets.py
[2024-02-03T04:03:32.337+0400] {processor.py:830} INFO - Processing file /home/reurairin/projects/urfu/urfu_3s_mlops-3/env/lib/python3.10/site-packages/airflow/example_dags/example_datasets.py for tasks to queue
[2024-02-03T04:03:32.338+0400] {logging_mixin.py:188} INFO - [2024-02-03T04:03:32.337+0400] {dagbag.py:538} INFO - Filling up the DagBag from /home/reurairin/projects/urfu/urfu_3s_mlops-3/env/lib/python3.10/site-packages/airflow/example_dags/example_datasets.py
[2024-02-03T04:03:32.346+0400] {processor.py:840} INFO - DAG(s) 'dataset_consumes_1_never_scheduled', 'dataset_consumes_1', 'dataset_consumes_unknown_never_scheduled', 'dataset_consumes_1_and_2', 'dataset_produces_2', 'dataset_produces_1' retrieved from /home/reurairin/projects/urfu/urfu_3s_mlops-3/env/lib/python3.10/site-packages/airflow/example_dags/example_datasets.py
[2024-02-03T04:03:32.363+0400] {logging_mixin.py:188} INFO - [2024-02-03T04:03:32.362+0400] {dag.py:3036} INFO - Sync 6 DAGs
[2024-02-03T04:03:32.377+0400] {logging_mixin.py:188} INFO - [2024-02-03T04:03:32.377+0400] {dag.py:3823} INFO - Setting next_dagrun for dataset_consumes_1 to None, run_after=None
[2024-02-03T04:03:32.379+0400] {logging_mixin.py:188} INFO - [2024-02-03T04:03:32.379+0400] {dag.py:3823} INFO - Setting next_dagrun for dataset_consumes_1_and_2 to None, run_after=None
[2024-02-03T04:03:32.380+0400] {logging_mixin.py:188} INFO - [2024-02-03T04:03:32.380+0400] {dag.py:3823} INFO - Setting next_dagrun for dataset_consumes_1_never_scheduled to None, run_after=None
[2024-02-03T04:03:32.381+0400] {logging_mixin.py:188} INFO - [2024-02-03T04:03:32.380+0400] {dag.py:3823} INFO - Setting next_dagrun for dataset_consumes_unknown_never_scheduled to None, run_after=None
[2024-02-03T04:03:32.382+0400] {logging_mixin.py:188} INFO - [2024-02-03T04:03:32.382+0400] {dag.py:3823} INFO - Setting next_dagrun for dataset_produces_1 to 2024-02-02 00:00:00+00:00, run_after=2024-02-03 00:00:00+00:00
[2024-02-03T04:03:32.383+0400] {logging_mixin.py:188} INFO - [2024-02-03T04:03:32.383+0400] {dag.py:3823} INFO - Setting next_dagrun for dataset_produces_2 to None, run_after=None
[2024-02-03T04:03:32.407+0400] {processor.py:183} INFO - Processing /home/reurairin/projects/urfu/urfu_3s_mlops-3/env/lib/python3.10/site-packages/airflow/example_dags/example_datasets.py took 0.080 seconds
[2024-02-03T04:04:24.876+0400] {processor.py:161} INFO - Started process (PID=6736) to work on /home/reurairin/projects/urfu/urfu_3s_mlops-3/env/lib/python3.10/site-packages/airflow/example_dags/example_datasets.py
[2024-02-03T04:04:24.877+0400] {processor.py:830} INFO - Processing file /home/reurairin/projects/urfu/urfu_3s_mlops-3/env/lib/python3.10/site-packages/airflow/example_dags/example_datasets.py for tasks to queue
[2024-02-03T04:04:24.877+0400] {logging_mixin.py:188} INFO - [2024-02-03T04:04:24.877+0400] {dagbag.py:538} INFO - Filling up the DagBag from /home/reurairin/projects/urfu/urfu_3s_mlops-3/env/lib/python3.10/site-packages/airflow/example_dags/example_datasets.py
[2024-02-03T04:04:24.883+0400] {processor.py:840} INFO - DAG(s) 'dataset_consumes_1', 'dataset_produces_2', 'dataset_produces_1', 'dataset_consumes_1_and_2', 'dataset_consumes_unknown_never_scheduled', 'dataset_consumes_1_never_scheduled' retrieved from /home/reurairin/projects/urfu/urfu_3s_mlops-3/env/lib/python3.10/site-packages/airflow/example_dags/example_datasets.py
[2024-02-03T04:04:24.899+0400] {logging_mixin.py:188} INFO - [2024-02-03T04:04:24.899+0400] {dag.py:3036} INFO - Sync 6 DAGs
[2024-02-03T04:04:24.909+0400] {logging_mixin.py:188} INFO - [2024-02-03T04:04:24.909+0400] {dag.py:3823} INFO - Setting next_dagrun for dataset_consumes_1 to None, run_after=None
[2024-02-03T04:04:24.911+0400] {logging_mixin.py:188} INFO - [2024-02-03T04:04:24.911+0400] {dag.py:3823} INFO - Setting next_dagrun for dataset_consumes_1_and_2 to None, run_after=None
[2024-02-03T04:04:24.911+0400] {logging_mixin.py:188} INFO - [2024-02-03T04:04:24.911+0400] {dag.py:3823} INFO - Setting next_dagrun for dataset_consumes_1_never_scheduled to None, run_after=None
[2024-02-03T04:04:24.912+0400] {logging_mixin.py:188} INFO - [2024-02-03T04:04:24.912+0400] {dag.py:3823} INFO - Setting next_dagrun for dataset_consumes_unknown_never_scheduled to None, run_after=None
[2024-02-03T04:04:24.913+0400] {logging_mixin.py:188} INFO - [2024-02-03T04:04:24.913+0400] {dag.py:3823} INFO - Setting next_dagrun for dataset_produces_1 to 2024-02-02 00:00:00+00:00, run_after=2024-02-03 00:00:00+00:00
[2024-02-03T04:04:24.914+0400] {logging_mixin.py:188} INFO - [2024-02-03T04:04:24.914+0400] {dag.py:3823} INFO - Setting next_dagrun for dataset_produces_2 to None, run_after=None
[2024-02-03T04:04:24.933+0400] {processor.py:183} INFO - Processing /home/reurairin/projects/urfu/urfu_3s_mlops-3/env/lib/python3.10/site-packages/airflow/example_dags/example_datasets.py took 0.059 seconds
[2024-02-03T04:05:16.135+0400] {processor.py:161} INFO - Started process (PID=6953) to work on /home/reurairin/projects/urfu/urfu_3s_mlops-3/env/lib/python3.10/site-packages/airflow/example_dags/example_datasets.py
[2024-02-03T04:05:16.136+0400] {processor.py:830} INFO - Processing file /home/reurairin/projects/urfu/urfu_3s_mlops-3/env/lib/python3.10/site-packages/airflow/example_dags/example_datasets.py for tasks to queue
[2024-02-03T04:05:16.137+0400] {logging_mixin.py:188} INFO - [2024-02-03T04:05:16.136+0400] {dagbag.py:538} INFO - Filling up the DagBag from /home/reurairin/projects/urfu/urfu_3s_mlops-3/env/lib/python3.10/site-packages/airflow/example_dags/example_datasets.py
[2024-02-03T04:05:16.144+0400] {processor.py:840} INFO - DAG(s) 'dataset_produces_2', 'dataset_consumes_1', 'dataset_produces_1', 'dataset_consumes_unknown_never_scheduled', 'dataset_consumes_1_and_2', 'dataset_consumes_1_never_scheduled' retrieved from /home/reurairin/projects/urfu/urfu_3s_mlops-3/env/lib/python3.10/site-packages/airflow/example_dags/example_datasets.py
[2024-02-03T04:05:16.162+0400] {logging_mixin.py:188} INFO - [2024-02-03T04:05:16.162+0400] {dag.py:3036} INFO - Sync 6 DAGs
[2024-02-03T04:05:16.173+0400] {logging_mixin.py:188} INFO - [2024-02-03T04:05:16.173+0400] {dag.py:3823} INFO - Setting next_dagrun for dataset_consumes_1 to None, run_after=None
[2024-02-03T04:05:16.175+0400] {logging_mixin.py:188} INFO - [2024-02-03T04:05:16.175+0400] {dag.py:3823} INFO - Setting next_dagrun for dataset_consumes_1_and_2 to None, run_after=None
[2024-02-03T04:05:16.176+0400] {logging_mixin.py:188} INFO - [2024-02-03T04:05:16.175+0400] {dag.py:3823} INFO - Setting next_dagrun for dataset_consumes_1_never_scheduled to None, run_after=None
[2024-02-03T04:05:16.176+0400] {logging_mixin.py:188} INFO - [2024-02-03T04:05:16.176+0400] {dag.py:3823} INFO - Setting next_dagrun for dataset_consumes_unknown_never_scheduled to None, run_after=None
[2024-02-03T04:05:16.178+0400] {logging_mixin.py:188} INFO - [2024-02-03T04:05:16.177+0400] {dag.py:3823} INFO - Setting next_dagrun for dataset_produces_1 to 2024-02-02 00:00:00+00:00, run_after=2024-02-03 00:00:00+00:00
[2024-02-03T04:05:16.178+0400] {logging_mixin.py:188} INFO - [2024-02-03T04:05:16.178+0400] {dag.py:3823} INFO - Setting next_dagrun for dataset_produces_2 to None, run_after=None
[2024-02-03T04:05:16.198+0400] {processor.py:183} INFO - Processing /home/reurairin/projects/urfu/urfu_3s_mlops-3/env/lib/python3.10/site-packages/airflow/example_dags/example_datasets.py took 0.065 seconds
[2024-02-03T04:06:09.594+0400] {processor.py:161} INFO - Started process (PID=7234) to work on /home/reurairin/projects/urfu/urfu_3s_mlops-3/env/lib/python3.10/site-packages/airflow/example_dags/example_datasets.py
[2024-02-03T04:06:09.601+0400] {processor.py:830} INFO - Processing file /home/reurairin/projects/urfu/urfu_3s_mlops-3/env/lib/python3.10/site-packages/airflow/example_dags/example_datasets.py for tasks to queue
[2024-02-03T04:06:09.602+0400] {logging_mixin.py:188} INFO - [2024-02-03T04:06:09.602+0400] {dagbag.py:538} INFO - Filling up the DagBag from /home/reurairin/projects/urfu/urfu_3s_mlops-3/env/lib/python3.10/site-packages/airflow/example_dags/example_datasets.py
[2024-02-03T04:06:09.608+0400] {processor.py:840} INFO - DAG(s) 'dataset_consumes_1_and_2', 'dataset_produces_1', 'dataset_consumes_1_never_scheduled', 'dataset_produces_2', 'dataset_consumes_unknown_never_scheduled', 'dataset_consumes_1' retrieved from /home/reurairin/projects/urfu/urfu_3s_mlops-3/env/lib/python3.10/site-packages/airflow/example_dags/example_datasets.py
[2024-02-03T04:06:09.623+0400] {logging_mixin.py:188} INFO - [2024-02-03T04:06:09.623+0400] {dag.py:3036} INFO - Sync 6 DAGs
[2024-02-03T04:06:09.633+0400] {logging_mixin.py:188} INFO - [2024-02-03T04:06:09.633+0400] {dag.py:3823} INFO - Setting next_dagrun for dataset_consumes_1 to None, run_after=None
[2024-02-03T04:06:09.635+0400] {logging_mixin.py:188} INFO - [2024-02-03T04:06:09.634+0400] {dag.py:3823} INFO - Setting next_dagrun for dataset_consumes_1_and_2 to None, run_after=None
[2024-02-03T04:06:09.635+0400] {logging_mixin.py:188} INFO - [2024-02-03T04:06:09.635+0400] {dag.py:3823} INFO - Setting next_dagrun for dataset_consumes_1_never_scheduled to None, run_after=None
[2024-02-03T04:06:09.636+0400] {logging_mixin.py:188} INFO - [2024-02-03T04:06:09.636+0400] {dag.py:3823} INFO - Setting next_dagrun for dataset_consumes_unknown_never_scheduled to None, run_after=None
[2024-02-03T04:06:09.638+0400] {logging_mixin.py:188} INFO - [2024-02-03T04:06:09.637+0400] {dag.py:3823} INFO - Setting next_dagrun for dataset_produces_1 to 2024-02-02 00:00:00+00:00, run_after=2024-02-03 00:00:00+00:00
[2024-02-03T04:06:09.638+0400] {logging_mixin.py:188} INFO - [2024-02-03T04:06:09.638+0400] {dag.py:3823} INFO - Setting next_dagrun for dataset_produces_2 to None, run_after=None
[2024-02-03T04:06:09.657+0400] {processor.py:183} INFO - Processing /home/reurairin/projects/urfu/urfu_3s_mlops-3/env/lib/python3.10/site-packages/airflow/example_dags/example_datasets.py took 0.064 seconds
[2024-02-03T04:07:01.040+0400] {processor.py:161} INFO - Started process (PID=7456) to work on /home/reurairin/projects/urfu/urfu_3s_mlops-3/env/lib/python3.10/site-packages/airflow/example_dags/example_datasets.py
[2024-02-03T04:07:01.041+0400] {processor.py:830} INFO - Processing file /home/reurairin/projects/urfu/urfu_3s_mlops-3/env/lib/python3.10/site-packages/airflow/example_dags/example_datasets.py for tasks to queue
[2024-02-03T04:07:01.041+0400] {logging_mixin.py:188} INFO - [2024-02-03T04:07:01.041+0400] {dagbag.py:538} INFO - Filling up the DagBag from /home/reurairin/projects/urfu/urfu_3s_mlops-3/env/lib/python3.10/site-packages/airflow/example_dags/example_datasets.py
[2024-02-03T04:07:01.048+0400] {processor.py:840} INFO - DAG(s) 'dataset_consumes_unknown_never_scheduled', 'dataset_consumes_1_and_2', 'dataset_produces_2', 'dataset_produces_1', 'dataset_consumes_1_never_scheduled', 'dataset_consumes_1' retrieved from /home/reurairin/projects/urfu/urfu_3s_mlops-3/env/lib/python3.10/site-packages/airflow/example_dags/example_datasets.py
[2024-02-03T04:07:01.070+0400] {logging_mixin.py:188} INFO - [2024-02-03T04:07:01.070+0400] {dag.py:3036} INFO - Sync 6 DAGs
[2024-02-03T04:07:01.086+0400] {logging_mixin.py:188} INFO - [2024-02-03T04:07:01.086+0400] {dag.py:3823} INFO - Setting next_dagrun for dataset_consumes_1 to None, run_after=None
[2024-02-03T04:07:01.090+0400] {logging_mixin.py:188} INFO - [2024-02-03T04:07:01.089+0400] {dag.py:3823} INFO - Setting next_dagrun for dataset_consumes_1_and_2 to None, run_after=None
[2024-02-03T04:07:01.091+0400] {logging_mixin.py:188} INFO - [2024-02-03T04:07:01.090+0400] {dag.py:3823} INFO - Setting next_dagrun for dataset_consumes_1_never_scheduled to None, run_after=None
[2024-02-03T04:07:01.091+0400] {logging_mixin.py:188} INFO - [2024-02-03T04:07:01.091+0400] {dag.py:3823} INFO - Setting next_dagrun for dataset_consumes_unknown_never_scheduled to None, run_after=None
[2024-02-03T04:07:01.093+0400] {logging_mixin.py:188} INFO - [2024-02-03T04:07:01.093+0400] {dag.py:3823} INFO - Setting next_dagrun for dataset_produces_1 to 2024-02-02 00:00:00+00:00, run_after=2024-02-03 00:00:00+00:00
[2024-02-03T04:07:01.094+0400] {logging_mixin.py:188} INFO - [2024-02-03T04:07:01.094+0400] {dag.py:3823} INFO - Setting next_dagrun for dataset_produces_2 to None, run_after=None
[2024-02-03T04:07:01.116+0400] {processor.py:183} INFO - Processing /home/reurairin/projects/urfu/urfu_3s_mlops-3/env/lib/python3.10/site-packages/airflow/example_dags/example_datasets.py took 0.079 seconds
[2024-02-03T04:07:56.231+0400] {processor.py:161} INFO - Started process (PID=7696) to work on /home/reurairin/projects/urfu/urfu_3s_mlops-3/env/lib/python3.10/site-packages/airflow/example_dags/example_datasets.py
[2024-02-03T04:07:56.238+0400] {processor.py:830} INFO - Processing file /home/reurairin/projects/urfu/urfu_3s_mlops-3/env/lib/python3.10/site-packages/airflow/example_dags/example_datasets.py for tasks to queue
[2024-02-03T04:07:56.239+0400] {logging_mixin.py:188} INFO - [2024-02-03T04:07:56.239+0400] {dagbag.py:538} INFO - Filling up the DagBag from /home/reurairin/projects/urfu/urfu_3s_mlops-3/env/lib/python3.10/site-packages/airflow/example_dags/example_datasets.py
[2024-02-03T04:07:56.245+0400] {processor.py:840} INFO - DAG(s) 'dataset_consumes_unknown_never_scheduled', 'dataset_produces_1', 'dataset_consumes_1_and_2', 'dataset_consumes_1_never_scheduled', 'dataset_consumes_1', 'dataset_produces_2' retrieved from /home/reurairin/projects/urfu/urfu_3s_mlops-3/env/lib/python3.10/site-packages/airflow/example_dags/example_datasets.py
[2024-02-03T04:07:56.260+0400] {logging_mixin.py:188} INFO - [2024-02-03T04:07:56.260+0400] {dag.py:3036} INFO - Sync 6 DAGs
[2024-02-03T04:07:56.269+0400] {logging_mixin.py:188} INFO - [2024-02-03T04:07:56.269+0400] {dag.py:3823} INFO - Setting next_dagrun for dataset_consumes_1 to None, run_after=None
[2024-02-03T04:07:56.271+0400] {logging_mixin.py:188} INFO - [2024-02-03T04:07:56.270+0400] {dag.py:3823} INFO - Setting next_dagrun for dataset_consumes_1_and_2 to None, run_after=None
[2024-02-03T04:07:56.271+0400] {logging_mixin.py:188} INFO - [2024-02-03T04:07:56.271+0400] {dag.py:3823} INFO - Setting next_dagrun for dataset_consumes_1_never_scheduled to None, run_after=None
[2024-02-03T04:07:56.272+0400] {logging_mixin.py:188} INFO - [2024-02-03T04:07:56.272+0400] {dag.py:3823} INFO - Setting next_dagrun for dataset_consumes_unknown_never_scheduled to None, run_after=None
[2024-02-03T04:07:56.273+0400] {logging_mixin.py:188} INFO - [2024-02-03T04:07:56.273+0400] {dag.py:3823} INFO - Setting next_dagrun for dataset_produces_1 to 2024-02-02 00:00:00+00:00, run_after=2024-02-03 00:00:00+00:00
[2024-02-03T04:07:56.274+0400] {logging_mixin.py:188} INFO - [2024-02-03T04:07:56.274+0400] {dag.py:3823} INFO - Setting next_dagrun for dataset_produces_2 to None, run_after=None
[2024-02-03T04:07:56.291+0400] {processor.py:183} INFO - Processing /home/reurairin/projects/urfu/urfu_3s_mlops-3/env/lib/python3.10/site-packages/airflow/example_dags/example_datasets.py took 0.062 seconds
[2024-02-03T04:08:45.260+0400] {processor.py:161} INFO - Started process (PID=7904) to work on /home/reurairin/projects/urfu/urfu_3s_mlops-3/env/lib/python3.10/site-packages/airflow/example_dags/example_datasets.py
[2024-02-03T04:08:45.267+0400] {processor.py:830} INFO - Processing file /home/reurairin/projects/urfu/urfu_3s_mlops-3/env/lib/python3.10/site-packages/airflow/example_dags/example_datasets.py for tasks to queue
[2024-02-03T04:08:45.268+0400] {logging_mixin.py:188} INFO - [2024-02-03T04:08:45.268+0400] {dagbag.py:538} INFO - Filling up the DagBag from /home/reurairin/projects/urfu/urfu_3s_mlops-3/env/lib/python3.10/site-packages/airflow/example_dags/example_datasets.py
[2024-02-03T04:08:45.273+0400] {processor.py:840} INFO - DAG(s) 'dataset_consumes_unknown_never_scheduled', 'dataset_consumes_1_never_scheduled', 'dataset_produces_2', 'dataset_consumes_1_and_2', 'dataset_produces_1', 'dataset_consumes_1' retrieved from /home/reurairin/projects/urfu/urfu_3s_mlops-3/env/lib/python3.10/site-packages/airflow/example_dags/example_datasets.py
[2024-02-03T04:08:45.288+0400] {logging_mixin.py:188} INFO - [2024-02-03T04:08:45.288+0400] {dag.py:3036} INFO - Sync 6 DAGs
[2024-02-03T04:08:45.298+0400] {logging_mixin.py:188} INFO - [2024-02-03T04:08:45.297+0400] {dag.py:3823} INFO - Setting next_dagrun for dataset_consumes_1 to None, run_after=None
[2024-02-03T04:08:45.299+0400] {logging_mixin.py:188} INFO - [2024-02-03T04:08:45.299+0400] {dag.py:3823} INFO - Setting next_dagrun for dataset_consumes_1_and_2 to None, run_after=None
[2024-02-03T04:08:45.300+0400] {logging_mixin.py:188} INFO - [2024-02-03T04:08:45.299+0400] {dag.py:3823} INFO - Setting next_dagrun for dataset_consumes_1_never_scheduled to None, run_after=None
[2024-02-03T04:08:45.300+0400] {logging_mixin.py:188} INFO - [2024-02-03T04:08:45.300+0400] {dag.py:3823} INFO - Setting next_dagrun for dataset_consumes_unknown_never_scheduled to None, run_after=None
[2024-02-03T04:08:45.302+0400] {logging_mixin.py:188} INFO - [2024-02-03T04:08:45.301+0400] {dag.py:3823} INFO - Setting next_dagrun for dataset_produces_1 to 2024-02-02 00:00:00+00:00, run_after=2024-02-03 00:00:00+00:00
[2024-02-03T04:08:45.302+0400] {logging_mixin.py:188} INFO - [2024-02-03T04:08:45.302+0400] {dag.py:3823} INFO - Setting next_dagrun for dataset_produces_2 to None, run_after=None
[2024-02-03T04:08:45.319+0400] {processor.py:183} INFO - Processing /home/reurairin/projects/urfu/urfu_3s_mlops-3/env/lib/python3.10/site-packages/airflow/example_dags/example_datasets.py took 0.061 seconds
[2024-02-03T04:09:35.798+0400] {processor.py:161} INFO - Started process (PID=8166) to work on /home/reurairin/projects/urfu/urfu_3s_mlops-3/env/lib/python3.10/site-packages/airflow/example_dags/example_datasets.py
[2024-02-03T04:09:35.800+0400] {processor.py:830} INFO - Processing file /home/reurairin/projects/urfu/urfu_3s_mlops-3/env/lib/python3.10/site-packages/airflow/example_dags/example_datasets.py for tasks to queue
[2024-02-03T04:09:35.801+0400] {logging_mixin.py:188} INFO - [2024-02-03T04:09:35.801+0400] {dagbag.py:538} INFO - Filling up the DagBag from /home/reurairin/projects/urfu/urfu_3s_mlops-3/env/lib/python3.10/site-packages/airflow/example_dags/example_datasets.py
[2024-02-03T04:09:35.807+0400] {processor.py:840} INFO - DAG(s) 'dataset_consumes_unknown_never_scheduled', 'dataset_produces_2', 'dataset_produces_1', 'dataset_consumes_1', 'dataset_consumes_1_never_scheduled', 'dataset_consumes_1_and_2' retrieved from /home/reurairin/projects/urfu/urfu_3s_mlops-3/env/lib/python3.10/site-packages/airflow/example_dags/example_datasets.py
[2024-02-03T04:09:35.821+0400] {logging_mixin.py:188} INFO - [2024-02-03T04:09:35.821+0400] {dag.py:3036} INFO - Sync 6 DAGs
[2024-02-03T04:09:35.831+0400] {logging_mixin.py:188} INFO - [2024-02-03T04:09:35.831+0400] {dag.py:3823} INFO - Setting next_dagrun for dataset_consumes_1 to None, run_after=None
[2024-02-03T04:09:35.832+0400] {logging_mixin.py:188} INFO - [2024-02-03T04:09:35.832+0400] {dag.py:3823} INFO - Setting next_dagrun for dataset_consumes_1_and_2 to None, run_after=None
[2024-02-03T04:09:35.833+0400] {logging_mixin.py:188} INFO - [2024-02-03T04:09:35.833+0400] {dag.py:3823} INFO - Setting next_dagrun for dataset_consumes_1_never_scheduled to None, run_after=None
[2024-02-03T04:09:35.833+0400] {logging_mixin.py:188} INFO - [2024-02-03T04:09:35.833+0400] {dag.py:3823} INFO - Setting next_dagrun for dataset_consumes_unknown_never_scheduled to None, run_after=None
[2024-02-03T04:09:35.835+0400] {logging_mixin.py:188} INFO - [2024-02-03T04:09:35.834+0400] {dag.py:3823} INFO - Setting next_dagrun for dataset_produces_1 to 2024-02-02 00:00:00+00:00, run_after=2024-02-03 00:00:00+00:00
[2024-02-03T04:09:35.835+0400] {logging_mixin.py:188} INFO - [2024-02-03T04:09:35.835+0400] {dag.py:3823} INFO - Setting next_dagrun for dataset_produces_2 to None, run_after=None
[2024-02-03T04:09:35.853+0400] {processor.py:183} INFO - Processing /home/reurairin/projects/urfu/urfu_3s_mlops-3/env/lib/python3.10/site-packages/airflow/example_dags/example_datasets.py took 0.056 seconds
