[2024-02-03T04:00:24.496+0400] {processor.py:161} INFO - Started process (PID=5716) to work on /home/reurairin/projects/urfu/urfu_3s_mlops-3/env/lib/python3.10/site-packages/airflow/example_dags/example_xcom.py
[2024-02-03T04:00:24.497+0400] {processor.py:830} INFO - Processing file /home/reurairin/projects/urfu/urfu_3s_mlops-3/env/lib/python3.10/site-packages/airflow/example_dags/example_xcom.py for tasks to queue
[2024-02-03T04:00:24.497+0400] {logging_mixin.py:188} INFO - [2024-02-03T04:00:24.497+0400] {dagbag.py:538} INFO - Filling up the DagBag from /home/reurairin/projects/urfu/urfu_3s_mlops-3/env/lib/python3.10/site-packages/airflow/example_dags/example_xcom.py
[2024-02-03T04:00:24.502+0400] {processor.py:840} INFO - DAG(s) 'example_xcom' retrieved from /home/reurairin/projects/urfu/urfu_3s_mlops-3/env/lib/python3.10/site-packages/airflow/example_dags/example_xcom.py
[2024-02-03T04:00:24.510+0400] {logging_mixin.py:188} INFO - [2024-02-03T04:00:24.510+0400] {dag.py:3036} INFO - Sync 1 DAGs
[2024-02-03T04:00:24.520+0400] {logging_mixin.py:188} INFO - [2024-02-03T04:00:24.519+0400] {dag.py:3823} INFO - Setting next_dagrun for example_xcom to 2021-01-01 00:00:00+00:00, run_after=2021-01-01 00:00:00+00:00
[2024-02-03T04:00:24.532+0400] {processor.py:183} INFO - Processing /home/reurairin/projects/urfu/urfu_3s_mlops-3/env/lib/python3.10/site-packages/airflow/example_dags/example_xcom.py took 0.038 seconds
[2024-02-03T04:01:02.208+0400] {processor.py:161} INFO - Started process (PID=5877) to work on /home/reurairin/projects/urfu/urfu_3s_mlops-3/env/lib/python3.10/site-packages/airflow/example_dags/example_xcom.py
[2024-02-03T04:01:02.209+0400] {processor.py:830} INFO - Processing file /home/reurairin/projects/urfu/urfu_3s_mlops-3/env/lib/python3.10/site-packages/airflow/example_dags/example_xcom.py for tasks to queue
[2024-02-03T04:01:02.210+0400] {logging_mixin.py:188} INFO - [2024-02-03T04:01:02.210+0400] {dagbag.py:538} INFO - Filling up the DagBag from /home/reurairin/projects/urfu/urfu_3s_mlops-3/env/lib/python3.10/site-packages/airflow/example_dags/example_xcom.py
[2024-02-03T04:01:02.215+0400] {processor.py:840} INFO - DAG(s) 'example_xcom' retrieved from /home/reurairin/projects/urfu/urfu_3s_mlops-3/env/lib/python3.10/site-packages/airflow/example_dags/example_xcom.py
[2024-02-03T04:01:02.225+0400] {logging_mixin.py:188} INFO - [2024-02-03T04:01:02.225+0400] {dag.py:3036} INFO - Sync 1 DAGs
[2024-02-03T04:01:02.236+0400] {logging_mixin.py:188} INFO - [2024-02-03T04:01:02.236+0400] {dag.py:3823} INFO - Setting next_dagrun for example_xcom to 2021-01-01 00:00:00+00:00, run_after=2021-01-01 00:00:00+00:00
[2024-02-03T04:01:02.251+0400] {processor.py:183} INFO - Processing /home/reurairin/projects/urfu/urfu_3s_mlops-3/env/lib/python3.10/site-packages/airflow/example_dags/example_xcom.py took 0.045 seconds
[2024-02-03T04:01:35.286+0400] {processor.py:161} INFO - Started process (PID=6012) to work on /home/reurairin/projects/urfu/urfu_3s_mlops-3/env/lib/python3.10/site-packages/airflow/example_dags/example_xcom.py
[2024-02-03T04:01:35.287+0400] {processor.py:830} INFO - Processing file /home/reurairin/projects/urfu/urfu_3s_mlops-3/env/lib/python3.10/site-packages/airflow/example_dags/example_xcom.py for tasks to queue
[2024-02-03T04:01:35.287+0400] {logging_mixin.py:188} INFO - [2024-02-03T04:01:35.287+0400] {dagbag.py:538} INFO - Filling up the DagBag from /home/reurairin/projects/urfu/urfu_3s_mlops-3/env/lib/python3.10/site-packages/airflow/example_dags/example_xcom.py
[2024-02-03T04:01:35.292+0400] {processor.py:840} INFO - DAG(s) 'example_xcom' retrieved from /home/reurairin/projects/urfu/urfu_3s_mlops-3/env/lib/python3.10/site-packages/airflow/example_dags/example_xcom.py
[2024-02-03T04:01:35.302+0400] {logging_mixin.py:188} INFO - [2024-02-03T04:01:35.302+0400] {dag.py:3036} INFO - Sync 1 DAGs
[2024-02-03T04:01:35.314+0400] {logging_mixin.py:188} INFO - [2024-02-03T04:01:35.314+0400] {dag.py:3823} INFO - Setting next_dagrun for example_xcom to 2021-01-01 00:00:00+00:00, run_after=2021-01-01 00:00:00+00:00
[2024-02-03T04:01:35.329+0400] {processor.py:183} INFO - Processing /home/reurairin/projects/urfu/urfu_3s_mlops-3/env/lib/python3.10/site-packages/airflow/example_dags/example_xcom.py took 0.045 seconds
[2024-02-03T04:02:09.442+0400] {processor.py:161} INFO - Started process (PID=6161) to work on /home/reurairin/projects/urfu/urfu_3s_mlops-3/env/lib/python3.10/site-packages/airflow/example_dags/example_xcom.py
[2024-02-03T04:02:09.449+0400] {processor.py:830} INFO - Processing file /home/reurairin/projects/urfu/urfu_3s_mlops-3/env/lib/python3.10/site-packages/airflow/example_dags/example_xcom.py for tasks to queue
[2024-02-03T04:02:09.450+0400] {logging_mixin.py:188} INFO - [2024-02-03T04:02:09.450+0400] {dagbag.py:538} INFO - Filling up the DagBag from /home/reurairin/projects/urfu/urfu_3s_mlops-3/env/lib/python3.10/site-packages/airflow/example_dags/example_xcom.py
[2024-02-03T04:02:09.455+0400] {processor.py:840} INFO - DAG(s) 'example_xcom' retrieved from /home/reurairin/projects/urfu/urfu_3s_mlops-3/env/lib/python3.10/site-packages/airflow/example_dags/example_xcom.py
[2024-02-03T04:02:09.464+0400] {logging_mixin.py:188} INFO - [2024-02-03T04:02:09.463+0400] {dag.py:3036} INFO - Sync 1 DAGs
[2024-02-03T04:02:09.473+0400] {logging_mixin.py:188} INFO - [2024-02-03T04:02:09.473+0400] {dag.py:3823} INFO - Setting next_dagrun for example_xcom to 2021-01-01 00:00:00+00:00, run_after=2021-01-01 00:00:00+00:00
[2024-02-03T04:02:09.486+0400] {processor.py:183} INFO - Processing /home/reurairin/projects/urfu/urfu_3s_mlops-3/env/lib/python3.10/site-packages/airflow/example_dags/example_xcom.py took 0.045 seconds
[2024-02-03T04:02:42.705+0400] {processor.py:161} INFO - Started process (PID=6306) to work on /home/reurairin/projects/urfu/urfu_3s_mlops-3/env/lib/python3.10/site-packages/airflow/example_dags/example_xcom.py
[2024-02-03T04:02:42.706+0400] {processor.py:830} INFO - Processing file /home/reurairin/projects/urfu/urfu_3s_mlops-3/env/lib/python3.10/site-packages/airflow/example_dags/example_xcom.py for tasks to queue
[2024-02-03T04:02:42.707+0400] {logging_mixin.py:188} INFO - [2024-02-03T04:02:42.706+0400] {dagbag.py:538} INFO - Filling up the DagBag from /home/reurairin/projects/urfu/urfu_3s_mlops-3/env/lib/python3.10/site-packages/airflow/example_dags/example_xcom.py
[2024-02-03T04:02:42.712+0400] {processor.py:840} INFO - DAG(s) 'example_xcom' retrieved from /home/reurairin/projects/urfu/urfu_3s_mlops-3/env/lib/python3.10/site-packages/airflow/example_dags/example_xcom.py
[2024-02-03T04:02:42.727+0400] {logging_mixin.py:188} INFO - [2024-02-03T04:02:42.727+0400] {dag.py:3036} INFO - Sync 1 DAGs
[2024-02-03T04:02:42.741+0400] {logging_mixin.py:188} INFO - [2024-02-03T04:02:42.741+0400] {dag.py:3823} INFO - Setting next_dagrun for example_xcom to 2021-01-01 00:00:00+00:00, run_after=2021-01-01 00:00:00+00:00
[2024-02-03T04:02:42.755+0400] {processor.py:183} INFO - Processing /home/reurairin/projects/urfu/urfu_3s_mlops-3/env/lib/python3.10/site-packages/airflow/example_dags/example_xcom.py took 0.053 seconds
[2024-02-03T04:03:21.442+0400] {processor.py:161} INFO - Started process (PID=6471) to work on /home/reurairin/projects/urfu/urfu_3s_mlops-3/env/lib/python3.10/site-packages/airflow/example_dags/example_xcom.py
[2024-02-03T04:03:21.449+0400] {processor.py:830} INFO - Processing file /home/reurairin/projects/urfu/urfu_3s_mlops-3/env/lib/python3.10/site-packages/airflow/example_dags/example_xcom.py for tasks to queue
[2024-02-03T04:03:21.450+0400] {logging_mixin.py:188} INFO - [2024-02-03T04:03:21.450+0400] {dagbag.py:538} INFO - Filling up the DagBag from /home/reurairin/projects/urfu/urfu_3s_mlops-3/env/lib/python3.10/site-packages/airflow/example_dags/example_xcom.py
[2024-02-03T04:03:21.455+0400] {processor.py:840} INFO - DAG(s) 'example_xcom' retrieved from /home/reurairin/projects/urfu/urfu_3s_mlops-3/env/lib/python3.10/site-packages/airflow/example_dags/example_xcom.py
[2024-02-03T04:03:21.467+0400] {logging_mixin.py:188} INFO - [2024-02-03T04:03:21.466+0400] {dag.py:3036} INFO - Sync 1 DAGs
[2024-02-03T04:03:21.478+0400] {logging_mixin.py:188} INFO - [2024-02-03T04:03:21.478+0400] {dag.py:3823} INFO - Setting next_dagrun for example_xcom to 2021-01-01 00:00:00+00:00, run_after=2021-01-01 00:00:00+00:00
[2024-02-03T04:03:21.495+0400] {processor.py:183} INFO - Processing /home/reurairin/projects/urfu/urfu_3s_mlops-3/env/lib/python3.10/site-packages/airflow/example_dags/example_xcom.py took 0.055 seconds
[2024-02-03T04:03:57.194+0400] {processor.py:161} INFO - Started process (PID=6616) to work on /home/reurairin/projects/urfu/urfu_3s_mlops-3/env/lib/python3.10/site-packages/airflow/example_dags/example_xcom.py
[2024-02-03T04:03:57.202+0400] {processor.py:830} INFO - Processing file /home/reurairin/projects/urfu/urfu_3s_mlops-3/env/lib/python3.10/site-packages/airflow/example_dags/example_xcom.py for tasks to queue
[2024-02-03T04:03:57.203+0400] {logging_mixin.py:188} INFO - [2024-02-03T04:03:57.202+0400] {dagbag.py:538} INFO - Filling up the DagBag from /home/reurairin/projects/urfu/urfu_3s_mlops-3/env/lib/python3.10/site-packages/airflow/example_dags/example_xcom.py
[2024-02-03T04:03:57.209+0400] {processor.py:840} INFO - DAG(s) 'example_xcom' retrieved from /home/reurairin/projects/urfu/urfu_3s_mlops-3/env/lib/python3.10/site-packages/airflow/example_dags/example_xcom.py
[2024-02-03T04:03:57.222+0400] {logging_mixin.py:188} INFO - [2024-02-03T04:03:57.222+0400] {dag.py:3036} INFO - Sync 1 DAGs
[2024-02-03T04:03:57.240+0400] {logging_mixin.py:188} INFO - [2024-02-03T04:03:57.240+0400] {dag.py:3823} INFO - Setting next_dagrun for example_xcom to 2021-01-01 00:00:00+00:00, run_after=2021-01-01 00:00:00+00:00
[2024-02-03T04:03:57.264+0400] {processor.py:183} INFO - Processing /home/reurairin/projects/urfu/urfu_3s_mlops-3/env/lib/python3.10/site-packages/airflow/example_dags/example_xcom.py took 0.073 seconds
[2024-02-03T04:04:30.015+0400] {processor.py:161} INFO - Started process (PID=6760) to work on /home/reurairin/projects/urfu/urfu_3s_mlops-3/env/lib/python3.10/site-packages/airflow/example_dags/example_xcom.py
[2024-02-03T04:04:30.016+0400] {processor.py:830} INFO - Processing file /home/reurairin/projects/urfu/urfu_3s_mlops-3/env/lib/python3.10/site-packages/airflow/example_dags/example_xcom.py for tasks to queue
[2024-02-03T04:04:30.017+0400] {logging_mixin.py:188} INFO - [2024-02-03T04:04:30.017+0400] {dagbag.py:538} INFO - Filling up the DagBag from /home/reurairin/projects/urfu/urfu_3s_mlops-3/env/lib/python3.10/site-packages/airflow/example_dags/example_xcom.py
[2024-02-03T04:04:30.021+0400] {processor.py:840} INFO - DAG(s) 'example_xcom' retrieved from /home/reurairin/projects/urfu/urfu_3s_mlops-3/env/lib/python3.10/site-packages/airflow/example_dags/example_xcom.py
[2024-02-03T04:04:30.032+0400] {logging_mixin.py:188} INFO - [2024-02-03T04:04:30.032+0400] {dag.py:3036} INFO - Sync 1 DAGs
[2024-02-03T04:04:30.044+0400] {logging_mixin.py:188} INFO - [2024-02-03T04:04:30.043+0400] {dag.py:3823} INFO - Setting next_dagrun for example_xcom to 2021-01-01 00:00:00+00:00, run_after=2021-01-01 00:00:00+00:00
[2024-02-03T04:04:30.059+0400] {processor.py:183} INFO - Processing /home/reurairin/projects/urfu/urfu_3s_mlops-3/env/lib/python3.10/site-packages/airflow/example_dags/example_xcom.py took 0.045 seconds
[2024-02-03T04:05:02.676+0400] {processor.py:161} INFO - Started process (PID=6901) to work on /home/reurairin/projects/urfu/urfu_3s_mlops-3/env/lib/python3.10/site-packages/airflow/example_dags/example_xcom.py
[2024-02-03T04:05:02.677+0400] {processor.py:830} INFO - Processing file /home/reurairin/projects/urfu/urfu_3s_mlops-3/env/lib/python3.10/site-packages/airflow/example_dags/example_xcom.py for tasks to queue
[2024-02-03T04:05:02.677+0400] {logging_mixin.py:188} INFO - [2024-02-03T04:05:02.677+0400] {dagbag.py:538} INFO - Filling up the DagBag from /home/reurairin/projects/urfu/urfu_3s_mlops-3/env/lib/python3.10/site-packages/airflow/example_dags/example_xcom.py
[2024-02-03T04:05:02.682+0400] {processor.py:840} INFO - DAG(s) 'example_xcom' retrieved from /home/reurairin/projects/urfu/urfu_3s_mlops-3/env/lib/python3.10/site-packages/airflow/example_dags/example_xcom.py
[2024-02-03T04:05:02.692+0400] {logging_mixin.py:188} INFO - [2024-02-03T04:05:02.692+0400] {dag.py:3036} INFO - Sync 1 DAGs
[2024-02-03T04:05:02.703+0400] {logging_mixin.py:188} INFO - [2024-02-03T04:05:02.702+0400] {dag.py:3823} INFO - Setting next_dagrun for example_xcom to 2021-01-01 00:00:00+00:00, run_after=2021-01-01 00:00:00+00:00
[2024-02-03T04:05:02.717+0400] {processor.py:183} INFO - Processing /home/reurairin/projects/urfu/urfu_3s_mlops-3/env/lib/python3.10/site-packages/airflow/example_dags/example_xcom.py took 0.043 seconds
[2024-02-03T04:05:42.781+0400] {processor.py:161} INFO - Started process (PID=7069) to work on /home/reurairin/projects/urfu/urfu_3s_mlops-3/env/lib/python3.10/site-packages/airflow/example_dags/example_xcom.py
[2024-02-03T04:05:42.782+0400] {processor.py:830} INFO - Processing file /home/reurairin/projects/urfu/urfu_3s_mlops-3/env/lib/python3.10/site-packages/airflow/example_dags/example_xcom.py for tasks to queue
[2024-02-03T04:05:42.782+0400] {logging_mixin.py:188} INFO - [2024-02-03T04:05:42.782+0400] {dagbag.py:538} INFO - Filling up the DagBag from /home/reurairin/projects/urfu/urfu_3s_mlops-3/env/lib/python3.10/site-packages/airflow/example_dags/example_xcom.py
[2024-02-03T04:05:42.788+0400] {processor.py:840} INFO - DAG(s) 'example_xcom' retrieved from /home/reurairin/projects/urfu/urfu_3s_mlops-3/env/lib/python3.10/site-packages/airflow/example_dags/example_xcom.py
[2024-02-03T04:05:42.798+0400] {logging_mixin.py:188} INFO - [2024-02-03T04:05:42.798+0400] {dag.py:3036} INFO - Sync 1 DAGs
[2024-02-03T04:05:42.811+0400] {logging_mixin.py:188} INFO - [2024-02-03T04:05:42.810+0400] {dag.py:3823} INFO - Setting next_dagrun for example_xcom to 2021-01-01 00:00:00+00:00, run_after=2021-01-01 00:00:00+00:00
[2024-02-03T04:05:42.825+0400] {processor.py:183} INFO - Processing /home/reurairin/projects/urfu/urfu_3s_mlops-3/env/lib/python3.10/site-packages/airflow/example_dags/example_xcom.py took 0.046 seconds
[2024-02-03T04:06:14.743+0400] {processor.py:161} INFO - Started process (PID=7260) to work on /home/reurairin/projects/urfu/urfu_3s_mlops-3/env/lib/python3.10/site-packages/airflow/example_dags/example_xcom.py
[2024-02-03T04:06:14.750+0400] {processor.py:830} INFO - Processing file /home/reurairin/projects/urfu/urfu_3s_mlops-3/env/lib/python3.10/site-packages/airflow/example_dags/example_xcom.py for tasks to queue
[2024-02-03T04:06:14.750+0400] {logging_mixin.py:188} INFO - [2024-02-03T04:06:14.750+0400] {dagbag.py:538} INFO - Filling up the DagBag from /home/reurairin/projects/urfu/urfu_3s_mlops-3/env/lib/python3.10/site-packages/airflow/example_dags/example_xcom.py
[2024-02-03T04:06:14.755+0400] {processor.py:840} INFO - DAG(s) 'example_xcom' retrieved from /home/reurairin/projects/urfu/urfu_3s_mlops-3/env/lib/python3.10/site-packages/airflow/example_dags/example_xcom.py
[2024-02-03T04:06:14.764+0400] {logging_mixin.py:188} INFO - [2024-02-03T04:06:14.764+0400] {dag.py:3036} INFO - Sync 1 DAGs
[2024-02-03T04:06:14.775+0400] {logging_mixin.py:188} INFO - [2024-02-03T04:06:14.775+0400] {dag.py:3823} INFO - Setting next_dagrun for example_xcom to 2021-01-01 00:00:00+00:00, run_after=2021-01-01 00:00:00+00:00
[2024-02-03T04:06:14.791+0400] {processor.py:183} INFO - Processing /home/reurairin/projects/urfu/urfu_3s_mlops-3/env/lib/python3.10/site-packages/airflow/example_dags/example_xcom.py took 0.050 seconds
[2024-02-03T04:06:47.258+0400] {processor.py:161} INFO - Started process (PID=7389) to work on /home/reurairin/projects/urfu/urfu_3s_mlops-3/env/lib/python3.10/site-packages/airflow/example_dags/example_xcom.py
[2024-02-03T04:06:47.259+0400] {processor.py:830} INFO - Processing file /home/reurairin/projects/urfu/urfu_3s_mlops-3/env/lib/python3.10/site-packages/airflow/example_dags/example_xcom.py for tasks to queue
[2024-02-03T04:06:47.259+0400] {logging_mixin.py:188} INFO - [2024-02-03T04:06:47.259+0400] {dagbag.py:538} INFO - Filling up the DagBag from /home/reurairin/projects/urfu/urfu_3s_mlops-3/env/lib/python3.10/site-packages/airflow/example_dags/example_xcom.py
[2024-02-03T04:06:47.265+0400] {processor.py:840} INFO - DAG(s) 'example_xcom' retrieved from /home/reurairin/projects/urfu/urfu_3s_mlops-3/env/lib/python3.10/site-packages/airflow/example_dags/example_xcom.py
[2024-02-03T04:06:47.277+0400] {logging_mixin.py:188} INFO - [2024-02-03T04:06:47.277+0400] {dag.py:3036} INFO - Sync 1 DAGs
[2024-02-03T04:06:47.288+0400] {logging_mixin.py:188} INFO - [2024-02-03T04:06:47.288+0400] {dag.py:3823} INFO - Setting next_dagrun for example_xcom to 2021-01-01 00:00:00+00:00, run_after=2021-01-01 00:00:00+00:00
[2024-02-03T04:06:47.302+0400] {processor.py:183} INFO - Processing /home/reurairin/projects/urfu/urfu_3s_mlops-3/env/lib/python3.10/site-packages/airflow/example_dags/example_xcom.py took 0.045 seconds
[2024-02-03T04:07:25.875+0400] {processor.py:161} INFO - Started process (PID=7562) to work on /home/reurairin/projects/urfu/urfu_3s_mlops-3/env/lib/python3.10/site-packages/airflow/example_dags/example_xcom.py
[2024-02-03T04:07:25.877+0400] {processor.py:830} INFO - Processing file /home/reurairin/projects/urfu/urfu_3s_mlops-3/env/lib/python3.10/site-packages/airflow/example_dags/example_xcom.py for tasks to queue
[2024-02-03T04:07:25.877+0400] {logging_mixin.py:188} INFO - [2024-02-03T04:07:25.877+0400] {dagbag.py:538} INFO - Filling up the DagBag from /home/reurairin/projects/urfu/urfu_3s_mlops-3/env/lib/python3.10/site-packages/airflow/example_dags/example_xcom.py
[2024-02-03T04:07:25.882+0400] {processor.py:840} INFO - DAG(s) 'example_xcom' retrieved from /home/reurairin/projects/urfu/urfu_3s_mlops-3/env/lib/python3.10/site-packages/airflow/example_dags/example_xcom.py
[2024-02-03T04:07:25.891+0400] {logging_mixin.py:188} INFO - [2024-02-03T04:07:25.891+0400] {dag.py:3036} INFO - Sync 1 DAGs
[2024-02-03T04:07:25.900+0400] {logging_mixin.py:188} INFO - [2024-02-03T04:07:25.900+0400] {dag.py:3823} INFO - Setting next_dagrun for example_xcom to 2021-01-01 00:00:00+00:00, run_after=2021-01-01 00:00:00+00:00
[2024-02-03T04:07:25.913+0400] {processor.py:183} INFO - Processing /home/reurairin/projects/urfu/urfu_3s_mlops-3/env/lib/python3.10/site-packages/airflow/example_dags/example_xcom.py took 0.040 seconds
[2024-02-03T04:08:01.571+0400] {processor.py:161} INFO - Started process (PID=7720) to work on /home/reurairin/projects/urfu/urfu_3s_mlops-3/env/lib/python3.10/site-packages/airflow/example_dags/example_xcom.py
[2024-02-03T04:08:01.578+0400] {processor.py:830} INFO - Processing file /home/reurairin/projects/urfu/urfu_3s_mlops-3/env/lib/python3.10/site-packages/airflow/example_dags/example_xcom.py for tasks to queue
[2024-02-03T04:08:01.579+0400] {logging_mixin.py:188} INFO - [2024-02-03T04:08:01.579+0400] {dagbag.py:538} INFO - Filling up the DagBag from /home/reurairin/projects/urfu/urfu_3s_mlops-3/env/lib/python3.10/site-packages/airflow/example_dags/example_xcom.py
[2024-02-03T04:08:01.584+0400] {processor.py:840} INFO - DAG(s) 'example_xcom' retrieved from /home/reurairin/projects/urfu/urfu_3s_mlops-3/env/lib/python3.10/site-packages/airflow/example_dags/example_xcom.py
[2024-02-03T04:08:01.592+0400] {logging_mixin.py:188} INFO - [2024-02-03T04:08:01.592+0400] {dag.py:3036} INFO - Sync 1 DAGs
[2024-02-03T04:08:01.601+0400] {logging_mixin.py:188} INFO - [2024-02-03T04:08:01.601+0400] {dag.py:3823} INFO - Setting next_dagrun for example_xcom to 2021-01-01 00:00:00+00:00, run_after=2021-01-01 00:00:00+00:00
[2024-02-03T04:08:01.613+0400] {processor.py:183} INFO - Processing /home/reurairin/projects/urfu/urfu_3s_mlops-3/env/lib/python3.10/site-packages/airflow/example_dags/example_xcom.py took 0.044 seconds
[2024-02-03T04:08:34.378+0400] {processor.py:161} INFO - Started process (PID=7863) to work on /home/reurairin/projects/urfu/urfu_3s_mlops-3/env/lib/python3.10/site-packages/airflow/example_dags/example_xcom.py
[2024-02-03T04:08:34.378+0400] {processor.py:830} INFO - Processing file /home/reurairin/projects/urfu/urfu_3s_mlops-3/env/lib/python3.10/site-packages/airflow/example_dags/example_xcom.py for tasks to queue
[2024-02-03T04:08:34.379+0400] {logging_mixin.py:188} INFO - [2024-02-03T04:08:34.378+0400] {dagbag.py:538} INFO - Filling up the DagBag from /home/reurairin/projects/urfu/urfu_3s_mlops-3/env/lib/python3.10/site-packages/airflow/example_dags/example_xcom.py
[2024-02-03T04:08:34.385+0400] {processor.py:840} INFO - DAG(s) 'example_xcom' retrieved from /home/reurairin/projects/urfu/urfu_3s_mlops-3/env/lib/python3.10/site-packages/airflow/example_dags/example_xcom.py
[2024-02-03T04:08:34.396+0400] {logging_mixin.py:188} INFO - [2024-02-03T04:08:34.396+0400] {dag.py:3036} INFO - Sync 1 DAGs
[2024-02-03T04:08:34.406+0400] {logging_mixin.py:188} INFO - [2024-02-03T04:08:34.406+0400] {dag.py:3823} INFO - Setting next_dagrun for example_xcom to 2021-01-01 00:00:00+00:00, run_after=2021-01-01 00:00:00+00:00
[2024-02-03T04:08:34.420+0400] {processor.py:183} INFO - Processing /home/reurairin/projects/urfu/urfu_3s_mlops-3/env/lib/python3.10/site-packages/airflow/example_dags/example_xcom.py took 0.044 seconds
[2024-02-03T04:09:08.288+0400] {processor.py:161} INFO - Started process (PID=8000) to work on /home/reurairin/projects/urfu/urfu_3s_mlops-3/env/lib/python3.10/site-packages/airflow/example_dags/example_xcom.py
[2024-02-03T04:09:08.295+0400] {processor.py:830} INFO - Processing file /home/reurairin/projects/urfu/urfu_3s_mlops-3/env/lib/python3.10/site-packages/airflow/example_dags/example_xcom.py for tasks to queue
[2024-02-03T04:09:08.295+0400] {logging_mixin.py:188} INFO - [2024-02-03T04:09:08.295+0400] {dagbag.py:538} INFO - Filling up the DagBag from /home/reurairin/projects/urfu/urfu_3s_mlops-3/env/lib/python3.10/site-packages/airflow/example_dags/example_xcom.py
[2024-02-03T04:09:08.300+0400] {processor.py:840} INFO - DAG(s) 'example_xcom' retrieved from /home/reurairin/projects/urfu/urfu_3s_mlops-3/env/lib/python3.10/site-packages/airflow/example_dags/example_xcom.py
[2024-02-03T04:09:08.309+0400] {logging_mixin.py:188} INFO - [2024-02-03T04:09:08.308+0400] {dag.py:3036} INFO - Sync 1 DAGs
[2024-02-03T04:09:08.318+0400] {logging_mixin.py:188} INFO - [2024-02-03T04:09:08.318+0400] {dag.py:3823} INFO - Setting next_dagrun for example_xcom to 2021-01-01 00:00:00+00:00, run_after=2021-01-01 00:00:00+00:00
[2024-02-03T04:09:08.334+0400] {processor.py:183} INFO - Processing /home/reurairin/projects/urfu/urfu_3s_mlops-3/env/lib/python3.10/site-packages/airflow/example_dags/example_xcom.py took 0.048 seconds
[2024-02-03T04:09:41.522+0400] {processor.py:161} INFO - Started process (PID=8198) to work on /home/reurairin/projects/urfu/urfu_3s_mlops-3/env/lib/python3.10/site-packages/airflow/example_dags/example_xcom.py
[2024-02-03T04:09:41.530+0400] {processor.py:830} INFO - Processing file /home/reurairin/projects/urfu/urfu_3s_mlops-3/env/lib/python3.10/site-packages/airflow/example_dags/example_xcom.py for tasks to queue
[2024-02-03T04:09:41.530+0400] {logging_mixin.py:188} INFO - [2024-02-03T04:09:41.530+0400] {dagbag.py:538} INFO - Filling up the DagBag from /home/reurairin/projects/urfu/urfu_3s_mlops-3/env/lib/python3.10/site-packages/airflow/example_dags/example_xcom.py
[2024-02-03T04:09:41.535+0400] {processor.py:840} INFO - DAG(s) 'example_xcom' retrieved from /home/reurairin/projects/urfu/urfu_3s_mlops-3/env/lib/python3.10/site-packages/airflow/example_dags/example_xcom.py
[2024-02-03T04:09:41.544+0400] {logging_mixin.py:188} INFO - [2024-02-03T04:09:41.544+0400] {dag.py:3036} INFO - Sync 1 DAGs
[2024-02-03T04:09:41.555+0400] {logging_mixin.py:188} INFO - [2024-02-03T04:09:41.555+0400] {dag.py:3823} INFO - Setting next_dagrun for example_xcom to 2021-01-01 00:00:00+00:00, run_after=2021-01-01 00:00:00+00:00
[2024-02-03T04:09:41.572+0400] {processor.py:183} INFO - Processing /home/reurairin/projects/urfu/urfu_3s_mlops-3/env/lib/python3.10/site-packages/airflow/example_dags/example_xcom.py took 0.051 seconds
