[2024-02-03T04:00:47.284+0400] {processor.py:161} INFO - Started process (PID=5804) to work on /home/reurairin/projects/urfu/urfu_3s_mlops-3/env/lib/python3.10/site-packages/airflow/example_dags/example_xcomargs.py
[2024-02-03T04:00:47.284+0400] {processor.py:830} INFO - Processing file /home/reurairin/projects/urfu/urfu_3s_mlops-3/env/lib/python3.10/site-packages/airflow/example_dags/example_xcomargs.py for tasks to queue
[2024-02-03T04:00:47.285+0400] {logging_mixin.py:188} INFO - [2024-02-03T04:00:47.285+0400] {dagbag.py:538} INFO - Filling up the DagBag from /home/reurairin/projects/urfu/urfu_3s_mlops-3/env/lib/python3.10/site-packages/airflow/example_dags/example_xcomargs.py
[2024-02-03T04:00:47.291+0400] {processor.py:840} INFO - DAG(s) 'example_xcom_args', 'example_xcom_args_with_operators' retrieved from /home/reurairin/projects/urfu/urfu_3s_mlops-3/env/lib/python3.10/site-packages/airflow/example_dags/example_xcomargs.py
[2024-02-03T04:00:47.303+0400] {logging_mixin.py:188} INFO - [2024-02-03T04:00:47.303+0400] {dag.py:3036} INFO - Sync 2 DAGs
[2024-02-03T04:00:47.310+0400] {logging_mixin.py:188} INFO - [2024-02-03T04:00:47.310+0400] {dag.py:3823} INFO - Setting next_dagrun for example_xcom_args to None, run_after=None
[2024-02-03T04:00:47.312+0400] {logging_mixin.py:188} INFO - [2024-02-03T04:00:47.312+0400] {dag.py:3823} INFO - Setting next_dagrun for example_xcom_args_with_operators to None, run_after=None
[2024-02-03T04:00:47.326+0400] {processor.py:183} INFO - Processing /home/reurairin/projects/urfu/urfu_3s_mlops-3/env/lib/python3.10/site-packages/airflow/example_dags/example_xcomargs.py took 0.044 seconds
[2024-02-03T04:01:23.602+0400] {processor.py:161} INFO - Started process (PID=5963) to work on /home/reurairin/projects/urfu/urfu_3s_mlops-3/env/lib/python3.10/site-packages/airflow/example_dags/example_xcomargs.py
[2024-02-03T04:01:23.609+0400] {processor.py:830} INFO - Processing file /home/reurairin/projects/urfu/urfu_3s_mlops-3/env/lib/python3.10/site-packages/airflow/example_dags/example_xcomargs.py for tasks to queue
[2024-02-03T04:01:23.610+0400] {logging_mixin.py:188} INFO - [2024-02-03T04:01:23.610+0400] {dagbag.py:538} INFO - Filling up the DagBag from /home/reurairin/projects/urfu/urfu_3s_mlops-3/env/lib/python3.10/site-packages/airflow/example_dags/example_xcomargs.py
[2024-02-03T04:01:23.615+0400] {processor.py:840} INFO - DAG(s) 'example_xcom_args_with_operators', 'example_xcom_args' retrieved from /home/reurairin/projects/urfu/urfu_3s_mlops-3/env/lib/python3.10/site-packages/airflow/example_dags/example_xcomargs.py
[2024-02-03T04:01:23.627+0400] {logging_mixin.py:188} INFO - [2024-02-03T04:01:23.626+0400] {dag.py:3036} INFO - Sync 2 DAGs
[2024-02-03T04:01:23.634+0400] {logging_mixin.py:188} INFO - [2024-02-03T04:01:23.634+0400] {dag.py:3823} INFO - Setting next_dagrun for example_xcom_args to None, run_after=None
[2024-02-03T04:01:23.636+0400] {logging_mixin.py:188} INFO - [2024-02-03T04:01:23.635+0400] {dag.py:3823} INFO - Setting next_dagrun for example_xcom_args_with_operators to None, run_after=None
[2024-02-03T04:01:23.648+0400] {processor.py:183} INFO - Processing /home/reurairin/projects/urfu/urfu_3s_mlops-3/env/lib/python3.10/site-packages/airflow/example_dags/example_xcomargs.py took 0.048 seconds
[2024-02-03T04:02:12.430+0400] {processor.py:161} INFO - Started process (PID=6171) to work on /home/reurairin/projects/urfu/urfu_3s_mlops-3/env/lib/python3.10/site-packages/airflow/example_dags/example_xcomargs.py
[2024-02-03T04:02:12.437+0400] {processor.py:830} INFO - Processing file /home/reurairin/projects/urfu/urfu_3s_mlops-3/env/lib/python3.10/site-packages/airflow/example_dags/example_xcomargs.py for tasks to queue
[2024-02-03T04:02:12.438+0400] {logging_mixin.py:188} INFO - [2024-02-03T04:02:12.437+0400] {dagbag.py:538} INFO - Filling up the DagBag from /home/reurairin/projects/urfu/urfu_3s_mlops-3/env/lib/python3.10/site-packages/airflow/example_dags/example_xcomargs.py
[2024-02-03T04:02:12.443+0400] {processor.py:840} INFO - DAG(s) 'example_xcom_args_with_operators', 'example_xcom_args' retrieved from /home/reurairin/projects/urfu/urfu_3s_mlops-3/env/lib/python3.10/site-packages/airflow/example_dags/example_xcomargs.py
[2024-02-03T04:02:12.453+0400] {logging_mixin.py:188} INFO - [2024-02-03T04:02:12.453+0400] {dag.py:3036} INFO - Sync 2 DAGs
[2024-02-03T04:02:12.459+0400] {logging_mixin.py:188} INFO - [2024-02-03T04:02:12.459+0400] {dag.py:3823} INFO - Setting next_dagrun for example_xcom_args to None, run_after=None
[2024-02-03T04:02:12.461+0400] {logging_mixin.py:188} INFO - [2024-02-03T04:02:12.461+0400] {dag.py:3823} INFO - Setting next_dagrun for example_xcom_args_with_operators to None, run_after=None
[2024-02-03T04:02:12.478+0400] {processor.py:183} INFO - Processing /home/reurairin/projects/urfu/urfu_3s_mlops-3/env/lib/python3.10/site-packages/airflow/example_dags/example_xcomargs.py took 0.050 seconds
[2024-02-03T04:03:05.050+0400] {processor.py:161} INFO - Started process (PID=6395) to work on /home/reurairin/projects/urfu/urfu_3s_mlops-3/env/lib/python3.10/site-packages/airflow/example_dags/example_xcomargs.py
[2024-02-03T04:03:05.051+0400] {processor.py:830} INFO - Processing file /home/reurairin/projects/urfu/urfu_3s_mlops-3/env/lib/python3.10/site-packages/airflow/example_dags/example_xcomargs.py for tasks to queue
[2024-02-03T04:03:05.051+0400] {logging_mixin.py:188} INFO - [2024-02-03T04:03:05.051+0400] {dagbag.py:538} INFO - Filling up the DagBag from /home/reurairin/projects/urfu/urfu_3s_mlops-3/env/lib/python3.10/site-packages/airflow/example_dags/example_xcomargs.py
[2024-02-03T04:03:05.056+0400] {processor.py:840} INFO - DAG(s) 'example_xcom_args_with_operators', 'example_xcom_args' retrieved from /home/reurairin/projects/urfu/urfu_3s_mlops-3/env/lib/python3.10/site-packages/airflow/example_dags/example_xcomargs.py
[2024-02-03T04:03:05.066+0400] {logging_mixin.py:188} INFO - [2024-02-03T04:03:05.066+0400] {dag.py:3036} INFO - Sync 2 DAGs
[2024-02-03T04:03:05.072+0400] {logging_mixin.py:188} INFO - [2024-02-03T04:03:05.072+0400] {dag.py:3823} INFO - Setting next_dagrun for example_xcom_args to None, run_after=None
[2024-02-03T04:03:05.073+0400] {logging_mixin.py:188} INFO - [2024-02-03T04:03:05.073+0400] {dag.py:3823} INFO - Setting next_dagrun for example_xcom_args_with_operators to None, run_after=None
[2024-02-03T04:03:05.085+0400] {processor.py:183} INFO - Processing /home/reurairin/projects/urfu/urfu_3s_mlops-3/env/lib/python3.10/site-packages/airflow/example_dags/example_xcomargs.py took 0.037 seconds
[2024-02-03T04:03:42.054+0400] {processor.py:161} INFO - Started process (PID=6553) to work on /home/reurairin/projects/urfu/urfu_3s_mlops-3/env/lib/python3.10/site-packages/airflow/example_dags/example_xcomargs.py
[2024-02-03T04:03:42.062+0400] {processor.py:830} INFO - Processing file /home/reurairin/projects/urfu/urfu_3s_mlops-3/env/lib/python3.10/site-packages/airflow/example_dags/example_xcomargs.py for tasks to queue
[2024-02-03T04:03:42.063+0400] {logging_mixin.py:188} INFO - [2024-02-03T04:03:42.063+0400] {dagbag.py:538} INFO - Filling up the DagBag from /home/reurairin/projects/urfu/urfu_3s_mlops-3/env/lib/python3.10/site-packages/airflow/example_dags/example_xcomargs.py
[2024-02-03T04:03:42.069+0400] {processor.py:840} INFO - DAG(s) 'example_xcom_args', 'example_xcom_args_with_operators' retrieved from /home/reurairin/projects/urfu/urfu_3s_mlops-3/env/lib/python3.10/site-packages/airflow/example_dags/example_xcomargs.py
[2024-02-03T04:03:42.086+0400] {logging_mixin.py:188} INFO - [2024-02-03T04:03:42.086+0400] {dag.py:3036} INFO - Sync 2 DAGs
[2024-02-03T04:03:42.094+0400] {logging_mixin.py:188} INFO - [2024-02-03T04:03:42.093+0400] {dag.py:3823} INFO - Setting next_dagrun for example_xcom_args to None, run_after=None
[2024-02-03T04:03:42.096+0400] {logging_mixin.py:188} INFO - [2024-02-03T04:03:42.095+0400] {dag.py:3823} INFO - Setting next_dagrun for example_xcom_args_with_operators to None, run_after=None
[2024-02-03T04:03:42.113+0400] {processor.py:183} INFO - Processing /home/reurairin/projects/urfu/urfu_3s_mlops-3/env/lib/python3.10/site-packages/airflow/example_dags/example_xcomargs.py took 0.061 seconds
[2024-02-03T04:04:18.010+0400] {processor.py:161} INFO - Started process (PID=6710) to work on /home/reurairin/projects/urfu/urfu_3s_mlops-3/env/lib/python3.10/site-packages/airflow/example_dags/example_xcomargs.py
[2024-02-03T04:04:18.017+0400] {processor.py:830} INFO - Processing file /home/reurairin/projects/urfu/urfu_3s_mlops-3/env/lib/python3.10/site-packages/airflow/example_dags/example_xcomargs.py for tasks to queue
[2024-02-03T04:04:18.018+0400] {logging_mixin.py:188} INFO - [2024-02-03T04:04:18.018+0400] {dagbag.py:538} INFO - Filling up the DagBag from /home/reurairin/projects/urfu/urfu_3s_mlops-3/env/lib/python3.10/site-packages/airflow/example_dags/example_xcomargs.py
[2024-02-03T04:04:18.023+0400] {processor.py:840} INFO - DAG(s) 'example_xcom_args', 'example_xcom_args_with_operators' retrieved from /home/reurairin/projects/urfu/urfu_3s_mlops-3/env/lib/python3.10/site-packages/airflow/example_dags/example_xcomargs.py
[2024-02-03T04:04:18.033+0400] {logging_mixin.py:188} INFO - [2024-02-03T04:04:18.033+0400] {dag.py:3036} INFO - Sync 2 DAGs
[2024-02-03T04:04:18.039+0400] {logging_mixin.py:188} INFO - [2024-02-03T04:04:18.039+0400] {dag.py:3823} INFO - Setting next_dagrun for example_xcom_args to None, run_after=None
[2024-02-03T04:04:18.040+0400] {logging_mixin.py:188} INFO - [2024-02-03T04:04:18.040+0400] {dag.py:3823} INFO - Setting next_dagrun for example_xcom_args_with_operators to None, run_after=None
[2024-02-03T04:04:18.053+0400] {processor.py:183} INFO - Processing /home/reurairin/projects/urfu/urfu_3s_mlops-3/env/lib/python3.10/site-packages/airflow/example_dags/example_xcomargs.py took 0.044 seconds
[2024-02-03T04:05:07.590+0400] {processor.py:161} INFO - Started process (PID=6918) to work on /home/reurairin/projects/urfu/urfu_3s_mlops-3/env/lib/python3.10/site-packages/airflow/example_dags/example_xcomargs.py
[2024-02-03T04:05:07.597+0400] {processor.py:830} INFO - Processing file /home/reurairin/projects/urfu/urfu_3s_mlops-3/env/lib/python3.10/site-packages/airflow/example_dags/example_xcomargs.py for tasks to queue
[2024-02-03T04:05:07.598+0400] {logging_mixin.py:188} INFO - [2024-02-03T04:05:07.598+0400] {dagbag.py:538} INFO - Filling up the DagBag from /home/reurairin/projects/urfu/urfu_3s_mlops-3/env/lib/python3.10/site-packages/airflow/example_dags/example_xcomargs.py
[2024-02-03T04:05:07.604+0400] {processor.py:840} INFO - DAG(s) 'example_xcom_args_with_operators', 'example_xcom_args' retrieved from /home/reurairin/projects/urfu/urfu_3s_mlops-3/env/lib/python3.10/site-packages/airflow/example_dags/example_xcomargs.py
[2024-02-03T04:05:07.617+0400] {logging_mixin.py:188} INFO - [2024-02-03T04:05:07.617+0400] {dag.py:3036} INFO - Sync 2 DAGs
[2024-02-03T04:05:07.625+0400] {logging_mixin.py:188} INFO - [2024-02-03T04:05:07.625+0400] {dag.py:3823} INFO - Setting next_dagrun for example_xcom_args to None, run_after=None
[2024-02-03T04:05:07.628+0400] {logging_mixin.py:188} INFO - [2024-02-03T04:05:07.628+0400] {dag.py:3823} INFO - Setting next_dagrun for example_xcom_args_with_operators to None, run_after=None
[2024-02-03T04:05:07.642+0400] {processor.py:183} INFO - Processing /home/reurairin/projects/urfu/urfu_3s_mlops-3/env/lib/python3.10/site-packages/airflow/example_dags/example_xcomargs.py took 0.054 seconds
[2024-02-03T04:05:45.649+0400] {processor.py:161} INFO - Started process (PID=7083) to work on /home/reurairin/projects/urfu/urfu_3s_mlops-3/env/lib/python3.10/site-packages/airflow/example_dags/example_xcomargs.py
[2024-02-03T04:05:45.650+0400] {processor.py:830} INFO - Processing file /home/reurairin/projects/urfu/urfu_3s_mlops-3/env/lib/python3.10/site-packages/airflow/example_dags/example_xcomargs.py for tasks to queue
[2024-02-03T04:05:45.651+0400] {logging_mixin.py:188} INFO - [2024-02-03T04:05:45.651+0400] {dagbag.py:538} INFO - Filling up the DagBag from /home/reurairin/projects/urfu/urfu_3s_mlops-3/env/lib/python3.10/site-packages/airflow/example_dags/example_xcomargs.py
[2024-02-03T04:05:45.656+0400] {processor.py:840} INFO - DAG(s) 'example_xcom_args', 'example_xcom_args_with_operators' retrieved from /home/reurairin/projects/urfu/urfu_3s_mlops-3/env/lib/python3.10/site-packages/airflow/example_dags/example_xcomargs.py
[2024-02-03T04:05:45.667+0400] {logging_mixin.py:188} INFO - [2024-02-03T04:05:45.667+0400] {dag.py:3036} INFO - Sync 2 DAGs
[2024-02-03T04:05:45.674+0400] {logging_mixin.py:188} INFO - [2024-02-03T04:05:45.674+0400] {dag.py:3823} INFO - Setting next_dagrun for example_xcom_args to None, run_after=None
[2024-02-03T04:05:45.676+0400] {logging_mixin.py:188} INFO - [2024-02-03T04:05:45.676+0400] {dag.py:3823} INFO - Setting next_dagrun for example_xcom_args_with_operators to None, run_after=None
[2024-02-03T04:05:45.689+0400] {processor.py:183} INFO - Processing /home/reurairin/projects/urfu/urfu_3s_mlops-3/env/lib/python3.10/site-packages/airflow/example_dags/example_xcomargs.py took 0.042 seconds
[2024-02-03T04:06:32.989+0400] {processor.py:161} INFO - Started process (PID=7332) to work on /home/reurairin/projects/urfu/urfu_3s_mlops-3/env/lib/python3.10/site-packages/airflow/example_dags/example_xcomargs.py
[2024-02-03T04:06:32.990+0400] {processor.py:830} INFO - Processing file /home/reurairin/projects/urfu/urfu_3s_mlops-3/env/lib/python3.10/site-packages/airflow/example_dags/example_xcomargs.py for tasks to queue
[2024-02-03T04:06:32.991+0400] {logging_mixin.py:188} INFO - [2024-02-03T04:06:32.991+0400] {dagbag.py:538} INFO - Filling up the DagBag from /home/reurairin/projects/urfu/urfu_3s_mlops-3/env/lib/python3.10/site-packages/airflow/example_dags/example_xcomargs.py
[2024-02-03T04:06:32.997+0400] {processor.py:840} INFO - DAG(s) 'example_xcom_args_with_operators', 'example_xcom_args' retrieved from /home/reurairin/projects/urfu/urfu_3s_mlops-3/env/lib/python3.10/site-packages/airflow/example_dags/example_xcomargs.py
[2024-02-03T04:06:33.012+0400] {logging_mixin.py:188} INFO - [2024-02-03T04:06:33.012+0400] {dag.py:3036} INFO - Sync 2 DAGs
[2024-02-03T04:06:33.021+0400] {logging_mixin.py:188} INFO - [2024-02-03T04:06:33.021+0400] {dag.py:3823} INFO - Setting next_dagrun for example_xcom_args to None, run_after=None
[2024-02-03T04:06:33.025+0400] {logging_mixin.py:188} INFO - [2024-02-03T04:06:33.024+0400] {dag.py:3823} INFO - Setting next_dagrun for example_xcom_args_with_operators to None, run_after=None
[2024-02-03T04:06:33.045+0400] {processor.py:183} INFO - Processing /home/reurairin/projects/urfu/urfu_3s_mlops-3/env/lib/python3.10/site-packages/airflow/example_dags/example_xcomargs.py took 0.059 seconds
[2024-02-03T04:07:10.073+0400] {processor.py:161} INFO - Started process (PID=7489) to work on /home/reurairin/projects/urfu/urfu_3s_mlops-3/env/lib/python3.10/site-packages/airflow/example_dags/example_xcomargs.py
[2024-02-03T04:07:10.080+0400] {processor.py:830} INFO - Processing file /home/reurairin/projects/urfu/urfu_3s_mlops-3/env/lib/python3.10/site-packages/airflow/example_dags/example_xcomargs.py for tasks to queue
[2024-02-03T04:07:10.081+0400] {logging_mixin.py:188} INFO - [2024-02-03T04:07:10.081+0400] {dagbag.py:538} INFO - Filling up the DagBag from /home/reurairin/projects/urfu/urfu_3s_mlops-3/env/lib/python3.10/site-packages/airflow/example_dags/example_xcomargs.py
[2024-02-03T04:07:10.086+0400] {processor.py:840} INFO - DAG(s) 'example_xcom_args', 'example_xcom_args_with_operators' retrieved from /home/reurairin/projects/urfu/urfu_3s_mlops-3/env/lib/python3.10/site-packages/airflow/example_dags/example_xcomargs.py
[2024-02-03T04:07:10.096+0400] {logging_mixin.py:188} INFO - [2024-02-03T04:07:10.096+0400] {dag.py:3036} INFO - Sync 2 DAGs
[2024-02-03T04:07:10.103+0400] {logging_mixin.py:188} INFO - [2024-02-03T04:07:10.103+0400] {dag.py:3823} INFO - Setting next_dagrun for example_xcom_args to None, run_after=None
[2024-02-03T04:07:10.105+0400] {logging_mixin.py:188} INFO - [2024-02-03T04:07:10.105+0400] {dag.py:3823} INFO - Setting next_dagrun for example_xcom_args_with_operators to None, run_after=None
[2024-02-03T04:07:10.118+0400] {processor.py:183} INFO - Processing /home/reurairin/projects/urfu/urfu_3s_mlops-3/env/lib/python3.10/site-packages/airflow/example_dags/example_xcomargs.py took 0.047 seconds
[2024-02-03T04:07:47.267+0400] {processor.py:161} INFO - Started process (PID=7663) to work on /home/reurairin/projects/urfu/urfu_3s_mlops-3/env/lib/python3.10/site-packages/airflow/example_dags/example_xcomargs.py
[2024-02-03T04:07:47.273+0400] {processor.py:830} INFO - Processing file /home/reurairin/projects/urfu/urfu_3s_mlops-3/env/lib/python3.10/site-packages/airflow/example_dags/example_xcomargs.py for tasks to queue
[2024-02-03T04:07:47.274+0400] {logging_mixin.py:188} INFO - [2024-02-03T04:07:47.274+0400] {dagbag.py:538} INFO - Filling up the DagBag from /home/reurairin/projects/urfu/urfu_3s_mlops-3/env/lib/python3.10/site-packages/airflow/example_dags/example_xcomargs.py
[2024-02-03T04:07:47.279+0400] {processor.py:840} INFO - DAG(s) 'example_xcom_args', 'example_xcom_args_with_operators' retrieved from /home/reurairin/projects/urfu/urfu_3s_mlops-3/env/lib/python3.10/site-packages/airflow/example_dags/example_xcomargs.py
[2024-02-03T04:07:47.291+0400] {logging_mixin.py:188} INFO - [2024-02-03T04:07:47.291+0400] {dag.py:3036} INFO - Sync 2 DAGs
[2024-02-03T04:07:47.298+0400] {logging_mixin.py:188} INFO - [2024-02-03T04:07:47.297+0400] {dag.py:3823} INFO - Setting next_dagrun for example_xcom_args to None, run_after=None
[2024-02-03T04:07:47.299+0400] {logging_mixin.py:188} INFO - [2024-02-03T04:07:47.299+0400] {dag.py:3823} INFO - Setting next_dagrun for example_xcom_args_with_operators to None, run_after=None
[2024-02-03T04:07:47.313+0400] {processor.py:183} INFO - Processing /home/reurairin/projects/urfu/urfu_3s_mlops-3/env/lib/python3.10/site-packages/airflow/example_dags/example_xcomargs.py took 0.048 seconds
[2024-02-03T04:08:35.627+0400] {processor.py:161} INFO - Started process (PID=7868) to work on /home/reurairin/projects/urfu/urfu_3s_mlops-3/env/lib/python3.10/site-packages/airflow/example_dags/example_xcomargs.py
[2024-02-03T04:08:35.634+0400] {processor.py:830} INFO - Processing file /home/reurairin/projects/urfu/urfu_3s_mlops-3/env/lib/python3.10/site-packages/airflow/example_dags/example_xcomargs.py for tasks to queue
[2024-02-03T04:08:35.635+0400] {logging_mixin.py:188} INFO - [2024-02-03T04:08:35.635+0400] {dagbag.py:538} INFO - Filling up the DagBag from /home/reurairin/projects/urfu/urfu_3s_mlops-3/env/lib/python3.10/site-packages/airflow/example_dags/example_xcomargs.py
[2024-02-03T04:08:35.640+0400] {processor.py:840} INFO - DAG(s) 'example_xcom_args_with_operators', 'example_xcom_args' retrieved from /home/reurairin/projects/urfu/urfu_3s_mlops-3/env/lib/python3.10/site-packages/airflow/example_dags/example_xcomargs.py
[2024-02-03T04:08:35.651+0400] {logging_mixin.py:188} INFO - [2024-02-03T04:08:35.650+0400] {dag.py:3036} INFO - Sync 2 DAGs
[2024-02-03T04:08:35.657+0400] {logging_mixin.py:188} INFO - [2024-02-03T04:08:35.657+0400] {dag.py:3823} INFO - Setting next_dagrun for example_xcom_args to None, run_after=None
[2024-02-03T04:08:35.659+0400] {logging_mixin.py:188} INFO - [2024-02-03T04:08:35.659+0400] {dag.py:3823} INFO - Setting next_dagrun for example_xcom_args_with_operators to None, run_after=None
[2024-02-03T04:08:35.672+0400] {processor.py:183} INFO - Processing /home/reurairin/projects/urfu/urfu_3s_mlops-3/env/lib/python3.10/site-packages/airflow/example_dags/example_xcomargs.py took 0.046 seconds
[2024-02-03T04:09:10.547+0400] {processor.py:161} INFO - Started process (PID=8012) to work on /home/reurairin/projects/urfu/urfu_3s_mlops-3/env/lib/python3.10/site-packages/airflow/example_dags/example_xcomargs.py
[2024-02-03T04:09:10.548+0400] {processor.py:830} INFO - Processing file /home/reurairin/projects/urfu/urfu_3s_mlops-3/env/lib/python3.10/site-packages/airflow/example_dags/example_xcomargs.py for tasks to queue
[2024-02-03T04:09:10.549+0400] {logging_mixin.py:188} INFO - [2024-02-03T04:09:10.549+0400] {dagbag.py:538} INFO - Filling up the DagBag from /home/reurairin/projects/urfu/urfu_3s_mlops-3/env/lib/python3.10/site-packages/airflow/example_dags/example_xcomargs.py
[2024-02-03T04:09:10.554+0400] {processor.py:840} INFO - DAG(s) 'example_xcom_args_with_operators', 'example_xcom_args' retrieved from /home/reurairin/projects/urfu/urfu_3s_mlops-3/env/lib/python3.10/site-packages/airflow/example_dags/example_xcomargs.py
[2024-02-03T04:09:10.564+0400] {logging_mixin.py:188} INFO - [2024-02-03T04:09:10.563+0400] {dag.py:3036} INFO - Sync 2 DAGs
[2024-02-03T04:09:10.569+0400] {logging_mixin.py:188} INFO - [2024-02-03T04:09:10.569+0400] {dag.py:3823} INFO - Setting next_dagrun for example_xcom_args to None, run_after=None
[2024-02-03T04:09:10.571+0400] {logging_mixin.py:188} INFO - [2024-02-03T04:09:10.571+0400] {dag.py:3823} INFO - Setting next_dagrun for example_xcom_args_with_operators to None, run_after=None
[2024-02-03T04:09:10.582+0400] {processor.py:183} INFO - Processing /home/reurairin/projects/urfu/urfu_3s_mlops-3/env/lib/python3.10/site-packages/airflow/example_dags/example_xcomargs.py took 0.037 seconds
[2024-02-03T04:09:46.395+0400] {processor.py:161} INFO - Started process (PID=8225) to work on /home/reurairin/projects/urfu/urfu_3s_mlops-3/env/lib/python3.10/site-packages/airflow/example_dags/example_xcomargs.py
[2024-02-03T04:09:46.396+0400] {processor.py:830} INFO - Processing file /home/reurairin/projects/urfu/urfu_3s_mlops-3/env/lib/python3.10/site-packages/airflow/example_dags/example_xcomargs.py for tasks to queue
[2024-02-03T04:09:46.396+0400] {logging_mixin.py:188} INFO - [2024-02-03T04:09:46.396+0400] {dagbag.py:538} INFO - Filling up the DagBag from /home/reurairin/projects/urfu/urfu_3s_mlops-3/env/lib/python3.10/site-packages/airflow/example_dags/example_xcomargs.py
[2024-02-03T04:09:46.402+0400] {processor.py:840} INFO - DAG(s) 'example_xcom_args', 'example_xcom_args_with_operators' retrieved from /home/reurairin/projects/urfu/urfu_3s_mlops-3/env/lib/python3.10/site-packages/airflow/example_dags/example_xcomargs.py
[2024-02-03T04:09:46.411+0400] {logging_mixin.py:188} INFO - [2024-02-03T04:09:46.411+0400] {dag.py:3036} INFO - Sync 2 DAGs
[2024-02-03T04:09:46.417+0400] {logging_mixin.py:188} INFO - [2024-02-03T04:09:46.417+0400] {dag.py:3823} INFO - Setting next_dagrun for example_xcom_args to None, run_after=None
[2024-02-03T04:09:46.419+0400] {logging_mixin.py:188} INFO - [2024-02-03T04:09:46.418+0400] {dag.py:3823} INFO - Setting next_dagrun for example_xcom_args_with_operators to None, run_after=None
[2024-02-03T04:09:46.431+0400] {processor.py:183} INFO - Processing /home/reurairin/projects/urfu/urfu_3s_mlops-3/env/lib/python3.10/site-packages/airflow/example_dags/example_xcomargs.py took 0.038 seconds
