[2024-02-03T04:00:27.365+0400] {processor.py:161} INFO - Started process (PID=5728) to work on /home/reurairin/projects/urfu/urfu_3s_mlops-3/env/lib/python3.10/site-packages/airflow/example_dags/example_trigger_controller_dag.py
[2024-02-03T04:00:27.366+0400] {processor.py:830} INFO - Processing file /home/reurairin/projects/urfu/urfu_3s_mlops-3/env/lib/python3.10/site-packages/airflow/example_dags/example_trigger_controller_dag.py for tasks to queue
[2024-02-03T04:00:27.367+0400] {logging_mixin.py:188} INFO - [2024-02-03T04:00:27.367+0400] {dagbag.py:538} INFO - Filling up the DagBag from /home/reurairin/projects/urfu/urfu_3s_mlops-3/env/lib/python3.10/site-packages/airflow/example_dags/example_trigger_controller_dag.py
[2024-02-03T04:00:27.370+0400] {processor.py:840} INFO - DAG(s) 'example_trigger_controller_dag' retrieved from /home/reurairin/projects/urfu/urfu_3s_mlops-3/env/lib/python3.10/site-packages/airflow/example_dags/example_trigger_controller_dag.py
[2024-02-03T04:00:27.379+0400] {logging_mixin.py:188} INFO - [2024-02-03T04:00:27.379+0400] {dag.py:3036} INFO - Sync 1 DAGs
[2024-02-03T04:00:27.389+0400] {logging_mixin.py:188} INFO - [2024-02-03T04:00:27.389+0400] {dag.py:3823} INFO - Setting next_dagrun for example_trigger_controller_dag to 2021-01-01 00:00:00+00:00, run_after=2021-01-01 00:00:00+00:00
[2024-02-03T04:00:27.403+0400] {processor.py:183} INFO - Processing /home/reurairin/projects/urfu/urfu_3s_mlops-3/env/lib/python3.10/site-packages/airflow/example_dags/example_trigger_controller_dag.py took 0.040 seconds
[2024-02-03T04:01:04.784+0400] {processor.py:161} INFO - Started process (PID=5889) to work on /home/reurairin/projects/urfu/urfu_3s_mlops-3/env/lib/python3.10/site-packages/airflow/example_dags/example_trigger_controller_dag.py
[2024-02-03T04:01:04.791+0400] {processor.py:830} INFO - Processing file /home/reurairin/projects/urfu/urfu_3s_mlops-3/env/lib/python3.10/site-packages/airflow/example_dags/example_trigger_controller_dag.py for tasks to queue
[2024-02-03T04:01:04.792+0400] {logging_mixin.py:188} INFO - [2024-02-03T04:01:04.791+0400] {dagbag.py:538} INFO - Filling up the DagBag from /home/reurairin/projects/urfu/urfu_3s_mlops-3/env/lib/python3.10/site-packages/airflow/example_dags/example_trigger_controller_dag.py
[2024-02-03T04:01:04.794+0400] {processor.py:840} INFO - DAG(s) 'example_trigger_controller_dag' retrieved from /home/reurairin/projects/urfu/urfu_3s_mlops-3/env/lib/python3.10/site-packages/airflow/example_dags/example_trigger_controller_dag.py
[2024-02-03T04:01:04.803+0400] {logging_mixin.py:188} INFO - [2024-02-03T04:01:04.803+0400] {dag.py:3036} INFO - Sync 1 DAGs
[2024-02-03T04:01:04.813+0400] {logging_mixin.py:188} INFO - [2024-02-03T04:01:04.813+0400] {dag.py:3823} INFO - Setting next_dagrun for example_trigger_controller_dag to 2021-01-01 00:00:00+00:00, run_after=2021-01-01 00:00:00+00:00
[2024-02-03T04:01:04.827+0400] {processor.py:183} INFO - Processing /home/reurairin/projects/urfu/urfu_3s_mlops-3/env/lib/python3.10/site-packages/airflow/example_dags/example_trigger_controller_dag.py took 0.046 seconds
[2024-02-03T04:01:54.694+0400] {processor.py:161} INFO - Started process (PID=6100) to work on /home/reurairin/projects/urfu/urfu_3s_mlops-3/env/lib/python3.10/site-packages/airflow/example_dags/example_trigger_controller_dag.py
[2024-02-03T04:01:54.696+0400] {processor.py:830} INFO - Processing file /home/reurairin/projects/urfu/urfu_3s_mlops-3/env/lib/python3.10/site-packages/airflow/example_dags/example_trigger_controller_dag.py for tasks to queue
[2024-02-03T04:01:54.697+0400] {logging_mixin.py:188} INFO - [2024-02-03T04:01:54.697+0400] {dagbag.py:538} INFO - Filling up the DagBag from /home/reurairin/projects/urfu/urfu_3s_mlops-3/env/lib/python3.10/site-packages/airflow/example_dags/example_trigger_controller_dag.py
[2024-02-03T04:01:54.700+0400] {processor.py:840} INFO - DAG(s) 'example_trigger_controller_dag' retrieved from /home/reurairin/projects/urfu/urfu_3s_mlops-3/env/lib/python3.10/site-packages/airflow/example_dags/example_trigger_controller_dag.py
[2024-02-03T04:01:54.708+0400] {logging_mixin.py:188} INFO - [2024-02-03T04:01:54.708+0400] {dag.py:3036} INFO - Sync 1 DAGs
[2024-02-03T04:01:54.717+0400] {logging_mixin.py:188} INFO - [2024-02-03T04:01:54.717+0400] {dag.py:3823} INFO - Setting next_dagrun for example_trigger_controller_dag to 2021-01-01 00:00:00+00:00, run_after=2021-01-01 00:00:00+00:00
[2024-02-03T04:01:54.731+0400] {processor.py:183} INFO - Processing /home/reurairin/projects/urfu/urfu_3s_mlops-3/env/lib/python3.10/site-packages/airflow/example_dags/example_trigger_controller_dag.py took 0.038 seconds
[2024-02-03T04:02:29.832+0400] {processor.py:161} INFO - Started process (PID=6243) to work on /home/reurairin/projects/urfu/urfu_3s_mlops-3/env/lib/python3.10/site-packages/airflow/example_dags/example_trigger_controller_dag.py
[2024-02-03T04:02:29.839+0400] {processor.py:830} INFO - Processing file /home/reurairin/projects/urfu/urfu_3s_mlops-3/env/lib/python3.10/site-packages/airflow/example_dags/example_trigger_controller_dag.py for tasks to queue
[2024-02-03T04:02:29.839+0400] {logging_mixin.py:188} INFO - [2024-02-03T04:02:29.839+0400] {dagbag.py:538} INFO - Filling up the DagBag from /home/reurairin/projects/urfu/urfu_3s_mlops-3/env/lib/python3.10/site-packages/airflow/example_dags/example_trigger_controller_dag.py
[2024-02-03T04:02:29.842+0400] {processor.py:840} INFO - DAG(s) 'example_trigger_controller_dag' retrieved from /home/reurairin/projects/urfu/urfu_3s_mlops-3/env/lib/python3.10/site-packages/airflow/example_dags/example_trigger_controller_dag.py
[2024-02-03T04:02:29.850+0400] {logging_mixin.py:188} INFO - [2024-02-03T04:02:29.850+0400] {dag.py:3036} INFO - Sync 1 DAGs
[2024-02-03T04:02:29.859+0400] {logging_mixin.py:188} INFO - [2024-02-03T04:02:29.859+0400] {dag.py:3823} INFO - Setting next_dagrun for example_trigger_controller_dag to 2021-01-01 00:00:00+00:00, run_after=2021-01-01 00:00:00+00:00
[2024-02-03T04:02:29.871+0400] {processor.py:183} INFO - Processing /home/reurairin/projects/urfu/urfu_3s_mlops-3/env/lib/python3.10/site-packages/airflow/example_dags/example_trigger_controller_dag.py took 0.042 seconds
[2024-02-03T04:03:04.918+0400] {processor.py:161} INFO - Started process (PID=6394) to work on /home/reurairin/projects/urfu/urfu_3s_mlops-3/env/lib/python3.10/site-packages/airflow/example_dags/example_trigger_controller_dag.py
[2024-02-03T04:03:04.925+0400] {processor.py:830} INFO - Processing file /home/reurairin/projects/urfu/urfu_3s_mlops-3/env/lib/python3.10/site-packages/airflow/example_dags/example_trigger_controller_dag.py for tasks to queue
[2024-02-03T04:03:04.926+0400] {logging_mixin.py:188} INFO - [2024-02-03T04:03:04.926+0400] {dagbag.py:538} INFO - Filling up the DagBag from /home/reurairin/projects/urfu/urfu_3s_mlops-3/env/lib/python3.10/site-packages/airflow/example_dags/example_trigger_controller_dag.py
[2024-02-03T04:03:04.929+0400] {processor.py:840} INFO - DAG(s) 'example_trigger_controller_dag' retrieved from /home/reurairin/projects/urfu/urfu_3s_mlops-3/env/lib/python3.10/site-packages/airflow/example_dags/example_trigger_controller_dag.py
[2024-02-03T04:03:04.937+0400] {logging_mixin.py:188} INFO - [2024-02-03T04:03:04.937+0400] {dag.py:3036} INFO - Sync 1 DAGs
[2024-02-03T04:03:04.945+0400] {logging_mixin.py:188} INFO - [2024-02-03T04:03:04.945+0400] {dag.py:3823} INFO - Setting next_dagrun for example_trigger_controller_dag to 2021-01-01 00:00:00+00:00, run_after=2021-01-01 00:00:00+00:00
[2024-02-03T04:03:04.957+0400] {processor.py:183} INFO - Processing /home/reurairin/projects/urfu/urfu_3s_mlops-3/env/lib/python3.10/site-packages/airflow/example_dags/example_trigger_controller_dag.py took 0.041 seconds
[2024-02-03T04:03:41.709+0400] {processor.py:161} INFO - Started process (PID=6552) to work on /home/reurairin/projects/urfu/urfu_3s_mlops-3/env/lib/python3.10/site-packages/airflow/example_dags/example_trigger_controller_dag.py
[2024-02-03T04:03:41.710+0400] {processor.py:830} INFO - Processing file /home/reurairin/projects/urfu/urfu_3s_mlops-3/env/lib/python3.10/site-packages/airflow/example_dags/example_trigger_controller_dag.py for tasks to queue
[2024-02-03T04:03:41.711+0400] {logging_mixin.py:188} INFO - [2024-02-03T04:03:41.711+0400] {dagbag.py:538} INFO - Filling up the DagBag from /home/reurairin/projects/urfu/urfu_3s_mlops-3/env/lib/python3.10/site-packages/airflow/example_dags/example_trigger_controller_dag.py
[2024-02-03T04:03:41.714+0400] {processor.py:840} INFO - DAG(s) 'example_trigger_controller_dag' retrieved from /home/reurairin/projects/urfu/urfu_3s_mlops-3/env/lib/python3.10/site-packages/airflow/example_dags/example_trigger_controller_dag.py
[2024-02-03T04:03:41.722+0400] {logging_mixin.py:188} INFO - [2024-02-03T04:03:41.722+0400] {dag.py:3036} INFO - Sync 1 DAGs
[2024-02-03T04:03:41.733+0400] {logging_mixin.py:188} INFO - [2024-02-03T04:03:41.733+0400] {dag.py:3823} INFO - Setting next_dagrun for example_trigger_controller_dag to 2021-01-01 00:00:00+00:00, run_after=2021-01-01 00:00:00+00:00
[2024-02-03T04:03:41.747+0400] {processor.py:183} INFO - Processing /home/reurairin/projects/urfu/urfu_3s_mlops-3/env/lib/python3.10/site-packages/airflow/example_dags/example_trigger_controller_dag.py took 0.040 seconds
[2024-02-03T04:04:16.878+0400] {processor.py:161} INFO - Started process (PID=6703) to work on /home/reurairin/projects/urfu/urfu_3s_mlops-3/env/lib/python3.10/site-packages/airflow/example_dags/example_trigger_controller_dag.py
[2024-02-03T04:04:16.885+0400] {processor.py:830} INFO - Processing file /home/reurairin/projects/urfu/urfu_3s_mlops-3/env/lib/python3.10/site-packages/airflow/example_dags/example_trigger_controller_dag.py for tasks to queue
[2024-02-03T04:04:16.886+0400] {logging_mixin.py:188} INFO - [2024-02-03T04:04:16.885+0400] {dagbag.py:538} INFO - Filling up the DagBag from /home/reurairin/projects/urfu/urfu_3s_mlops-3/env/lib/python3.10/site-packages/airflow/example_dags/example_trigger_controller_dag.py
[2024-02-03T04:04:16.889+0400] {processor.py:840} INFO - DAG(s) 'example_trigger_controller_dag' retrieved from /home/reurairin/projects/urfu/urfu_3s_mlops-3/env/lib/python3.10/site-packages/airflow/example_dags/example_trigger_controller_dag.py
[2024-02-03T04:04:16.900+0400] {logging_mixin.py:188} INFO - [2024-02-03T04:04:16.900+0400] {dag.py:3036} INFO - Sync 1 DAGs
[2024-02-03T04:04:16.913+0400] {logging_mixin.py:188} INFO - [2024-02-03T04:04:16.913+0400] {dag.py:3823} INFO - Setting next_dagrun for example_trigger_controller_dag to 2021-01-01 00:00:00+00:00, run_after=2021-01-01 00:00:00+00:00
[2024-02-03T04:04:16.932+0400] {processor.py:183} INFO - Processing /home/reurairin/projects/urfu/urfu_3s_mlops-3/env/lib/python3.10/site-packages/airflow/example_dags/example_trigger_controller_dag.py took 0.056 seconds
[2024-02-03T04:05:06.461+0400] {processor.py:161} INFO - Started process (PID=6917) to work on /home/reurairin/projects/urfu/urfu_3s_mlops-3/env/lib/python3.10/site-packages/airflow/example_dags/example_trigger_controller_dag.py
[2024-02-03T04:05:06.462+0400] {processor.py:830} INFO - Processing file /home/reurairin/projects/urfu/urfu_3s_mlops-3/env/lib/python3.10/site-packages/airflow/example_dags/example_trigger_controller_dag.py for tasks to queue
[2024-02-03T04:05:06.463+0400] {logging_mixin.py:188} INFO - [2024-02-03T04:05:06.462+0400] {dagbag.py:538} INFO - Filling up the DagBag from /home/reurairin/projects/urfu/urfu_3s_mlops-3/env/lib/python3.10/site-packages/airflow/example_dags/example_trigger_controller_dag.py
[2024-02-03T04:05:06.465+0400] {processor.py:840} INFO - DAG(s) 'example_trigger_controller_dag' retrieved from /home/reurairin/projects/urfu/urfu_3s_mlops-3/env/lib/python3.10/site-packages/airflow/example_dags/example_trigger_controller_dag.py
[2024-02-03T04:05:06.477+0400] {logging_mixin.py:188} INFO - [2024-02-03T04:05:06.476+0400] {dag.py:3036} INFO - Sync 1 DAGs
[2024-02-03T04:05:06.490+0400] {logging_mixin.py:188} INFO - [2024-02-03T04:05:06.489+0400] {dag.py:3823} INFO - Setting next_dagrun for example_trigger_controller_dag to 2021-01-01 00:00:00+00:00, run_after=2021-01-01 00:00:00+00:00
[2024-02-03T04:05:06.505+0400] {processor.py:183} INFO - Processing /home/reurairin/projects/urfu/urfu_3s_mlops-3/env/lib/python3.10/site-packages/airflow/example_dags/example_trigger_controller_dag.py took 0.047 seconds
[2024-02-03T04:05:45.481+0400] {processor.py:161} INFO - Started process (PID=7082) to work on /home/reurairin/projects/urfu/urfu_3s_mlops-3/env/lib/python3.10/site-packages/airflow/example_dags/example_trigger_controller_dag.py
[2024-02-03T04:05:45.488+0400] {processor.py:830} INFO - Processing file /home/reurairin/projects/urfu/urfu_3s_mlops-3/env/lib/python3.10/site-packages/airflow/example_dags/example_trigger_controller_dag.py for tasks to queue
[2024-02-03T04:05:45.489+0400] {logging_mixin.py:188} INFO - [2024-02-03T04:05:45.488+0400] {dagbag.py:538} INFO - Filling up the DagBag from /home/reurairin/projects/urfu/urfu_3s_mlops-3/env/lib/python3.10/site-packages/airflow/example_dags/example_trigger_controller_dag.py
[2024-02-03T04:05:45.492+0400] {processor.py:840} INFO - DAG(s) 'example_trigger_controller_dag' retrieved from /home/reurairin/projects/urfu/urfu_3s_mlops-3/env/lib/python3.10/site-packages/airflow/example_dags/example_trigger_controller_dag.py
[2024-02-03T04:05:45.502+0400] {logging_mixin.py:188} INFO - [2024-02-03T04:05:45.502+0400] {dag.py:3036} INFO - Sync 1 DAGs
[2024-02-03T04:05:45.512+0400] {logging_mixin.py:188} INFO - [2024-02-03T04:05:45.512+0400] {dag.py:3823} INFO - Setting next_dagrun for example_trigger_controller_dag to 2021-01-01 00:00:00+00:00, run_after=2021-01-01 00:00:00+00:00
[2024-02-03T04:05:45.526+0400] {processor.py:183} INFO - Processing /home/reurairin/projects/urfu/urfu_3s_mlops-3/env/lib/python3.10/site-packages/airflow/example_dags/example_trigger_controller_dag.py took 0.047 seconds
[2024-02-03T04:06:31.847+0400] {processor.py:161} INFO - Started process (PID=7328) to work on /home/reurairin/projects/urfu/urfu_3s_mlops-3/env/lib/python3.10/site-packages/airflow/example_dags/example_trigger_controller_dag.py
[2024-02-03T04:06:31.848+0400] {processor.py:830} INFO - Processing file /home/reurairin/projects/urfu/urfu_3s_mlops-3/env/lib/python3.10/site-packages/airflow/example_dags/example_trigger_controller_dag.py for tasks to queue
[2024-02-03T04:06:31.848+0400] {logging_mixin.py:188} INFO - [2024-02-03T04:06:31.848+0400] {dagbag.py:538} INFO - Filling up the DagBag from /home/reurairin/projects/urfu/urfu_3s_mlops-3/env/lib/python3.10/site-packages/airflow/example_dags/example_trigger_controller_dag.py
[2024-02-03T04:06:31.852+0400] {processor.py:840} INFO - DAG(s) 'example_trigger_controller_dag' retrieved from /home/reurairin/projects/urfu/urfu_3s_mlops-3/env/lib/python3.10/site-packages/airflow/example_dags/example_trigger_controller_dag.py
[2024-02-03T04:06:31.863+0400] {logging_mixin.py:188} INFO - [2024-02-03T04:06:31.862+0400] {dag.py:3036} INFO - Sync 1 DAGs
[2024-02-03T04:06:31.873+0400] {logging_mixin.py:188} INFO - [2024-02-03T04:06:31.873+0400] {dag.py:3823} INFO - Setting next_dagrun for example_trigger_controller_dag to 2021-01-01 00:00:00+00:00, run_after=2021-01-01 00:00:00+00:00
[2024-02-03T04:06:31.887+0400] {processor.py:183} INFO - Processing /home/reurairin/projects/urfu/urfu_3s_mlops-3/env/lib/python3.10/site-packages/airflow/example_dags/example_trigger_controller_dag.py took 0.042 seconds
[2024-02-03T04:07:08.942+0400] {processor.py:161} INFO - Started process (PID=7488) to work on /home/reurairin/projects/urfu/urfu_3s_mlops-3/env/lib/python3.10/site-packages/airflow/example_dags/example_trigger_controller_dag.py
[2024-02-03T04:07:08.943+0400] {processor.py:830} INFO - Processing file /home/reurairin/projects/urfu/urfu_3s_mlops-3/env/lib/python3.10/site-packages/airflow/example_dags/example_trigger_controller_dag.py for tasks to queue
[2024-02-03T04:07:08.944+0400] {logging_mixin.py:188} INFO - [2024-02-03T04:07:08.944+0400] {dagbag.py:538} INFO - Filling up the DagBag from /home/reurairin/projects/urfu/urfu_3s_mlops-3/env/lib/python3.10/site-packages/airflow/example_dags/example_trigger_controller_dag.py
[2024-02-03T04:07:08.947+0400] {processor.py:840} INFO - DAG(s) 'example_trigger_controller_dag' retrieved from /home/reurairin/projects/urfu/urfu_3s_mlops-3/env/lib/python3.10/site-packages/airflow/example_dags/example_trigger_controller_dag.py
[2024-02-03T04:07:08.955+0400] {logging_mixin.py:188} INFO - [2024-02-03T04:07:08.955+0400] {dag.py:3036} INFO - Sync 1 DAGs
[2024-02-03T04:07:08.964+0400] {logging_mixin.py:188} INFO - [2024-02-03T04:07:08.964+0400] {dag.py:3823} INFO - Setting next_dagrun for example_trigger_controller_dag to 2021-01-01 00:00:00+00:00, run_after=2021-01-01 00:00:00+00:00
[2024-02-03T04:07:08.976+0400] {processor.py:183} INFO - Processing /home/reurairin/projects/urfu/urfu_3s_mlops-3/env/lib/python3.10/site-packages/airflow/example_dags/example_trigger_controller_dag.py took 0.035 seconds
[2024-02-03T04:07:46.137+0400] {processor.py:161} INFO - Started process (PID=7656) to work on /home/reurairin/projects/urfu/urfu_3s_mlops-3/env/lib/python3.10/site-packages/airflow/example_dags/example_trigger_controller_dag.py
[2024-02-03T04:07:46.144+0400] {processor.py:830} INFO - Processing file /home/reurairin/projects/urfu/urfu_3s_mlops-3/env/lib/python3.10/site-packages/airflow/example_dags/example_trigger_controller_dag.py for tasks to queue
[2024-02-03T04:07:46.145+0400] {logging_mixin.py:188} INFO - [2024-02-03T04:07:46.145+0400] {dagbag.py:538} INFO - Filling up the DagBag from /home/reurairin/projects/urfu/urfu_3s_mlops-3/env/lib/python3.10/site-packages/airflow/example_dags/example_trigger_controller_dag.py
[2024-02-03T04:07:46.147+0400] {processor.py:840} INFO - DAG(s) 'example_trigger_controller_dag' retrieved from /home/reurairin/projects/urfu/urfu_3s_mlops-3/env/lib/python3.10/site-packages/airflow/example_dags/example_trigger_controller_dag.py
[2024-02-03T04:07:46.155+0400] {logging_mixin.py:188} INFO - [2024-02-03T04:07:46.155+0400] {dag.py:3036} INFO - Sync 1 DAGs
[2024-02-03T04:07:46.164+0400] {logging_mixin.py:188} INFO - [2024-02-03T04:07:46.163+0400] {dag.py:3823} INFO - Setting next_dagrun for example_trigger_controller_dag to 2021-01-01 00:00:00+00:00, run_after=2021-01-01 00:00:00+00:00
[2024-02-03T04:07:46.176+0400] {processor.py:183} INFO - Processing /home/reurairin/projects/urfu/urfu_3s_mlops-3/env/lib/python3.10/site-packages/airflow/example_dags/example_trigger_controller_dag.py took 0.040 seconds
[2024-02-03T04:08:19.578+0400] {processor.py:161} INFO - Started process (PID=7791) to work on /home/reurairin/projects/urfu/urfu_3s_mlops-3/env/lib/python3.10/site-packages/airflow/example_dags/example_trigger_controller_dag.py
[2024-02-03T04:08:19.585+0400] {processor.py:830} INFO - Processing file /home/reurairin/projects/urfu/urfu_3s_mlops-3/env/lib/python3.10/site-packages/airflow/example_dags/example_trigger_controller_dag.py for tasks to queue
[2024-02-03T04:08:19.586+0400] {logging_mixin.py:188} INFO - [2024-02-03T04:08:19.586+0400] {dagbag.py:538} INFO - Filling up the DagBag from /home/reurairin/projects/urfu/urfu_3s_mlops-3/env/lib/python3.10/site-packages/airflow/example_dags/example_trigger_controller_dag.py
[2024-02-03T04:08:19.589+0400] {processor.py:840} INFO - DAG(s) 'example_trigger_controller_dag' retrieved from /home/reurairin/projects/urfu/urfu_3s_mlops-3/env/lib/python3.10/site-packages/airflow/example_dags/example_trigger_controller_dag.py
[2024-02-03T04:08:19.598+0400] {logging_mixin.py:188} INFO - [2024-02-03T04:08:19.598+0400] {dag.py:3036} INFO - Sync 1 DAGs
[2024-02-03T04:08:19.607+0400] {logging_mixin.py:188} INFO - [2024-02-03T04:08:19.607+0400] {dag.py:3823} INFO - Setting next_dagrun for example_trigger_controller_dag to 2021-01-01 00:00:00+00:00, run_after=2021-01-01 00:00:00+00:00
[2024-02-03T04:08:19.620+0400] {processor.py:183} INFO - Processing /home/reurairin/projects/urfu/urfu_3s_mlops-3/env/lib/python3.10/site-packages/airflow/example_dags/example_trigger_controller_dag.py took 0.044 seconds
[2024-02-03T04:08:55.422+0400] {processor.py:161} INFO - Started process (PID=7944) to work on /home/reurairin/projects/urfu/urfu_3s_mlops-3/env/lib/python3.10/site-packages/airflow/example_dags/example_trigger_controller_dag.py
[2024-02-03T04:08:55.430+0400] {processor.py:830} INFO - Processing file /home/reurairin/projects/urfu/urfu_3s_mlops-3/env/lib/python3.10/site-packages/airflow/example_dags/example_trigger_controller_dag.py for tasks to queue
[2024-02-03T04:08:55.431+0400] {logging_mixin.py:188} INFO - [2024-02-03T04:08:55.430+0400] {dagbag.py:538} INFO - Filling up the DagBag from /home/reurairin/projects/urfu/urfu_3s_mlops-3/env/lib/python3.10/site-packages/airflow/example_dags/example_trigger_controller_dag.py
[2024-02-03T04:08:55.433+0400] {processor.py:840} INFO - DAG(s) 'example_trigger_controller_dag' retrieved from /home/reurairin/projects/urfu/urfu_3s_mlops-3/env/lib/python3.10/site-packages/airflow/example_dags/example_trigger_controller_dag.py
[2024-02-03T04:08:55.441+0400] {logging_mixin.py:188} INFO - [2024-02-03T04:08:55.441+0400] {dag.py:3036} INFO - Sync 1 DAGs
[2024-02-03T04:08:55.450+0400] {logging_mixin.py:188} INFO - [2024-02-03T04:08:55.450+0400] {dag.py:3823} INFO - Setting next_dagrun for example_trigger_controller_dag to 2021-01-01 00:00:00+00:00, run_after=2021-01-01 00:00:00+00:00
[2024-02-03T04:08:55.462+0400] {processor.py:183} INFO - Processing /home/reurairin/projects/urfu/urfu_3s_mlops-3/env/lib/python3.10/site-packages/airflow/example_dags/example_trigger_controller_dag.py took 0.041 seconds
[2024-02-03T04:09:44.921+0400] {processor.py:161} INFO - Started process (PID=8219) to work on /home/reurairin/projects/urfu/urfu_3s_mlops-3/env/lib/python3.10/site-packages/airflow/example_dags/example_trigger_controller_dag.py
[2024-02-03T04:09:44.929+0400] {processor.py:830} INFO - Processing file /home/reurairin/projects/urfu/urfu_3s_mlops-3/env/lib/python3.10/site-packages/airflow/example_dags/example_trigger_controller_dag.py for tasks to queue
[2024-02-03T04:09:44.930+0400] {logging_mixin.py:188} INFO - [2024-02-03T04:09:44.929+0400] {dagbag.py:538} INFO - Filling up the DagBag from /home/reurairin/projects/urfu/urfu_3s_mlops-3/env/lib/python3.10/site-packages/airflow/example_dags/example_trigger_controller_dag.py
[2024-02-03T04:09:44.933+0400] {processor.py:840} INFO - DAG(s) 'example_trigger_controller_dag' retrieved from /home/reurairin/projects/urfu/urfu_3s_mlops-3/env/lib/python3.10/site-packages/airflow/example_dags/example_trigger_controller_dag.py
[2024-02-03T04:09:44.941+0400] {logging_mixin.py:188} INFO - [2024-02-03T04:09:44.941+0400] {dag.py:3036} INFO - Sync 1 DAGs
[2024-02-03T04:09:44.950+0400] {logging_mixin.py:188} INFO - [2024-02-03T04:09:44.950+0400] {dag.py:3823} INFO - Setting next_dagrun for example_trigger_controller_dag to 2021-01-01 00:00:00+00:00, run_after=2021-01-01 00:00:00+00:00
[2024-02-03T04:09:44.964+0400] {processor.py:183} INFO - Processing /home/reurairin/projects/urfu/urfu_3s_mlops-3/env/lib/python3.10/site-packages/airflow/example_dags/example_trigger_controller_dag.py took 0.045 seconds
