[2024-02-03T04:00:33.641+0400] {processor.py:161} INFO - Started process (PID=5752) to work on /home/reurairin/projects/urfu/urfu_3s_mlops-3/env/lib/python3.10/site-packages/airflow/example_dags/example_branch_day_of_week_operator.py
[2024-02-03T04:00:33.641+0400] {processor.py:830} INFO - Processing file /home/reurairin/projects/urfu/urfu_3s_mlops-3/env/lib/python3.10/site-packages/airflow/example_dags/example_branch_day_of_week_operator.py for tasks to queue
[2024-02-03T04:00:33.642+0400] {logging_mixin.py:188} INFO - [2024-02-03T04:00:33.642+0400] {dagbag.py:538} INFO - Filling up the DagBag from /home/reurairin/projects/urfu/urfu_3s_mlops-3/env/lib/python3.10/site-packages/airflow/example_dags/example_branch_day_of_week_operator.py
[2024-02-03T04:00:33.647+0400] {processor.py:840} INFO - DAG(s) 'example_weekday_branch_operator' retrieved from /home/reurairin/projects/urfu/urfu_3s_mlops-3/env/lib/python3.10/site-packages/airflow/example_dags/example_branch_day_of_week_operator.py
[2024-02-03T04:00:33.657+0400] {logging_mixin.py:188} INFO - [2024-02-03T04:00:33.657+0400] {dag.py:3036} INFO - Sync 1 DAGs
[2024-02-03T04:00:33.668+0400] {logging_mixin.py:188} INFO - [2024-02-03T04:00:33.668+0400] {dag.py:3823} INFO - Setting next_dagrun for example_weekday_branch_operator to 2024-02-02 00:00:00+00:00, run_after=2024-02-03 00:00:00+00:00
[2024-02-03T04:00:33.687+0400] {processor.py:183} INFO - Processing /home/reurairin/projects/urfu/urfu_3s_mlops-3/env/lib/python3.10/site-packages/airflow/example_dags/example_branch_day_of_week_operator.py took 0.048 seconds
[2024-02-03T04:01:27.030+0400] {processor.py:161} INFO - Started process (PID=5979) to work on /home/reurairin/projects/urfu/urfu_3s_mlops-3/env/lib/python3.10/site-packages/airflow/example_dags/example_branch_day_of_week_operator.py
[2024-02-03T04:01:27.038+0400] {processor.py:830} INFO - Processing file /home/reurairin/projects/urfu/urfu_3s_mlops-3/env/lib/python3.10/site-packages/airflow/example_dags/example_branch_day_of_week_operator.py for tasks to queue
[2024-02-03T04:01:27.039+0400] {logging_mixin.py:188} INFO - [2024-02-03T04:01:27.038+0400] {dagbag.py:538} INFO - Filling up the DagBag from /home/reurairin/projects/urfu/urfu_3s_mlops-3/env/lib/python3.10/site-packages/airflow/example_dags/example_branch_day_of_week_operator.py
[2024-02-03T04:01:27.044+0400] {processor.py:840} INFO - DAG(s) 'example_weekday_branch_operator' retrieved from /home/reurairin/projects/urfu/urfu_3s_mlops-3/env/lib/python3.10/site-packages/airflow/example_dags/example_branch_day_of_week_operator.py
[2024-02-03T04:01:27.058+0400] {logging_mixin.py:188} INFO - [2024-02-03T04:01:27.058+0400] {dag.py:3036} INFO - Sync 1 DAGs
[2024-02-03T04:01:27.072+0400] {logging_mixin.py:188} INFO - [2024-02-03T04:01:27.072+0400] {dag.py:3823} INFO - Setting next_dagrun for example_weekday_branch_operator to 2024-02-02 00:00:00+00:00, run_after=2024-02-03 00:00:00+00:00
[2024-02-03T04:01:27.089+0400] {processor.py:183} INFO - Processing /home/reurairin/projects/urfu/urfu_3s_mlops-3/env/lib/python3.10/site-packages/airflow/example_dags/example_branch_day_of_week_operator.py took 0.061 seconds
[2024-02-03T04:02:17.461+0400] {processor.py:161} INFO - Started process (PID=6194) to work on /home/reurairin/projects/urfu/urfu_3s_mlops-3/env/lib/python3.10/site-packages/airflow/example_dags/example_branch_day_of_week_operator.py
[2024-02-03T04:02:17.462+0400] {processor.py:830} INFO - Processing file /home/reurairin/projects/urfu/urfu_3s_mlops-3/env/lib/python3.10/site-packages/airflow/example_dags/example_branch_day_of_week_operator.py for tasks to queue
[2024-02-03T04:02:17.463+0400] {logging_mixin.py:188} INFO - [2024-02-03T04:02:17.462+0400] {dagbag.py:538} INFO - Filling up the DagBag from /home/reurairin/projects/urfu/urfu_3s_mlops-3/env/lib/python3.10/site-packages/airflow/example_dags/example_branch_day_of_week_operator.py
[2024-02-03T04:02:17.467+0400] {processor.py:840} INFO - DAG(s) 'example_weekday_branch_operator' retrieved from /home/reurairin/projects/urfu/urfu_3s_mlops-3/env/lib/python3.10/site-packages/airflow/example_dags/example_branch_day_of_week_operator.py
[2024-02-03T04:02:17.476+0400] {logging_mixin.py:188} INFO - [2024-02-03T04:02:17.476+0400] {dag.py:3036} INFO - Sync 1 DAGs
[2024-02-03T04:02:17.487+0400] {logging_mixin.py:188} INFO - [2024-02-03T04:02:17.486+0400] {dag.py:3823} INFO - Setting next_dagrun for example_weekday_branch_operator to 2024-02-02 00:00:00+00:00, run_after=2024-02-03 00:00:00+00:00
[2024-02-03T04:02:17.499+0400] {processor.py:183} INFO - Processing /home/reurairin/projects/urfu/urfu_3s_mlops-3/env/lib/python3.10/site-packages/airflow/example_dags/example_branch_day_of_week_operator.py took 0.040 seconds
[2024-02-03T04:03:11.774+0400] {processor.py:161} INFO - Started process (PID=6432) to work on /home/reurairin/projects/urfu/urfu_3s_mlops-3/env/lib/python3.10/site-packages/airflow/example_dags/example_branch_day_of_week_operator.py
[2024-02-03T04:03:11.781+0400] {processor.py:830} INFO - Processing file /home/reurairin/projects/urfu/urfu_3s_mlops-3/env/lib/python3.10/site-packages/airflow/example_dags/example_branch_day_of_week_operator.py for tasks to queue
[2024-02-03T04:03:11.781+0400] {logging_mixin.py:188} INFO - [2024-02-03T04:03:11.781+0400] {dagbag.py:538} INFO - Filling up the DagBag from /home/reurairin/projects/urfu/urfu_3s_mlops-3/env/lib/python3.10/site-packages/airflow/example_dags/example_branch_day_of_week_operator.py
[2024-02-03T04:03:11.786+0400] {processor.py:840} INFO - DAG(s) 'example_weekday_branch_operator' retrieved from /home/reurairin/projects/urfu/urfu_3s_mlops-3/env/lib/python3.10/site-packages/airflow/example_dags/example_branch_day_of_week_operator.py
[2024-02-03T04:03:11.795+0400] {logging_mixin.py:188} INFO - [2024-02-03T04:03:11.795+0400] {dag.py:3036} INFO - Sync 1 DAGs
[2024-02-03T04:03:11.805+0400] {logging_mixin.py:188} INFO - [2024-02-03T04:03:11.805+0400] {dag.py:3823} INFO - Setting next_dagrun for example_weekday_branch_operator to 2024-02-02 00:00:00+00:00, run_after=2024-02-03 00:00:00+00:00
[2024-02-03T04:03:11.817+0400] {processor.py:183} INFO - Processing /home/reurairin/projects/urfu/urfu_3s_mlops-3/env/lib/python3.10/site-packages/airflow/example_dags/example_branch_day_of_week_operator.py took 0.045 seconds
[2024-02-03T04:04:05.187+0400] {processor.py:161} INFO - Started process (PID=6658) to work on /home/reurairin/projects/urfu/urfu_3s_mlops-3/env/lib/python3.10/site-packages/airflow/example_dags/example_branch_day_of_week_operator.py
[2024-02-03T04:04:05.189+0400] {processor.py:830} INFO - Processing file /home/reurairin/projects/urfu/urfu_3s_mlops-3/env/lib/python3.10/site-packages/airflow/example_dags/example_branch_day_of_week_operator.py for tasks to queue
[2024-02-03T04:04:05.190+0400] {logging_mixin.py:188} INFO - [2024-02-03T04:04:05.190+0400] {dagbag.py:538} INFO - Filling up the DagBag from /home/reurairin/projects/urfu/urfu_3s_mlops-3/env/lib/python3.10/site-packages/airflow/example_dags/example_branch_day_of_week_operator.py
[2024-02-03T04:04:05.196+0400] {processor.py:840} INFO - DAG(s) 'example_weekday_branch_operator' retrieved from /home/reurairin/projects/urfu/urfu_3s_mlops-3/env/lib/python3.10/site-packages/airflow/example_dags/example_branch_day_of_week_operator.py
[2024-02-03T04:04:05.211+0400] {logging_mixin.py:188} INFO - [2024-02-03T04:04:05.211+0400] {dag.py:3036} INFO - Sync 1 DAGs
[2024-02-03T04:04:05.226+0400] {logging_mixin.py:188} INFO - [2024-02-03T04:04:05.226+0400] {dag.py:3823} INFO - Setting next_dagrun for example_weekday_branch_operator to 2024-02-02 00:00:00+00:00, run_after=2024-02-03 00:00:00+00:00
[2024-02-03T04:04:05.245+0400] {processor.py:183} INFO - Processing /home/reurairin/projects/urfu/urfu_3s_mlops-3/env/lib/python3.10/site-packages/airflow/example_dags/example_branch_day_of_week_operator.py took 0.061 seconds
[2024-02-03T04:04:53.675+0400] {processor.py:161} INFO - Started process (PID=6865) to work on /home/reurairin/projects/urfu/urfu_3s_mlops-3/env/lib/python3.10/site-packages/airflow/example_dags/example_branch_day_of_week_operator.py
[2024-02-03T04:04:53.682+0400] {processor.py:830} INFO - Processing file /home/reurairin/projects/urfu/urfu_3s_mlops-3/env/lib/python3.10/site-packages/airflow/example_dags/example_branch_day_of_week_operator.py for tasks to queue
[2024-02-03T04:04:53.683+0400] {logging_mixin.py:188} INFO - [2024-02-03T04:04:53.683+0400] {dagbag.py:538} INFO - Filling up the DagBag from /home/reurairin/projects/urfu/urfu_3s_mlops-3/env/lib/python3.10/site-packages/airflow/example_dags/example_branch_day_of_week_operator.py
[2024-02-03T04:04:53.689+0400] {processor.py:840} INFO - DAG(s) 'example_weekday_branch_operator' retrieved from /home/reurairin/projects/urfu/urfu_3s_mlops-3/env/lib/python3.10/site-packages/airflow/example_dags/example_branch_day_of_week_operator.py
[2024-02-03T04:04:53.701+0400] {logging_mixin.py:188} INFO - [2024-02-03T04:04:53.701+0400] {dag.py:3036} INFO - Sync 1 DAGs
[2024-02-03T04:04:53.716+0400] {logging_mixin.py:188} INFO - [2024-02-03T04:04:53.716+0400] {dag.py:3823} INFO - Setting next_dagrun for example_weekday_branch_operator to 2024-02-02 00:00:00+00:00, run_after=2024-02-03 00:00:00+00:00
[2024-02-03T04:04:53.734+0400] {processor.py:183} INFO - Processing /home/reurairin/projects/urfu/urfu_3s_mlops-3/env/lib/python3.10/site-packages/airflow/example_dags/example_branch_day_of_week_operator.py took 0.061 seconds
[2024-02-03T04:05:51.925+0400] {processor.py:161} INFO - Started process (PID=7118) to work on /home/reurairin/projects/urfu/urfu_3s_mlops-3/env/lib/python3.10/site-packages/airflow/example_dags/example_branch_day_of_week_operator.py
[2024-02-03T04:05:51.926+0400] {processor.py:830} INFO - Processing file /home/reurairin/projects/urfu/urfu_3s_mlops-3/env/lib/python3.10/site-packages/airflow/example_dags/example_branch_day_of_week_operator.py for tasks to queue
[2024-02-03T04:05:51.927+0400] {logging_mixin.py:188} INFO - [2024-02-03T04:05:51.926+0400] {dagbag.py:538} INFO - Filling up the DagBag from /home/reurairin/projects/urfu/urfu_3s_mlops-3/env/lib/python3.10/site-packages/airflow/example_dags/example_branch_day_of_week_operator.py
[2024-02-03T04:05:51.932+0400] {processor.py:840} INFO - DAG(s) 'example_weekday_branch_operator' retrieved from /home/reurairin/projects/urfu/urfu_3s_mlops-3/env/lib/python3.10/site-packages/airflow/example_dags/example_branch_day_of_week_operator.py
[2024-02-03T04:05:51.943+0400] {logging_mixin.py:188} INFO - [2024-02-03T04:05:51.943+0400] {dag.py:3036} INFO - Sync 1 DAGs
[2024-02-03T04:05:51.955+0400] {logging_mixin.py:188} INFO - [2024-02-03T04:05:51.955+0400] {dag.py:3823} INFO - Setting next_dagrun for example_weekday_branch_operator to 2024-02-02 00:00:00+00:00, run_after=2024-02-03 00:00:00+00:00
[2024-02-03T04:05:51.969+0400] {processor.py:183} INFO - Processing /home/reurairin/projects/urfu/urfu_3s_mlops-3/env/lib/python3.10/site-packages/airflow/example_dags/example_branch_day_of_week_operator.py took 0.046 seconds
[2024-02-03T04:06:39.251+0400] {processor.py:161} INFO - Started process (PID=7356) to work on /home/reurairin/projects/urfu/urfu_3s_mlops-3/env/lib/python3.10/site-packages/airflow/example_dags/example_branch_day_of_week_operator.py
[2024-02-03T04:06:39.258+0400] {processor.py:830} INFO - Processing file /home/reurairin/projects/urfu/urfu_3s_mlops-3/env/lib/python3.10/site-packages/airflow/example_dags/example_branch_day_of_week_operator.py for tasks to queue
[2024-02-03T04:06:39.259+0400] {logging_mixin.py:188} INFO - [2024-02-03T04:06:39.258+0400] {dagbag.py:538} INFO - Filling up the DagBag from /home/reurairin/projects/urfu/urfu_3s_mlops-3/env/lib/python3.10/site-packages/airflow/example_dags/example_branch_day_of_week_operator.py
[2024-02-03T04:06:39.263+0400] {processor.py:840} INFO - DAG(s) 'example_weekday_branch_operator' retrieved from /home/reurairin/projects/urfu/urfu_3s_mlops-3/env/lib/python3.10/site-packages/airflow/example_dags/example_branch_day_of_week_operator.py
[2024-02-03T04:06:39.272+0400] {logging_mixin.py:188} INFO - [2024-02-03T04:06:39.272+0400] {dag.py:3036} INFO - Sync 1 DAGs
[2024-02-03T04:06:39.282+0400] {logging_mixin.py:188} INFO - [2024-02-03T04:06:39.282+0400] {dag.py:3823} INFO - Setting next_dagrun for example_weekday_branch_operator to 2024-02-02 00:00:00+00:00, run_after=2024-02-03 00:00:00+00:00
[2024-02-03T04:06:39.295+0400] {processor.py:183} INFO - Processing /home/reurairin/projects/urfu/urfu_3s_mlops-3/env/lib/python3.10/site-packages/airflow/example_dags/example_branch_day_of_week_operator.py took 0.045 seconds
[2024-02-03T04:07:36.006+0400] {processor.py:161} INFO - Started process (PID=7615) to work on /home/reurairin/projects/urfu/urfu_3s_mlops-3/env/lib/python3.10/site-packages/airflow/example_dags/example_branch_day_of_week_operator.py
[2024-02-03T04:07:36.013+0400] {processor.py:830} INFO - Processing file /home/reurairin/projects/urfu/urfu_3s_mlops-3/env/lib/python3.10/site-packages/airflow/example_dags/example_branch_day_of_week_operator.py for tasks to queue
[2024-02-03T04:07:36.013+0400] {logging_mixin.py:188} INFO - [2024-02-03T04:07:36.013+0400] {dagbag.py:538} INFO - Filling up the DagBag from /home/reurairin/projects/urfu/urfu_3s_mlops-3/env/lib/python3.10/site-packages/airflow/example_dags/example_branch_day_of_week_operator.py
[2024-02-03T04:07:36.018+0400] {processor.py:840} INFO - DAG(s) 'example_weekday_branch_operator' retrieved from /home/reurairin/projects/urfu/urfu_3s_mlops-3/env/lib/python3.10/site-packages/airflow/example_dags/example_branch_day_of_week_operator.py
[2024-02-03T04:07:36.027+0400] {logging_mixin.py:188} INFO - [2024-02-03T04:07:36.027+0400] {dag.py:3036} INFO - Sync 1 DAGs
[2024-02-03T04:07:36.038+0400] {logging_mixin.py:188} INFO - [2024-02-03T04:07:36.038+0400] {dag.py:3823} INFO - Setting next_dagrun for example_weekday_branch_operator to 2024-02-02 00:00:00+00:00, run_after=2024-02-03 00:00:00+00:00
[2024-02-03T04:07:36.050+0400] {processor.py:183} INFO - Processing /home/reurairin/projects/urfu/urfu_3s_mlops-3/env/lib/python3.10/site-packages/airflow/example_dags/example_branch_day_of_week_operator.py took 0.046 seconds
[2024-02-03T04:08:25.496+0400] {processor.py:161} INFO - Started process (PID=7827) to work on /home/reurairin/projects/urfu/urfu_3s_mlops-3/env/lib/python3.10/site-packages/airflow/example_dags/example_branch_day_of_week_operator.py
[2024-02-03T04:08:25.504+0400] {processor.py:830} INFO - Processing file /home/reurairin/projects/urfu/urfu_3s_mlops-3/env/lib/python3.10/site-packages/airflow/example_dags/example_branch_day_of_week_operator.py for tasks to queue
[2024-02-03T04:08:25.505+0400] {logging_mixin.py:188} INFO - [2024-02-03T04:08:25.504+0400] {dagbag.py:538} INFO - Filling up the DagBag from /home/reurairin/projects/urfu/urfu_3s_mlops-3/env/lib/python3.10/site-packages/airflow/example_dags/example_branch_day_of_week_operator.py
[2024-02-03T04:08:25.510+0400] {processor.py:840} INFO - DAG(s) 'example_weekday_branch_operator' retrieved from /home/reurairin/projects/urfu/urfu_3s_mlops-3/env/lib/python3.10/site-packages/airflow/example_dags/example_branch_day_of_week_operator.py
[2024-02-03T04:08:25.518+0400] {logging_mixin.py:188} INFO - [2024-02-03T04:08:25.518+0400] {dag.py:3036} INFO - Sync 1 DAGs
[2024-02-03T04:08:25.528+0400] {logging_mixin.py:188} INFO - [2024-02-03T04:08:25.528+0400] {dag.py:3823} INFO - Setting next_dagrun for example_weekday_branch_operator to 2024-02-02 00:00:00+00:00, run_after=2024-02-03 00:00:00+00:00
[2024-02-03T04:08:25.540+0400] {processor.py:183} INFO - Processing /home/reurairin/projects/urfu/urfu_3s_mlops-3/env/lib/python3.10/site-packages/airflow/example_dags/example_branch_day_of_week_operator.py took 0.046 seconds
[2024-02-03T04:09:16.156+0400] {processor.py:161} INFO - Started process (PID=8043) to work on /home/reurairin/projects/urfu/urfu_3s_mlops-3/env/lib/python3.10/site-packages/airflow/example_dags/example_branch_day_of_week_operator.py
[2024-02-03T04:09:16.157+0400] {processor.py:830} INFO - Processing file /home/reurairin/projects/urfu/urfu_3s_mlops-3/env/lib/python3.10/site-packages/airflow/example_dags/example_branch_day_of_week_operator.py for tasks to queue
[2024-02-03T04:09:16.157+0400] {logging_mixin.py:188} INFO - [2024-02-03T04:09:16.157+0400] {dagbag.py:538} INFO - Filling up the DagBag from /home/reurairin/projects/urfu/urfu_3s_mlops-3/env/lib/python3.10/site-packages/airflow/example_dags/example_branch_day_of_week_operator.py
[2024-02-03T04:09:16.162+0400] {processor.py:840} INFO - DAG(s) 'example_weekday_branch_operator' retrieved from /home/reurairin/projects/urfu/urfu_3s_mlops-3/env/lib/python3.10/site-packages/airflow/example_dags/example_branch_day_of_week_operator.py
[2024-02-03T04:09:16.171+0400] {logging_mixin.py:188} INFO - [2024-02-03T04:09:16.171+0400] {dag.py:3036} INFO - Sync 1 DAGs
[2024-02-03T04:09:16.182+0400] {logging_mixin.py:188} INFO - [2024-02-03T04:09:16.182+0400] {dag.py:3823} INFO - Setting next_dagrun for example_weekday_branch_operator to 2024-02-02 00:00:00+00:00, run_after=2024-02-03 00:00:00+00:00
[2024-02-03T04:09:16.195+0400] {processor.py:183} INFO - Processing /home/reurairin/projects/urfu/urfu_3s_mlops-3/env/lib/python3.10/site-packages/airflow/example_dags/example_branch_day_of_week_operator.py took 0.041 seconds
[2024-02-03T04:10:07.243+0400] {processor.py:161} INFO - Started process (PID=8489) to work on /home/reurairin/projects/urfu/urfu_3s_mlops-3/env/lib/python3.10/site-packages/airflow/example_dags/example_branch_day_of_week_operator.py
[2024-02-03T04:10:07.244+0400] {processor.py:830} INFO - Processing file /home/reurairin/projects/urfu/urfu_3s_mlops-3/env/lib/python3.10/site-packages/airflow/example_dags/example_branch_day_of_week_operator.py for tasks to queue
[2024-02-03T04:10:07.245+0400] {logging_mixin.py:188} INFO - [2024-02-03T04:10:07.245+0400] {dagbag.py:538} INFO - Filling up the DagBag from /home/reurairin/projects/urfu/urfu_3s_mlops-3/env/lib/python3.10/site-packages/airflow/example_dags/example_branch_day_of_week_operator.py
[2024-02-03T04:10:07.250+0400] {processor.py:840} INFO - DAG(s) 'example_weekday_branch_operator' retrieved from /home/reurairin/projects/urfu/urfu_3s_mlops-3/env/lib/python3.10/site-packages/airflow/example_dags/example_branch_day_of_week_operator.py
[2024-02-03T04:10:07.259+0400] {logging_mixin.py:188} INFO - [2024-02-03T04:10:07.259+0400] {dag.py:3036} INFO - Sync 1 DAGs
[2024-02-03T04:10:07.271+0400] {logging_mixin.py:188} INFO - [2024-02-03T04:10:07.270+0400] {dag.py:3823} INFO - Setting next_dagrun for example_weekday_branch_operator to 2024-02-02 00:00:00+00:00, run_after=2024-02-03 00:00:00+00:00
[2024-02-03T04:10:07.284+0400] {processor.py:183} INFO - Processing /home/reurairin/projects/urfu/urfu_3s_mlops-3/env/lib/python3.10/site-packages/airflow/example_dags/example_branch_day_of_week_operator.py took 0.043 seconds
