[2024-02-03T04:00:46.152+0400] {processor.py:161} INFO - Started process (PID=5803) to work on /home/reurairin/projects/urfu/urfu_3s_mlops-3/env/lib/python3.10/site-packages/airflow/example_dags/example_trigger_target_dag.py
[2024-02-03T04:00:46.152+0400] {processor.py:830} INFO - Processing file /home/reurairin/projects/urfu/urfu_3s_mlops-3/env/lib/python3.10/site-packages/airflow/example_dags/example_trigger_target_dag.py for tasks to queue
[2024-02-03T04:00:46.153+0400] {logging_mixin.py:188} INFO - [2024-02-03T04:00:46.153+0400] {dagbag.py:538} INFO - Filling up the DagBag from /home/reurairin/projects/urfu/urfu_3s_mlops-3/env/lib/python3.10/site-packages/airflow/example_dags/example_trigger_target_dag.py
[2024-02-03T04:00:46.157+0400] {processor.py:840} INFO - DAG(s) 'example_trigger_target_dag' retrieved from /home/reurairin/projects/urfu/urfu_3s_mlops-3/env/lib/python3.10/site-packages/airflow/example_dags/example_trigger_target_dag.py
[2024-02-03T04:00:46.171+0400] {logging_mixin.py:188} INFO - [2024-02-03T04:00:46.170+0400] {dag.py:3036} INFO - Sync 1 DAGs
[2024-02-03T04:00:46.179+0400] {logging_mixin.py:188} INFO - [2024-02-03T04:00:46.179+0400] {dag.py:3823} INFO - Setting next_dagrun for example_trigger_target_dag to None, run_after=None
[2024-02-03T04:00:46.202+0400] {processor.py:183} INFO - Processing /home/reurairin/projects/urfu/urfu_3s_mlops-3/env/lib/python3.10/site-packages/airflow/example_dags/example_trigger_target_dag.py took 0.052 seconds
[2024-02-03T04:01:22.473+0400] {processor.py:161} INFO - Started process (PID=5959) to work on /home/reurairin/projects/urfu/urfu_3s_mlops-3/env/lib/python3.10/site-packages/airflow/example_dags/example_trigger_target_dag.py
[2024-02-03T04:01:22.473+0400] {processor.py:830} INFO - Processing file /home/reurairin/projects/urfu/urfu_3s_mlops-3/env/lib/python3.10/site-packages/airflow/example_dags/example_trigger_target_dag.py for tasks to queue
[2024-02-03T04:01:22.474+0400] {logging_mixin.py:188} INFO - [2024-02-03T04:01:22.474+0400] {dagbag.py:538} INFO - Filling up the DagBag from /home/reurairin/projects/urfu/urfu_3s_mlops-3/env/lib/python3.10/site-packages/airflow/example_dags/example_trigger_target_dag.py
[2024-02-03T04:01:22.477+0400] {processor.py:840} INFO - DAG(s) 'example_trigger_target_dag' retrieved from /home/reurairin/projects/urfu/urfu_3s_mlops-3/env/lib/python3.10/site-packages/airflow/example_dags/example_trigger_target_dag.py
[2024-02-03T04:01:22.486+0400] {logging_mixin.py:188} INFO - [2024-02-03T04:01:22.486+0400] {dag.py:3036} INFO - Sync 1 DAGs
[2024-02-03T04:01:22.493+0400] {logging_mixin.py:188} INFO - [2024-02-03T04:01:22.493+0400] {dag.py:3823} INFO - Setting next_dagrun for example_trigger_target_dag to None, run_after=None
[2024-02-03T04:01:22.509+0400] {processor.py:183} INFO - Processing /home/reurairin/projects/urfu/urfu_3s_mlops-3/env/lib/python3.10/site-packages/airflow/example_dags/example_trigger_target_dag.py took 0.038 seconds
[2024-02-03T04:02:11.299+0400] {processor.py:161} INFO - Started process (PID=6167) to work on /home/reurairin/projects/urfu/urfu_3s_mlops-3/env/lib/python3.10/site-packages/airflow/example_dags/example_trigger_target_dag.py
[2024-02-03T04:02:11.307+0400] {processor.py:830} INFO - Processing file /home/reurairin/projects/urfu/urfu_3s_mlops-3/env/lib/python3.10/site-packages/airflow/example_dags/example_trigger_target_dag.py for tasks to queue
[2024-02-03T04:02:11.308+0400] {logging_mixin.py:188} INFO - [2024-02-03T04:02:11.307+0400] {dagbag.py:538} INFO - Filling up the DagBag from /home/reurairin/projects/urfu/urfu_3s_mlops-3/env/lib/python3.10/site-packages/airflow/example_dags/example_trigger_target_dag.py
[2024-02-03T04:02:11.311+0400] {processor.py:840} INFO - DAG(s) 'example_trigger_target_dag' retrieved from /home/reurairin/projects/urfu/urfu_3s_mlops-3/env/lib/python3.10/site-packages/airflow/example_dags/example_trigger_target_dag.py
[2024-02-03T04:02:11.320+0400] {logging_mixin.py:188} INFO - [2024-02-03T04:02:11.320+0400] {dag.py:3036} INFO - Sync 1 DAGs
[2024-02-03T04:02:11.326+0400] {logging_mixin.py:188} INFO - [2024-02-03T04:02:11.326+0400] {dag.py:3823} INFO - Setting next_dagrun for example_trigger_target_dag to None, run_after=None
[2024-02-03T04:02:11.338+0400] {processor.py:183} INFO - Processing /home/reurairin/projects/urfu/urfu_3s_mlops-3/env/lib/python3.10/site-packages/airflow/example_dags/example_trigger_target_dag.py took 0.041 seconds
[2024-02-03T04:02:46.095+0400] {processor.py:161} INFO - Started process (PID=6321) to work on /home/reurairin/projects/urfu/urfu_3s_mlops-3/env/lib/python3.10/site-packages/airflow/example_dags/example_trigger_target_dag.py
[2024-02-03T04:02:46.103+0400] {processor.py:830} INFO - Processing file /home/reurairin/projects/urfu/urfu_3s_mlops-3/env/lib/python3.10/site-packages/airflow/example_dags/example_trigger_target_dag.py for tasks to queue
[2024-02-03T04:02:46.103+0400] {logging_mixin.py:188} INFO - [2024-02-03T04:02:46.103+0400] {dagbag.py:538} INFO - Filling up the DagBag from /home/reurairin/projects/urfu/urfu_3s_mlops-3/env/lib/python3.10/site-packages/airflow/example_dags/example_trigger_target_dag.py
[2024-02-03T04:02:46.107+0400] {processor.py:840} INFO - DAG(s) 'example_trigger_target_dag' retrieved from /home/reurairin/projects/urfu/urfu_3s_mlops-3/env/lib/python3.10/site-packages/airflow/example_dags/example_trigger_target_dag.py
[2024-02-03T04:02:46.115+0400] {logging_mixin.py:188} INFO - [2024-02-03T04:02:46.115+0400] {dag.py:3036} INFO - Sync 1 DAGs
[2024-02-03T04:02:46.121+0400] {logging_mixin.py:188} INFO - [2024-02-03T04:02:46.121+0400] {dag.py:3823} INFO - Setting next_dagrun for example_trigger_target_dag to None, run_after=None
[2024-02-03T04:02:46.133+0400] {processor.py:183} INFO - Processing /home/reurairin/projects/urfu/urfu_3s_mlops-3/env/lib/python3.10/site-packages/airflow/example_dags/example_trigger_target_dag.py took 0.040 seconds
[2024-02-03T04:03:24.314+0400] {processor.py:161} INFO - Started process (PID=6483) to work on /home/reurairin/projects/urfu/urfu_3s_mlops-3/env/lib/python3.10/site-packages/airflow/example_dags/example_trigger_target_dag.py
[2024-02-03T04:03:24.321+0400] {processor.py:830} INFO - Processing file /home/reurairin/projects/urfu/urfu_3s_mlops-3/env/lib/python3.10/site-packages/airflow/example_dags/example_trigger_target_dag.py for tasks to queue
[2024-02-03T04:03:24.322+0400] {logging_mixin.py:188} INFO - [2024-02-03T04:03:24.322+0400] {dagbag.py:538} INFO - Filling up the DagBag from /home/reurairin/projects/urfu/urfu_3s_mlops-3/env/lib/python3.10/site-packages/airflow/example_dags/example_trigger_target_dag.py
[2024-02-03T04:03:24.326+0400] {processor.py:840} INFO - DAG(s) 'example_trigger_target_dag' retrieved from /home/reurairin/projects/urfu/urfu_3s_mlops-3/env/lib/python3.10/site-packages/airflow/example_dags/example_trigger_target_dag.py
[2024-02-03T04:03:24.334+0400] {logging_mixin.py:188} INFO - [2024-02-03T04:03:24.334+0400] {dag.py:3036} INFO - Sync 1 DAGs
[2024-02-03T04:03:24.340+0400] {logging_mixin.py:188} INFO - [2024-02-03T04:03:24.339+0400] {dag.py:3823} INFO - Setting next_dagrun for example_trigger_target_dag to None, run_after=None
[2024-02-03T04:03:24.352+0400] {processor.py:183} INFO - Processing /home/reurairin/projects/urfu/urfu_3s_mlops-3/env/lib/python3.10/site-packages/airflow/example_dags/example_trigger_target_dag.py took 0.039 seconds
[2024-02-03T04:04:00.434+0400] {processor.py:161} INFO - Started process (PID=6625) to work on /home/reurairin/projects/urfu/urfu_3s_mlops-3/env/lib/python3.10/site-packages/airflow/example_dags/example_trigger_target_dag.py
[2024-02-03T04:04:00.442+0400] {processor.py:830} INFO - Processing file /home/reurairin/projects/urfu/urfu_3s_mlops-3/env/lib/python3.10/site-packages/airflow/example_dags/example_trigger_target_dag.py for tasks to queue
[2024-02-03T04:04:00.443+0400] {logging_mixin.py:188} INFO - [2024-02-03T04:04:00.443+0400] {dagbag.py:538} INFO - Filling up the DagBag from /home/reurairin/projects/urfu/urfu_3s_mlops-3/env/lib/python3.10/site-packages/airflow/example_dags/example_trigger_target_dag.py
[2024-02-03T04:04:00.446+0400] {processor.py:840} INFO - DAG(s) 'example_trigger_target_dag' retrieved from /home/reurairin/projects/urfu/urfu_3s_mlops-3/env/lib/python3.10/site-packages/airflow/example_dags/example_trigger_target_dag.py
[2024-02-03T04:04:00.467+0400] {logging_mixin.py:188} INFO - [2024-02-03T04:04:00.466+0400] {dag.py:3036} INFO - Sync 1 DAGs
[2024-02-03T04:04:00.481+0400] {logging_mixin.py:188} INFO - [2024-02-03T04:04:00.480+0400] {dag.py:3823} INFO - Setting next_dagrun for example_trigger_target_dag to None, run_after=None
[2024-02-03T04:04:00.503+0400] {processor.py:183} INFO - Processing /home/reurairin/projects/urfu/urfu_3s_mlops-3/env/lib/python3.10/site-packages/airflow/example_dags/example_trigger_target_dag.py took 0.071 seconds
[2024-02-03T04:04:47.688+0400] {processor.py:161} INFO - Started process (PID=6829) to work on /home/reurairin/projects/urfu/urfu_3s_mlops-3/env/lib/python3.10/site-packages/airflow/example_dags/example_trigger_target_dag.py
[2024-02-03T04:04:47.689+0400] {processor.py:830} INFO - Processing file /home/reurairin/projects/urfu/urfu_3s_mlops-3/env/lib/python3.10/site-packages/airflow/example_dags/example_trigger_target_dag.py for tasks to queue
[2024-02-03T04:04:47.690+0400] {logging_mixin.py:188} INFO - [2024-02-03T04:04:47.690+0400] {dagbag.py:538} INFO - Filling up the DagBag from /home/reurairin/projects/urfu/urfu_3s_mlops-3/env/lib/python3.10/site-packages/airflow/example_dags/example_trigger_target_dag.py
[2024-02-03T04:04:47.694+0400] {processor.py:840} INFO - DAG(s) 'example_trigger_target_dag' retrieved from /home/reurairin/projects/urfu/urfu_3s_mlops-3/env/lib/python3.10/site-packages/airflow/example_dags/example_trigger_target_dag.py
[2024-02-03T04:04:47.712+0400] {logging_mixin.py:188} INFO - [2024-02-03T04:04:47.711+0400] {dag.py:3036} INFO - Sync 1 DAGs
[2024-02-03T04:04:47.722+0400] {logging_mixin.py:188} INFO - [2024-02-03T04:04:47.721+0400] {dag.py:3823} INFO - Setting next_dagrun for example_trigger_target_dag to None, run_after=None
[2024-02-03T04:04:47.752+0400] {processor.py:183} INFO - Processing /home/reurairin/projects/urfu/urfu_3s_mlops-3/env/lib/python3.10/site-packages/airflow/example_dags/example_trigger_target_dag.py took 0.067 seconds
[2024-02-03T04:05:24.083+0400] {processor.py:161} INFO - Started process (PID=6982) to work on /home/reurairin/projects/urfu/urfu_3s_mlops-3/env/lib/python3.10/site-packages/airflow/example_dags/example_trigger_target_dag.py
[2024-02-03T04:05:24.084+0400] {processor.py:830} INFO - Processing file /home/reurairin/projects/urfu/urfu_3s_mlops-3/env/lib/python3.10/site-packages/airflow/example_dags/example_trigger_target_dag.py for tasks to queue
[2024-02-03T04:05:24.085+0400] {logging_mixin.py:188} INFO - [2024-02-03T04:05:24.085+0400] {dagbag.py:538} INFO - Filling up the DagBag from /home/reurairin/projects/urfu/urfu_3s_mlops-3/env/lib/python3.10/site-packages/airflow/example_dags/example_trigger_target_dag.py
[2024-02-03T04:05:24.088+0400] {processor.py:840} INFO - DAG(s) 'example_trigger_target_dag' retrieved from /home/reurairin/projects/urfu/urfu_3s_mlops-3/env/lib/python3.10/site-packages/airflow/example_dags/example_trigger_target_dag.py
[2024-02-03T04:05:24.099+0400] {logging_mixin.py:188} INFO - [2024-02-03T04:05:24.098+0400] {dag.py:3036} INFO - Sync 1 DAGs
[2024-02-03T04:05:24.105+0400] {logging_mixin.py:188} INFO - [2024-02-03T04:05:24.105+0400] {dag.py:3823} INFO - Setting next_dagrun for example_trigger_target_dag to None, run_after=None
[2024-02-03T04:05:24.123+0400] {processor.py:183} INFO - Processing /home/reurairin/projects/urfu/urfu_3s_mlops-3/env/lib/python3.10/site-packages/airflow/example_dags/example_trigger_target_dag.py took 0.042 seconds
[2024-02-03T04:06:02.198+0400] {processor.py:161} INFO - Started process (PID=7189) to work on /home/reurairin/projects/urfu/urfu_3s_mlops-3/env/lib/python3.10/site-packages/airflow/example_dags/example_trigger_target_dag.py
[2024-02-03T04:06:02.199+0400] {processor.py:830} INFO - Processing file /home/reurairin/projects/urfu/urfu_3s_mlops-3/env/lib/python3.10/site-packages/airflow/example_dags/example_trigger_target_dag.py for tasks to queue
[2024-02-03T04:06:02.200+0400] {logging_mixin.py:188} INFO - [2024-02-03T04:06:02.200+0400] {dagbag.py:538} INFO - Filling up the DagBag from /home/reurairin/projects/urfu/urfu_3s_mlops-3/env/lib/python3.10/site-packages/airflow/example_dags/example_trigger_target_dag.py
[2024-02-03T04:06:02.203+0400] {processor.py:840} INFO - DAG(s) 'example_trigger_target_dag' retrieved from /home/reurairin/projects/urfu/urfu_3s_mlops-3/env/lib/python3.10/site-packages/airflow/example_dags/example_trigger_target_dag.py
[2024-02-03T04:06:02.213+0400] {logging_mixin.py:188} INFO - [2024-02-03T04:06:02.212+0400] {dag.py:3036} INFO - Sync 1 DAGs
[2024-02-03T04:06:02.219+0400] {logging_mixin.py:188} INFO - [2024-02-03T04:06:02.218+0400] {dag.py:3823} INFO - Setting next_dagrun for example_trigger_target_dag to None, run_after=None
[2024-02-03T04:06:02.231+0400] {processor.py:183} INFO - Processing /home/reurairin/projects/urfu/urfu_3s_mlops-3/env/lib/python3.10/site-packages/airflow/example_dags/example_trigger_target_dag.py took 0.034 seconds
[2024-02-03T04:06:51.800+0400] {processor.py:161} INFO - Started process (PID=7405) to work on /home/reurairin/projects/urfu/urfu_3s_mlops-3/env/lib/python3.10/site-packages/airflow/example_dags/example_trigger_target_dag.py
[2024-02-03T04:06:51.802+0400] {processor.py:830} INFO - Processing file /home/reurairin/projects/urfu/urfu_3s_mlops-3/env/lib/python3.10/site-packages/airflow/example_dags/example_trigger_target_dag.py for tasks to queue
[2024-02-03T04:06:51.802+0400] {logging_mixin.py:188} INFO - [2024-02-03T04:06:51.802+0400] {dagbag.py:538} INFO - Filling up the DagBag from /home/reurairin/projects/urfu/urfu_3s_mlops-3/env/lib/python3.10/site-packages/airflow/example_dags/example_trigger_target_dag.py
[2024-02-03T04:06:51.805+0400] {processor.py:840} INFO - DAG(s) 'example_trigger_target_dag' retrieved from /home/reurairin/projects/urfu/urfu_3s_mlops-3/env/lib/python3.10/site-packages/airflow/example_dags/example_trigger_target_dag.py
[2024-02-03T04:06:51.815+0400] {logging_mixin.py:188} INFO - [2024-02-03T04:06:51.814+0400] {dag.py:3036} INFO - Sync 1 DAGs
[2024-02-03T04:06:51.821+0400] {logging_mixin.py:188} INFO - [2024-02-03T04:06:51.821+0400] {dag.py:3823} INFO - Setting next_dagrun for example_trigger_target_dag to None, run_after=None
[2024-02-03T04:06:51.835+0400] {processor.py:183} INFO - Processing /home/reurairin/projects/urfu/urfu_3s_mlops-3/env/lib/python3.10/site-packages/airflow/example_dags/example_trigger_target_dag.py took 0.036 seconds
[2024-02-03T04:07:29.037+0400] {processor.py:161} INFO - Started process (PID=7578) to work on /home/reurairin/projects/urfu/urfu_3s_mlops-3/env/lib/python3.10/site-packages/airflow/example_dags/example_trigger_target_dag.py
[2024-02-03T04:07:29.044+0400] {processor.py:830} INFO - Processing file /home/reurairin/projects/urfu/urfu_3s_mlops-3/env/lib/python3.10/site-packages/airflow/example_dags/example_trigger_target_dag.py for tasks to queue
[2024-02-03T04:07:29.045+0400] {logging_mixin.py:188} INFO - [2024-02-03T04:07:29.045+0400] {dagbag.py:538} INFO - Filling up the DagBag from /home/reurairin/projects/urfu/urfu_3s_mlops-3/env/lib/python3.10/site-packages/airflow/example_dags/example_trigger_target_dag.py
[2024-02-03T04:07:29.048+0400] {processor.py:840} INFO - DAG(s) 'example_trigger_target_dag' retrieved from /home/reurairin/projects/urfu/urfu_3s_mlops-3/env/lib/python3.10/site-packages/airflow/example_dags/example_trigger_target_dag.py
[2024-02-03T04:07:29.057+0400] {logging_mixin.py:188} INFO - [2024-02-03T04:07:29.057+0400] {dag.py:3036} INFO - Sync 1 DAGs
[2024-02-03T04:07:29.063+0400] {logging_mixin.py:188} INFO - [2024-02-03T04:07:29.063+0400] {dag.py:3823} INFO - Setting next_dagrun for example_trigger_target_dag to None, run_after=None
[2024-02-03T04:07:29.076+0400] {processor.py:183} INFO - Processing /home/reurairin/projects/urfu/urfu_3s_mlops-3/env/lib/python3.10/site-packages/airflow/example_dags/example_trigger_target_dag.py took 0.040 seconds
[2024-02-03T04:08:04.241+0400] {processor.py:161} INFO - Started process (PID=7730) to work on /home/reurairin/projects/urfu/urfu_3s_mlops-3/env/lib/python3.10/site-packages/airflow/example_dags/example_trigger_target_dag.py
[2024-02-03T04:08:04.242+0400] {processor.py:830} INFO - Processing file /home/reurairin/projects/urfu/urfu_3s_mlops-3/env/lib/python3.10/site-packages/airflow/example_dags/example_trigger_target_dag.py for tasks to queue
[2024-02-03T04:08:04.243+0400] {logging_mixin.py:188} INFO - [2024-02-03T04:08:04.243+0400] {dagbag.py:538} INFO - Filling up the DagBag from /home/reurairin/projects/urfu/urfu_3s_mlops-3/env/lib/python3.10/site-packages/airflow/example_dags/example_trigger_target_dag.py
[2024-02-03T04:08:04.246+0400] {processor.py:840} INFO - DAG(s) 'example_trigger_target_dag' retrieved from /home/reurairin/projects/urfu/urfu_3s_mlops-3/env/lib/python3.10/site-packages/airflow/example_dags/example_trigger_target_dag.py
[2024-02-03T04:08:04.254+0400] {logging_mixin.py:188} INFO - [2024-02-03T04:08:04.254+0400] {dag.py:3036} INFO - Sync 1 DAGs
[2024-02-03T04:08:04.260+0400] {logging_mixin.py:188} INFO - [2024-02-03T04:08:04.260+0400] {dag.py:3823} INFO - Setting next_dagrun for example_trigger_target_dag to None, run_after=None
[2024-02-03T04:08:04.272+0400] {processor.py:183} INFO - Processing /home/reurairin/projects/urfu/urfu_3s_mlops-3/env/lib/python3.10/site-packages/airflow/example_dags/example_trigger_target_dag.py took 0.033 seconds
[2024-02-03T04:08:55.893+0400] {processor.py:161} INFO - Started process (PID=7945) to work on /home/reurairin/projects/urfu/urfu_3s_mlops-3/env/lib/python3.10/site-packages/airflow/example_dags/example_trigger_target_dag.py
[2024-02-03T04:08:55.900+0400] {processor.py:830} INFO - Processing file /home/reurairin/projects/urfu/urfu_3s_mlops-3/env/lib/python3.10/site-packages/airflow/example_dags/example_trigger_target_dag.py for tasks to queue
[2024-02-03T04:08:55.901+0400] {logging_mixin.py:188} INFO - [2024-02-03T04:08:55.901+0400] {dagbag.py:538} INFO - Filling up the DagBag from /home/reurairin/projects/urfu/urfu_3s_mlops-3/env/lib/python3.10/site-packages/airflow/example_dags/example_trigger_target_dag.py
[2024-02-03T04:08:55.905+0400] {processor.py:840} INFO - DAG(s) 'example_trigger_target_dag' retrieved from /home/reurairin/projects/urfu/urfu_3s_mlops-3/env/lib/python3.10/site-packages/airflow/example_dags/example_trigger_target_dag.py
[2024-02-03T04:08:55.913+0400] {logging_mixin.py:188} INFO - [2024-02-03T04:08:55.913+0400] {dag.py:3036} INFO - Sync 1 DAGs
[2024-02-03T04:08:55.920+0400] {logging_mixin.py:188} INFO - [2024-02-03T04:08:55.919+0400] {dag.py:3823} INFO - Setting next_dagrun for example_trigger_target_dag to None, run_after=None
[2024-02-03T04:08:55.933+0400] {processor.py:183} INFO - Processing /home/reurairin/projects/urfu/urfu_3s_mlops-3/env/lib/python3.10/site-packages/airflow/example_dags/example_trigger_target_dag.py took 0.042 seconds
[2024-02-03T04:09:45.264+0400] {processor.py:161} INFO - Started process (PID=8220) to work on /home/reurairin/projects/urfu/urfu_3s_mlops-3/env/lib/python3.10/site-packages/airflow/example_dags/example_trigger_target_dag.py
[2024-02-03T04:09:45.271+0400] {processor.py:830} INFO - Processing file /home/reurairin/projects/urfu/urfu_3s_mlops-3/env/lib/python3.10/site-packages/airflow/example_dags/example_trigger_target_dag.py for tasks to queue
[2024-02-03T04:09:45.272+0400] {logging_mixin.py:188} INFO - [2024-02-03T04:09:45.272+0400] {dagbag.py:538} INFO - Filling up the DagBag from /home/reurairin/projects/urfu/urfu_3s_mlops-3/env/lib/python3.10/site-packages/airflow/example_dags/example_trigger_target_dag.py
[2024-02-03T04:09:45.276+0400] {processor.py:840} INFO - DAG(s) 'example_trigger_target_dag' retrieved from /home/reurairin/projects/urfu/urfu_3s_mlops-3/env/lib/python3.10/site-packages/airflow/example_dags/example_trigger_target_dag.py
[2024-02-03T04:09:45.285+0400] {logging_mixin.py:188} INFO - [2024-02-03T04:09:45.285+0400] {dag.py:3036} INFO - Sync 1 DAGs
[2024-02-03T04:09:45.291+0400] {logging_mixin.py:188} INFO - [2024-02-03T04:09:45.291+0400] {dag.py:3823} INFO - Setting next_dagrun for example_trigger_target_dag to None, run_after=None
[2024-02-03T04:09:45.303+0400] {processor.py:183} INFO - Processing /home/reurairin/projects/urfu/urfu_3s_mlops-3/env/lib/python3.10/site-packages/airflow/example_dags/example_trigger_target_dag.py took 0.042 seconds
