[2024-02-03T04:00:32.503+0400] {processor.py:161} INFO - Started process (PID=5748) to work on /home/reurairin/projects/urfu/urfu_3s_mlops-3/env/lib/python3.10/site-packages/airflow/example_dags/example_short_circuit_decorator.py
[2024-02-03T04:00:32.503+0400] {processor.py:830} INFO - Processing file /home/reurairin/projects/urfu/urfu_3s_mlops-3/env/lib/python3.10/site-packages/airflow/example_dags/example_short_circuit_decorator.py for tasks to queue
[2024-02-03T04:00:32.504+0400] {logging_mixin.py:188} INFO - [2024-02-03T04:00:32.504+0400] {dagbag.py:538} INFO - Filling up the DagBag from /home/reurairin/projects/urfu/urfu_3s_mlops-3/env/lib/python3.10/site-packages/airflow/example_dags/example_short_circuit_decorator.py
[2024-02-03T04:00:32.510+0400] {processor.py:840} INFO - DAG(s) 'example_short_circuit_decorator' retrieved from /home/reurairin/projects/urfu/urfu_3s_mlops-3/env/lib/python3.10/site-packages/airflow/example_dags/example_short_circuit_decorator.py
[2024-02-03T04:00:32.520+0400] {logging_mixin.py:188} INFO - [2024-02-03T04:00:32.520+0400] {dag.py:3036} INFO - Sync 1 DAGs
[2024-02-03T04:00:32.530+0400] {logging_mixin.py:188} INFO - [2024-02-03T04:00:32.530+0400] {dag.py:3823} INFO - Setting next_dagrun for example_short_circuit_decorator to 2024-02-02 00:00:00+00:00, run_after=2024-02-03 00:00:00+00:00
[2024-02-03T04:00:32.549+0400] {processor.py:183} INFO - Processing /home/reurairin/projects/urfu/urfu_3s_mlops-3/env/lib/python3.10/site-packages/airflow/example_dags/example_short_circuit_decorator.py took 0.049 seconds
[2024-02-03T04:01:25.881+0400] {processor.py:161} INFO - Started process (PID=5972) to work on /home/reurairin/projects/urfu/urfu_3s_mlops-3/env/lib/python3.10/site-packages/airflow/example_dags/example_short_circuit_decorator.py
[2024-02-03T04:01:25.882+0400] {processor.py:830} INFO - Processing file /home/reurairin/projects/urfu/urfu_3s_mlops-3/env/lib/python3.10/site-packages/airflow/example_dags/example_short_circuit_decorator.py for tasks to queue
[2024-02-03T04:01:25.883+0400] {logging_mixin.py:188} INFO - [2024-02-03T04:01:25.883+0400] {dagbag.py:538} INFO - Filling up the DagBag from /home/reurairin/projects/urfu/urfu_3s_mlops-3/env/lib/python3.10/site-packages/airflow/example_dags/example_short_circuit_decorator.py
[2024-02-03T04:01:25.890+0400] {processor.py:840} INFO - DAG(s) 'example_short_circuit_decorator' retrieved from /home/reurairin/projects/urfu/urfu_3s_mlops-3/env/lib/python3.10/site-packages/airflow/example_dags/example_short_circuit_decorator.py
[2024-02-03T04:01:25.902+0400] {logging_mixin.py:188} INFO - [2024-02-03T04:01:25.902+0400] {dag.py:3036} INFO - Sync 1 DAGs
[2024-02-03T04:01:25.917+0400] {logging_mixin.py:188} INFO - [2024-02-03T04:01:25.916+0400] {dag.py:3823} INFO - Setting next_dagrun for example_short_circuit_decorator to 2024-02-02 00:00:00+00:00, run_after=2024-02-03 00:00:00+00:00
[2024-02-03T04:01:25.937+0400] {processor.py:183} INFO - Processing /home/reurairin/projects/urfu/urfu_3s_mlops-3/env/lib/python3.10/site-packages/airflow/example_dags/example_short_circuit_decorator.py took 0.058 seconds
[2024-02-03T04:02:16.329+0400] {processor.py:161} INFO - Started process (PID=6187) to work on /home/reurairin/projects/urfu/urfu_3s_mlops-3/env/lib/python3.10/site-packages/airflow/example_dags/example_short_circuit_decorator.py
[2024-02-03T04:02:16.331+0400] {processor.py:830} INFO - Processing file /home/reurairin/projects/urfu/urfu_3s_mlops-3/env/lib/python3.10/site-packages/airflow/example_dags/example_short_circuit_decorator.py for tasks to queue
[2024-02-03T04:02:16.331+0400] {logging_mixin.py:188} INFO - [2024-02-03T04:02:16.331+0400] {dagbag.py:538} INFO - Filling up the DagBag from /home/reurairin/projects/urfu/urfu_3s_mlops-3/env/lib/python3.10/site-packages/airflow/example_dags/example_short_circuit_decorator.py
[2024-02-03T04:02:16.337+0400] {processor.py:840} INFO - DAG(s) 'example_short_circuit_decorator' retrieved from /home/reurairin/projects/urfu/urfu_3s_mlops-3/env/lib/python3.10/site-packages/airflow/example_dags/example_short_circuit_decorator.py
[2024-02-03T04:02:16.349+0400] {logging_mixin.py:188} INFO - [2024-02-03T04:02:16.349+0400] {dag.py:3036} INFO - Sync 1 DAGs
[2024-02-03T04:02:16.361+0400] {logging_mixin.py:188} INFO - [2024-02-03T04:02:16.361+0400] {dag.py:3823} INFO - Setting next_dagrun for example_short_circuit_decorator to 2024-02-02 00:00:00+00:00, run_after=2024-02-03 00:00:00+00:00
[2024-02-03T04:02:16.378+0400] {processor.py:183} INFO - Processing /home/reurairin/projects/urfu/urfu_3s_mlops-3/env/lib/python3.10/site-packages/airflow/example_dags/example_short_circuit_decorator.py took 0.050 seconds
[2024-02-03T04:03:11.368+0400] {processor.py:161} INFO - Started process (PID=6431) to work on /home/reurairin/projects/urfu/urfu_3s_mlops-3/env/lib/python3.10/site-packages/airflow/example_dags/example_short_circuit_decorator.py
[2024-02-03T04:03:11.375+0400] {processor.py:830} INFO - Processing file /home/reurairin/projects/urfu/urfu_3s_mlops-3/env/lib/python3.10/site-packages/airflow/example_dags/example_short_circuit_decorator.py for tasks to queue
[2024-02-03T04:03:11.375+0400] {logging_mixin.py:188} INFO - [2024-02-03T04:03:11.375+0400] {dagbag.py:538} INFO - Filling up the DagBag from /home/reurairin/projects/urfu/urfu_3s_mlops-3/env/lib/python3.10/site-packages/airflow/example_dags/example_short_circuit_decorator.py
[2024-02-03T04:03:11.380+0400] {processor.py:840} INFO - DAG(s) 'example_short_circuit_decorator' retrieved from /home/reurairin/projects/urfu/urfu_3s_mlops-3/env/lib/python3.10/site-packages/airflow/example_dags/example_short_circuit_decorator.py
[2024-02-03T04:03:11.390+0400] {logging_mixin.py:188} INFO - [2024-02-03T04:03:11.390+0400] {dag.py:3036} INFO - Sync 1 DAGs
[2024-02-03T04:03:11.399+0400] {logging_mixin.py:188} INFO - [2024-02-03T04:03:11.399+0400] {dag.py:3823} INFO - Setting next_dagrun for example_short_circuit_decorator to 2024-02-02 00:00:00+00:00, run_after=2024-02-03 00:00:00+00:00
[2024-02-03T04:03:11.411+0400] {processor.py:183} INFO - Processing /home/reurairin/projects/urfu/urfu_3s_mlops-3/env/lib/python3.10/site-packages/airflow/example_dags/example_short_circuit_decorator.py took 0.046 seconds
[2024-02-03T04:04:04.706+0400] {processor.py:161} INFO - Started process (PID=6654) to work on /home/reurairin/projects/urfu/urfu_3s_mlops-3/env/lib/python3.10/site-packages/airflow/example_dags/example_short_circuit_decorator.py
[2024-02-03T04:04:04.708+0400] {processor.py:830} INFO - Processing file /home/reurairin/projects/urfu/urfu_3s_mlops-3/env/lib/python3.10/site-packages/airflow/example_dags/example_short_circuit_decorator.py for tasks to queue
[2024-02-03T04:04:04.709+0400] {logging_mixin.py:188} INFO - [2024-02-03T04:04:04.708+0400] {dagbag.py:538} INFO - Filling up the DagBag from /home/reurairin/projects/urfu/urfu_3s_mlops-3/env/lib/python3.10/site-packages/airflow/example_dags/example_short_circuit_decorator.py
[2024-02-03T04:04:04.717+0400] {processor.py:840} INFO - DAG(s) 'example_short_circuit_decorator' retrieved from /home/reurairin/projects/urfu/urfu_3s_mlops-3/env/lib/python3.10/site-packages/airflow/example_dags/example_short_circuit_decorator.py
[2024-02-03T04:04:04.737+0400] {logging_mixin.py:188} INFO - [2024-02-03T04:04:04.737+0400] {dag.py:3036} INFO - Sync 1 DAGs
[2024-02-03T04:04:04.754+0400] {logging_mixin.py:188} INFO - [2024-02-03T04:04:04.754+0400] {dag.py:3823} INFO - Setting next_dagrun for example_short_circuit_decorator to 2024-02-02 00:00:00+00:00, run_after=2024-02-03 00:00:00+00:00
[2024-02-03T04:04:04.775+0400] {processor.py:183} INFO - Processing /home/reurairin/projects/urfu/urfu_3s_mlops-3/env/lib/python3.10/site-packages/airflow/example_dags/example_short_circuit_decorator.py took 0.072 seconds
[2024-02-03T04:04:52.541+0400] {processor.py:161} INFO - Started process (PID=6861) to work on /home/reurairin/projects/urfu/urfu_3s_mlops-3/env/lib/python3.10/site-packages/airflow/example_dags/example_short_circuit_decorator.py
[2024-02-03T04:04:52.548+0400] {processor.py:830} INFO - Processing file /home/reurairin/projects/urfu/urfu_3s_mlops-3/env/lib/python3.10/site-packages/airflow/example_dags/example_short_circuit_decorator.py for tasks to queue
[2024-02-03T04:04:52.549+0400] {logging_mixin.py:188} INFO - [2024-02-03T04:04:52.548+0400] {dagbag.py:538} INFO - Filling up the DagBag from /home/reurairin/projects/urfu/urfu_3s_mlops-3/env/lib/python3.10/site-packages/airflow/example_dags/example_short_circuit_decorator.py
[2024-02-03T04:04:52.554+0400] {processor.py:840} INFO - DAG(s) 'example_short_circuit_decorator' retrieved from /home/reurairin/projects/urfu/urfu_3s_mlops-3/env/lib/python3.10/site-packages/airflow/example_dags/example_short_circuit_decorator.py
[2024-02-03T04:04:52.566+0400] {logging_mixin.py:188} INFO - [2024-02-03T04:04:52.566+0400] {dag.py:3036} INFO - Sync 1 DAGs
[2024-02-03T04:04:52.578+0400] {logging_mixin.py:188} INFO - [2024-02-03T04:04:52.578+0400] {dag.py:3823} INFO - Setting next_dagrun for example_short_circuit_decorator to 2024-02-02 00:00:00+00:00, run_after=2024-02-03 00:00:00+00:00
[2024-02-03T04:04:52.597+0400] {processor.py:183} INFO - Processing /home/reurairin/projects/urfu/urfu_3s_mlops-3/env/lib/python3.10/site-packages/airflow/example_dags/example_short_circuit_decorator.py took 0.058 seconds
[2024-02-03T04:05:50.786+0400] {processor.py:161} INFO - Started process (PID=7103) to work on /home/reurairin/projects/urfu/urfu_3s_mlops-3/env/lib/python3.10/site-packages/airflow/example_dags/example_short_circuit_decorator.py
[2024-02-03T04:05:50.787+0400] {processor.py:830} INFO - Processing file /home/reurairin/projects/urfu/urfu_3s_mlops-3/env/lib/python3.10/site-packages/airflow/example_dags/example_short_circuit_decorator.py for tasks to queue
[2024-02-03T04:05:50.788+0400] {logging_mixin.py:188} INFO - [2024-02-03T04:05:50.788+0400] {dagbag.py:538} INFO - Filling up the DagBag from /home/reurairin/projects/urfu/urfu_3s_mlops-3/env/lib/python3.10/site-packages/airflow/example_dags/example_short_circuit_decorator.py
[2024-02-03T04:05:50.794+0400] {processor.py:840} INFO - DAG(s) 'example_short_circuit_decorator' retrieved from /home/reurairin/projects/urfu/urfu_3s_mlops-3/env/lib/python3.10/site-packages/airflow/example_dags/example_short_circuit_decorator.py
[2024-02-03T04:05:50.804+0400] {logging_mixin.py:188} INFO - [2024-02-03T04:05:50.804+0400] {dag.py:3036} INFO - Sync 1 DAGs
[2024-02-03T04:05:50.813+0400] {logging_mixin.py:188} INFO - [2024-02-03T04:05:50.813+0400] {dag.py:3823} INFO - Setting next_dagrun for example_short_circuit_decorator to 2024-02-02 00:00:00+00:00, run_after=2024-02-03 00:00:00+00:00
[2024-02-03T04:05:50.826+0400] {processor.py:183} INFO - Processing /home/reurairin/projects/urfu/urfu_3s_mlops-3/env/lib/python3.10/site-packages/airflow/example_dags/example_short_circuit_decorator.py took 0.042 seconds
[2024-02-03T04:06:38.122+0400] {processor.py:161} INFO - Started process (PID=7355) to work on /home/reurairin/projects/urfu/urfu_3s_mlops-3/env/lib/python3.10/site-packages/airflow/example_dags/example_short_circuit_decorator.py
[2024-02-03T04:06:38.123+0400] {processor.py:830} INFO - Processing file /home/reurairin/projects/urfu/urfu_3s_mlops-3/env/lib/python3.10/site-packages/airflow/example_dags/example_short_circuit_decorator.py for tasks to queue
[2024-02-03T04:06:38.124+0400] {logging_mixin.py:188} INFO - [2024-02-03T04:06:38.123+0400] {dagbag.py:538} INFO - Filling up the DagBag from /home/reurairin/projects/urfu/urfu_3s_mlops-3/env/lib/python3.10/site-packages/airflow/example_dags/example_short_circuit_decorator.py
[2024-02-03T04:06:38.129+0400] {processor.py:840} INFO - DAG(s) 'example_short_circuit_decorator' retrieved from /home/reurairin/projects/urfu/urfu_3s_mlops-3/env/lib/python3.10/site-packages/airflow/example_dags/example_short_circuit_decorator.py
[2024-02-03T04:06:38.139+0400] {logging_mixin.py:188} INFO - [2024-02-03T04:06:38.139+0400] {dag.py:3036} INFO - Sync 1 DAGs
[2024-02-03T04:06:38.149+0400] {logging_mixin.py:188} INFO - [2024-02-03T04:06:38.149+0400] {dag.py:3823} INFO - Setting next_dagrun for example_short_circuit_decorator to 2024-02-02 00:00:00+00:00, run_after=2024-02-03 00:00:00+00:00
[2024-02-03T04:06:38.162+0400] {processor.py:183} INFO - Processing /home/reurairin/projects/urfu/urfu_3s_mlops-3/env/lib/python3.10/site-packages/airflow/example_dags/example_short_circuit_decorator.py took 0.041 seconds
[2024-02-03T04:07:34.874+0400] {processor.py:161} INFO - Started process (PID=7611) to work on /home/reurairin/projects/urfu/urfu_3s_mlops-3/env/lib/python3.10/site-packages/airflow/example_dags/example_short_circuit_decorator.py
[2024-02-03T04:07:34.881+0400] {processor.py:830} INFO - Processing file /home/reurairin/projects/urfu/urfu_3s_mlops-3/env/lib/python3.10/site-packages/airflow/example_dags/example_short_circuit_decorator.py for tasks to queue
[2024-02-03T04:07:34.882+0400] {logging_mixin.py:188} INFO - [2024-02-03T04:07:34.882+0400] {dagbag.py:538} INFO - Filling up the DagBag from /home/reurairin/projects/urfu/urfu_3s_mlops-3/env/lib/python3.10/site-packages/airflow/example_dags/example_short_circuit_decorator.py
[2024-02-03T04:07:34.887+0400] {processor.py:840} INFO - DAG(s) 'example_short_circuit_decorator' retrieved from /home/reurairin/projects/urfu/urfu_3s_mlops-3/env/lib/python3.10/site-packages/airflow/example_dags/example_short_circuit_decorator.py
[2024-02-03T04:07:34.897+0400] {logging_mixin.py:188} INFO - [2024-02-03T04:07:34.897+0400] {dag.py:3036} INFO - Sync 1 DAGs
[2024-02-03T04:07:34.908+0400] {logging_mixin.py:188} INFO - [2024-02-03T04:07:34.907+0400] {dag.py:3823} INFO - Setting next_dagrun for example_short_circuit_decorator to 2024-02-02 00:00:00+00:00, run_after=2024-02-03 00:00:00+00:00
[2024-02-03T04:07:34.920+0400] {processor.py:183} INFO - Processing /home/reurairin/projects/urfu/urfu_3s_mlops-3/env/lib/python3.10/site-packages/airflow/example_dags/example_short_circuit_decorator.py took 0.048 seconds
[2024-02-03T04:08:24.715+0400] {processor.py:161} INFO - Started process (PID=7823) to work on /home/reurairin/projects/urfu/urfu_3s_mlops-3/env/lib/python3.10/site-packages/airflow/example_dags/example_short_circuit_decorator.py
[2024-02-03T04:08:24.722+0400] {processor.py:830} INFO - Processing file /home/reurairin/projects/urfu/urfu_3s_mlops-3/env/lib/python3.10/site-packages/airflow/example_dags/example_short_circuit_decorator.py for tasks to queue
[2024-02-03T04:08:24.723+0400] {logging_mixin.py:188} INFO - [2024-02-03T04:08:24.723+0400] {dagbag.py:538} INFO - Filling up the DagBag from /home/reurairin/projects/urfu/urfu_3s_mlops-3/env/lib/python3.10/site-packages/airflow/example_dags/example_short_circuit_decorator.py
[2024-02-03T04:08:24.729+0400] {processor.py:840} INFO - DAG(s) 'example_short_circuit_decorator' retrieved from /home/reurairin/projects/urfu/urfu_3s_mlops-3/env/lib/python3.10/site-packages/airflow/example_dags/example_short_circuit_decorator.py
[2024-02-03T04:08:24.741+0400] {logging_mixin.py:188} INFO - [2024-02-03T04:08:24.740+0400] {dag.py:3036} INFO - Sync 1 DAGs
[2024-02-03T04:08:24.750+0400] {logging_mixin.py:188} INFO - [2024-02-03T04:08:24.750+0400] {dag.py:3823} INFO - Setting next_dagrun for example_short_circuit_decorator to 2024-02-02 00:00:00+00:00, run_after=2024-02-03 00:00:00+00:00
[2024-02-03T04:08:24.763+0400] {processor.py:183} INFO - Processing /home/reurairin/projects/urfu/urfu_3s_mlops-3/env/lib/python3.10/site-packages/airflow/example_dags/example_short_circuit_decorator.py took 0.049 seconds
[2024-02-03T04:09:15.970+0400] {processor.py:161} INFO - Started process (PID=8042) to work on /home/reurairin/projects/urfu/urfu_3s_mlops-3/env/lib/python3.10/site-packages/airflow/example_dags/example_short_circuit_decorator.py
[2024-02-03T04:09:15.977+0400] {processor.py:830} INFO - Processing file /home/reurairin/projects/urfu/urfu_3s_mlops-3/env/lib/python3.10/site-packages/airflow/example_dags/example_short_circuit_decorator.py for tasks to queue
[2024-02-03T04:09:15.978+0400] {logging_mixin.py:188} INFO - [2024-02-03T04:09:15.977+0400] {dagbag.py:538} INFO - Filling up the DagBag from /home/reurairin/projects/urfu/urfu_3s_mlops-3/env/lib/python3.10/site-packages/airflow/example_dags/example_short_circuit_decorator.py
[2024-02-03T04:09:15.983+0400] {processor.py:840} INFO - DAG(s) 'example_short_circuit_decorator' retrieved from /home/reurairin/projects/urfu/urfu_3s_mlops-3/env/lib/python3.10/site-packages/airflow/example_dags/example_short_circuit_decorator.py
[2024-02-03T04:09:15.993+0400] {logging_mixin.py:188} INFO - [2024-02-03T04:09:15.993+0400] {dag.py:3036} INFO - Sync 1 DAGs
[2024-02-03T04:09:16.003+0400] {logging_mixin.py:188} INFO - [2024-02-03T04:09:16.003+0400] {dag.py:3823} INFO - Setting next_dagrun for example_short_circuit_decorator to 2024-02-02 00:00:00+00:00, run_after=2024-02-03 00:00:00+00:00
[2024-02-03T04:09:16.016+0400] {processor.py:183} INFO - Processing /home/reurairin/projects/urfu/urfu_3s_mlops-3/env/lib/python3.10/site-packages/airflow/example_dags/example_short_circuit_decorator.py took 0.048 seconds
[2024-02-03T04:10:06.659+0400] {processor.py:161} INFO - Started process (PID=8476) to work on /home/reurairin/projects/urfu/urfu_3s_mlops-3/env/lib/python3.10/site-packages/airflow/example_dags/example_short_circuit_decorator.py
[2024-02-03T04:10:06.659+0400] {processor.py:830} INFO - Processing file /home/reurairin/projects/urfu/urfu_3s_mlops-3/env/lib/python3.10/site-packages/airflow/example_dags/example_short_circuit_decorator.py for tasks to queue
[2024-02-03T04:10:06.660+0400] {logging_mixin.py:188} INFO - [2024-02-03T04:10:06.660+0400] {dagbag.py:538} INFO - Filling up the DagBag from /home/reurairin/projects/urfu/urfu_3s_mlops-3/env/lib/python3.10/site-packages/airflow/example_dags/example_short_circuit_decorator.py
[2024-02-03T04:10:06.665+0400] {processor.py:840} INFO - DAG(s) 'example_short_circuit_decorator' retrieved from /home/reurairin/projects/urfu/urfu_3s_mlops-3/env/lib/python3.10/site-packages/airflow/example_dags/example_short_circuit_decorator.py
[2024-02-03T04:10:06.675+0400] {logging_mixin.py:188} INFO - [2024-02-03T04:10:06.675+0400] {dag.py:3036} INFO - Sync 1 DAGs
[2024-02-03T04:10:06.684+0400] {logging_mixin.py:188} INFO - [2024-02-03T04:10:06.684+0400] {dag.py:3823} INFO - Setting next_dagrun for example_short_circuit_decorator to 2024-02-02 00:00:00+00:00, run_after=2024-02-03 00:00:00+00:00
[2024-02-03T04:10:06.697+0400] {processor.py:183} INFO - Processing /home/reurairin/projects/urfu/urfu_3s_mlops-3/env/lib/python3.10/site-packages/airflow/example_dags/example_short_circuit_decorator.py took 0.040 seconds
