[2024-02-03T04:00:21.481+0400] {processor.py:161} INFO - Started process (PID=5704) to work on /home/reurairin/projects/urfu/urfu_3s_mlops-3/env/lib/python3.10/site-packages/airflow/example_dags/example_branch_datetime_operator.py
[2024-02-03T04:00:21.482+0400] {processor.py:830} INFO - Processing file /home/reurairin/projects/urfu/urfu_3s_mlops-3/env/lib/python3.10/site-packages/airflow/example_dags/example_branch_datetime_operator.py for tasks to queue
[2024-02-03T04:00:21.482+0400] {logging_mixin.py:188} INFO - [2024-02-03T04:00:21.482+0400] {dagbag.py:538} INFO - Filling up the DagBag from /home/reurairin/projects/urfu/urfu_3s_mlops-3/env/lib/python3.10/site-packages/airflow/example_dags/example_branch_datetime_operator.py
[2024-02-03T04:00:21.490+0400] {processor.py:840} INFO - DAG(s) 'example_branch_datetime_operator_2', 'example_branch_datetime_operator', 'example_branch_datetime_operator_3' retrieved from /home/reurairin/projects/urfu/urfu_3s_mlops-3/env/lib/python3.10/site-packages/airflow/example_dags/example_branch_datetime_operator.py
[2024-02-03T04:00:21.506+0400] {logging_mixin.py:188} INFO - [2024-02-03T04:00:21.505+0400] {dag.py:3036} INFO - Sync 3 DAGs
[2024-02-03T04:00:21.518+0400] {logging_mixin.py:188} INFO - [2024-02-03T04:00:21.518+0400] {dag.py:3823} INFO - Setting next_dagrun for example_branch_datetime_operator to 2024-02-02 00:00:00+00:00, run_after=2024-02-03 00:00:00+00:00
[2024-02-03T04:00:21.521+0400] {logging_mixin.py:188} INFO - [2024-02-03T04:00:21.521+0400] {dag.py:3823} INFO - Setting next_dagrun for example_branch_datetime_operator_2 to 2024-02-02 00:00:00+00:00, run_after=2024-02-03 00:00:00+00:00
[2024-02-03T04:00:21.523+0400] {logging_mixin.py:188} INFO - [2024-02-03T04:00:21.522+0400] {dag.py:3823} INFO - Setting next_dagrun for example_branch_datetime_operator_3 to 2024-02-02 00:00:00+00:00, run_after=2024-02-03 00:00:00+00:00
[2024-02-03T04:00:21.538+0400] {processor.py:183} INFO - Processing /home/reurairin/projects/urfu/urfu_3s_mlops-3/env/lib/python3.10/site-packages/airflow/example_dags/example_branch_datetime_operator.py took 0.060 seconds
[2024-02-03T04:01:16.989+0400] {processor.py:161} INFO - Started process (PID=5938) to work on /home/reurairin/projects/urfu/urfu_3s_mlops-3/env/lib/python3.10/site-packages/airflow/example_dags/example_branch_datetime_operator.py
[2024-02-03T04:01:16.996+0400] {processor.py:830} INFO - Processing file /home/reurairin/projects/urfu/urfu_3s_mlops-3/env/lib/python3.10/site-packages/airflow/example_dags/example_branch_datetime_operator.py for tasks to queue
[2024-02-03T04:01:16.997+0400] {logging_mixin.py:188} INFO - [2024-02-03T04:01:16.997+0400] {dagbag.py:538} INFO - Filling up the DagBag from /home/reurairin/projects/urfu/urfu_3s_mlops-3/env/lib/python3.10/site-packages/airflow/example_dags/example_branch_datetime_operator.py
[2024-02-03T04:01:17.003+0400] {processor.py:840} INFO - DAG(s) 'example_branch_datetime_operator_2', 'example_branch_datetime_operator', 'example_branch_datetime_operator_3' retrieved from /home/reurairin/projects/urfu/urfu_3s_mlops-3/env/lib/python3.10/site-packages/airflow/example_dags/example_branch_datetime_operator.py
[2024-02-03T04:01:17.015+0400] {logging_mixin.py:188} INFO - [2024-02-03T04:01:17.015+0400] {dag.py:3036} INFO - Sync 3 DAGs
[2024-02-03T04:01:17.027+0400] {logging_mixin.py:188} INFO - [2024-02-03T04:01:17.027+0400] {dag.py:3823} INFO - Setting next_dagrun for example_branch_datetime_operator to 2024-02-02 00:00:00+00:00, run_after=2024-02-03 00:00:00+00:00
[2024-02-03T04:01:17.029+0400] {logging_mixin.py:188} INFO - [2024-02-03T04:01:17.029+0400] {dag.py:3823} INFO - Setting next_dagrun for example_branch_datetime_operator_2 to 2024-02-02 00:00:00+00:00, run_after=2024-02-03 00:00:00+00:00
[2024-02-03T04:01:17.031+0400] {logging_mixin.py:188} INFO - [2024-02-03T04:01:17.031+0400] {dag.py:3823} INFO - Setting next_dagrun for example_branch_datetime_operator_3 to 2024-02-02 00:00:00+00:00, run_after=2024-02-03 00:00:00+00:00
[2024-02-03T04:01:17.043+0400] {processor.py:183} INFO - Processing /home/reurairin/projects/urfu/urfu_3s_mlops-3/env/lib/python3.10/site-packages/airflow/example_dags/example_branch_datetime_operator.py took 0.055 seconds
[2024-02-03T04:02:06.054+0400] {processor.py:161} INFO - Started process (PID=6146) to work on /home/reurairin/projects/urfu/urfu_3s_mlops-3/env/lib/python3.10/site-packages/airflow/example_dags/example_branch_datetime_operator.py
[2024-02-03T04:02:06.061+0400] {processor.py:830} INFO - Processing file /home/reurairin/projects/urfu/urfu_3s_mlops-3/env/lib/python3.10/site-packages/airflow/example_dags/example_branch_datetime_operator.py for tasks to queue
[2024-02-03T04:02:06.062+0400] {logging_mixin.py:188} INFO - [2024-02-03T04:02:06.062+0400] {dagbag.py:538} INFO - Filling up the DagBag from /home/reurairin/projects/urfu/urfu_3s_mlops-3/env/lib/python3.10/site-packages/airflow/example_dags/example_branch_datetime_operator.py
[2024-02-03T04:02:06.068+0400] {processor.py:840} INFO - DAG(s) 'example_branch_datetime_operator_2', 'example_branch_datetime_operator', 'example_branch_datetime_operator_3' retrieved from /home/reurairin/projects/urfu/urfu_3s_mlops-3/env/lib/python3.10/site-packages/airflow/example_dags/example_branch_datetime_operator.py
[2024-02-03T04:02:06.081+0400] {logging_mixin.py:188} INFO - [2024-02-03T04:02:06.081+0400] {dag.py:3036} INFO - Sync 3 DAGs
[2024-02-03T04:02:06.093+0400] {logging_mixin.py:188} INFO - [2024-02-03T04:02:06.093+0400] {dag.py:3823} INFO - Setting next_dagrun for example_branch_datetime_operator to 2024-02-02 00:00:00+00:00, run_after=2024-02-03 00:00:00+00:00
[2024-02-03T04:02:06.095+0400] {logging_mixin.py:188} INFO - [2024-02-03T04:02:06.095+0400] {dag.py:3823} INFO - Setting next_dagrun for example_branch_datetime_operator_2 to 2024-02-02 00:00:00+00:00, run_after=2024-02-03 00:00:00+00:00
[2024-02-03T04:02:06.097+0400] {logging_mixin.py:188} INFO - [2024-02-03T04:02:06.097+0400] {dag.py:3823} INFO - Setting next_dagrun for example_branch_datetime_operator_3 to 2024-02-02 00:00:00+00:00, run_after=2024-02-03 00:00:00+00:00
[2024-02-03T04:02:06.110+0400] {processor.py:183} INFO - Processing /home/reurairin/projects/urfu/urfu_3s_mlops-3/env/lib/python3.10/site-packages/airflow/example_dags/example_branch_datetime_operator.py took 0.057 seconds
[2024-02-03T04:02:58.977+0400] {processor.py:161} INFO - Started process (PID=6370) to work on /home/reurairin/projects/urfu/urfu_3s_mlops-3/env/lib/python3.10/site-packages/airflow/example_dags/example_branch_datetime_operator.py
[2024-02-03T04:02:58.984+0400] {processor.py:830} INFO - Processing file /home/reurairin/projects/urfu/urfu_3s_mlops-3/env/lib/python3.10/site-packages/airflow/example_dags/example_branch_datetime_operator.py for tasks to queue
[2024-02-03T04:02:58.985+0400] {logging_mixin.py:188} INFO - [2024-02-03T04:02:58.985+0400] {dagbag.py:538} INFO - Filling up the DagBag from /home/reurairin/projects/urfu/urfu_3s_mlops-3/env/lib/python3.10/site-packages/airflow/example_dags/example_branch_datetime_operator.py
[2024-02-03T04:02:58.991+0400] {processor.py:840} INFO - DAG(s) 'example_branch_datetime_operator', 'example_branch_datetime_operator_2', 'example_branch_datetime_operator_3' retrieved from /home/reurairin/projects/urfu/urfu_3s_mlops-3/env/lib/python3.10/site-packages/airflow/example_dags/example_branch_datetime_operator.py
[2024-02-03T04:02:59.002+0400] {logging_mixin.py:188} INFO - [2024-02-03T04:02:59.002+0400] {dag.py:3036} INFO - Sync 3 DAGs
[2024-02-03T04:02:59.012+0400] {logging_mixin.py:188} INFO - [2024-02-03T04:02:59.012+0400] {dag.py:3823} INFO - Setting next_dagrun for example_branch_datetime_operator to 2024-02-02 00:00:00+00:00, run_after=2024-02-03 00:00:00+00:00
[2024-02-03T04:02:59.015+0400] {logging_mixin.py:188} INFO - [2024-02-03T04:02:59.015+0400] {dag.py:3823} INFO - Setting next_dagrun for example_branch_datetime_operator_2 to 2024-02-02 00:00:00+00:00, run_after=2024-02-03 00:00:00+00:00
[2024-02-03T04:02:59.016+0400] {logging_mixin.py:188} INFO - [2024-02-03T04:02:59.016+0400] {dag.py:3823} INFO - Setting next_dagrun for example_branch_datetime_operator_3 to 2024-02-02 00:00:00+00:00, run_after=2024-02-03 00:00:00+00:00
[2024-02-03T04:02:59.028+0400] {processor.py:183} INFO - Processing /home/reurairin/projects/urfu/urfu_3s_mlops-3/env/lib/python3.10/site-packages/airflow/example_dags/example_branch_datetime_operator.py took 0.052 seconds
[2024-02-03T04:03:54.024+0400] {processor.py:161} INFO - Started process (PID=6601) to work on /home/reurairin/projects/urfu/urfu_3s_mlops-3/env/lib/python3.10/site-packages/airflow/example_dags/example_branch_datetime_operator.py
[2024-02-03T04:03:54.032+0400] {processor.py:830} INFO - Processing file /home/reurairin/projects/urfu/urfu_3s_mlops-3/env/lib/python3.10/site-packages/airflow/example_dags/example_branch_datetime_operator.py for tasks to queue
[2024-02-03T04:03:54.032+0400] {logging_mixin.py:188} INFO - [2024-02-03T04:03:54.032+0400] {dagbag.py:538} INFO - Filling up the DagBag from /home/reurairin/projects/urfu/urfu_3s_mlops-3/env/lib/python3.10/site-packages/airflow/example_dags/example_branch_datetime_operator.py
[2024-02-03T04:03:54.039+0400] {processor.py:840} INFO - DAG(s) 'example_branch_datetime_operator_2', 'example_branch_datetime_operator', 'example_branch_datetime_operator_3' retrieved from /home/reurairin/projects/urfu/urfu_3s_mlops-3/env/lib/python3.10/site-packages/airflow/example_dags/example_branch_datetime_operator.py
[2024-02-03T04:03:54.052+0400] {logging_mixin.py:188} INFO - [2024-02-03T04:03:54.052+0400] {dag.py:3036} INFO - Sync 3 DAGs
[2024-02-03T04:03:54.064+0400] {logging_mixin.py:188} INFO - [2024-02-03T04:03:54.064+0400] {dag.py:3823} INFO - Setting next_dagrun for example_branch_datetime_operator to 2024-02-02 00:00:00+00:00, run_after=2024-02-03 00:00:00+00:00
[2024-02-03T04:03:54.067+0400] {logging_mixin.py:188} INFO - [2024-02-03T04:03:54.067+0400] {dag.py:3823} INFO - Setting next_dagrun for example_branch_datetime_operator_2 to 2024-02-02 00:00:00+00:00, run_after=2024-02-03 00:00:00+00:00
[2024-02-03T04:03:54.069+0400] {logging_mixin.py:188} INFO - [2024-02-03T04:03:54.069+0400] {dag.py:3823} INFO - Setting next_dagrun for example_branch_datetime_operator_3 to 2024-02-02 00:00:00+00:00, run_after=2024-02-03 00:00:00+00:00
[2024-02-03T04:03:54.083+0400] {processor.py:183} INFO - Processing /home/reurairin/projects/urfu/urfu_3s_mlops-3/env/lib/python3.10/site-packages/airflow/example_dags/example_branch_datetime_operator.py took 0.061 seconds
[2024-02-03T04:04:42.630+0400] {processor.py:161} INFO - Started process (PID=6809) to work on /home/reurairin/projects/urfu/urfu_3s_mlops-3/env/lib/python3.10/site-packages/airflow/example_dags/example_branch_datetime_operator.py
[2024-02-03T04:04:42.631+0400] {processor.py:830} INFO - Processing file /home/reurairin/projects/urfu/urfu_3s_mlops-3/env/lib/python3.10/site-packages/airflow/example_dags/example_branch_datetime_operator.py for tasks to queue
[2024-02-03T04:04:42.632+0400] {logging_mixin.py:188} INFO - [2024-02-03T04:04:42.631+0400] {dagbag.py:538} INFO - Filling up the DagBag from /home/reurairin/projects/urfu/urfu_3s_mlops-3/env/lib/python3.10/site-packages/airflow/example_dags/example_branch_datetime_operator.py
[2024-02-03T04:04:42.638+0400] {processor.py:840} INFO - DAG(s) 'example_branch_datetime_operator_2', 'example_branch_datetime_operator', 'example_branch_datetime_operator_3' retrieved from /home/reurairin/projects/urfu/urfu_3s_mlops-3/env/lib/python3.10/site-packages/airflow/example_dags/example_branch_datetime_operator.py
[2024-02-03T04:04:42.650+0400] {logging_mixin.py:188} INFO - [2024-02-03T04:04:42.650+0400] {dag.py:3036} INFO - Sync 3 DAGs
[2024-02-03T04:04:42.660+0400] {logging_mixin.py:188} INFO - [2024-02-03T04:04:42.660+0400] {dag.py:3823} INFO - Setting next_dagrun for example_branch_datetime_operator to 2024-02-02 00:00:00+00:00, run_after=2024-02-03 00:00:00+00:00
[2024-02-03T04:04:42.662+0400] {logging_mixin.py:188} INFO - [2024-02-03T04:04:42.662+0400] {dag.py:3823} INFO - Setting next_dagrun for example_branch_datetime_operator_2 to 2024-02-02 00:00:00+00:00, run_after=2024-02-03 00:00:00+00:00
[2024-02-03T04:04:42.663+0400] {logging_mixin.py:188} INFO - [2024-02-03T04:04:42.663+0400] {dag.py:3823} INFO - Setting next_dagrun for example_branch_datetime_operator_3 to 2024-02-02 00:00:00+00:00, run_after=2024-02-03 00:00:00+00:00
[2024-02-03T04:04:42.675+0400] {processor.py:183} INFO - Processing /home/reurairin/projects/urfu/urfu_3s_mlops-3/env/lib/python3.10/site-packages/airflow/example_dags/example_branch_datetime_operator.py took 0.046 seconds
[2024-02-03T04:05:39.904+0400] {processor.py:161} INFO - Started process (PID=7057) to work on /home/reurairin/projects/urfu/urfu_3s_mlops-3/env/lib/python3.10/site-packages/airflow/example_dags/example_branch_datetime_operator.py
[2024-02-03T04:05:39.911+0400] {processor.py:830} INFO - Processing file /home/reurairin/projects/urfu/urfu_3s_mlops-3/env/lib/python3.10/site-packages/airflow/example_dags/example_branch_datetime_operator.py for tasks to queue
[2024-02-03T04:05:39.912+0400] {logging_mixin.py:188} INFO - [2024-02-03T04:05:39.912+0400] {dagbag.py:538} INFO - Filling up the DagBag from /home/reurairin/projects/urfu/urfu_3s_mlops-3/env/lib/python3.10/site-packages/airflow/example_dags/example_branch_datetime_operator.py
[2024-02-03T04:05:39.918+0400] {processor.py:840} INFO - DAG(s) 'example_branch_datetime_operator_2', 'example_branch_datetime_operator', 'example_branch_datetime_operator_3' retrieved from /home/reurairin/projects/urfu/urfu_3s_mlops-3/env/lib/python3.10/site-packages/airflow/example_dags/example_branch_datetime_operator.py
[2024-02-03T04:05:39.930+0400] {logging_mixin.py:188} INFO - [2024-02-03T04:05:39.930+0400] {dag.py:3036} INFO - Sync 3 DAGs
[2024-02-03T04:05:39.941+0400] {logging_mixin.py:188} INFO - [2024-02-03T04:05:39.941+0400] {dag.py:3823} INFO - Setting next_dagrun for example_branch_datetime_operator to 2024-02-02 00:00:00+00:00, run_after=2024-02-03 00:00:00+00:00
[2024-02-03T04:05:39.944+0400] {logging_mixin.py:188} INFO - [2024-02-03T04:05:39.944+0400] {dag.py:3823} INFO - Setting next_dagrun for example_branch_datetime_operator_2 to 2024-02-02 00:00:00+00:00, run_after=2024-02-03 00:00:00+00:00
[2024-02-03T04:05:39.946+0400] {logging_mixin.py:188} INFO - [2024-02-03T04:05:39.946+0400] {dag.py:3823} INFO - Setting next_dagrun for example_branch_datetime_operator_3 to 2024-02-02 00:00:00+00:00, run_after=2024-02-03 00:00:00+00:00
[2024-02-03T04:05:39.960+0400] {processor.py:183} INFO - Processing /home/reurairin/projects/urfu/urfu_3s_mlops-3/env/lib/python3.10/site-packages/airflow/example_dags/example_branch_datetime_operator.py took 0.058 seconds
[2024-02-03T04:06:27.891+0400] {processor.py:161} INFO - Started process (PID=7315) to work on /home/reurairin/projects/urfu/urfu_3s_mlops-3/env/lib/python3.10/site-packages/airflow/example_dags/example_branch_datetime_operator.py
[2024-02-03T04:06:27.899+0400] {processor.py:830} INFO - Processing file /home/reurairin/projects/urfu/urfu_3s_mlops-3/env/lib/python3.10/site-packages/airflow/example_dags/example_branch_datetime_operator.py for tasks to queue
[2024-02-03T04:06:27.900+0400] {logging_mixin.py:188} INFO - [2024-02-03T04:06:27.900+0400] {dagbag.py:538} INFO - Filling up the DagBag from /home/reurairin/projects/urfu/urfu_3s_mlops-3/env/lib/python3.10/site-packages/airflow/example_dags/example_branch_datetime_operator.py
[2024-02-03T04:06:27.908+0400] {processor.py:840} INFO - DAG(s) 'example_branch_datetime_operator_2', 'example_branch_datetime_operator_3', 'example_branch_datetime_operator' retrieved from /home/reurairin/projects/urfu/urfu_3s_mlops-3/env/lib/python3.10/site-packages/airflow/example_dags/example_branch_datetime_operator.py
[2024-02-03T04:06:27.924+0400] {logging_mixin.py:188} INFO - [2024-02-03T04:06:27.924+0400] {dag.py:3036} INFO - Sync 3 DAGs
[2024-02-03T04:06:27.938+0400] {logging_mixin.py:188} INFO - [2024-02-03T04:06:27.937+0400] {dag.py:3823} INFO - Setting next_dagrun for example_branch_datetime_operator to 2024-02-02 00:00:00+00:00, run_after=2024-02-03 00:00:00+00:00
[2024-02-03T04:06:27.941+0400] {logging_mixin.py:188} INFO - [2024-02-03T04:06:27.940+0400] {dag.py:3823} INFO - Setting next_dagrun for example_branch_datetime_operator_2 to 2024-02-02 00:00:00+00:00, run_after=2024-02-03 00:00:00+00:00
[2024-02-03T04:06:27.942+0400] {logging_mixin.py:188} INFO - [2024-02-03T04:06:27.942+0400] {dag.py:3823} INFO - Setting next_dagrun for example_branch_datetime_operator_3 to 2024-02-02 00:00:00+00:00, run_after=2024-02-03 00:00:00+00:00
[2024-02-03T04:06:27.957+0400] {processor.py:183} INFO - Processing /home/reurairin/projects/urfu/urfu_3s_mlops-3/env/lib/python3.10/site-packages/airflow/example_dags/example_branch_datetime_operator.py took 0.067 seconds
[2024-02-03T04:07:23.143+0400] {processor.py:161} INFO - Started process (PID=7553) to work on /home/reurairin/projects/urfu/urfu_3s_mlops-3/env/lib/python3.10/site-packages/airflow/example_dags/example_branch_datetime_operator.py
[2024-02-03T04:07:23.144+0400] {processor.py:830} INFO - Processing file /home/reurairin/projects/urfu/urfu_3s_mlops-3/env/lib/python3.10/site-packages/airflow/example_dags/example_branch_datetime_operator.py for tasks to queue
[2024-02-03T04:07:23.144+0400] {logging_mixin.py:188} INFO - [2024-02-03T04:07:23.144+0400] {dagbag.py:538} INFO - Filling up the DagBag from /home/reurairin/projects/urfu/urfu_3s_mlops-3/env/lib/python3.10/site-packages/airflow/example_dags/example_branch_datetime_operator.py
[2024-02-03T04:07:23.150+0400] {processor.py:840} INFO - DAG(s) 'example_branch_datetime_operator', 'example_branch_datetime_operator_2', 'example_branch_datetime_operator_3' retrieved from /home/reurairin/projects/urfu/urfu_3s_mlops-3/env/lib/python3.10/site-packages/airflow/example_dags/example_branch_datetime_operator.py
[2024-02-03T04:07:23.163+0400] {logging_mixin.py:188} INFO - [2024-02-03T04:07:23.163+0400] {dag.py:3036} INFO - Sync 3 DAGs
[2024-02-03T04:07:23.175+0400] {logging_mixin.py:188} INFO - [2024-02-03T04:07:23.174+0400] {dag.py:3823} INFO - Setting next_dagrun for example_branch_datetime_operator to 2024-02-02 00:00:00+00:00, run_after=2024-02-03 00:00:00+00:00
[2024-02-03T04:07:23.177+0400] {logging_mixin.py:188} INFO - [2024-02-03T04:07:23.177+0400] {dag.py:3823} INFO - Setting next_dagrun for example_branch_datetime_operator_2 to 2024-02-02 00:00:00+00:00, run_after=2024-02-03 00:00:00+00:00
[2024-02-03T04:07:23.178+0400] {logging_mixin.py:188} INFO - [2024-02-03T04:07:23.178+0400] {dag.py:3823} INFO - Setting next_dagrun for example_branch_datetime_operator_3 to 2024-02-02 00:00:00+00:00, run_after=2024-02-03 00:00:00+00:00
[2024-02-03T04:07:23.190+0400] {processor.py:183} INFO - Processing /home/reurairin/projects/urfu/urfu_3s_mlops-3/env/lib/python3.10/site-packages/airflow/example_dags/example_branch_datetime_operator.py took 0.049 seconds
[2024-02-03T04:08:14.440+0400] {processor.py:161} INFO - Started process (PID=7771) to work on /home/reurairin/projects/urfu/urfu_3s_mlops-3/env/lib/python3.10/site-packages/airflow/example_dags/example_branch_datetime_operator.py
[2024-02-03T04:08:14.447+0400] {processor.py:830} INFO - Processing file /home/reurairin/projects/urfu/urfu_3s_mlops-3/env/lib/python3.10/site-packages/airflow/example_dags/example_branch_datetime_operator.py for tasks to queue
[2024-02-03T04:08:14.448+0400] {logging_mixin.py:188} INFO - [2024-02-03T04:08:14.448+0400] {dagbag.py:538} INFO - Filling up the DagBag from /home/reurairin/projects/urfu/urfu_3s_mlops-3/env/lib/python3.10/site-packages/airflow/example_dags/example_branch_datetime_operator.py
[2024-02-03T04:08:14.454+0400] {processor.py:840} INFO - DAG(s) 'example_branch_datetime_operator', 'example_branch_datetime_operator_3', 'example_branch_datetime_operator_2' retrieved from /home/reurairin/projects/urfu/urfu_3s_mlops-3/env/lib/python3.10/site-packages/airflow/example_dags/example_branch_datetime_operator.py
[2024-02-03T04:08:14.465+0400] {logging_mixin.py:188} INFO - [2024-02-03T04:08:14.465+0400] {dag.py:3036} INFO - Sync 3 DAGs
[2024-02-03T04:08:14.474+0400] {logging_mixin.py:188} INFO - [2024-02-03T04:08:14.474+0400] {dag.py:3823} INFO - Setting next_dagrun for example_branch_datetime_operator to 2024-02-02 00:00:00+00:00, run_after=2024-02-03 00:00:00+00:00
[2024-02-03T04:08:14.476+0400] {logging_mixin.py:188} INFO - [2024-02-03T04:08:14.476+0400] {dag.py:3823} INFO - Setting next_dagrun for example_branch_datetime_operator_2 to 2024-02-02 00:00:00+00:00, run_after=2024-02-03 00:00:00+00:00
[2024-02-03T04:08:14.478+0400] {logging_mixin.py:188} INFO - [2024-02-03T04:08:14.478+0400] {dag.py:3823} INFO - Setting next_dagrun for example_branch_datetime_operator_3 to 2024-02-02 00:00:00+00:00, run_after=2024-02-03 00:00:00+00:00
[2024-02-03T04:08:14.490+0400] {processor.py:183} INFO - Processing /home/reurairin/projects/urfu/urfu_3s_mlops-3/env/lib/python3.10/site-packages/airflow/example_dags/example_branch_datetime_operator.py took 0.052 seconds
[2024-02-03T04:09:05.853+0400] {processor.py:161} INFO - Started process (PID=7988) to work on /home/reurairin/projects/urfu/urfu_3s_mlops-3/env/lib/python3.10/site-packages/airflow/example_dags/example_branch_datetime_operator.py
[2024-02-03T04:09:05.854+0400] {processor.py:830} INFO - Processing file /home/reurairin/projects/urfu/urfu_3s_mlops-3/env/lib/python3.10/site-packages/airflow/example_dags/example_branch_datetime_operator.py for tasks to queue
[2024-02-03T04:09:05.855+0400] {logging_mixin.py:188} INFO - [2024-02-03T04:09:05.854+0400] {dagbag.py:538} INFO - Filling up the DagBag from /home/reurairin/projects/urfu/urfu_3s_mlops-3/env/lib/python3.10/site-packages/airflow/example_dags/example_branch_datetime_operator.py
[2024-02-03T04:09:05.860+0400] {processor.py:840} INFO - DAG(s) 'example_branch_datetime_operator_2', 'example_branch_datetime_operator_3', 'example_branch_datetime_operator' retrieved from /home/reurairin/projects/urfu/urfu_3s_mlops-3/env/lib/python3.10/site-packages/airflow/example_dags/example_branch_datetime_operator.py
[2024-02-03T04:09:05.873+0400] {logging_mixin.py:188} INFO - [2024-02-03T04:09:05.872+0400] {dag.py:3036} INFO - Sync 3 DAGs
[2024-02-03T04:09:05.883+0400] {logging_mixin.py:188} INFO - [2024-02-03T04:09:05.883+0400] {dag.py:3823} INFO - Setting next_dagrun for example_branch_datetime_operator to 2024-02-02 00:00:00+00:00, run_after=2024-02-03 00:00:00+00:00
[2024-02-03T04:09:05.885+0400] {logging_mixin.py:188} INFO - [2024-02-03T04:09:05.885+0400] {dag.py:3823} INFO - Setting next_dagrun for example_branch_datetime_operator_2 to 2024-02-02 00:00:00+00:00, run_after=2024-02-03 00:00:00+00:00
[2024-02-03T04:09:05.886+0400] {logging_mixin.py:188} INFO - [2024-02-03T04:09:05.886+0400] {dag.py:3823} INFO - Setting next_dagrun for example_branch_datetime_operator_3 to 2024-02-02 00:00:00+00:00, run_after=2024-02-03 00:00:00+00:00
[2024-02-03T04:09:05.898+0400] {processor.py:183} INFO - Processing /home/reurairin/projects/urfu/urfu_3s_mlops-3/env/lib/python3.10/site-packages/airflow/example_dags/example_branch_datetime_operator.py took 0.046 seconds
[2024-02-03T04:09:56.527+0400] {processor.py:161} INFO - Started process (PID=8275) to work on /home/reurairin/projects/urfu/urfu_3s_mlops-3/env/lib/python3.10/site-packages/airflow/example_dags/example_branch_datetime_operator.py
[2024-02-03T04:09:56.528+0400] {processor.py:830} INFO - Processing file /home/reurairin/projects/urfu/urfu_3s_mlops-3/env/lib/python3.10/site-packages/airflow/example_dags/example_branch_datetime_operator.py for tasks to queue
[2024-02-03T04:09:56.529+0400] {logging_mixin.py:188} INFO - [2024-02-03T04:09:56.528+0400] {dagbag.py:538} INFO - Filling up the DagBag from /home/reurairin/projects/urfu/urfu_3s_mlops-3/env/lib/python3.10/site-packages/airflow/example_dags/example_branch_datetime_operator.py
[2024-02-03T04:09:56.535+0400] {processor.py:840} INFO - DAG(s) 'example_branch_datetime_operator', 'example_branch_datetime_operator_2', 'example_branch_datetime_operator_3' retrieved from /home/reurairin/projects/urfu/urfu_3s_mlops-3/env/lib/python3.10/site-packages/airflow/example_dags/example_branch_datetime_operator.py
[2024-02-03T04:09:56.547+0400] {logging_mixin.py:188} INFO - [2024-02-03T04:09:56.546+0400] {dag.py:3036} INFO - Sync 3 DAGs
[2024-02-03T04:09:56.557+0400] {logging_mixin.py:188} INFO - [2024-02-03T04:09:56.557+0400] {dag.py:3823} INFO - Setting next_dagrun for example_branch_datetime_operator to 2024-02-02 00:00:00+00:00, run_after=2024-02-03 00:00:00+00:00
[2024-02-03T04:09:56.559+0400] {logging_mixin.py:188} INFO - [2024-02-03T04:09:56.559+0400] {dag.py:3823} INFO - Setting next_dagrun for example_branch_datetime_operator_2 to 2024-02-02 00:00:00+00:00, run_after=2024-02-03 00:00:00+00:00
[2024-02-03T04:09:56.560+0400] {logging_mixin.py:188} INFO - [2024-02-03T04:09:56.560+0400] {dag.py:3823} INFO - Setting next_dagrun for example_branch_datetime_operator_3 to 2024-02-02 00:00:00+00:00, run_after=2024-02-03 00:00:00+00:00
[2024-02-03T04:09:56.572+0400] {processor.py:183} INFO - Processing /home/reurairin/projects/urfu/urfu_3s_mlops-3/env/lib/python3.10/site-packages/airflow/example_dags/example_branch_datetime_operator.py took 0.047 seconds
