[2024-02-03T04:00:01.417+0400] {processor.py:161} INFO - Started process (PID=5626) to work on /home/reurairin/projects/urfu/urfu_3s_mlops-3/env/lib/python3.10/site-packages/airflow/example_dags/example_task_group.py
[2024-02-03T04:00:01.417+0400] {processor.py:830} INFO - Processing file /home/reurairin/projects/urfu/urfu_3s_mlops-3/env/lib/python3.10/site-packages/airflow/example_dags/example_task_group.py for tasks to queue
[2024-02-03T04:00:01.418+0400] {logging_mixin.py:188} INFO - [2024-02-03T04:00:01.418+0400] {dagbag.py:538} INFO - Filling up the DagBag from /home/reurairin/projects/urfu/urfu_3s_mlops-3/env/lib/python3.10/site-packages/airflow/example_dags/example_task_group.py
[2024-02-03T04:00:01.423+0400] {processor.py:840} INFO - DAG(s) 'example_task_group' retrieved from /home/reurairin/projects/urfu/urfu_3s_mlops-3/env/lib/python3.10/site-packages/airflow/example_dags/example_task_group.py
[2024-02-03T04:00:01.433+0400] {logging_mixin.py:188} INFO - [2024-02-03T04:00:01.433+0400] {dag.py:3036} INFO - Sync 1 DAGs
[2024-02-03T04:00:01.443+0400] {logging_mixin.py:188} INFO - [2024-02-03T04:00:01.443+0400] {dag.py:3823} INFO - Setting next_dagrun for example_task_group to 2024-02-02 00:00:00+00:00, run_after=2024-02-03 00:00:00+00:00
[2024-02-03T04:00:01.458+0400] {processor.py:183} INFO - Processing /home/reurairin/projects/urfu/urfu_3s_mlops-3/env/lib/python3.10/site-packages/airflow/example_dags/example_task_group.py took 0.043 seconds
[2024-02-03T04:00:55.617+0400] {processor.py:161} INFO - Started process (PID=5849) to work on /home/reurairin/projects/urfu/urfu_3s_mlops-3/env/lib/python3.10/site-packages/airflow/example_dags/example_task_group.py
[2024-02-03T04:00:55.618+0400] {processor.py:830} INFO - Processing file /home/reurairin/projects/urfu/urfu_3s_mlops-3/env/lib/python3.10/site-packages/airflow/example_dags/example_task_group.py for tasks to queue
[2024-02-03T04:00:55.618+0400] {logging_mixin.py:188} INFO - [2024-02-03T04:00:55.618+0400] {dagbag.py:538} INFO - Filling up the DagBag from /home/reurairin/projects/urfu/urfu_3s_mlops-3/env/lib/python3.10/site-packages/airflow/example_dags/example_task_group.py
[2024-02-03T04:00:55.623+0400] {processor.py:840} INFO - DAG(s) 'example_task_group' retrieved from /home/reurairin/projects/urfu/urfu_3s_mlops-3/env/lib/python3.10/site-packages/airflow/example_dags/example_task_group.py
[2024-02-03T04:00:55.633+0400] {logging_mixin.py:188} INFO - [2024-02-03T04:00:55.632+0400] {dag.py:3036} INFO - Sync 1 DAGs
[2024-02-03T04:00:55.643+0400] {logging_mixin.py:188} INFO - [2024-02-03T04:00:55.643+0400] {dag.py:3823} INFO - Setting next_dagrun for example_task_group to 2024-02-02 00:00:00+00:00, run_after=2024-02-03 00:00:00+00:00
[2024-02-03T04:00:55.656+0400] {processor.py:183} INFO - Processing /home/reurairin/projects/urfu/urfu_3s_mlops-3/env/lib/python3.10/site-packages/airflow/example_dags/example_task_group.py took 0.041 seconds
[2024-02-03T04:01:44.422+0400] {processor.py:161} INFO - Started process (PID=6057) to work on /home/reurairin/projects/urfu/urfu_3s_mlops-3/env/lib/python3.10/site-packages/airflow/example_dags/example_task_group.py
[2024-02-03T04:01:44.423+0400] {processor.py:830} INFO - Processing file /home/reurairin/projects/urfu/urfu_3s_mlops-3/env/lib/python3.10/site-packages/airflow/example_dags/example_task_group.py for tasks to queue
[2024-02-03T04:01:44.424+0400] {logging_mixin.py:188} INFO - [2024-02-03T04:01:44.424+0400] {dagbag.py:538} INFO - Filling up the DagBag from /home/reurairin/projects/urfu/urfu_3s_mlops-3/env/lib/python3.10/site-packages/airflow/example_dags/example_task_group.py
[2024-02-03T04:01:44.428+0400] {processor.py:840} INFO - DAG(s) 'example_task_group' retrieved from /home/reurairin/projects/urfu/urfu_3s_mlops-3/env/lib/python3.10/site-packages/airflow/example_dags/example_task_group.py
[2024-02-03T04:01:44.438+0400] {logging_mixin.py:188} INFO - [2024-02-03T04:01:44.438+0400] {dag.py:3036} INFO - Sync 1 DAGs
[2024-02-03T04:01:44.447+0400] {logging_mixin.py:188} INFO - [2024-02-03T04:01:44.447+0400] {dag.py:3823} INFO - Setting next_dagrun for example_task_group to 2024-02-02 00:00:00+00:00, run_after=2024-02-03 00:00:00+00:00
[2024-02-03T04:01:44.460+0400] {processor.py:183} INFO - Processing /home/reurairin/projects/urfu/urfu_3s_mlops-3/env/lib/python3.10/site-packages/airflow/example_dags/example_task_group.py took 0.039 seconds
[2024-02-03T04:02:35.948+0400] {processor.py:161} INFO - Started process (PID=6281) to work on /home/reurairin/projects/urfu/urfu_3s_mlops-3/env/lib/python3.10/site-packages/airflow/example_dags/example_task_group.py
[2024-02-03T04:02:35.955+0400] {processor.py:830} INFO - Processing file /home/reurairin/projects/urfu/urfu_3s_mlops-3/env/lib/python3.10/site-packages/airflow/example_dags/example_task_group.py for tasks to queue
[2024-02-03T04:02:35.956+0400] {logging_mixin.py:188} INFO - [2024-02-03T04:02:35.956+0400] {dagbag.py:538} INFO - Filling up the DagBag from /home/reurairin/projects/urfu/urfu_3s_mlops-3/env/lib/python3.10/site-packages/airflow/example_dags/example_task_group.py
[2024-02-03T04:02:35.961+0400] {processor.py:840} INFO - DAG(s) 'example_task_group' retrieved from /home/reurairin/projects/urfu/urfu_3s_mlops-3/env/lib/python3.10/site-packages/airflow/example_dags/example_task_group.py
[2024-02-03T04:02:35.970+0400] {logging_mixin.py:188} INFO - [2024-02-03T04:02:35.970+0400] {dag.py:3036} INFO - Sync 1 DAGs
[2024-02-03T04:02:35.979+0400] {logging_mixin.py:188} INFO - [2024-02-03T04:02:35.979+0400] {dag.py:3823} INFO - Setting next_dagrun for example_task_group to 2024-02-02 00:00:00+00:00, run_after=2024-02-03 00:00:00+00:00
[2024-02-03T04:02:35.992+0400] {processor.py:183} INFO - Processing /home/reurairin/projects/urfu/urfu_3s_mlops-3/env/lib/python3.10/site-packages/airflow/example_dags/example_task_group.py took 0.045 seconds
[2024-02-03T04:03:31.578+0400] {processor.py:161} INFO - Started process (PID=6512) to work on /home/reurairin/projects/urfu/urfu_3s_mlops-3/env/lib/python3.10/site-packages/airflow/example_dags/example_task_group.py
[2024-02-03T04:03:31.585+0400] {processor.py:830} INFO - Processing file /home/reurairin/projects/urfu/urfu_3s_mlops-3/env/lib/python3.10/site-packages/airflow/example_dags/example_task_group.py for tasks to queue
[2024-02-03T04:03:31.586+0400] {logging_mixin.py:188} INFO - [2024-02-03T04:03:31.586+0400] {dagbag.py:538} INFO - Filling up the DagBag from /home/reurairin/projects/urfu/urfu_3s_mlops-3/env/lib/python3.10/site-packages/airflow/example_dags/example_task_group.py
[2024-02-03T04:03:31.590+0400] {processor.py:840} INFO - DAG(s) 'example_task_group' retrieved from /home/reurairin/projects/urfu/urfu_3s_mlops-3/env/lib/python3.10/site-packages/airflow/example_dags/example_task_group.py
[2024-02-03T04:03:31.599+0400] {logging_mixin.py:188} INFO - [2024-02-03T04:03:31.599+0400] {dag.py:3036} INFO - Sync 1 DAGs
[2024-02-03T04:03:31.610+0400] {logging_mixin.py:188} INFO - [2024-02-03T04:03:31.609+0400] {dag.py:3823} INFO - Setting next_dagrun for example_task_group to 2024-02-02 00:00:00+00:00, run_after=2024-02-03 00:00:00+00:00
[2024-02-03T04:03:31.624+0400] {processor.py:183} INFO - Processing /home/reurairin/projects/urfu/urfu_3s_mlops-3/env/lib/python3.10/site-packages/airflow/example_dags/example_task_group.py took 0.048 seconds
[2024-02-03T04:04:23.737+0400] {processor.py:161} INFO - Started process (PID=6735) to work on /home/reurairin/projects/urfu/urfu_3s_mlops-3/env/lib/python3.10/site-packages/airflow/example_dags/example_task_group.py
[2024-02-03T04:04:23.738+0400] {processor.py:830} INFO - Processing file /home/reurairin/projects/urfu/urfu_3s_mlops-3/env/lib/python3.10/site-packages/airflow/example_dags/example_task_group.py for tasks to queue
[2024-02-03T04:04:23.739+0400] {logging_mixin.py:188} INFO - [2024-02-03T04:04:23.739+0400] {dagbag.py:538} INFO - Filling up the DagBag from /home/reurairin/projects/urfu/urfu_3s_mlops-3/env/lib/python3.10/site-packages/airflow/example_dags/example_task_group.py
[2024-02-03T04:04:23.744+0400] {processor.py:840} INFO - DAG(s) 'example_task_group' retrieved from /home/reurairin/projects/urfu/urfu_3s_mlops-3/env/lib/python3.10/site-packages/airflow/example_dags/example_task_group.py
[2024-02-03T04:04:23.753+0400] {logging_mixin.py:188} INFO - [2024-02-03T04:04:23.753+0400] {dag.py:3036} INFO - Sync 1 DAGs
[2024-02-03T04:04:23.763+0400] {logging_mixin.py:188} INFO - [2024-02-03T04:04:23.763+0400] {dag.py:3823} INFO - Setting next_dagrun for example_task_group to 2024-02-02 00:00:00+00:00, run_after=2024-02-03 00:00:00+00:00
[2024-02-03T04:04:23.776+0400] {processor.py:183} INFO - Processing /home/reurairin/projects/urfu/urfu_3s_mlops-3/env/lib/python3.10/site-packages/airflow/example_dags/example_task_group.py took 0.040 seconds
[2024-02-03T04:05:14.994+0400] {processor.py:161} INFO - Started process (PID=6949) to work on /home/reurairin/projects/urfu/urfu_3s_mlops-3/env/lib/python3.10/site-packages/airflow/example_dags/example_task_group.py
[2024-02-03T04:05:14.995+0400] {processor.py:830} INFO - Processing file /home/reurairin/projects/urfu/urfu_3s_mlops-3/env/lib/python3.10/site-packages/airflow/example_dags/example_task_group.py for tasks to queue
[2024-02-03T04:05:14.995+0400] {logging_mixin.py:188} INFO - [2024-02-03T04:05:14.995+0400] {dagbag.py:538} INFO - Filling up the DagBag from /home/reurairin/projects/urfu/urfu_3s_mlops-3/env/lib/python3.10/site-packages/airflow/example_dags/example_task_group.py
[2024-02-03T04:05:15.000+0400] {processor.py:840} INFO - DAG(s) 'example_task_group' retrieved from /home/reurairin/projects/urfu/urfu_3s_mlops-3/env/lib/python3.10/site-packages/airflow/example_dags/example_task_group.py
[2024-02-03T04:05:15.012+0400] {logging_mixin.py:188} INFO - [2024-02-03T04:05:15.012+0400] {dag.py:3036} INFO - Sync 1 DAGs
[2024-02-03T04:05:15.025+0400] {logging_mixin.py:188} INFO - [2024-02-03T04:05:15.024+0400] {dag.py:3823} INFO - Setting next_dagrun for example_task_group to 2024-02-02 00:00:00+00:00, run_after=2024-02-03 00:00:00+00:00
[2024-02-03T04:05:15.040+0400] {processor.py:183} INFO - Processing /home/reurairin/projects/urfu/urfu_3s_mlops-3/env/lib/python3.10/site-packages/airflow/example_dags/example_task_group.py took 0.048 seconds
[2024-02-03T04:06:08.464+0400] {processor.py:161} INFO - Started process (PID=7227) to work on /home/reurairin/projects/urfu/urfu_3s_mlops-3/env/lib/python3.10/site-packages/airflow/example_dags/example_task_group.py
[2024-02-03T04:06:08.465+0400] {processor.py:830} INFO - Processing file /home/reurairin/projects/urfu/urfu_3s_mlops-3/env/lib/python3.10/site-packages/airflow/example_dags/example_task_group.py for tasks to queue
[2024-02-03T04:06:08.466+0400] {logging_mixin.py:188} INFO - [2024-02-03T04:06:08.466+0400] {dagbag.py:538} INFO - Filling up the DagBag from /home/reurairin/projects/urfu/urfu_3s_mlops-3/env/lib/python3.10/site-packages/airflow/example_dags/example_task_group.py
[2024-02-03T04:06:08.471+0400] {processor.py:840} INFO - DAG(s) 'example_task_group' retrieved from /home/reurairin/projects/urfu/urfu_3s_mlops-3/env/lib/python3.10/site-packages/airflow/example_dags/example_task_group.py
[2024-02-03T04:06:08.480+0400] {logging_mixin.py:188} INFO - [2024-02-03T04:06:08.480+0400] {dag.py:3036} INFO - Sync 1 DAGs
[2024-02-03T04:06:08.489+0400] {logging_mixin.py:188} INFO - [2024-02-03T04:06:08.489+0400] {dag.py:3823} INFO - Setting next_dagrun for example_task_group to 2024-02-02 00:00:00+00:00, run_after=2024-02-03 00:00:00+00:00
[2024-02-03T04:06:08.502+0400] {processor.py:183} INFO - Processing /home/reurairin/projects/urfu/urfu_3s_mlops-3/env/lib/python3.10/site-packages/airflow/example_dags/example_task_group.py took 0.039 seconds
[2024-02-03T04:06:59.905+0400] {processor.py:161} INFO - Started process (PID=7449) to work on /home/reurairin/projects/urfu/urfu_3s_mlops-3/env/lib/python3.10/site-packages/airflow/example_dags/example_task_group.py
[2024-02-03T04:06:59.906+0400] {processor.py:830} INFO - Processing file /home/reurairin/projects/urfu/urfu_3s_mlops-3/env/lib/python3.10/site-packages/airflow/example_dags/example_task_group.py for tasks to queue
[2024-02-03T04:06:59.907+0400] {logging_mixin.py:188} INFO - [2024-02-03T04:06:59.906+0400] {dagbag.py:538} INFO - Filling up the DagBag from /home/reurairin/projects/urfu/urfu_3s_mlops-3/env/lib/python3.10/site-packages/airflow/example_dags/example_task_group.py
[2024-02-03T04:06:59.912+0400] {processor.py:840} INFO - DAG(s) 'example_task_group' retrieved from /home/reurairin/projects/urfu/urfu_3s_mlops-3/env/lib/python3.10/site-packages/airflow/example_dags/example_task_group.py
[2024-02-03T04:06:59.922+0400] {logging_mixin.py:188} INFO - [2024-02-03T04:06:59.922+0400] {dag.py:3036} INFO - Sync 1 DAGs
[2024-02-03T04:06:59.934+0400] {logging_mixin.py:188} INFO - [2024-02-03T04:06:59.934+0400] {dag.py:3823} INFO - Setting next_dagrun for example_task_group to 2024-02-02 00:00:00+00:00, run_after=2024-02-03 00:00:00+00:00
[2024-02-03T04:06:59.951+0400] {processor.py:183} INFO - Processing /home/reurairin/projects/urfu/urfu_3s_mlops-3/env/lib/python3.10/site-packages/airflow/example_dags/example_task_group.py took 0.049 seconds
[2024-02-03T04:07:55.098+0400] {processor.py:161} INFO - Started process (PID=7692) to work on /home/reurairin/projects/urfu/urfu_3s_mlops-3/env/lib/python3.10/site-packages/airflow/example_dags/example_task_group.py
[2024-02-03T04:07:55.105+0400] {processor.py:830} INFO - Processing file /home/reurairin/projects/urfu/urfu_3s_mlops-3/env/lib/python3.10/site-packages/airflow/example_dags/example_task_group.py for tasks to queue
[2024-02-03T04:07:55.106+0400] {logging_mixin.py:188} INFO - [2024-02-03T04:07:55.106+0400] {dagbag.py:538} INFO - Filling up the DagBag from /home/reurairin/projects/urfu/urfu_3s_mlops-3/env/lib/python3.10/site-packages/airflow/example_dags/example_task_group.py
[2024-02-03T04:07:55.111+0400] {processor.py:840} INFO - DAG(s) 'example_task_group' retrieved from /home/reurairin/projects/urfu/urfu_3s_mlops-3/env/lib/python3.10/site-packages/airflow/example_dags/example_task_group.py
[2024-02-03T04:07:55.120+0400] {logging_mixin.py:188} INFO - [2024-02-03T04:07:55.119+0400] {dag.py:3036} INFO - Sync 1 DAGs
[2024-02-03T04:07:55.129+0400] {logging_mixin.py:188} INFO - [2024-02-03T04:07:55.129+0400] {dag.py:3823} INFO - Setting next_dagrun for example_task_group to 2024-02-02 00:00:00+00:00, run_after=2024-02-03 00:00:00+00:00
[2024-02-03T04:07:55.141+0400] {processor.py:183} INFO - Processing /home/reurairin/projects/urfu/urfu_3s_mlops-3/env/lib/python3.10/site-packages/airflow/example_dags/example_task_group.py took 0.045 seconds
[2024-02-03T04:08:44.721+0400] {processor.py:161} INFO - Started process (PID=7903) to work on /home/reurairin/projects/urfu/urfu_3s_mlops-3/env/lib/python3.10/site-packages/airflow/example_dags/example_task_group.py
[2024-02-03T04:08:44.728+0400] {processor.py:830} INFO - Processing file /home/reurairin/projects/urfu/urfu_3s_mlops-3/env/lib/python3.10/site-packages/airflow/example_dags/example_task_group.py for tasks to queue
[2024-02-03T04:08:44.729+0400] {logging_mixin.py:188} INFO - [2024-02-03T04:08:44.729+0400] {dagbag.py:538} INFO - Filling up the DagBag from /home/reurairin/projects/urfu/urfu_3s_mlops-3/env/lib/python3.10/site-packages/airflow/example_dags/example_task_group.py
[2024-02-03T04:08:44.735+0400] {processor.py:840} INFO - DAG(s) 'example_task_group' retrieved from /home/reurairin/projects/urfu/urfu_3s_mlops-3/env/lib/python3.10/site-packages/airflow/example_dags/example_task_group.py
[2024-02-03T04:08:44.745+0400] {logging_mixin.py:188} INFO - [2024-02-03T04:08:44.745+0400] {dag.py:3036} INFO - Sync 1 DAGs
[2024-02-03T04:08:44.755+0400] {logging_mixin.py:188} INFO - [2024-02-03T04:08:44.755+0400] {dag.py:3823} INFO - Setting next_dagrun for example_task_group to 2024-02-02 00:00:00+00:00, run_after=2024-02-03 00:00:00+00:00
[2024-02-03T04:08:44.768+0400] {processor.py:183} INFO - Processing /home/reurairin/projects/urfu/urfu_3s_mlops-3/env/lib/python3.10/site-packages/airflow/example_dags/example_task_group.py took 0.050 seconds
[2024-02-03T04:09:34.667+0400] {processor.py:161} INFO - Started process (PID=8163) to work on /home/reurairin/projects/urfu/urfu_3s_mlops-3/env/lib/python3.10/site-packages/airflow/example_dags/example_task_group.py
[2024-02-03T04:09:34.674+0400] {processor.py:830} INFO - Processing file /home/reurairin/projects/urfu/urfu_3s_mlops-3/env/lib/python3.10/site-packages/airflow/example_dags/example_task_group.py for tasks to queue
[2024-02-03T04:09:34.675+0400] {logging_mixin.py:188} INFO - [2024-02-03T04:09:34.675+0400] {dagbag.py:538} INFO - Filling up the DagBag from /home/reurairin/projects/urfu/urfu_3s_mlops-3/env/lib/python3.10/site-packages/airflow/example_dags/example_task_group.py
[2024-02-03T04:09:34.680+0400] {processor.py:840} INFO - DAG(s) 'example_task_group' retrieved from /home/reurairin/projects/urfu/urfu_3s_mlops-3/env/lib/python3.10/site-packages/airflow/example_dags/example_task_group.py
[2024-02-03T04:09:34.689+0400] {logging_mixin.py:188} INFO - [2024-02-03T04:09:34.689+0400] {dag.py:3036} INFO - Sync 1 DAGs
[2024-02-03T04:09:34.699+0400] {logging_mixin.py:188} INFO - [2024-02-03T04:09:34.699+0400] {dag.py:3823} INFO - Setting next_dagrun for example_task_group to 2024-02-02 00:00:00+00:00, run_after=2024-02-03 00:00:00+00:00
[2024-02-03T04:09:34.711+0400] {processor.py:183} INFO - Processing /home/reurairin/projects/urfu/urfu_3s_mlops-3/env/lib/python3.10/site-packages/airflow/example_dags/example_task_group.py took 0.046 seconds
