[2024-02-03T04:00:13.090+0400] {processor.py:161} INFO - Started process (PID=5672) to work on /home/reurairin/projects/urfu/urfu_3s_mlops-3/env/lib/python3.10/site-packages/airflow/example_dags/example_sensor_decorator.py
[2024-02-03T04:00:13.090+0400] {processor.py:830} INFO - Processing file /home/reurairin/projects/urfu/urfu_3s_mlops-3/env/lib/python3.10/site-packages/airflow/example_dags/example_sensor_decorator.py for tasks to queue
[2024-02-03T04:00:13.091+0400] {logging_mixin.py:188} INFO - [2024-02-03T04:00:13.091+0400] {dagbag.py:538} INFO - Filling up the DagBag from /home/reurairin/projects/urfu/urfu_3s_mlops-3/env/lib/python3.10/site-packages/airflow/example_dags/example_sensor_decorator.py
[2024-02-03T04:00:13.095+0400] {processor.py:840} INFO - DAG(s) 'example_sensor_decorator' retrieved from /home/reurairin/projects/urfu/urfu_3s_mlops-3/env/lib/python3.10/site-packages/airflow/example_dags/example_sensor_decorator.py
[2024-02-03T04:00:13.104+0400] {logging_mixin.py:188} INFO - [2024-02-03T04:00:13.104+0400] {dag.py:3036} INFO - Sync 1 DAGs
[2024-02-03T04:00:13.111+0400] {logging_mixin.py:188} INFO - [2024-02-03T04:00:13.111+0400] {dag.py:3823} INFO - Setting next_dagrun for example_sensor_decorator to None, run_after=None
[2024-02-03T04:00:13.130+0400] {processor.py:183} INFO - Processing /home/reurairin/projects/urfu/urfu_3s_mlops-3/env/lib/python3.10/site-packages/airflow/example_dags/example_sensor_decorator.py took 0.043 seconds
[2024-02-03T04:01:09.587+0400] {processor.py:161} INFO - Started process (PID=5906) to work on /home/reurairin/projects/urfu/urfu_3s_mlops-3/env/lib/python3.10/site-packages/airflow/example_dags/example_sensor_decorator.py
[2024-02-03T04:01:09.588+0400] {processor.py:830} INFO - Processing file /home/reurairin/projects/urfu/urfu_3s_mlops-3/env/lib/python3.10/site-packages/airflow/example_dags/example_sensor_decorator.py for tasks to queue
[2024-02-03T04:01:09.589+0400] {logging_mixin.py:188} INFO - [2024-02-03T04:01:09.589+0400] {dagbag.py:538} INFO - Filling up the DagBag from /home/reurairin/projects/urfu/urfu_3s_mlops-3/env/lib/python3.10/site-packages/airflow/example_dags/example_sensor_decorator.py
[2024-02-03T04:01:09.593+0400] {processor.py:840} INFO - DAG(s) 'example_sensor_decorator' retrieved from /home/reurairin/projects/urfu/urfu_3s_mlops-3/env/lib/python3.10/site-packages/airflow/example_dags/example_sensor_decorator.py
[2024-02-03T04:01:09.601+0400] {logging_mixin.py:188} INFO - [2024-02-03T04:01:09.601+0400] {dag.py:3036} INFO - Sync 1 DAGs
[2024-02-03T04:01:09.608+0400] {logging_mixin.py:188} INFO - [2024-02-03T04:01:09.608+0400] {dag.py:3823} INFO - Setting next_dagrun for example_sensor_decorator to None, run_after=None
[2024-02-03T04:01:09.621+0400] {processor.py:183} INFO - Processing /home/reurairin/projects/urfu/urfu_3s_mlops-3/env/lib/python3.10/site-packages/airflow/example_dags/example_sensor_decorator.py took 0.036 seconds
[2024-02-03T04:01:59.560+0400] {processor.py:161} INFO - Started process (PID=6120) to work on /home/reurairin/projects/urfu/urfu_3s_mlops-3/env/lib/python3.10/site-packages/airflow/example_dags/example_sensor_decorator.py
[2024-02-03T04:01:59.567+0400] {processor.py:830} INFO - Processing file /home/reurairin/projects/urfu/urfu_3s_mlops-3/env/lib/python3.10/site-packages/airflow/example_dags/example_sensor_decorator.py for tasks to queue
[2024-02-03T04:01:59.568+0400] {logging_mixin.py:188} INFO - [2024-02-03T04:01:59.568+0400] {dagbag.py:538} INFO - Filling up the DagBag from /home/reurairin/projects/urfu/urfu_3s_mlops-3/env/lib/python3.10/site-packages/airflow/example_dags/example_sensor_decorator.py
[2024-02-03T04:01:59.572+0400] {processor.py:840} INFO - DAG(s) 'example_sensor_decorator' retrieved from /home/reurairin/projects/urfu/urfu_3s_mlops-3/env/lib/python3.10/site-packages/airflow/example_dags/example_sensor_decorator.py
[2024-02-03T04:01:59.580+0400] {logging_mixin.py:188} INFO - [2024-02-03T04:01:59.580+0400] {dag.py:3036} INFO - Sync 1 DAGs
[2024-02-03T04:01:59.586+0400] {logging_mixin.py:188} INFO - [2024-02-03T04:01:59.586+0400] {dag.py:3823} INFO - Setting next_dagrun for example_sensor_decorator to None, run_after=None
[2024-02-03T04:01:59.598+0400] {processor.py:183} INFO - Processing /home/reurairin/projects/urfu/urfu_3s_mlops-3/env/lib/python3.10/site-packages/airflow/example_dags/example_sensor_decorator.py took 0.040 seconds
[2024-02-03T04:02:51.224+0400] {processor.py:161} INFO - Started process (PID=6338) to work on /home/reurairin/projects/urfu/urfu_3s_mlops-3/env/lib/python3.10/site-packages/airflow/example_dags/example_sensor_decorator.py
[2024-02-03T04:02:51.232+0400] {processor.py:830} INFO - Processing file /home/reurairin/projects/urfu/urfu_3s_mlops-3/env/lib/python3.10/site-packages/airflow/example_dags/example_sensor_decorator.py for tasks to queue
[2024-02-03T04:02:51.232+0400] {logging_mixin.py:188} INFO - [2024-02-03T04:02:51.232+0400] {dagbag.py:538} INFO - Filling up the DagBag from /home/reurairin/projects/urfu/urfu_3s_mlops-3/env/lib/python3.10/site-packages/airflow/example_dags/example_sensor_decorator.py
[2024-02-03T04:02:51.236+0400] {processor.py:840} INFO - DAG(s) 'example_sensor_decorator' retrieved from /home/reurairin/projects/urfu/urfu_3s_mlops-3/env/lib/python3.10/site-packages/airflow/example_dags/example_sensor_decorator.py
[2024-02-03T04:02:51.245+0400] {logging_mixin.py:188} INFO - [2024-02-03T04:02:51.245+0400] {dag.py:3036} INFO - Sync 1 DAGs
[2024-02-03T04:02:51.252+0400] {logging_mixin.py:188} INFO - [2024-02-03T04:02:51.252+0400] {dag.py:3823} INFO - Setting next_dagrun for example_sensor_decorator to None, run_after=None
[2024-02-03T04:02:51.267+0400] {processor.py:183} INFO - Processing /home/reurairin/projects/urfu/urfu_3s_mlops-3/env/lib/python3.10/site-packages/airflow/example_dags/example_sensor_decorator.py took 0.046 seconds
[2024-02-03T04:03:46.011+0400] {processor.py:161} INFO - Started process (PID=6569) to work on /home/reurairin/projects/urfu/urfu_3s_mlops-3/env/lib/python3.10/site-packages/airflow/example_dags/example_sensor_decorator.py
[2024-02-03T04:03:46.018+0400] {processor.py:830} INFO - Processing file /home/reurairin/projects/urfu/urfu_3s_mlops-3/env/lib/python3.10/site-packages/airflow/example_dags/example_sensor_decorator.py for tasks to queue
[2024-02-03T04:03:46.019+0400] {logging_mixin.py:188} INFO - [2024-02-03T04:03:46.019+0400] {dagbag.py:538} INFO - Filling up the DagBag from /home/reurairin/projects/urfu/urfu_3s_mlops-3/env/lib/python3.10/site-packages/airflow/example_dags/example_sensor_decorator.py
[2024-02-03T04:03:46.023+0400] {processor.py:840} INFO - DAG(s) 'example_sensor_decorator' retrieved from /home/reurairin/projects/urfu/urfu_3s_mlops-3/env/lib/python3.10/site-packages/airflow/example_dags/example_sensor_decorator.py
[2024-02-03T04:03:46.032+0400] {logging_mixin.py:188} INFO - [2024-02-03T04:03:46.032+0400] {dag.py:3036} INFO - Sync 1 DAGs
[2024-02-03T04:03:46.040+0400] {logging_mixin.py:188} INFO - [2024-02-03T04:03:46.040+0400] {dag.py:3823} INFO - Setting next_dagrun for example_sensor_decorator to None, run_after=None
[2024-02-03T04:03:46.057+0400] {processor.py:183} INFO - Processing /home/reurairin/projects/urfu/urfu_3s_mlops-3/env/lib/python3.10/site-packages/airflow/example_dags/example_sensor_decorator.py took 0.048 seconds
[2024-02-03T04:04:35.152+0400] {processor.py:161} INFO - Started process (PID=6777) to work on /home/reurairin/projects/urfu/urfu_3s_mlops-3/env/lib/python3.10/site-packages/airflow/example_dags/example_sensor_decorator.py
[2024-02-03T04:04:35.159+0400] {processor.py:830} INFO - Processing file /home/reurairin/projects/urfu/urfu_3s_mlops-3/env/lib/python3.10/site-packages/airflow/example_dags/example_sensor_decorator.py for tasks to queue
[2024-02-03T04:04:35.159+0400] {logging_mixin.py:188} INFO - [2024-02-03T04:04:35.159+0400] {dagbag.py:538} INFO - Filling up the DagBag from /home/reurairin/projects/urfu/urfu_3s_mlops-3/env/lib/python3.10/site-packages/airflow/example_dags/example_sensor_decorator.py
[2024-02-03T04:04:35.163+0400] {processor.py:840} INFO - DAG(s) 'example_sensor_decorator' retrieved from /home/reurairin/projects/urfu/urfu_3s_mlops-3/env/lib/python3.10/site-packages/airflow/example_dags/example_sensor_decorator.py
[2024-02-03T04:04:35.171+0400] {logging_mixin.py:188} INFO - [2024-02-03T04:04:35.171+0400] {dag.py:3036} INFO - Sync 1 DAGs
[2024-02-03T04:04:35.177+0400] {logging_mixin.py:188} INFO - [2024-02-03T04:04:35.177+0400] {dag.py:3823} INFO - Setting next_dagrun for example_sensor_decorator to None, run_after=None
[2024-02-03T04:04:35.190+0400] {processor.py:183} INFO - Processing /home/reurairin/projects/urfu/urfu_3s_mlops-3/env/lib/python3.10/site-packages/airflow/example_dags/example_sensor_decorator.py took 0.039 seconds
[2024-02-03T04:05:31.502+0400] {processor.py:161} INFO - Started process (PID=7025) to work on /home/reurairin/projects/urfu/urfu_3s_mlops-3/env/lib/python3.10/site-packages/airflow/example_dags/example_sensor_decorator.py
[2024-02-03T04:05:31.504+0400] {processor.py:830} INFO - Processing file /home/reurairin/projects/urfu/urfu_3s_mlops-3/env/lib/python3.10/site-packages/airflow/example_dags/example_sensor_decorator.py for tasks to queue
[2024-02-03T04:05:31.504+0400] {logging_mixin.py:188} INFO - [2024-02-03T04:05:31.504+0400] {dagbag.py:538} INFO - Filling up the DagBag from /home/reurairin/projects/urfu/urfu_3s_mlops-3/env/lib/python3.10/site-packages/airflow/example_dags/example_sensor_decorator.py
[2024-02-03T04:05:31.511+0400] {processor.py:840} INFO - DAG(s) 'example_sensor_decorator' retrieved from /home/reurairin/projects/urfu/urfu_3s_mlops-3/env/lib/python3.10/site-packages/airflow/example_dags/example_sensor_decorator.py
[2024-02-03T04:05:31.528+0400] {logging_mixin.py:188} INFO - [2024-02-03T04:05:31.527+0400] {dag.py:3036} INFO - Sync 1 DAGs
[2024-02-03T04:05:31.536+0400] {logging_mixin.py:188} INFO - [2024-02-03T04:05:31.536+0400] {dag.py:3823} INFO - Setting next_dagrun for example_sensor_decorator to None, run_after=None
[2024-02-03T04:05:31.552+0400] {processor.py:183} INFO - Processing /home/reurairin/projects/urfu/urfu_3s_mlops-3/env/lib/python3.10/site-packages/airflow/example_dags/example_sensor_decorator.py took 0.054 seconds
[2024-02-03T04:06:19.878+0400] {processor.py:161} INFO - Started process (PID=7283) to work on /home/reurairin/projects/urfu/urfu_3s_mlops-3/env/lib/python3.10/site-packages/airflow/example_dags/example_sensor_decorator.py
[2024-02-03T04:06:19.885+0400] {processor.py:830} INFO - Processing file /home/reurairin/projects/urfu/urfu_3s_mlops-3/env/lib/python3.10/site-packages/airflow/example_dags/example_sensor_decorator.py for tasks to queue
[2024-02-03T04:06:19.886+0400] {logging_mixin.py:188} INFO - [2024-02-03T04:06:19.885+0400] {dagbag.py:538} INFO - Filling up the DagBag from /home/reurairin/projects/urfu/urfu_3s_mlops-3/env/lib/python3.10/site-packages/airflow/example_dags/example_sensor_decorator.py
[2024-02-03T04:06:19.889+0400] {processor.py:840} INFO - DAG(s) 'example_sensor_decorator' retrieved from /home/reurairin/projects/urfu/urfu_3s_mlops-3/env/lib/python3.10/site-packages/airflow/example_dags/example_sensor_decorator.py
[2024-02-03T04:06:19.897+0400] {logging_mixin.py:188} INFO - [2024-02-03T04:06:19.896+0400] {dag.py:3036} INFO - Sync 1 DAGs
[2024-02-03T04:06:19.903+0400] {logging_mixin.py:188} INFO - [2024-02-03T04:06:19.903+0400] {dag.py:3823} INFO - Setting next_dagrun for example_sensor_decorator to None, run_after=None
[2024-02-03T04:06:19.916+0400] {processor.py:183} INFO - Processing /home/reurairin/projects/urfu/urfu_3s_mlops-3/env/lib/python3.10/site-packages/airflow/example_dags/example_sensor_decorator.py took 0.039 seconds
[2024-02-03T04:07:14.609+0400] {processor.py:161} INFO - Started process (PID=7512) to work on /home/reurairin/projects/urfu/urfu_3s_mlops-3/env/lib/python3.10/site-packages/airflow/example_dags/example_sensor_decorator.py
[2024-02-03T04:07:14.610+0400] {processor.py:830} INFO - Processing file /home/reurairin/projects/urfu/urfu_3s_mlops-3/env/lib/python3.10/site-packages/airflow/example_dags/example_sensor_decorator.py for tasks to queue
[2024-02-03T04:07:14.611+0400] {logging_mixin.py:188} INFO - [2024-02-03T04:07:14.610+0400] {dagbag.py:538} INFO - Filling up the DagBag from /home/reurairin/projects/urfu/urfu_3s_mlops-3/env/lib/python3.10/site-packages/airflow/example_dags/example_sensor_decorator.py
[2024-02-03T04:07:14.614+0400] {processor.py:840} INFO - DAG(s) 'example_sensor_decorator' retrieved from /home/reurairin/projects/urfu/urfu_3s_mlops-3/env/lib/python3.10/site-packages/airflow/example_dags/example_sensor_decorator.py
[2024-02-03T04:07:14.623+0400] {logging_mixin.py:188} INFO - [2024-02-03T04:07:14.623+0400] {dag.py:3036} INFO - Sync 1 DAGs
[2024-02-03T04:07:14.629+0400] {logging_mixin.py:188} INFO - [2024-02-03T04:07:14.629+0400] {dag.py:3823} INFO - Setting next_dagrun for example_sensor_decorator to None, run_after=None
[2024-02-03T04:07:14.641+0400] {processor.py:183} INFO - Processing /home/reurairin/projects/urfu/urfu_3s_mlops-3/env/lib/python3.10/site-packages/airflow/example_dags/example_sensor_decorator.py took 0.034 seconds
[2024-02-03T04:08:06.856+0400] {processor.py:161} INFO - Started process (PID=7739) to work on /home/reurairin/projects/urfu/urfu_3s_mlops-3/env/lib/python3.10/site-packages/airflow/example_dags/example_sensor_decorator.py
[2024-02-03T04:08:06.859+0400] {processor.py:830} INFO - Processing file /home/reurairin/projects/urfu/urfu_3s_mlops-3/env/lib/python3.10/site-packages/airflow/example_dags/example_sensor_decorator.py for tasks to queue
[2024-02-03T04:08:06.859+0400] {logging_mixin.py:188} INFO - [2024-02-03T04:08:06.859+0400] {dagbag.py:538} INFO - Filling up the DagBag from /home/reurairin/projects/urfu/urfu_3s_mlops-3/env/lib/python3.10/site-packages/airflow/example_dags/example_sensor_decorator.py
[2024-02-03T04:08:06.863+0400] {processor.py:840} INFO - DAG(s) 'example_sensor_decorator' retrieved from /home/reurairin/projects/urfu/urfu_3s_mlops-3/env/lib/python3.10/site-packages/airflow/example_dags/example_sensor_decorator.py
[2024-02-03T04:08:06.871+0400] {logging_mixin.py:188} INFO - [2024-02-03T04:08:06.871+0400] {dag.py:3036} INFO - Sync 1 DAGs
[2024-02-03T04:08:06.877+0400] {logging_mixin.py:188} INFO - [2024-02-03T04:08:06.877+0400] {dag.py:3823} INFO - Setting next_dagrun for example_sensor_decorator to None, run_after=None
[2024-02-03T04:08:06.889+0400] {processor.py:183} INFO - Processing /home/reurairin/projects/urfu/urfu_3s_mlops-3/env/lib/python3.10/site-packages/airflow/example_dags/example_sensor_decorator.py took 0.034 seconds
[2024-02-03T04:08:59.282+0400] {processor.py:161} INFO - Started process (PID=7960) to work on /home/reurairin/projects/urfu/urfu_3s_mlops-3/env/lib/python3.10/site-packages/airflow/example_dags/example_sensor_decorator.py
[2024-02-03T04:08:59.283+0400] {processor.py:830} INFO - Processing file /home/reurairin/projects/urfu/urfu_3s_mlops-3/env/lib/python3.10/site-packages/airflow/example_dags/example_sensor_decorator.py for tasks to queue
[2024-02-03T04:08:59.284+0400] {logging_mixin.py:188} INFO - [2024-02-03T04:08:59.283+0400] {dagbag.py:538} INFO - Filling up the DagBag from /home/reurairin/projects/urfu/urfu_3s_mlops-3/env/lib/python3.10/site-packages/airflow/example_dags/example_sensor_decorator.py
[2024-02-03T04:08:59.287+0400] {processor.py:840} INFO - DAG(s) 'example_sensor_decorator' retrieved from /home/reurairin/projects/urfu/urfu_3s_mlops-3/env/lib/python3.10/site-packages/airflow/example_dags/example_sensor_decorator.py
[2024-02-03T04:08:59.295+0400] {logging_mixin.py:188} INFO - [2024-02-03T04:08:59.295+0400] {dag.py:3036} INFO - Sync 1 DAGs
[2024-02-03T04:08:59.300+0400] {logging_mixin.py:188} INFO - [2024-02-03T04:08:59.300+0400] {dag.py:3823} INFO - Setting next_dagrun for example_sensor_decorator to None, run_after=None
[2024-02-03T04:08:59.314+0400] {processor.py:183} INFO - Processing /home/reurairin/projects/urfu/urfu_3s_mlops-3/env/lib/python3.10/site-packages/airflow/example_dags/example_sensor_decorator.py took 0.033 seconds
[2024-02-03T04:09:48.924+0400] {processor.py:161} INFO - Started process (PID=8246) to work on /home/reurairin/projects/urfu/urfu_3s_mlops-3/env/lib/python3.10/site-packages/airflow/example_dags/example_sensor_decorator.py
[2024-02-03T04:09:48.925+0400] {processor.py:830} INFO - Processing file /home/reurairin/projects/urfu/urfu_3s_mlops-3/env/lib/python3.10/site-packages/airflow/example_dags/example_sensor_decorator.py for tasks to queue
[2024-02-03T04:09:48.926+0400] {logging_mixin.py:188} INFO - [2024-02-03T04:09:48.926+0400] {dagbag.py:538} INFO - Filling up the DagBag from /home/reurairin/projects/urfu/urfu_3s_mlops-3/env/lib/python3.10/site-packages/airflow/example_dags/example_sensor_decorator.py
[2024-02-03T04:09:48.929+0400] {processor.py:840} INFO - DAG(s) 'example_sensor_decorator' retrieved from /home/reurairin/projects/urfu/urfu_3s_mlops-3/env/lib/python3.10/site-packages/airflow/example_dags/example_sensor_decorator.py
[2024-02-03T04:09:48.937+0400] {logging_mixin.py:188} INFO - [2024-02-03T04:09:48.937+0400] {dag.py:3036} INFO - Sync 1 DAGs
[2024-02-03T04:09:48.943+0400] {logging_mixin.py:188} INFO - [2024-02-03T04:09:48.943+0400] {dag.py:3823} INFO - Setting next_dagrun for example_sensor_decorator to None, run_after=None
[2024-02-03T04:09:48.955+0400] {processor.py:183} INFO - Processing /home/reurairin/projects/urfu/urfu_3s_mlops-3/env/lib/python3.10/site-packages/airflow/example_dags/example_sensor_decorator.py took 0.032 seconds
