[2024-02-03T04:00:39.477+0400] {processor.py:161} INFO - Started process (PID=5776) to work on /home/reurairin/projects/urfu/urfu_3s_mlops-3/env/lib/python3.10/site-packages/airflow/example_dags/example_subdag_operator.py
[2024-02-03T04:00:39.478+0400] {processor.py:830} INFO - Processing file /home/reurairin/projects/urfu/urfu_3s_mlops-3/env/lib/python3.10/site-packages/airflow/example_dags/example_subdag_operator.py for tasks to queue
[2024-02-03T04:00:39.478+0400] {logging_mixin.py:188} INFO - [2024-02-03T04:00:39.478+0400] {dagbag.py:538} INFO - Filling up the DagBag from /home/reurairin/projects/urfu/urfu_3s_mlops-3/env/lib/python3.10/site-packages/airflow/example_dags/example_subdag_operator.py
[2024-02-03T04:00:39.492+0400] {processor.py:840} INFO - DAG(s) 'example_subdag_operator.section-1', 'example_subdag_operator.section-2', 'example_subdag_operator' retrieved from /home/reurairin/projects/urfu/urfu_3s_mlops-3/env/lib/python3.10/site-packages/airflow/example_dags/example_subdag_operator.py
[2024-02-03T04:00:39.504+0400] {logging_mixin.py:188} INFO - [2024-02-03T04:00:39.504+0400] {dag.py:3036} INFO - Sync 3 DAGs
[2024-02-03T04:00:39.518+0400] {logging_mixin.py:188} INFO - [2024-02-03T04:00:39.517+0400] {dag.py:3823} INFO - Setting next_dagrun for example_subdag_operator to 2022-01-01 00:00:00+00:00, run_after=2022-01-01 00:00:00+00:00
[2024-02-03T04:00:39.520+0400] {logging_mixin.py:188} INFO - [2024-02-03T04:00:39.520+0400] {dag.py:3823} INFO - Setting next_dagrun for example_subdag_operator.section-1 to None, run_after=None
[2024-02-03T04:00:39.521+0400] {logging_mixin.py:188} INFO - [2024-02-03T04:00:39.521+0400] {dag.py:3823} INFO - Setting next_dagrun for example_subdag_operator.section-2 to None, run_after=None
[2024-02-03T04:00:39.526+0400] {logging_mixin.py:188} INFO - [2024-02-03T04:00:39.525+0400] {dag.py:3036} INFO - Sync 2 DAGs
[2024-02-03T04:00:39.529+0400] {logging_mixin.py:188} INFO - [2024-02-03T04:00:39.529+0400] {dag.py:3823} INFO - Setting next_dagrun for example_subdag_operator.section-1 to None, run_after=None
[2024-02-03T04:00:39.529+0400] {logging_mixin.py:188} INFO - [2024-02-03T04:00:39.529+0400] {dag.py:3823} INFO - Setting next_dagrun for example_subdag_operator.section-2 to None, run_after=None
[2024-02-03T04:00:39.544+0400] {processor.py:183} INFO - Processing /home/reurairin/projects/urfu/urfu_3s_mlops-3/env/lib/python3.10/site-packages/airflow/example_dags/example_subdag_operator.py took 0.069 seconds
[2024-02-03T04:01:32.609+0400] {processor.py:161} INFO - Started process (PID=6000) to work on /home/reurairin/projects/urfu/urfu_3s_mlops-3/env/lib/python3.10/site-packages/airflow/example_dags/example_subdag_operator.py
[2024-02-03T04:01:32.610+0400] {processor.py:830} INFO - Processing file /home/reurairin/projects/urfu/urfu_3s_mlops-3/env/lib/python3.10/site-packages/airflow/example_dags/example_subdag_operator.py for tasks to queue
[2024-02-03T04:01:32.611+0400] {logging_mixin.py:188} INFO - [2024-02-03T04:01:32.611+0400] {dagbag.py:538} INFO - Filling up the DagBag from /home/reurairin/projects/urfu/urfu_3s_mlops-3/env/lib/python3.10/site-packages/airflow/example_dags/example_subdag_operator.py
[2024-02-03T04:01:32.630+0400] {processor.py:840} INFO - DAG(s) 'example_subdag_operator.section-1', 'example_subdag_operator.section-2', 'example_subdag_operator' retrieved from /home/reurairin/projects/urfu/urfu_3s_mlops-3/env/lib/python3.10/site-packages/airflow/example_dags/example_subdag_operator.py
[2024-02-03T04:01:32.643+0400] {logging_mixin.py:188} INFO - [2024-02-03T04:01:32.642+0400] {dag.py:3036} INFO - Sync 3 DAGs
[2024-02-03T04:01:32.662+0400] {logging_mixin.py:188} INFO - [2024-02-03T04:01:32.662+0400] {dag.py:3823} INFO - Setting next_dagrun for example_subdag_operator to 2022-01-01 00:00:00+00:00, run_after=2022-01-01 00:00:00+00:00
[2024-02-03T04:01:32.667+0400] {logging_mixin.py:188} INFO - [2024-02-03T04:01:32.667+0400] {dag.py:3823} INFO - Setting next_dagrun for example_subdag_operator.section-1 to None, run_after=None
[2024-02-03T04:01:32.670+0400] {logging_mixin.py:188} INFO - [2024-02-03T04:01:32.669+0400] {dag.py:3823} INFO - Setting next_dagrun for example_subdag_operator.section-2 to None, run_after=None
[2024-02-03T04:01:32.679+0400] {logging_mixin.py:188} INFO - [2024-02-03T04:01:32.679+0400] {dag.py:3036} INFO - Sync 2 DAGs
[2024-02-03T04:01:32.685+0400] {logging_mixin.py:188} INFO - [2024-02-03T04:01:32.685+0400] {dag.py:3823} INFO - Setting next_dagrun for example_subdag_operator.section-1 to None, run_after=None
[2024-02-03T04:01:32.685+0400] {logging_mixin.py:188} INFO - [2024-02-03T04:01:32.685+0400] {dag.py:3823} INFO - Setting next_dagrun for example_subdag_operator.section-2 to None, run_after=None
[2024-02-03T04:01:32.708+0400] {processor.py:183} INFO - Processing /home/reurairin/projects/urfu/urfu_3s_mlops-3/env/lib/python3.10/site-packages/airflow/example_dags/example_subdag_operator.py took 0.102 seconds
[2024-02-03T04:02:23.219+0400] {processor.py:161} INFO - Started process (PID=6216) to work on /home/reurairin/projects/urfu/urfu_3s_mlops-3/env/lib/python3.10/site-packages/airflow/example_dags/example_subdag_operator.py
[2024-02-03T04:02:23.220+0400] {processor.py:830} INFO - Processing file /home/reurairin/projects/urfu/urfu_3s_mlops-3/env/lib/python3.10/site-packages/airflow/example_dags/example_subdag_operator.py for tasks to queue
[2024-02-03T04:02:23.221+0400] {logging_mixin.py:188} INFO - [2024-02-03T04:02:23.220+0400] {dagbag.py:538} INFO - Filling up the DagBag from /home/reurairin/projects/urfu/urfu_3s_mlops-3/env/lib/python3.10/site-packages/airflow/example_dags/example_subdag_operator.py
[2024-02-03T04:02:23.235+0400] {processor.py:840} INFO - DAG(s) 'example_subdag_operator.section-1', 'example_subdag_operator.section-2', 'example_subdag_operator' retrieved from /home/reurairin/projects/urfu/urfu_3s_mlops-3/env/lib/python3.10/site-packages/airflow/example_dags/example_subdag_operator.py
[2024-02-03T04:02:23.245+0400] {logging_mixin.py:188} INFO - [2024-02-03T04:02:23.244+0400] {dag.py:3036} INFO - Sync 3 DAGs
[2024-02-03T04:02:23.255+0400] {logging_mixin.py:188} INFO - [2024-02-03T04:02:23.255+0400] {dag.py:3823} INFO - Setting next_dagrun for example_subdag_operator to 2022-01-01 00:00:00+00:00, run_after=2022-01-01 00:00:00+00:00
[2024-02-03T04:02:23.257+0400] {logging_mixin.py:188} INFO - [2024-02-03T04:02:23.257+0400] {dag.py:3823} INFO - Setting next_dagrun for example_subdag_operator.section-1 to None, run_after=None
[2024-02-03T04:02:23.258+0400] {logging_mixin.py:188} INFO - [2024-02-03T04:02:23.258+0400] {dag.py:3823} INFO - Setting next_dagrun for example_subdag_operator.section-2 to None, run_after=None
[2024-02-03T04:02:23.262+0400] {logging_mixin.py:188} INFO - [2024-02-03T04:02:23.262+0400] {dag.py:3036} INFO - Sync 2 DAGs
[2024-02-03T04:02:23.265+0400] {logging_mixin.py:188} INFO - [2024-02-03T04:02:23.265+0400] {dag.py:3823} INFO - Setting next_dagrun for example_subdag_operator.section-1 to None, run_after=None
[2024-02-03T04:02:23.265+0400] {logging_mixin.py:188} INFO - [2024-02-03T04:02:23.265+0400] {dag.py:3823} INFO - Setting next_dagrun for example_subdag_operator.section-2 to None, run_after=None
[2024-02-03T04:02:23.275+0400] {processor.py:183} INFO - Processing /home/reurairin/projects/urfu/urfu_3s_mlops-3/env/lib/python3.10/site-packages/airflow/example_dags/example_subdag_operator.py took 0.058 seconds
[2024-02-03T04:03:18.049+0400] {processor.py:161} INFO - Started process (PID=6459) to work on /home/reurairin/projects/urfu/urfu_3s_mlops-3/env/lib/python3.10/site-packages/airflow/example_dags/example_subdag_operator.py
[2024-02-03T04:03:18.051+0400] {processor.py:830} INFO - Processing file /home/reurairin/projects/urfu/urfu_3s_mlops-3/env/lib/python3.10/site-packages/airflow/example_dags/example_subdag_operator.py for tasks to queue
[2024-02-03T04:03:18.051+0400] {logging_mixin.py:188} INFO - [2024-02-03T04:03:18.051+0400] {dagbag.py:538} INFO - Filling up the DagBag from /home/reurairin/projects/urfu/urfu_3s_mlops-3/env/lib/python3.10/site-packages/airflow/example_dags/example_subdag_operator.py
[2024-02-03T04:03:18.070+0400] {processor.py:840} INFO - DAG(s) 'example_subdag_operator.section-1', 'example_subdag_operator.section-2', 'example_subdag_operator' retrieved from /home/reurairin/projects/urfu/urfu_3s_mlops-3/env/lib/python3.10/site-packages/airflow/example_dags/example_subdag_operator.py
[2024-02-03T04:03:18.082+0400] {logging_mixin.py:188} INFO - [2024-02-03T04:03:18.082+0400] {dag.py:3036} INFO - Sync 3 DAGs
[2024-02-03T04:03:18.095+0400] {logging_mixin.py:188} INFO - [2024-02-03T04:03:18.095+0400] {dag.py:3823} INFO - Setting next_dagrun for example_subdag_operator to 2022-01-01 00:00:00+00:00, run_after=2022-01-01 00:00:00+00:00
[2024-02-03T04:03:18.098+0400] {logging_mixin.py:188} INFO - [2024-02-03T04:03:18.097+0400] {dag.py:3823} INFO - Setting next_dagrun for example_subdag_operator.section-1 to None, run_after=None
[2024-02-03T04:03:18.099+0400] {logging_mixin.py:188} INFO - [2024-02-03T04:03:18.099+0400] {dag.py:3823} INFO - Setting next_dagrun for example_subdag_operator.section-2 to None, run_after=None
[2024-02-03T04:03:18.103+0400] {logging_mixin.py:188} INFO - [2024-02-03T04:03:18.103+0400] {dag.py:3036} INFO - Sync 2 DAGs
[2024-02-03T04:03:18.106+0400] {logging_mixin.py:188} INFO - [2024-02-03T04:03:18.106+0400] {dag.py:3823} INFO - Setting next_dagrun for example_subdag_operator.section-1 to None, run_after=None
[2024-02-03T04:03:18.107+0400] {logging_mixin.py:188} INFO - [2024-02-03T04:03:18.107+0400] {dag.py:3823} INFO - Setting next_dagrun for example_subdag_operator.section-2 to None, run_after=None
[2024-02-03T04:03:18.120+0400] {processor.py:183} INFO - Processing /home/reurairin/projects/urfu/urfu_3s_mlops-3/env/lib/python3.10/site-packages/airflow/example_dags/example_subdag_operator.py took 0.073 seconds
[2024-02-03T04:04:11.735+0400] {processor.py:161} INFO - Started process (PID=6685) to work on /home/reurairin/projects/urfu/urfu_3s_mlops-3/env/lib/python3.10/site-packages/airflow/example_dags/example_subdag_operator.py
[2024-02-03T04:04:11.736+0400] {processor.py:830} INFO - Processing file /home/reurairin/projects/urfu/urfu_3s_mlops-3/env/lib/python3.10/site-packages/airflow/example_dags/example_subdag_operator.py for tasks to queue
[2024-02-03T04:04:11.737+0400] {logging_mixin.py:188} INFO - [2024-02-03T04:04:11.737+0400] {dagbag.py:538} INFO - Filling up the DagBag from /home/reurairin/projects/urfu/urfu_3s_mlops-3/env/lib/python3.10/site-packages/airflow/example_dags/example_subdag_operator.py
[2024-02-03T04:04:11.753+0400] {processor.py:840} INFO - DAG(s) 'example_subdag_operator.section-1', 'example_subdag_operator.section-2', 'example_subdag_operator' retrieved from /home/reurairin/projects/urfu/urfu_3s_mlops-3/env/lib/python3.10/site-packages/airflow/example_dags/example_subdag_operator.py
[2024-02-03T04:04:11.764+0400] {logging_mixin.py:188} INFO - [2024-02-03T04:04:11.764+0400] {dag.py:3036} INFO - Sync 3 DAGs
[2024-02-03T04:04:11.777+0400] {logging_mixin.py:188} INFO - [2024-02-03T04:04:11.777+0400] {dag.py:3823} INFO - Setting next_dagrun for example_subdag_operator to 2022-01-01 00:00:00+00:00, run_after=2022-01-01 00:00:00+00:00
[2024-02-03T04:04:11.781+0400] {logging_mixin.py:188} INFO - [2024-02-03T04:04:11.780+0400] {dag.py:3823} INFO - Setting next_dagrun for example_subdag_operator.section-1 to None, run_after=None
[2024-02-03T04:04:11.782+0400] {logging_mixin.py:188} INFO - [2024-02-03T04:04:11.781+0400] {dag.py:3823} INFO - Setting next_dagrun for example_subdag_operator.section-2 to None, run_after=None
[2024-02-03T04:04:11.789+0400] {logging_mixin.py:188} INFO - [2024-02-03T04:04:11.789+0400] {dag.py:3036} INFO - Sync 2 DAGs
[2024-02-03T04:04:11.793+0400] {logging_mixin.py:188} INFO - [2024-02-03T04:04:11.793+0400] {dag.py:3823} INFO - Setting next_dagrun for example_subdag_operator.section-1 to None, run_after=None
[2024-02-03T04:04:11.793+0400] {logging_mixin.py:188} INFO - [2024-02-03T04:04:11.793+0400] {dag.py:3823} INFO - Setting next_dagrun for example_subdag_operator.section-2 to None, run_after=None
[2024-02-03T04:04:11.803+0400] {processor.py:183} INFO - Processing /home/reurairin/projects/urfu/urfu_3s_mlops-3/env/lib/python3.10/site-packages/airflow/example_dags/example_subdag_operator.py took 0.070 seconds
[2024-02-03T04:04:59.702+0400] {processor.py:161} INFO - Started process (PID=6886) to work on /home/reurairin/projects/urfu/urfu_3s_mlops-3/env/lib/python3.10/site-packages/airflow/example_dags/example_subdag_operator.py
[2024-02-03T04:04:59.709+0400] {processor.py:830} INFO - Processing file /home/reurairin/projects/urfu/urfu_3s_mlops-3/env/lib/python3.10/site-packages/airflow/example_dags/example_subdag_operator.py for tasks to queue
[2024-02-03T04:04:59.710+0400] {logging_mixin.py:188} INFO - [2024-02-03T04:04:59.709+0400] {dagbag.py:538} INFO - Filling up the DagBag from /home/reurairin/projects/urfu/urfu_3s_mlops-3/env/lib/python3.10/site-packages/airflow/example_dags/example_subdag_operator.py
[2024-02-03T04:04:59.723+0400] {processor.py:840} INFO - DAG(s) 'example_subdag_operator.section-1', 'example_subdag_operator.section-2', 'example_subdag_operator' retrieved from /home/reurairin/projects/urfu/urfu_3s_mlops-3/env/lib/python3.10/site-packages/airflow/example_dags/example_subdag_operator.py
[2024-02-03T04:04:59.734+0400] {logging_mixin.py:188} INFO - [2024-02-03T04:04:59.734+0400] {dag.py:3036} INFO - Sync 3 DAGs
[2024-02-03T04:04:59.745+0400] {logging_mixin.py:188} INFO - [2024-02-03T04:04:59.744+0400] {dag.py:3823} INFO - Setting next_dagrun for example_subdag_operator to 2022-01-01 00:00:00+00:00, run_after=2022-01-01 00:00:00+00:00
[2024-02-03T04:04:59.747+0400] {logging_mixin.py:188} INFO - [2024-02-03T04:04:59.747+0400] {dag.py:3823} INFO - Setting next_dagrun for example_subdag_operator.section-1 to None, run_after=None
[2024-02-03T04:04:59.747+0400] {logging_mixin.py:188} INFO - [2024-02-03T04:04:59.747+0400] {dag.py:3823} INFO - Setting next_dagrun for example_subdag_operator.section-2 to None, run_after=None
[2024-02-03T04:04:59.753+0400] {logging_mixin.py:188} INFO - [2024-02-03T04:04:59.752+0400] {dag.py:3036} INFO - Sync 2 DAGs
[2024-02-03T04:04:59.756+0400] {logging_mixin.py:188} INFO - [2024-02-03T04:04:59.756+0400] {dag.py:3823} INFO - Setting next_dagrun for example_subdag_operator.section-1 to None, run_after=None
[2024-02-03T04:04:59.756+0400] {logging_mixin.py:188} INFO - [2024-02-03T04:04:59.756+0400] {dag.py:3823} INFO - Setting next_dagrun for example_subdag_operator.section-2 to None, run_after=None
[2024-02-03T04:04:59.769+0400] {processor.py:183} INFO - Processing /home/reurairin/projects/urfu/urfu_3s_mlops-3/env/lib/python3.10/site-packages/airflow/example_dags/example_subdag_operator.py took 0.069 seconds
[2024-02-03T04:05:57.062+0400] {processor.py:161} INFO - Started process (PID=7169) to work on /home/reurairin/projects/urfu/urfu_3s_mlops-3/env/lib/python3.10/site-packages/airflow/example_dags/example_subdag_operator.py
[2024-02-03T04:05:57.063+0400] {processor.py:830} INFO - Processing file /home/reurairin/projects/urfu/urfu_3s_mlops-3/env/lib/python3.10/site-packages/airflow/example_dags/example_subdag_operator.py for tasks to queue
[2024-02-03T04:05:57.064+0400] {logging_mixin.py:188} INFO - [2024-02-03T04:05:57.063+0400] {dagbag.py:538} INFO - Filling up the DagBag from /home/reurairin/projects/urfu/urfu_3s_mlops-3/env/lib/python3.10/site-packages/airflow/example_dags/example_subdag_operator.py
[2024-02-03T04:05:57.076+0400] {processor.py:840} INFO - DAG(s) 'example_subdag_operator.section-1', 'example_subdag_operator.section-2', 'example_subdag_operator' retrieved from /home/reurairin/projects/urfu/urfu_3s_mlops-3/env/lib/python3.10/site-packages/airflow/example_dags/example_subdag_operator.py
[2024-02-03T04:05:57.084+0400] {logging_mixin.py:188} INFO - [2024-02-03T04:05:57.084+0400] {dag.py:3036} INFO - Sync 3 DAGs
[2024-02-03T04:05:57.093+0400] {logging_mixin.py:188} INFO - [2024-02-03T04:05:57.092+0400] {dag.py:3823} INFO - Setting next_dagrun for example_subdag_operator to 2022-01-01 00:00:00+00:00, run_after=2022-01-01 00:00:00+00:00
[2024-02-03T04:05:57.094+0400] {logging_mixin.py:188} INFO - [2024-02-03T04:05:57.094+0400] {dag.py:3823} INFO - Setting next_dagrun for example_subdag_operator.section-1 to None, run_after=None
[2024-02-03T04:05:57.095+0400] {logging_mixin.py:188} INFO - [2024-02-03T04:05:57.095+0400] {dag.py:3823} INFO - Setting next_dagrun for example_subdag_operator.section-2 to None, run_after=None
[2024-02-03T04:05:57.098+0400] {logging_mixin.py:188} INFO - [2024-02-03T04:05:57.098+0400] {dag.py:3036} INFO - Sync 2 DAGs
[2024-02-03T04:05:57.100+0400] {logging_mixin.py:188} INFO - [2024-02-03T04:05:57.100+0400] {dag.py:3823} INFO - Setting next_dagrun for example_subdag_operator.section-1 to None, run_after=None
[2024-02-03T04:05:57.100+0400] {logging_mixin.py:188} INFO - [2024-02-03T04:05:57.100+0400] {dag.py:3823} INFO - Setting next_dagrun for example_subdag_operator.section-2 to None, run_after=None
[2024-02-03T04:05:57.109+0400] {processor.py:183} INFO - Processing /home/reurairin/projects/urfu/urfu_3s_mlops-3/env/lib/python3.10/site-packages/airflow/example_dags/example_subdag_operator.py took 0.049 seconds
[2024-02-03T04:06:44.012+0400] {processor.py:161} INFO - Started process (PID=7377) to work on /home/reurairin/projects/urfu/urfu_3s_mlops-3/env/lib/python3.10/site-packages/airflow/example_dags/example_subdag_operator.py
[2024-02-03T04:06:44.013+0400] {processor.py:830} INFO - Processing file /home/reurairin/projects/urfu/urfu_3s_mlops-3/env/lib/python3.10/site-packages/airflow/example_dags/example_subdag_operator.py for tasks to queue
[2024-02-03T04:06:44.014+0400] {logging_mixin.py:188} INFO - [2024-02-03T04:06:44.013+0400] {dagbag.py:538} INFO - Filling up the DagBag from /home/reurairin/projects/urfu/urfu_3s_mlops-3/env/lib/python3.10/site-packages/airflow/example_dags/example_subdag_operator.py
[2024-02-03T04:06:44.026+0400] {processor.py:840} INFO - DAG(s) 'example_subdag_operator.section-1', 'example_subdag_operator.section-2', 'example_subdag_operator' retrieved from /home/reurairin/projects/urfu/urfu_3s_mlops-3/env/lib/python3.10/site-packages/airflow/example_dags/example_subdag_operator.py
[2024-02-03T04:06:44.035+0400] {logging_mixin.py:188} INFO - [2024-02-03T04:06:44.034+0400] {dag.py:3036} INFO - Sync 3 DAGs
[2024-02-03T04:06:44.045+0400] {logging_mixin.py:188} INFO - [2024-02-03T04:06:44.044+0400] {dag.py:3823} INFO - Setting next_dagrun for example_subdag_operator to 2022-01-01 00:00:00+00:00, run_after=2022-01-01 00:00:00+00:00
[2024-02-03T04:06:44.046+0400] {logging_mixin.py:188} INFO - [2024-02-03T04:06:44.046+0400] {dag.py:3823} INFO - Setting next_dagrun for example_subdag_operator.section-1 to None, run_after=None
[2024-02-03T04:06:44.047+0400] {logging_mixin.py:188} INFO - [2024-02-03T04:06:44.047+0400] {dag.py:3823} INFO - Setting next_dagrun for example_subdag_operator.section-2 to None, run_after=None
[2024-02-03T04:06:44.050+0400] {logging_mixin.py:188} INFO - [2024-02-03T04:06:44.050+0400] {dag.py:3036} INFO - Sync 2 DAGs
[2024-02-03T04:06:44.053+0400] {logging_mixin.py:188} INFO - [2024-02-03T04:06:44.053+0400] {dag.py:3823} INFO - Setting next_dagrun for example_subdag_operator.section-1 to None, run_after=None
[2024-02-03T04:06:44.053+0400] {logging_mixin.py:188} INFO - [2024-02-03T04:06:44.053+0400] {dag.py:3823} INFO - Setting next_dagrun for example_subdag_operator.section-2 to None, run_after=None
[2024-02-03T04:06:44.064+0400] {processor.py:183} INFO - Processing /home/reurairin/projects/urfu/urfu_3s_mlops-3/env/lib/python3.10/site-packages/airflow/example_dags/example_subdag_operator.py took 0.054 seconds
[2024-02-03T04:07:41.945+0400] {processor.py:161} INFO - Started process (PID=7639) to work on /home/reurairin/projects/urfu/urfu_3s_mlops-3/env/lib/python3.10/site-packages/airflow/example_dags/example_subdag_operator.py
[2024-02-03T04:07:41.947+0400] {processor.py:830} INFO - Processing file /home/reurairin/projects/urfu/urfu_3s_mlops-3/env/lib/python3.10/site-packages/airflow/example_dags/example_subdag_operator.py for tasks to queue
[2024-02-03T04:07:41.948+0400] {logging_mixin.py:188} INFO - [2024-02-03T04:07:41.948+0400] {dagbag.py:538} INFO - Filling up the DagBag from /home/reurairin/projects/urfu/urfu_3s_mlops-3/env/lib/python3.10/site-packages/airflow/example_dags/example_subdag_operator.py
[2024-02-03T04:07:41.961+0400] {processor.py:840} INFO - DAG(s) 'example_subdag_operator.section-1', 'example_subdag_operator.section-2', 'example_subdag_operator' retrieved from /home/reurairin/projects/urfu/urfu_3s_mlops-3/env/lib/python3.10/site-packages/airflow/example_dags/example_subdag_operator.py
[2024-02-03T04:07:41.969+0400] {logging_mixin.py:188} INFO - [2024-02-03T04:07:41.969+0400] {dag.py:3036} INFO - Sync 3 DAGs
[2024-02-03T04:07:41.978+0400] {logging_mixin.py:188} INFO - [2024-02-03T04:07:41.977+0400] {dag.py:3823} INFO - Setting next_dagrun for example_subdag_operator to 2022-01-01 00:00:00+00:00, run_after=2022-01-01 00:00:00+00:00
[2024-02-03T04:07:41.979+0400] {logging_mixin.py:188} INFO - [2024-02-03T04:07:41.979+0400] {dag.py:3823} INFO - Setting next_dagrun for example_subdag_operator.section-1 to None, run_after=None
[2024-02-03T04:07:41.980+0400] {logging_mixin.py:188} INFO - [2024-02-03T04:07:41.980+0400] {dag.py:3823} INFO - Setting next_dagrun for example_subdag_operator.section-2 to None, run_after=None
[2024-02-03T04:07:41.983+0400] {logging_mixin.py:188} INFO - [2024-02-03T04:07:41.983+0400] {dag.py:3036} INFO - Sync 2 DAGs
[2024-02-03T04:07:41.985+0400] {logging_mixin.py:188} INFO - [2024-02-03T04:07:41.985+0400] {dag.py:3823} INFO - Setting next_dagrun for example_subdag_operator.section-1 to None, run_after=None
[2024-02-03T04:07:41.985+0400] {logging_mixin.py:188} INFO - [2024-02-03T04:07:41.985+0400] {dag.py:3823} INFO - Setting next_dagrun for example_subdag_operator.section-2 to None, run_after=None
[2024-02-03T04:07:41.994+0400] {processor.py:183} INFO - Processing /home/reurairin/projects/urfu/urfu_3s_mlops-3/env/lib/python3.10/site-packages/airflow/example_dags/example_subdag_operator.py took 0.051 seconds
[2024-02-03T04:08:30.987+0400] {processor.py:161} INFO - Started process (PID=7848) to work on /home/reurairin/projects/urfu/urfu_3s_mlops-3/env/lib/python3.10/site-packages/airflow/example_dags/example_subdag_operator.py
[2024-02-03T04:08:30.994+0400] {processor.py:830} INFO - Processing file /home/reurairin/projects/urfu/urfu_3s_mlops-3/env/lib/python3.10/site-packages/airflow/example_dags/example_subdag_operator.py for tasks to queue
[2024-02-03T04:08:30.995+0400] {logging_mixin.py:188} INFO - [2024-02-03T04:08:30.995+0400] {dagbag.py:538} INFO - Filling up the DagBag from /home/reurairin/projects/urfu/urfu_3s_mlops-3/env/lib/python3.10/site-packages/airflow/example_dags/example_subdag_operator.py
[2024-02-03T04:08:31.007+0400] {processor.py:840} INFO - DAG(s) 'example_subdag_operator.section-1', 'example_subdag_operator.section-2', 'example_subdag_operator' retrieved from /home/reurairin/projects/urfu/urfu_3s_mlops-3/env/lib/python3.10/site-packages/airflow/example_dags/example_subdag_operator.py
[2024-02-03T04:08:31.015+0400] {logging_mixin.py:188} INFO - [2024-02-03T04:08:31.015+0400] {dag.py:3036} INFO - Sync 3 DAGs
[2024-02-03T04:08:31.024+0400] {logging_mixin.py:188} INFO - [2024-02-03T04:08:31.024+0400] {dag.py:3823} INFO - Setting next_dagrun for example_subdag_operator to 2022-01-01 00:00:00+00:00, run_after=2022-01-01 00:00:00+00:00
[2024-02-03T04:08:31.026+0400] {logging_mixin.py:188} INFO - [2024-02-03T04:08:31.026+0400] {dag.py:3823} INFO - Setting next_dagrun for example_subdag_operator.section-1 to None, run_after=None
[2024-02-03T04:08:31.027+0400] {logging_mixin.py:188} INFO - [2024-02-03T04:08:31.026+0400] {dag.py:3823} INFO - Setting next_dagrun for example_subdag_operator.section-2 to None, run_after=None
[2024-02-03T04:08:31.030+0400] {logging_mixin.py:188} INFO - [2024-02-03T04:08:31.030+0400] {dag.py:3036} INFO - Sync 2 DAGs
[2024-02-03T04:08:31.032+0400] {logging_mixin.py:188} INFO - [2024-02-03T04:08:31.032+0400] {dag.py:3823} INFO - Setting next_dagrun for example_subdag_operator.section-1 to None, run_after=None
[2024-02-03T04:08:31.032+0400] {logging_mixin.py:188} INFO - [2024-02-03T04:08:31.032+0400] {dag.py:3823} INFO - Setting next_dagrun for example_subdag_operator.section-2 to None, run_after=None
[2024-02-03T04:08:31.042+0400] {processor.py:183} INFO - Processing /home/reurairin/projects/urfu/urfu_3s_mlops-3/env/lib/python3.10/site-packages/airflow/example_dags/example_subdag_operator.py took 0.056 seconds
[2024-02-03T04:09:22.245+0400] {processor.py:161} INFO - Started process (PID=8064) to work on /home/reurairin/projects/urfu/urfu_3s_mlops-3/env/lib/python3.10/site-packages/airflow/example_dags/example_subdag_operator.py
[2024-02-03T04:09:22.246+0400] {processor.py:830} INFO - Processing file /home/reurairin/projects/urfu/urfu_3s_mlops-3/env/lib/python3.10/site-packages/airflow/example_dags/example_subdag_operator.py for tasks to queue
[2024-02-03T04:09:22.247+0400] {logging_mixin.py:188} INFO - [2024-02-03T04:09:22.246+0400] {dagbag.py:538} INFO - Filling up the DagBag from /home/reurairin/projects/urfu/urfu_3s_mlops-3/env/lib/python3.10/site-packages/airflow/example_dags/example_subdag_operator.py
[2024-02-03T04:09:22.259+0400] {processor.py:840} INFO - DAG(s) 'example_subdag_operator.section-1', 'example_subdag_operator.section-2', 'example_subdag_operator' retrieved from /home/reurairin/projects/urfu/urfu_3s_mlops-3/env/lib/python3.10/site-packages/airflow/example_dags/example_subdag_operator.py
[2024-02-03T04:09:22.268+0400] {logging_mixin.py:188} INFO - [2024-02-03T04:09:22.268+0400] {dag.py:3036} INFO - Sync 3 DAGs
[2024-02-03T04:09:22.278+0400] {logging_mixin.py:188} INFO - [2024-02-03T04:09:22.278+0400] {dag.py:3823} INFO - Setting next_dagrun for example_subdag_operator to 2022-01-01 00:00:00+00:00, run_after=2022-01-01 00:00:00+00:00
[2024-02-03T04:09:22.280+0400] {logging_mixin.py:188} INFO - [2024-02-03T04:09:22.280+0400] {dag.py:3823} INFO - Setting next_dagrun for example_subdag_operator.section-1 to None, run_after=None
[2024-02-03T04:09:22.281+0400] {logging_mixin.py:188} INFO - [2024-02-03T04:09:22.281+0400] {dag.py:3823} INFO - Setting next_dagrun for example_subdag_operator.section-2 to None, run_after=None
[2024-02-03T04:09:22.285+0400] {logging_mixin.py:188} INFO - [2024-02-03T04:09:22.285+0400] {dag.py:3036} INFO - Sync 2 DAGs
[2024-02-03T04:09:22.288+0400] {logging_mixin.py:188} INFO - [2024-02-03T04:09:22.288+0400] {dag.py:3823} INFO - Setting next_dagrun for example_subdag_operator.section-1 to None, run_after=None
[2024-02-03T04:09:22.289+0400] {logging_mixin.py:188} INFO - [2024-02-03T04:09:22.289+0400] {dag.py:3823} INFO - Setting next_dagrun for example_subdag_operator.section-2 to None, run_after=None
[2024-02-03T04:09:22.302+0400] {processor.py:183} INFO - Processing /home/reurairin/projects/urfu/urfu_3s_mlops-3/env/lib/python3.10/site-packages/airflow/example_dags/example_subdag_operator.py took 0.058 seconds
[2024-02-03T04:10:13.516+0400] {processor.py:161} INFO - Started process (PID=8516) to work on /home/reurairin/projects/urfu/urfu_3s_mlops-3/env/lib/python3.10/site-packages/airflow/example_dags/example_subdag_operator.py
[2024-02-03T04:10:13.517+0400] {processor.py:830} INFO - Processing file /home/reurairin/projects/urfu/urfu_3s_mlops-3/env/lib/python3.10/site-packages/airflow/example_dags/example_subdag_operator.py for tasks to queue
[2024-02-03T04:10:13.518+0400] {logging_mixin.py:188} INFO - [2024-02-03T04:10:13.518+0400] {dagbag.py:538} INFO - Filling up the DagBag from /home/reurairin/projects/urfu/urfu_3s_mlops-3/env/lib/python3.10/site-packages/airflow/example_dags/example_subdag_operator.py
[2024-02-03T04:10:13.529+0400] {processor.py:840} INFO - DAG(s) 'example_subdag_operator.section-1', 'example_subdag_operator.section-2', 'example_subdag_operator' retrieved from /home/reurairin/projects/urfu/urfu_3s_mlops-3/env/lib/python3.10/site-packages/airflow/example_dags/example_subdag_operator.py
[2024-02-03T04:10:13.537+0400] {logging_mixin.py:188} INFO - [2024-02-03T04:10:13.537+0400] {dag.py:3036} INFO - Sync 3 DAGs
[2024-02-03T04:10:13.546+0400] {logging_mixin.py:188} INFO - [2024-02-03T04:10:13.546+0400] {dag.py:3823} INFO - Setting next_dagrun for example_subdag_operator to 2022-01-01 00:00:00+00:00, run_after=2022-01-01 00:00:00+00:00
[2024-02-03T04:10:13.548+0400] {logging_mixin.py:188} INFO - [2024-02-03T04:10:13.548+0400] {dag.py:3823} INFO - Setting next_dagrun for example_subdag_operator.section-1 to None, run_after=None
[2024-02-03T04:10:13.548+0400] {logging_mixin.py:188} INFO - [2024-02-03T04:10:13.548+0400] {dag.py:3823} INFO - Setting next_dagrun for example_subdag_operator.section-2 to None, run_after=None
[2024-02-03T04:10:13.552+0400] {logging_mixin.py:188} INFO - [2024-02-03T04:10:13.552+0400] {dag.py:3036} INFO - Sync 2 DAGs
[2024-02-03T04:10:13.554+0400] {logging_mixin.py:188} INFO - [2024-02-03T04:10:13.554+0400] {dag.py:3823} INFO - Setting next_dagrun for example_subdag_operator.section-1 to None, run_after=None
[2024-02-03T04:10:13.554+0400] {logging_mixin.py:188} INFO - [2024-02-03T04:10:13.554+0400] {dag.py:3823} INFO - Setting next_dagrun for example_subdag_operator.section-2 to None, run_after=None
[2024-02-03T04:10:13.563+0400] {processor.py:183} INFO - Processing /home/reurairin/projects/urfu/urfu_3s_mlops-3/env/lib/python3.10/site-packages/airflow/example_dags/example_subdag_operator.py took 0.049 seconds
