[2024-02-03T04:00:14.224+0400] {processor.py:161} INFO - Started process (PID=5676) to work on /home/reurairin/projects/urfu/urfu_3s_mlops-3/env/lib/python3.10/site-packages/airflow/example_dags/example_setup_teardown.py
[2024-02-03T04:00:14.225+0400] {processor.py:830} INFO - Processing file /home/reurairin/projects/urfu/urfu_3s_mlops-3/env/lib/python3.10/site-packages/airflow/example_dags/example_setup_teardown.py for tasks to queue
[2024-02-03T04:00:14.226+0400] {logging_mixin.py:188} INFO - [2024-02-03T04:00:14.226+0400] {dagbag.py:538} INFO - Filling up the DagBag from /home/reurairin/projects/urfu/urfu_3s_mlops-3/env/lib/python3.10/site-packages/airflow/example_dags/example_setup_teardown.py
[2024-02-03T04:00:14.231+0400] {processor.py:840} INFO - DAG(s) 'example_setup_teardown' retrieved from /home/reurairin/projects/urfu/urfu_3s_mlops-3/env/lib/python3.10/site-packages/airflow/example_dags/example_setup_teardown.py
[2024-02-03T04:00:14.250+0400] {logging_mixin.py:188} INFO - [2024-02-03T04:00:14.249+0400] {dag.py:3036} INFO - Sync 1 DAGs
[2024-02-03T04:00:14.276+0400] {logging_mixin.py:188} INFO - [2024-02-03T04:00:14.276+0400] {dag.py:3823} INFO - Setting next_dagrun for example_setup_teardown to 2024-02-02 00:00:00+00:00, run_after=2024-02-03 00:00:00+00:00
[2024-02-03T04:00:14.299+0400] {processor.py:183} INFO - Processing /home/reurairin/projects/urfu/urfu_3s_mlops-3/env/lib/python3.10/site-packages/airflow/example_dags/example_setup_teardown.py took 0.078 seconds
[2024-02-03T04:01:10.074+0400] {processor.py:161} INFO - Started process (PID=5910) to work on /home/reurairin/projects/urfu/urfu_3s_mlops-3/env/lib/python3.10/site-packages/airflow/example_dags/example_setup_teardown.py
[2024-02-03T04:01:10.081+0400] {processor.py:830} INFO - Processing file /home/reurairin/projects/urfu/urfu_3s_mlops-3/env/lib/python3.10/site-packages/airflow/example_dags/example_setup_teardown.py for tasks to queue
[2024-02-03T04:01:10.082+0400] {logging_mixin.py:188} INFO - [2024-02-03T04:01:10.082+0400] {dagbag.py:538} INFO - Filling up the DagBag from /home/reurairin/projects/urfu/urfu_3s_mlops-3/env/lib/python3.10/site-packages/airflow/example_dags/example_setup_teardown.py
[2024-02-03T04:01:10.086+0400] {processor.py:840} INFO - DAG(s) 'example_setup_teardown' retrieved from /home/reurairin/projects/urfu/urfu_3s_mlops-3/env/lib/python3.10/site-packages/airflow/example_dags/example_setup_teardown.py
[2024-02-03T04:01:10.096+0400] {logging_mixin.py:188} INFO - [2024-02-03T04:01:10.096+0400] {dag.py:3036} INFO - Sync 1 DAGs
[2024-02-03T04:01:10.106+0400] {logging_mixin.py:188} INFO - [2024-02-03T04:01:10.106+0400] {dag.py:3823} INFO - Setting next_dagrun for example_setup_teardown to 2024-02-02 00:00:00+00:00, run_after=2024-02-03 00:00:00+00:00
[2024-02-03T04:01:10.120+0400] {processor.py:183} INFO - Processing /home/reurairin/projects/urfu/urfu_3s_mlops-3/env/lib/python3.10/site-packages/airflow/example_dags/example_setup_teardown.py took 0.048 seconds
[2024-02-03T04:01:59.832+0400] {processor.py:161} INFO - Started process (PID=6121) to work on /home/reurairin/projects/urfu/urfu_3s_mlops-3/env/lib/python3.10/site-packages/airflow/example_dags/example_setup_teardown.py
[2024-02-03T04:01:59.839+0400] {processor.py:830} INFO - Processing file /home/reurairin/projects/urfu/urfu_3s_mlops-3/env/lib/python3.10/site-packages/airflow/example_dags/example_setup_teardown.py for tasks to queue
[2024-02-03T04:01:59.839+0400] {logging_mixin.py:188} INFO - [2024-02-03T04:01:59.839+0400] {dagbag.py:538} INFO - Filling up the DagBag from /home/reurairin/projects/urfu/urfu_3s_mlops-3/env/lib/python3.10/site-packages/airflow/example_dags/example_setup_teardown.py
[2024-02-03T04:01:59.843+0400] {processor.py:840} INFO - DAG(s) 'example_setup_teardown' retrieved from /home/reurairin/projects/urfu/urfu_3s_mlops-3/env/lib/python3.10/site-packages/airflow/example_dags/example_setup_teardown.py
[2024-02-03T04:01:59.852+0400] {logging_mixin.py:188} INFO - [2024-02-03T04:01:59.852+0400] {dag.py:3036} INFO - Sync 1 DAGs
[2024-02-03T04:01:59.862+0400] {logging_mixin.py:188} INFO - [2024-02-03T04:01:59.862+0400] {dag.py:3823} INFO - Setting next_dagrun for example_setup_teardown to 2024-02-02 00:00:00+00:00, run_after=2024-02-03 00:00:00+00:00
[2024-02-03T04:01:59.874+0400] {processor.py:183} INFO - Processing /home/reurairin/projects/urfu/urfu_3s_mlops-3/env/lib/python3.10/site-packages/airflow/example_dags/example_setup_teardown.py took 0.044 seconds
[2024-02-03T04:02:52.362+0400] {processor.py:161} INFO - Started process (PID=6345) to work on /home/reurairin/projects/urfu/urfu_3s_mlops-3/env/lib/python3.10/site-packages/airflow/example_dags/example_setup_teardown.py
[2024-02-03T04:02:52.369+0400] {processor.py:830} INFO - Processing file /home/reurairin/projects/urfu/urfu_3s_mlops-3/env/lib/python3.10/site-packages/airflow/example_dags/example_setup_teardown.py for tasks to queue
[2024-02-03T04:02:52.370+0400] {logging_mixin.py:188} INFO - [2024-02-03T04:02:52.370+0400] {dagbag.py:538} INFO - Filling up the DagBag from /home/reurairin/projects/urfu/urfu_3s_mlops-3/env/lib/python3.10/site-packages/airflow/example_dags/example_setup_teardown.py
[2024-02-03T04:02:52.374+0400] {processor.py:840} INFO - DAG(s) 'example_setup_teardown' retrieved from /home/reurairin/projects/urfu/urfu_3s_mlops-3/env/lib/python3.10/site-packages/airflow/example_dags/example_setup_teardown.py
[2024-02-03T04:02:52.383+0400] {logging_mixin.py:188} INFO - [2024-02-03T04:02:52.382+0400] {dag.py:3036} INFO - Sync 1 DAGs
[2024-02-03T04:02:52.392+0400] {logging_mixin.py:188} INFO - [2024-02-03T04:02:52.392+0400] {dag.py:3823} INFO - Setting next_dagrun for example_setup_teardown to 2024-02-02 00:00:00+00:00, run_after=2024-02-03 00:00:00+00:00
[2024-02-03T04:02:52.404+0400] {processor.py:183} INFO - Processing /home/reurairin/projects/urfu/urfu_3s_mlops-3/env/lib/python3.10/site-packages/airflow/example_dags/example_setup_teardown.py took 0.043 seconds
[2024-02-03T04:03:47.140+0400] {processor.py:161} INFO - Started process (PID=6576) to work on /home/reurairin/projects/urfu/urfu_3s_mlops-3/env/lib/python3.10/site-packages/airflow/example_dags/example_setup_teardown.py
[2024-02-03T04:03:47.141+0400] {processor.py:830} INFO - Processing file /home/reurairin/projects/urfu/urfu_3s_mlops-3/env/lib/python3.10/site-packages/airflow/example_dags/example_setup_teardown.py for tasks to queue
[2024-02-03T04:03:47.142+0400] {logging_mixin.py:188} INFO - [2024-02-03T04:03:47.142+0400] {dagbag.py:538} INFO - Filling up the DagBag from /home/reurairin/projects/urfu/urfu_3s_mlops-3/env/lib/python3.10/site-packages/airflow/example_dags/example_setup_teardown.py
[2024-02-03T04:03:47.146+0400] {processor.py:840} INFO - DAG(s) 'example_setup_teardown' retrieved from /home/reurairin/projects/urfu/urfu_3s_mlops-3/env/lib/python3.10/site-packages/airflow/example_dags/example_setup_teardown.py
[2024-02-03T04:03:47.157+0400] {logging_mixin.py:188} INFO - [2024-02-03T04:03:47.157+0400] {dag.py:3036} INFO - Sync 1 DAGs
[2024-02-03T04:03:47.169+0400] {logging_mixin.py:188} INFO - [2024-02-03T04:03:47.168+0400] {dag.py:3823} INFO - Setting next_dagrun for example_setup_teardown to 2024-02-02 00:00:00+00:00, run_after=2024-02-03 00:00:00+00:00
[2024-02-03T04:03:47.182+0400] {processor.py:183} INFO - Processing /home/reurairin/projects/urfu/urfu_3s_mlops-3/env/lib/python3.10/site-packages/airflow/example_dags/example_setup_teardown.py took 0.044 seconds
[2024-02-03T04:04:36.281+0400] {processor.py:161} INFO - Started process (PID=6784) to work on /home/reurairin/projects/urfu/urfu_3s_mlops-3/env/lib/python3.10/site-packages/airflow/example_dags/example_setup_teardown.py
[2024-02-03T04:04:36.288+0400] {processor.py:830} INFO - Processing file /home/reurairin/projects/urfu/urfu_3s_mlops-3/env/lib/python3.10/site-packages/airflow/example_dags/example_setup_teardown.py for tasks to queue
[2024-02-03T04:04:36.289+0400] {logging_mixin.py:188} INFO - [2024-02-03T04:04:36.288+0400] {dagbag.py:538} INFO - Filling up the DagBag from /home/reurairin/projects/urfu/urfu_3s_mlops-3/env/lib/python3.10/site-packages/airflow/example_dags/example_setup_teardown.py
[2024-02-03T04:04:36.292+0400] {processor.py:840} INFO - DAG(s) 'example_setup_teardown' retrieved from /home/reurairin/projects/urfu/urfu_3s_mlops-3/env/lib/python3.10/site-packages/airflow/example_dags/example_setup_teardown.py
[2024-02-03T04:04:36.302+0400] {logging_mixin.py:188} INFO - [2024-02-03T04:04:36.301+0400] {dag.py:3036} INFO - Sync 1 DAGs
[2024-02-03T04:04:36.311+0400] {logging_mixin.py:188} INFO - [2024-02-03T04:04:36.311+0400] {dag.py:3823} INFO - Setting next_dagrun for example_setup_teardown to 2024-02-02 00:00:00+00:00, run_after=2024-02-03 00:00:00+00:00
[2024-02-03T04:04:36.323+0400] {processor.py:183} INFO - Processing /home/reurairin/projects/urfu/urfu_3s_mlops-3/env/lib/python3.10/site-packages/airflow/example_dags/example_setup_teardown.py took 0.044 seconds
[2024-02-03T04:05:32.635+0400] {processor.py:161} INFO - Started process (PID=7029) to work on /home/reurairin/projects/urfu/urfu_3s_mlops-3/env/lib/python3.10/site-packages/airflow/example_dags/example_setup_teardown.py
[2024-02-03T04:05:32.636+0400] {processor.py:830} INFO - Processing file /home/reurairin/projects/urfu/urfu_3s_mlops-3/env/lib/python3.10/site-packages/airflow/example_dags/example_setup_teardown.py for tasks to queue
[2024-02-03T04:05:32.637+0400] {logging_mixin.py:188} INFO - [2024-02-03T04:05:32.637+0400] {dagbag.py:538} INFO - Filling up the DagBag from /home/reurairin/projects/urfu/urfu_3s_mlops-3/env/lib/python3.10/site-packages/airflow/example_dags/example_setup_teardown.py
[2024-02-03T04:05:32.642+0400] {processor.py:840} INFO - DAG(s) 'example_setup_teardown' retrieved from /home/reurairin/projects/urfu/urfu_3s_mlops-3/env/lib/python3.10/site-packages/airflow/example_dags/example_setup_teardown.py
[2024-02-03T04:05:32.655+0400] {logging_mixin.py:188} INFO - [2024-02-03T04:05:32.655+0400] {dag.py:3036} INFO - Sync 1 DAGs
[2024-02-03T04:05:32.671+0400] {logging_mixin.py:188} INFO - [2024-02-03T04:05:32.671+0400] {dag.py:3823} INFO - Setting next_dagrun for example_setup_teardown to 2024-02-02 00:00:00+00:00, run_after=2024-02-03 00:00:00+00:00
[2024-02-03T04:05:32.692+0400] {processor.py:183} INFO - Processing /home/reurairin/projects/urfu/urfu_3s_mlops-3/env/lib/python3.10/site-packages/airflow/example_dags/example_setup_teardown.py took 0.059 seconds
[2024-02-03T04:06:21.012+0400] {processor.py:161} INFO - Started process (PID=7284) to work on /home/reurairin/projects/urfu/urfu_3s_mlops-3/env/lib/python3.10/site-packages/airflow/example_dags/example_setup_teardown.py
[2024-02-03T04:06:21.013+0400] {processor.py:830} INFO - Processing file /home/reurairin/projects/urfu/urfu_3s_mlops-3/env/lib/python3.10/site-packages/airflow/example_dags/example_setup_teardown.py for tasks to queue
[2024-02-03T04:06:21.014+0400] {logging_mixin.py:188} INFO - [2024-02-03T04:06:21.013+0400] {dagbag.py:538} INFO - Filling up the DagBag from /home/reurairin/projects/urfu/urfu_3s_mlops-3/env/lib/python3.10/site-packages/airflow/example_dags/example_setup_teardown.py
[2024-02-03T04:06:21.017+0400] {processor.py:840} INFO - DAG(s) 'example_setup_teardown' retrieved from /home/reurairin/projects/urfu/urfu_3s_mlops-3/env/lib/python3.10/site-packages/airflow/example_dags/example_setup_teardown.py
[2024-02-03T04:06:21.027+0400] {logging_mixin.py:188} INFO - [2024-02-03T04:06:21.026+0400] {dag.py:3036} INFO - Sync 1 DAGs
[2024-02-03T04:06:21.037+0400] {logging_mixin.py:188} INFO - [2024-02-03T04:06:21.037+0400] {dag.py:3823} INFO - Setting next_dagrun for example_setup_teardown to 2024-02-02 00:00:00+00:00, run_after=2024-02-03 00:00:00+00:00
[2024-02-03T04:06:21.049+0400] {processor.py:183} INFO - Processing /home/reurairin/projects/urfu/urfu_3s_mlops-3/env/lib/python3.10/site-packages/airflow/example_dags/example_setup_teardown.py took 0.038 seconds
[2024-02-03T04:07:15.741+0400] {processor.py:161} INFO - Started process (PID=7522) to work on /home/reurairin/projects/urfu/urfu_3s_mlops-3/env/lib/python3.10/site-packages/airflow/example_dags/example_setup_teardown.py
[2024-02-03T04:07:15.748+0400] {processor.py:830} INFO - Processing file /home/reurairin/projects/urfu/urfu_3s_mlops-3/env/lib/python3.10/site-packages/airflow/example_dags/example_setup_teardown.py for tasks to queue
[2024-02-03T04:07:15.749+0400] {logging_mixin.py:188} INFO - [2024-02-03T04:07:15.749+0400] {dagbag.py:538} INFO - Filling up the DagBag from /home/reurairin/projects/urfu/urfu_3s_mlops-3/env/lib/python3.10/site-packages/airflow/example_dags/example_setup_teardown.py
[2024-02-03T04:07:15.752+0400] {processor.py:840} INFO - DAG(s) 'example_setup_teardown' retrieved from /home/reurairin/projects/urfu/urfu_3s_mlops-3/env/lib/python3.10/site-packages/airflow/example_dags/example_setup_teardown.py
[2024-02-03T04:07:15.761+0400] {logging_mixin.py:188} INFO - [2024-02-03T04:07:15.761+0400] {dag.py:3036} INFO - Sync 1 DAGs
[2024-02-03T04:07:15.771+0400] {logging_mixin.py:188} INFO - [2024-02-03T04:07:15.770+0400] {dag.py:3823} INFO - Setting next_dagrun for example_setup_teardown to 2024-02-02 00:00:00+00:00, run_after=2024-02-03 00:00:00+00:00
[2024-02-03T04:07:15.783+0400] {processor.py:183} INFO - Processing /home/reurairin/projects/urfu/urfu_3s_mlops-3/env/lib/python3.10/site-packages/airflow/example_dags/example_setup_teardown.py took 0.043 seconds
[2024-02-03T04:08:07.987+0400] {processor.py:161} INFO - Started process (PID=7746) to work on /home/reurairin/projects/urfu/urfu_3s_mlops-3/env/lib/python3.10/site-packages/airflow/example_dags/example_setup_teardown.py
[2024-02-03T04:08:07.994+0400] {processor.py:830} INFO - Processing file /home/reurairin/projects/urfu/urfu_3s_mlops-3/env/lib/python3.10/site-packages/airflow/example_dags/example_setup_teardown.py for tasks to queue
[2024-02-03T04:08:07.994+0400] {logging_mixin.py:188} INFO - [2024-02-03T04:08:07.994+0400] {dagbag.py:538} INFO - Filling up the DagBag from /home/reurairin/projects/urfu/urfu_3s_mlops-3/env/lib/python3.10/site-packages/airflow/example_dags/example_setup_teardown.py
[2024-02-03T04:08:07.998+0400] {processor.py:840} INFO - DAG(s) 'example_setup_teardown' retrieved from /home/reurairin/projects/urfu/urfu_3s_mlops-3/env/lib/python3.10/site-packages/airflow/example_dags/example_setup_teardown.py
[2024-02-03T04:08:08.007+0400] {logging_mixin.py:188} INFO - [2024-02-03T04:08:08.006+0400] {dag.py:3036} INFO - Sync 1 DAGs
[2024-02-03T04:08:08.016+0400] {logging_mixin.py:188} INFO - [2024-02-03T04:08:08.016+0400] {dag.py:3823} INFO - Setting next_dagrun for example_setup_teardown to 2024-02-02 00:00:00+00:00, run_after=2024-02-03 00:00:00+00:00
[2024-02-03T04:08:08.028+0400] {processor.py:183} INFO - Processing /home/reurairin/projects/urfu/urfu_3s_mlops-3/env/lib/python3.10/site-packages/airflow/example_dags/example_setup_teardown.py took 0.043 seconds
[2024-02-03T04:08:59.851+0400] {processor.py:161} INFO - Started process (PID=7961) to work on /home/reurairin/projects/urfu/urfu_3s_mlops-3/env/lib/python3.10/site-packages/airflow/example_dags/example_setup_teardown.py
[2024-02-03T04:08:59.858+0400] {processor.py:830} INFO - Processing file /home/reurairin/projects/urfu/urfu_3s_mlops-3/env/lib/python3.10/site-packages/airflow/example_dags/example_setup_teardown.py for tasks to queue
[2024-02-03T04:08:59.859+0400] {logging_mixin.py:188} INFO - [2024-02-03T04:08:59.859+0400] {dagbag.py:538} INFO - Filling up the DagBag from /home/reurairin/projects/urfu/urfu_3s_mlops-3/env/lib/python3.10/site-packages/airflow/example_dags/example_setup_teardown.py
[2024-02-03T04:08:59.863+0400] {processor.py:840} INFO - DAG(s) 'example_setup_teardown' retrieved from /home/reurairin/projects/urfu/urfu_3s_mlops-3/env/lib/python3.10/site-packages/airflow/example_dags/example_setup_teardown.py
[2024-02-03T04:08:59.872+0400] {logging_mixin.py:188} INFO - [2024-02-03T04:08:59.871+0400] {dag.py:3036} INFO - Sync 1 DAGs
[2024-02-03T04:08:59.880+0400] {logging_mixin.py:188} INFO - [2024-02-03T04:08:59.880+0400] {dag.py:3823} INFO - Setting next_dagrun for example_setup_teardown to 2024-02-02 00:00:00+00:00, run_after=2024-02-03 00:00:00+00:00
[2024-02-03T04:08:59.892+0400] {processor.py:183} INFO - Processing /home/reurairin/projects/urfu/urfu_3s_mlops-3/env/lib/python3.10/site-packages/airflow/example_dags/example_setup_teardown.py took 0.043 seconds
[2024-02-03T04:09:50.055+0400] {processor.py:161} INFO - Started process (PID=8247) to work on /home/reurairin/projects/urfu/urfu_3s_mlops-3/env/lib/python3.10/site-packages/airflow/example_dags/example_setup_teardown.py
[2024-02-03T04:09:50.056+0400] {processor.py:830} INFO - Processing file /home/reurairin/projects/urfu/urfu_3s_mlops-3/env/lib/python3.10/site-packages/airflow/example_dags/example_setup_teardown.py for tasks to queue
[2024-02-03T04:09:50.057+0400] {logging_mixin.py:188} INFO - [2024-02-03T04:09:50.056+0400] {dagbag.py:538} INFO - Filling up the DagBag from /home/reurairin/projects/urfu/urfu_3s_mlops-3/env/lib/python3.10/site-packages/airflow/example_dags/example_setup_teardown.py
[2024-02-03T04:09:50.061+0400] {processor.py:840} INFO - DAG(s) 'example_setup_teardown' retrieved from /home/reurairin/projects/urfu/urfu_3s_mlops-3/env/lib/python3.10/site-packages/airflow/example_dags/example_setup_teardown.py
[2024-02-03T04:09:50.069+0400] {logging_mixin.py:188} INFO - [2024-02-03T04:09:50.069+0400] {dag.py:3036} INFO - Sync 1 DAGs
[2024-02-03T04:09:50.079+0400] {logging_mixin.py:188} INFO - [2024-02-03T04:09:50.078+0400] {dag.py:3823} INFO - Setting next_dagrun for example_setup_teardown to 2024-02-02 00:00:00+00:00, run_after=2024-02-03 00:00:00+00:00
[2024-02-03T04:09:50.095+0400] {processor.py:183} INFO - Processing /home/reurairin/projects/urfu/urfu_3s_mlops-3/env/lib/python3.10/site-packages/airflow/example_dags/example_setup_teardown.py took 0.041 seconds
