[2024-02-03T04:00:30.478+0400] {processor.py:161} INFO - Started process (PID=5740) to work on /home/reurairin/projects/urfu/urfu_3s_mlops-3/env/lib/python3.10/site-packages/airflow/example_dags/example_kubernetes_executor.py
[2024-02-03T04:00:30.479+0400] {processor.py:830} INFO - Processing file /home/reurairin/projects/urfu/urfu_3s_mlops-3/env/lib/python3.10/site-packages/airflow/example_dags/example_kubernetes_executor.py for tasks to queue
[2024-02-03T04:00:30.480+0400] {logging_mixin.py:188} INFO - [2024-02-03T04:00:30.479+0400] {dagbag.py:538} INFO - Filling up the DagBag from /home/reurairin/projects/urfu/urfu_3s_mlops-3/env/lib/python3.10/site-packages/airflow/example_dags/example_kubernetes_executor.py
[2024-02-03T04:00:30.481+0400] {logging_mixin.py:188} INFO - [2024-02-03T04:00:30.481+0400] {example_kubernetes_executor.py:38} WARNING - The example_kubernetes_executor example DAG requires the kubernetes provider. Please install it with: pip install apache-airflow[cncf.kubernetes]
[2024-02-03T04:00:30.482+0400] {processor.py:842} WARNING - No viable dags retrieved from /home/reurairin/projects/urfu/urfu_3s_mlops-3/env/lib/python3.10/site-packages/airflow/example_dags/example_kubernetes_executor.py
[2024-02-03T04:00:30.487+0400] {processor.py:183} INFO - Processing /home/reurairin/projects/urfu/urfu_3s_mlops-3/env/lib/python3.10/site-packages/airflow/example_dags/example_kubernetes_executor.py took 0.010 seconds
[2024-02-03T04:01:08.181+0400] {processor.py:161} INFO - Started process (PID=5901) to work on /home/reurairin/projects/urfu/urfu_3s_mlops-3/env/lib/python3.10/site-packages/airflow/example_dags/example_kubernetes_executor.py
[2024-02-03T04:01:08.189+0400] {processor.py:830} INFO - Processing file /home/reurairin/projects/urfu/urfu_3s_mlops-3/env/lib/python3.10/site-packages/airflow/example_dags/example_kubernetes_executor.py for tasks to queue
[2024-02-03T04:01:08.190+0400] {logging_mixin.py:188} INFO - [2024-02-03T04:01:08.189+0400] {dagbag.py:538} INFO - Filling up the DagBag from /home/reurairin/projects/urfu/urfu_3s_mlops-3/env/lib/python3.10/site-packages/airflow/example_dags/example_kubernetes_executor.py
[2024-02-03T04:01:08.192+0400] {logging_mixin.py:188} INFO - [2024-02-03T04:01:08.192+0400] {example_kubernetes_executor.py:38} WARNING - The example_kubernetes_executor example DAG requires the kubernetes provider. Please install it with: pip install apache-airflow[cncf.kubernetes]
[2024-02-03T04:01:08.192+0400] {processor.py:842} WARNING - No viable dags retrieved from /home/reurairin/projects/urfu/urfu_3s_mlops-3/env/lib/python3.10/site-packages/airflow/example_dags/example_kubernetes_executor.py
[2024-02-03T04:01:08.199+0400] {processor.py:183} INFO - Processing /home/reurairin/projects/urfu/urfu_3s_mlops-3/env/lib/python3.10/site-packages/airflow/example_dags/example_kubernetes_executor.py took 0.019 seconds
[2024-02-03T04:01:57.300+0400] {processor.py:161} INFO - Started process (PID=6112) to work on /home/reurairin/projects/urfu/urfu_3s_mlops-3/env/lib/python3.10/site-packages/airflow/example_dags/example_kubernetes_executor.py
[2024-02-03T04:01:57.307+0400] {processor.py:830} INFO - Processing file /home/reurairin/projects/urfu/urfu_3s_mlops-3/env/lib/python3.10/site-packages/airflow/example_dags/example_kubernetes_executor.py for tasks to queue
[2024-02-03T04:01:57.308+0400] {logging_mixin.py:188} INFO - [2024-02-03T04:01:57.308+0400] {dagbag.py:538} INFO - Filling up the DagBag from /home/reurairin/projects/urfu/urfu_3s_mlops-3/env/lib/python3.10/site-packages/airflow/example_dags/example_kubernetes_executor.py
[2024-02-03T04:01:57.310+0400] {logging_mixin.py:188} INFO - [2024-02-03T04:01:57.310+0400] {example_kubernetes_executor.py:38} WARNING - The example_kubernetes_executor example DAG requires the kubernetes provider. Please install it with: pip install apache-airflow[cncf.kubernetes]
[2024-02-03T04:01:57.310+0400] {processor.py:842} WARNING - No viable dags retrieved from /home/reurairin/projects/urfu/urfu_3s_mlops-3/env/lib/python3.10/site-packages/airflow/example_dags/example_kubernetes_executor.py
[2024-02-03T04:01:57.316+0400] {processor.py:183} INFO - Processing /home/reurairin/projects/urfu/urfu_3s_mlops-3/env/lib/python3.10/site-packages/airflow/example_dags/example_kubernetes_executor.py took 0.018 seconds
[2024-02-03T04:02:49.492+0400] {processor.py:161} INFO - Started process (PID=6330) to work on /home/reurairin/projects/urfu/urfu_3s_mlops-3/env/lib/python3.10/site-packages/airflow/example_dags/example_kubernetes_executor.py
[2024-02-03T04:02:49.499+0400] {processor.py:830} INFO - Processing file /home/reurairin/projects/urfu/urfu_3s_mlops-3/env/lib/python3.10/site-packages/airflow/example_dags/example_kubernetes_executor.py for tasks to queue
[2024-02-03T04:02:49.500+0400] {logging_mixin.py:188} INFO - [2024-02-03T04:02:49.500+0400] {dagbag.py:538} INFO - Filling up the DagBag from /home/reurairin/projects/urfu/urfu_3s_mlops-3/env/lib/python3.10/site-packages/airflow/example_dags/example_kubernetes_executor.py
[2024-02-03T04:02:49.502+0400] {logging_mixin.py:188} INFO - [2024-02-03T04:02:49.502+0400] {example_kubernetes_executor.py:38} WARNING - The example_kubernetes_executor example DAG requires the kubernetes provider. Please install it with: pip install apache-airflow[cncf.kubernetes]
[2024-02-03T04:02:49.502+0400] {processor.py:842} WARNING - No viable dags retrieved from /home/reurairin/projects/urfu/urfu_3s_mlops-3/env/lib/python3.10/site-packages/airflow/example_dags/example_kubernetes_executor.py
[2024-02-03T04:02:49.508+0400] {processor.py:183} INFO - Processing /home/reurairin/projects/urfu/urfu_3s_mlops-3/env/lib/python3.10/site-packages/airflow/example_dags/example_kubernetes_executor.py took 0.018 seconds
[2024-02-03T04:03:27.188+0400] {processor.py:161} INFO - Started process (PID=6496) to work on /home/reurairin/projects/urfu/urfu_3s_mlops-3/env/lib/python3.10/site-packages/airflow/example_dags/example_kubernetes_executor.py
[2024-02-03T04:03:27.189+0400] {processor.py:830} INFO - Processing file /home/reurairin/projects/urfu/urfu_3s_mlops-3/env/lib/python3.10/site-packages/airflow/example_dags/example_kubernetes_executor.py for tasks to queue
[2024-02-03T04:03:27.190+0400] {logging_mixin.py:188} INFO - [2024-02-03T04:03:27.189+0400] {dagbag.py:538} INFO - Filling up the DagBag from /home/reurairin/projects/urfu/urfu_3s_mlops-3/env/lib/python3.10/site-packages/airflow/example_dags/example_kubernetes_executor.py
[2024-02-03T04:03:27.192+0400] {logging_mixin.py:188} INFO - [2024-02-03T04:03:27.192+0400] {example_kubernetes_executor.py:38} WARNING - The example_kubernetes_executor example DAG requires the kubernetes provider. Please install it with: pip install apache-airflow[cncf.kubernetes]
[2024-02-03T04:03:27.192+0400] {processor.py:842} WARNING - No viable dags retrieved from /home/reurairin/projects/urfu/urfu_3s_mlops-3/env/lib/python3.10/site-packages/airflow/example_dags/example_kubernetes_executor.py
[2024-02-03T04:03:27.200+0400] {processor.py:183} INFO - Processing /home/reurairin/projects/urfu/urfu_3s_mlops-3/env/lib/python3.10/site-packages/airflow/example_dags/example_kubernetes_executor.py took 0.015 seconds
[2024-02-03T04:04:20.869+0400] {processor.py:161} INFO - Started process (PID=6719) to work on /home/reurairin/projects/urfu/urfu_3s_mlops-3/env/lib/python3.10/site-packages/airflow/example_dags/example_kubernetes_executor.py
[2024-02-03T04:04:20.875+0400] {processor.py:830} INFO - Processing file /home/reurairin/projects/urfu/urfu_3s_mlops-3/env/lib/python3.10/site-packages/airflow/example_dags/example_kubernetes_executor.py for tasks to queue
[2024-02-03T04:04:20.876+0400] {logging_mixin.py:188} INFO - [2024-02-03T04:04:20.876+0400] {dagbag.py:538} INFO - Filling up the DagBag from /home/reurairin/projects/urfu/urfu_3s_mlops-3/env/lib/python3.10/site-packages/airflow/example_dags/example_kubernetes_executor.py
[2024-02-03T04:04:20.878+0400] {logging_mixin.py:188} INFO - [2024-02-03T04:04:20.878+0400] {example_kubernetes_executor.py:38} WARNING - The example_kubernetes_executor example DAG requires the kubernetes provider. Please install it with: pip install apache-airflow[cncf.kubernetes]
[2024-02-03T04:04:20.878+0400] {processor.py:842} WARNING - No viable dags retrieved from /home/reurairin/projects/urfu/urfu_3s_mlops-3/env/lib/python3.10/site-packages/airflow/example_dags/example_kubernetes_executor.py
[2024-02-03T04:04:20.884+0400] {processor.py:183} INFO - Processing /home/reurairin/projects/urfu/urfu_3s_mlops-3/env/lib/python3.10/site-packages/airflow/example_dags/example_kubernetes_executor.py took 0.017 seconds
[2024-02-03T04:05:10.995+0400] {processor.py:161} INFO - Started process (PID=6933) to work on /home/reurairin/projects/urfu/urfu_3s_mlops-3/env/lib/python3.10/site-packages/airflow/example_dags/example_kubernetes_executor.py
[2024-02-03T04:05:10.999+0400] {processor.py:830} INFO - Processing file /home/reurairin/projects/urfu/urfu_3s_mlops-3/env/lib/python3.10/site-packages/airflow/example_dags/example_kubernetes_executor.py for tasks to queue
[2024-02-03T04:05:10.999+0400] {logging_mixin.py:188} INFO - [2024-02-03T04:05:10.999+0400] {dagbag.py:538} INFO - Filling up the DagBag from /home/reurairin/projects/urfu/urfu_3s_mlops-3/env/lib/python3.10/site-packages/airflow/example_dags/example_kubernetes_executor.py
[2024-02-03T04:05:11.001+0400] {logging_mixin.py:188} INFO - [2024-02-03T04:05:11.001+0400] {example_kubernetes_executor.py:38} WARNING - The example_kubernetes_executor example DAG requires the kubernetes provider. Please install it with: pip install apache-airflow[cncf.kubernetes]
[2024-02-03T04:05:11.001+0400] {processor.py:842} WARNING - No viable dags retrieved from /home/reurairin/projects/urfu/urfu_3s_mlops-3/env/lib/python3.10/site-packages/airflow/example_dags/example_kubernetes_executor.py
[2024-02-03T04:05:11.007+0400] {processor.py:183} INFO - Processing /home/reurairin/projects/urfu/urfu_3s_mlops-3/env/lib/python3.10/site-packages/airflow/example_dags/example_kubernetes_executor.py took 0.014 seconds
[2024-02-03T04:05:49.042+0400] {processor.py:161} INFO - Started process (PID=7095) to work on /home/reurairin/projects/urfu/urfu_3s_mlops-3/env/lib/python3.10/site-packages/airflow/example_dags/example_kubernetes_executor.py
[2024-02-03T04:05:49.043+0400] {processor.py:830} INFO - Processing file /home/reurairin/projects/urfu/urfu_3s_mlops-3/env/lib/python3.10/site-packages/airflow/example_dags/example_kubernetes_executor.py for tasks to queue
[2024-02-03T04:05:49.044+0400] {logging_mixin.py:188} INFO - [2024-02-03T04:05:49.044+0400] {dagbag.py:538} INFO - Filling up the DagBag from /home/reurairin/projects/urfu/urfu_3s_mlops-3/env/lib/python3.10/site-packages/airflow/example_dags/example_kubernetes_executor.py
[2024-02-03T04:05:49.046+0400] {logging_mixin.py:188} INFO - [2024-02-03T04:05:49.046+0400] {example_kubernetes_executor.py:38} WARNING - The example_kubernetes_executor example DAG requires the kubernetes provider. Please install it with: pip install apache-airflow[cncf.kubernetes]
[2024-02-03T04:05:49.047+0400] {processor.py:842} WARNING - No viable dags retrieved from /home/reurairin/projects/urfu/urfu_3s_mlops-3/env/lib/python3.10/site-packages/airflow/example_dags/example_kubernetes_executor.py
[2024-02-03T04:05:49.053+0400] {processor.py:183} INFO - Processing /home/reurairin/projects/urfu/urfu_3s_mlops-3/env/lib/python3.10/site-packages/airflow/example_dags/example_kubernetes_executor.py took 0.014 seconds
[2024-02-03T04:06:36.144+0400] {processor.py:161} INFO - Started process (PID=7347) to work on /home/reurairin/projects/urfu/urfu_3s_mlops-3/env/lib/python3.10/site-packages/airflow/example_dags/example_kubernetes_executor.py
[2024-02-03T04:06:36.144+0400] {processor.py:830} INFO - Processing file /home/reurairin/projects/urfu/urfu_3s_mlops-3/env/lib/python3.10/site-packages/airflow/example_dags/example_kubernetes_executor.py for tasks to queue
[2024-02-03T04:06:36.145+0400] {logging_mixin.py:188} INFO - [2024-02-03T04:06:36.145+0400] {dagbag.py:538} INFO - Filling up the DagBag from /home/reurairin/projects/urfu/urfu_3s_mlops-3/env/lib/python3.10/site-packages/airflow/example_dags/example_kubernetes_executor.py
[2024-02-03T04:06:36.147+0400] {logging_mixin.py:188} INFO - [2024-02-03T04:06:36.147+0400] {example_kubernetes_executor.py:38} WARNING - The example_kubernetes_executor example DAG requires the kubernetes provider. Please install it with: pip install apache-airflow[cncf.kubernetes]
[2024-02-03T04:06:36.147+0400] {processor.py:842} WARNING - No viable dags retrieved from /home/reurairin/projects/urfu/urfu_3s_mlops-3/env/lib/python3.10/site-packages/airflow/example_dags/example_kubernetes_executor.py
[2024-02-03T04:06:36.153+0400] {processor.py:183} INFO - Processing /home/reurairin/projects/urfu/urfu_3s_mlops-3/env/lib/python3.10/site-packages/airflow/example_dags/example_kubernetes_executor.py took 0.011 seconds
[2024-02-03T04:07:33.416+0400] {processor.py:161} INFO - Started process (PID=7606) to work on /home/reurairin/projects/urfu/urfu_3s_mlops-3/env/lib/python3.10/site-packages/airflow/example_dags/example_kubernetes_executor.py
[2024-02-03T04:07:33.417+0400] {processor.py:830} INFO - Processing file /home/reurairin/projects/urfu/urfu_3s_mlops-3/env/lib/python3.10/site-packages/airflow/example_dags/example_kubernetes_executor.py for tasks to queue
[2024-02-03T04:07:33.418+0400] {logging_mixin.py:188} INFO - [2024-02-03T04:07:33.418+0400] {dagbag.py:538} INFO - Filling up the DagBag from /home/reurairin/projects/urfu/urfu_3s_mlops-3/env/lib/python3.10/site-packages/airflow/example_dags/example_kubernetes_executor.py
[2024-02-03T04:07:33.420+0400] {logging_mixin.py:188} INFO - [2024-02-03T04:07:33.420+0400] {example_kubernetes_executor.py:38} WARNING - The example_kubernetes_executor example DAG requires the kubernetes provider. Please install it with: pip install apache-airflow[cncf.kubernetes]
[2024-02-03T04:07:33.421+0400] {processor.py:842} WARNING - No viable dags retrieved from /home/reurairin/projects/urfu/urfu_3s_mlops-3/env/lib/python3.10/site-packages/airflow/example_dags/example_kubernetes_executor.py
[2024-02-03T04:07:33.431+0400] {processor.py:183} INFO - Processing /home/reurairin/projects/urfu/urfu_3s_mlops-3/env/lib/python3.10/site-packages/airflow/example_dags/example_kubernetes_executor.py took 0.017 seconds
[2024-02-03T04:08:23.180+0400] {processor.py:161} INFO - Started process (PID=7815) to work on /home/reurairin/projects/urfu/urfu_3s_mlops-3/env/lib/python3.10/site-packages/airflow/example_dags/example_kubernetes_executor.py
[2024-02-03T04:08:23.187+0400] {processor.py:830} INFO - Processing file /home/reurairin/projects/urfu/urfu_3s_mlops-3/env/lib/python3.10/site-packages/airflow/example_dags/example_kubernetes_executor.py for tasks to queue
[2024-02-03T04:08:23.188+0400] {logging_mixin.py:188} INFO - [2024-02-03T04:08:23.187+0400] {dagbag.py:538} INFO - Filling up the DagBag from /home/reurairin/projects/urfu/urfu_3s_mlops-3/env/lib/python3.10/site-packages/airflow/example_dags/example_kubernetes_executor.py
[2024-02-03T04:08:23.189+0400] {logging_mixin.py:188} INFO - [2024-02-03T04:08:23.189+0400] {example_kubernetes_executor.py:38} WARNING - The example_kubernetes_executor example DAG requires the kubernetes provider. Please install it with: pip install apache-airflow[cncf.kubernetes]
[2024-02-03T04:08:23.190+0400] {processor.py:842} WARNING - No viable dags retrieved from /home/reurairin/projects/urfu/urfu_3s_mlops-3/env/lib/python3.10/site-packages/airflow/example_dags/example_kubernetes_executor.py
[2024-02-03T04:08:23.195+0400] {processor.py:183} INFO - Processing /home/reurairin/projects/urfu/urfu_3s_mlops-3/env/lib/python3.10/site-packages/airflow/example_dags/example_kubernetes_executor.py took 0.016 seconds
[2024-02-03T04:09:14.432+0400] {processor.py:161} INFO - Started process (PID=8037) to work on /home/reurairin/projects/urfu/urfu_3s_mlops-3/env/lib/python3.10/site-packages/airflow/example_dags/example_kubernetes_executor.py
[2024-02-03T04:09:14.433+0400] {processor.py:830} INFO - Processing file /home/reurairin/projects/urfu/urfu_3s_mlops-3/env/lib/python3.10/site-packages/airflow/example_dags/example_kubernetes_executor.py for tasks to queue
[2024-02-03T04:09:14.433+0400] {logging_mixin.py:188} INFO - [2024-02-03T04:09:14.433+0400] {dagbag.py:538} INFO - Filling up the DagBag from /home/reurairin/projects/urfu/urfu_3s_mlops-3/env/lib/python3.10/site-packages/airflow/example_dags/example_kubernetes_executor.py
[2024-02-03T04:09:14.435+0400] {logging_mixin.py:188} INFO - [2024-02-03T04:09:14.435+0400] {example_kubernetes_executor.py:38} WARNING - The example_kubernetes_executor example DAG requires the kubernetes provider. Please install it with: pip install apache-airflow[cncf.kubernetes]
[2024-02-03T04:09:14.435+0400] {processor.py:842} WARNING - No viable dags retrieved from /home/reurairin/projects/urfu/urfu_3s_mlops-3/env/lib/python3.10/site-packages/airflow/example_dags/example_kubernetes_executor.py
[2024-02-03T04:09:14.441+0400] {processor.py:183} INFO - Processing /home/reurairin/projects/urfu/urfu_3s_mlops-3/env/lib/python3.10/site-packages/airflow/example_dags/example_kubernetes_executor.py took 0.012 seconds
[2024-02-03T04:10:05.306+0400] {processor.py:161} INFO - Started process (PID=8471) to work on /home/reurairin/projects/urfu/urfu_3s_mlops-3/env/lib/python3.10/site-packages/airflow/example_dags/example_kubernetes_executor.py
[2024-02-03T04:10:05.307+0400] {processor.py:830} INFO - Processing file /home/reurairin/projects/urfu/urfu_3s_mlops-3/env/lib/python3.10/site-packages/airflow/example_dags/example_kubernetes_executor.py for tasks to queue
[2024-02-03T04:10:05.308+0400] {logging_mixin.py:188} INFO - [2024-02-03T04:10:05.307+0400] {dagbag.py:538} INFO - Filling up the DagBag from /home/reurairin/projects/urfu/urfu_3s_mlops-3/env/lib/python3.10/site-packages/airflow/example_dags/example_kubernetes_executor.py
[2024-02-03T04:10:05.310+0400] {logging_mixin.py:188} INFO - [2024-02-03T04:10:05.310+0400] {example_kubernetes_executor.py:38} WARNING - The example_kubernetes_executor example DAG requires the kubernetes provider. Please install it with: pip install apache-airflow[cncf.kubernetes]
[2024-02-03T04:10:05.310+0400] {processor.py:842} WARNING - No viable dags retrieved from /home/reurairin/projects/urfu/urfu_3s_mlops-3/env/lib/python3.10/site-packages/airflow/example_dags/example_kubernetes_executor.py
[2024-02-03T04:10:05.317+0400] {processor.py:183} INFO - Processing /home/reurairin/projects/urfu/urfu_3s_mlops-3/env/lib/python3.10/site-packages/airflow/example_dags/example_kubernetes_executor.py took 0.013 seconds
