[2024-02-03T04:00:22.233+0400] {processor.py:161} INFO - Started process (PID=5708) to work on /home/reurairin/projects/urfu/urfu_3s_mlops-3/env/lib/python3.10/site-packages/airflow/example_dags/example_task_group_decorator.py
[2024-02-03T04:00:22.234+0400] {processor.py:830} INFO - Processing file /home/reurairin/projects/urfu/urfu_3s_mlops-3/env/lib/python3.10/site-packages/airflow/example_dags/example_task_group_decorator.py for tasks to queue
[2024-02-03T04:00:22.235+0400] {logging_mixin.py:188} INFO - [2024-02-03T04:00:22.234+0400] {dagbag.py:538} INFO - Filling up the DagBag from /home/reurairin/projects/urfu/urfu_3s_mlops-3/env/lib/python3.10/site-packages/airflow/example_dags/example_task_group_decorator.py
[2024-02-03T04:00:22.246+0400] {processor.py:840} INFO - DAG(s) 'example_task_group_decorator' retrieved from /home/reurairin/projects/urfu/urfu_3s_mlops-3/env/lib/python3.10/site-packages/airflow/example_dags/example_task_group_decorator.py
[2024-02-03T04:00:22.261+0400] {logging_mixin.py:188} INFO - [2024-02-03T04:00:22.261+0400] {dag.py:3036} INFO - Sync 1 DAGs
[2024-02-03T04:00:22.274+0400] {logging_mixin.py:188} INFO - [2024-02-03T04:00:22.274+0400] {dag.py:3823} INFO - Setting next_dagrun for example_task_group_decorator to 2024-02-02 00:00:00+00:00, run_after=2024-02-03 00:00:00+00:00
[2024-02-03T04:00:22.290+0400] {processor.py:183} INFO - Processing /home/reurairin/projects/urfu/urfu_3s_mlops-3/env/lib/python3.10/site-packages/airflow/example_dags/example_task_group_decorator.py took 0.066 seconds
[2024-02-03T04:01:18.119+0400] {processor.py:161} INFO - Started process (PID=5942) to work on /home/reurairin/projects/urfu/urfu_3s_mlops-3/env/lib/python3.10/site-packages/airflow/example_dags/example_task_group_decorator.py
[2024-02-03T04:01:18.126+0400] {processor.py:830} INFO - Processing file /home/reurairin/projects/urfu/urfu_3s_mlops-3/env/lib/python3.10/site-packages/airflow/example_dags/example_task_group_decorator.py for tasks to queue
[2024-02-03T04:01:18.127+0400] {logging_mixin.py:188} INFO - [2024-02-03T04:01:18.127+0400] {dagbag.py:538} INFO - Filling up the DagBag from /home/reurairin/projects/urfu/urfu_3s_mlops-3/env/lib/python3.10/site-packages/airflow/example_dags/example_task_group_decorator.py
[2024-02-03T04:01:18.136+0400] {processor.py:840} INFO - DAG(s) 'example_task_group_decorator' retrieved from /home/reurairin/projects/urfu/urfu_3s_mlops-3/env/lib/python3.10/site-packages/airflow/example_dags/example_task_group_decorator.py
[2024-02-03T04:01:18.148+0400] {logging_mixin.py:188} INFO - [2024-02-03T04:01:18.148+0400] {dag.py:3036} INFO - Sync 1 DAGs
[2024-02-03T04:01:18.160+0400] {logging_mixin.py:188} INFO - [2024-02-03T04:01:18.160+0400] {dag.py:3823} INFO - Setting next_dagrun for example_task_group_decorator to 2024-02-02 00:00:00+00:00, run_after=2024-02-03 00:00:00+00:00
[2024-02-03T04:01:18.174+0400] {processor.py:183} INFO - Processing /home/reurairin/projects/urfu/urfu_3s_mlops-3/env/lib/python3.10/site-packages/airflow/example_dags/example_task_group_decorator.py took 0.056 seconds
[2024-02-03T04:02:07.183+0400] {processor.py:161} INFO - Started process (PID=6150) to work on /home/reurairin/projects/urfu/urfu_3s_mlops-3/env/lib/python3.10/site-packages/airflow/example_dags/example_task_group_decorator.py
[2024-02-03T04:02:07.190+0400] {processor.py:830} INFO - Processing file /home/reurairin/projects/urfu/urfu_3s_mlops-3/env/lib/python3.10/site-packages/airflow/example_dags/example_task_group_decorator.py for tasks to queue
[2024-02-03T04:02:07.190+0400] {logging_mixin.py:188} INFO - [2024-02-03T04:02:07.190+0400] {dagbag.py:538} INFO - Filling up the DagBag from /home/reurairin/projects/urfu/urfu_3s_mlops-3/env/lib/python3.10/site-packages/airflow/example_dags/example_task_group_decorator.py
[2024-02-03T04:02:07.199+0400] {processor.py:840} INFO - DAG(s) 'example_task_group_decorator' retrieved from /home/reurairin/projects/urfu/urfu_3s_mlops-3/env/lib/python3.10/site-packages/airflow/example_dags/example_task_group_decorator.py
[2024-02-03T04:02:07.210+0400] {logging_mixin.py:188} INFO - [2024-02-03T04:02:07.210+0400] {dag.py:3036} INFO - Sync 1 DAGs
[2024-02-03T04:02:07.219+0400] {logging_mixin.py:188} INFO - [2024-02-03T04:02:07.219+0400] {dag.py:3823} INFO - Setting next_dagrun for example_task_group_decorator to 2024-02-02 00:00:00+00:00, run_after=2024-02-03 00:00:00+00:00
[2024-02-03T04:02:07.232+0400] {processor.py:183} INFO - Processing /home/reurairin/projects/urfu/urfu_3s_mlops-3/env/lib/python3.10/site-packages/airflow/example_dags/example_task_group_decorator.py took 0.051 seconds
[2024-02-03T04:03:00.107+0400] {processor.py:161} INFO - Started process (PID=6374) to work on /home/reurairin/projects/urfu/urfu_3s_mlops-3/env/lib/python3.10/site-packages/airflow/example_dags/example_task_group_decorator.py
[2024-02-03T04:03:00.115+0400] {processor.py:830} INFO - Processing file /home/reurairin/projects/urfu/urfu_3s_mlops-3/env/lib/python3.10/site-packages/airflow/example_dags/example_task_group_decorator.py for tasks to queue
[2024-02-03T04:03:00.116+0400] {logging_mixin.py:188} INFO - [2024-02-03T04:03:00.115+0400] {dagbag.py:538} INFO - Filling up the DagBag from /home/reurairin/projects/urfu/urfu_3s_mlops-3/env/lib/python3.10/site-packages/airflow/example_dags/example_task_group_decorator.py
[2024-02-03T04:03:00.124+0400] {processor.py:840} INFO - DAG(s) 'example_task_group_decorator' retrieved from /home/reurairin/projects/urfu/urfu_3s_mlops-3/env/lib/python3.10/site-packages/airflow/example_dags/example_task_group_decorator.py
[2024-02-03T04:03:00.136+0400] {logging_mixin.py:188} INFO - [2024-02-03T04:03:00.136+0400] {dag.py:3036} INFO - Sync 1 DAGs
[2024-02-03T04:03:00.145+0400] {logging_mixin.py:188} INFO - [2024-02-03T04:03:00.145+0400] {dag.py:3823} INFO - Setting next_dagrun for example_task_group_decorator to 2024-02-02 00:00:00+00:00, run_after=2024-02-03 00:00:00+00:00
[2024-02-03T04:03:00.157+0400] {processor.py:183} INFO - Processing /home/reurairin/projects/urfu/urfu_3s_mlops-3/env/lib/python3.10/site-packages/airflow/example_dags/example_task_group_decorator.py took 0.052 seconds
[2024-02-03T04:03:55.156+0400] {processor.py:161} INFO - Started process (PID=6608) to work on /home/reurairin/projects/urfu/urfu_3s_mlops-3/env/lib/python3.10/site-packages/airflow/example_dags/example_task_group_decorator.py
[2024-02-03T04:03:55.165+0400] {processor.py:830} INFO - Processing file /home/reurairin/projects/urfu/urfu_3s_mlops-3/env/lib/python3.10/site-packages/airflow/example_dags/example_task_group_decorator.py for tasks to queue
[2024-02-03T04:03:55.166+0400] {logging_mixin.py:188} INFO - [2024-02-03T04:03:55.166+0400] {dagbag.py:538} INFO - Filling up the DagBag from /home/reurairin/projects/urfu/urfu_3s_mlops-3/env/lib/python3.10/site-packages/airflow/example_dags/example_task_group_decorator.py
[2024-02-03T04:03:55.179+0400] {processor.py:840} INFO - DAG(s) 'example_task_group_decorator' retrieved from /home/reurairin/projects/urfu/urfu_3s_mlops-3/env/lib/python3.10/site-packages/airflow/example_dags/example_task_group_decorator.py
[2024-02-03T04:03:55.197+0400] {logging_mixin.py:188} INFO - [2024-02-03T04:03:55.197+0400] {dag.py:3036} INFO - Sync 1 DAGs
[2024-02-03T04:03:55.214+0400] {logging_mixin.py:188} INFO - [2024-02-03T04:03:55.214+0400] {dag.py:3823} INFO - Setting next_dagrun for example_task_group_decorator to 2024-02-02 00:00:00+00:00, run_after=2024-02-03 00:00:00+00:00
[2024-02-03T04:03:55.239+0400] {processor.py:183} INFO - Processing /home/reurairin/projects/urfu/urfu_3s_mlops-3/env/lib/python3.10/site-packages/airflow/example_dags/example_task_group_decorator.py took 0.085 seconds
[2024-02-03T04:04:43.761+0400] {processor.py:161} INFO - Started process (PID=6813) to work on /home/reurairin/projects/urfu/urfu_3s_mlops-3/env/lib/python3.10/site-packages/airflow/example_dags/example_task_group_decorator.py
[2024-02-03T04:04:43.768+0400] {processor.py:830} INFO - Processing file /home/reurairin/projects/urfu/urfu_3s_mlops-3/env/lib/python3.10/site-packages/airflow/example_dags/example_task_group_decorator.py for tasks to queue
[2024-02-03T04:04:43.768+0400] {logging_mixin.py:188} INFO - [2024-02-03T04:04:43.768+0400] {dagbag.py:538} INFO - Filling up the DagBag from /home/reurairin/projects/urfu/urfu_3s_mlops-3/env/lib/python3.10/site-packages/airflow/example_dags/example_task_group_decorator.py
[2024-02-03T04:04:43.777+0400] {processor.py:840} INFO - DAG(s) 'example_task_group_decorator' retrieved from /home/reurairin/projects/urfu/urfu_3s_mlops-3/env/lib/python3.10/site-packages/airflow/example_dags/example_task_group_decorator.py
[2024-02-03T04:04:43.788+0400] {logging_mixin.py:188} INFO - [2024-02-03T04:04:43.788+0400] {dag.py:3036} INFO - Sync 1 DAGs
[2024-02-03T04:04:43.798+0400] {logging_mixin.py:188} INFO - [2024-02-03T04:04:43.797+0400] {dag.py:3823} INFO - Setting next_dagrun for example_task_group_decorator to 2024-02-02 00:00:00+00:00, run_after=2024-02-03 00:00:00+00:00
[2024-02-03T04:04:43.810+0400] {processor.py:183} INFO - Processing /home/reurairin/projects/urfu/urfu_3s_mlops-3/env/lib/python3.10/site-packages/airflow/example_dags/example_task_group_decorator.py took 0.051 seconds
[2024-02-03T04:05:40.512+0400] {processor.py:161} INFO - Started process (PID=7061) to work on /home/reurairin/projects/urfu/urfu_3s_mlops-3/env/lib/python3.10/site-packages/airflow/example_dags/example_task_group_decorator.py
[2024-02-03T04:05:40.513+0400] {processor.py:830} INFO - Processing file /home/reurairin/projects/urfu/urfu_3s_mlops-3/env/lib/python3.10/site-packages/airflow/example_dags/example_task_group_decorator.py for tasks to queue
[2024-02-03T04:05:40.513+0400] {logging_mixin.py:188} INFO - [2024-02-03T04:05:40.513+0400] {dagbag.py:538} INFO - Filling up the DagBag from /home/reurairin/projects/urfu/urfu_3s_mlops-3/env/lib/python3.10/site-packages/airflow/example_dags/example_task_group_decorator.py
[2024-02-03T04:05:40.523+0400] {processor.py:840} INFO - DAG(s) 'example_task_group_decorator' retrieved from /home/reurairin/projects/urfu/urfu_3s_mlops-3/env/lib/python3.10/site-packages/airflow/example_dags/example_task_group_decorator.py
[2024-02-03T04:05:40.536+0400] {logging_mixin.py:188} INFO - [2024-02-03T04:05:40.535+0400] {dag.py:3036} INFO - Sync 1 DAGs
[2024-02-03T04:05:40.551+0400] {logging_mixin.py:188} INFO - [2024-02-03T04:05:40.551+0400] {dag.py:3823} INFO - Setting next_dagrun for example_task_group_decorator to 2024-02-02 00:00:00+00:00, run_after=2024-02-03 00:00:00+00:00
[2024-02-03T04:05:40.571+0400] {processor.py:183} INFO - Processing /home/reurairin/projects/urfu/urfu_3s_mlops-3/env/lib/python3.10/site-packages/airflow/example_dags/example_task_group_decorator.py took 0.061 seconds
[2024-02-03T04:06:28.438+0400] {processor.py:161} INFO - Started process (PID=7316) to work on /home/reurairin/projects/urfu/urfu_3s_mlops-3/env/lib/python3.10/site-packages/airflow/example_dags/example_task_group_decorator.py
[2024-02-03T04:06:28.439+0400] {processor.py:830} INFO - Processing file /home/reurairin/projects/urfu/urfu_3s_mlops-3/env/lib/python3.10/site-packages/airflow/example_dags/example_task_group_decorator.py for tasks to queue
[2024-02-03T04:06:28.440+0400] {logging_mixin.py:188} INFO - [2024-02-03T04:06:28.439+0400] {dagbag.py:538} INFO - Filling up the DagBag from /home/reurairin/projects/urfu/urfu_3s_mlops-3/env/lib/python3.10/site-packages/airflow/example_dags/example_task_group_decorator.py
[2024-02-03T04:06:28.450+0400] {processor.py:840} INFO - DAG(s) 'example_task_group_decorator' retrieved from /home/reurairin/projects/urfu/urfu_3s_mlops-3/env/lib/python3.10/site-packages/airflow/example_dags/example_task_group_decorator.py
[2024-02-03T04:06:28.464+0400] {logging_mixin.py:188} INFO - [2024-02-03T04:06:28.464+0400] {dag.py:3036} INFO - Sync 1 DAGs
[2024-02-03T04:06:28.475+0400] {logging_mixin.py:188} INFO - [2024-02-03T04:06:28.475+0400] {dag.py:3823} INFO - Setting next_dagrun for example_task_group_decorator to 2024-02-02 00:00:00+00:00, run_after=2024-02-03 00:00:00+00:00
[2024-02-03T04:06:28.490+0400] {processor.py:183} INFO - Processing /home/reurairin/projects/urfu/urfu_3s_mlops-3/env/lib/python3.10/site-packages/airflow/example_dags/example_task_group_decorator.py took 0.053 seconds
[2024-02-03T04:07:24.280+0400] {processor.py:161} INFO - Started process (PID=7554) to work on /home/reurairin/projects/urfu/urfu_3s_mlops-3/env/lib/python3.10/site-packages/airflow/example_dags/example_task_group_decorator.py
[2024-02-03T04:07:24.280+0400] {processor.py:830} INFO - Processing file /home/reurairin/projects/urfu/urfu_3s_mlops-3/env/lib/python3.10/site-packages/airflow/example_dags/example_task_group_decorator.py for tasks to queue
[2024-02-03T04:07:24.281+0400] {logging_mixin.py:188} INFO - [2024-02-03T04:07:24.281+0400] {dagbag.py:538} INFO - Filling up the DagBag from /home/reurairin/projects/urfu/urfu_3s_mlops-3/env/lib/python3.10/site-packages/airflow/example_dags/example_task_group_decorator.py
[2024-02-03T04:07:24.290+0400] {processor.py:840} INFO - DAG(s) 'example_task_group_decorator' retrieved from /home/reurairin/projects/urfu/urfu_3s_mlops-3/env/lib/python3.10/site-packages/airflow/example_dags/example_task_group_decorator.py
[2024-02-03T04:07:24.301+0400] {logging_mixin.py:188} INFO - [2024-02-03T04:07:24.301+0400] {dag.py:3036} INFO - Sync 1 DAGs
[2024-02-03T04:07:24.311+0400] {logging_mixin.py:188} INFO - [2024-02-03T04:07:24.311+0400] {dag.py:3823} INFO - Setting next_dagrun for example_task_group_decorator to 2024-02-02 00:00:00+00:00, run_after=2024-02-03 00:00:00+00:00
[2024-02-03T04:07:24.325+0400] {processor.py:183} INFO - Processing /home/reurairin/projects/urfu/urfu_3s_mlops-3/env/lib/python3.10/site-packages/airflow/example_dags/example_task_group_decorator.py took 0.047 seconds
[2024-02-03T04:08:15.363+0400] {processor.py:161} INFO - Started process (PID=7775) to work on /home/reurairin/projects/urfu/urfu_3s_mlops-3/env/lib/python3.10/site-packages/airflow/example_dags/example_task_group_decorator.py
[2024-02-03T04:08:15.370+0400] {processor.py:830} INFO - Processing file /home/reurairin/projects/urfu/urfu_3s_mlops-3/env/lib/python3.10/site-packages/airflow/example_dags/example_task_group_decorator.py for tasks to queue
[2024-02-03T04:08:15.370+0400] {logging_mixin.py:188} INFO - [2024-02-03T04:08:15.370+0400] {dagbag.py:538} INFO - Filling up the DagBag from /home/reurairin/projects/urfu/urfu_3s_mlops-3/env/lib/python3.10/site-packages/airflow/example_dags/example_task_group_decorator.py
[2024-02-03T04:08:15.379+0400] {processor.py:840} INFO - DAG(s) 'example_task_group_decorator' retrieved from /home/reurairin/projects/urfu/urfu_3s_mlops-3/env/lib/python3.10/site-packages/airflow/example_dags/example_task_group_decorator.py
[2024-02-03T04:08:15.389+0400] {logging_mixin.py:188} INFO - [2024-02-03T04:08:15.389+0400] {dag.py:3036} INFO - Sync 1 DAGs
[2024-02-03T04:08:15.398+0400] {logging_mixin.py:188} INFO - [2024-02-03T04:08:15.398+0400] {dag.py:3823} INFO - Setting next_dagrun for example_task_group_decorator to 2024-02-02 00:00:00+00:00, run_after=2024-02-03 00:00:00+00:00
[2024-02-03T04:08:15.410+0400] {processor.py:183} INFO - Processing /home/reurairin/projects/urfu/urfu_3s_mlops-3/env/lib/python3.10/site-packages/airflow/example_dags/example_task_group_decorator.py took 0.050 seconds
[2024-02-03T04:09:06.023+0400] {processor.py:161} INFO - Started process (PID=7989) to work on /home/reurairin/projects/urfu/urfu_3s_mlops-3/env/lib/python3.10/site-packages/airflow/example_dags/example_task_group_decorator.py
[2024-02-03T04:09:06.024+0400] {processor.py:830} INFO - Processing file /home/reurairin/projects/urfu/urfu_3s_mlops-3/env/lib/python3.10/site-packages/airflow/example_dags/example_task_group_decorator.py for tasks to queue
[2024-02-03T04:09:06.025+0400] {logging_mixin.py:188} INFO - [2024-02-03T04:09:06.024+0400] {dagbag.py:538} INFO - Filling up the DagBag from /home/reurairin/projects/urfu/urfu_3s_mlops-3/env/lib/python3.10/site-packages/airflow/example_dags/example_task_group_decorator.py
[2024-02-03T04:09:06.034+0400] {processor.py:840} INFO - DAG(s) 'example_task_group_decorator' retrieved from /home/reurairin/projects/urfu/urfu_3s_mlops-3/env/lib/python3.10/site-packages/airflow/example_dags/example_task_group_decorator.py
[2024-02-03T04:09:06.045+0400] {logging_mixin.py:188} INFO - [2024-02-03T04:09:06.045+0400] {dag.py:3036} INFO - Sync 1 DAGs
[2024-02-03T04:09:06.055+0400] {logging_mixin.py:188} INFO - [2024-02-03T04:09:06.055+0400] {dag.py:3823} INFO - Setting next_dagrun for example_task_group_decorator to 2024-02-02 00:00:00+00:00, run_after=2024-02-03 00:00:00+00:00
[2024-02-03T04:09:06.068+0400] {processor.py:183} INFO - Processing /home/reurairin/projects/urfu/urfu_3s_mlops-3/env/lib/python3.10/site-packages/airflow/example_dags/example_task_group_decorator.py took 0.047 seconds
[2024-02-03T04:09:56.931+0400] {processor.py:161} INFO - Started process (PID=8279) to work on /home/reurairin/projects/urfu/urfu_3s_mlops-3/env/lib/python3.10/site-packages/airflow/example_dags/example_task_group_decorator.py
[2024-02-03T04:09:56.938+0400] {processor.py:830} INFO - Processing file /home/reurairin/projects/urfu/urfu_3s_mlops-3/env/lib/python3.10/site-packages/airflow/example_dags/example_task_group_decorator.py for tasks to queue
[2024-02-03T04:09:56.939+0400] {logging_mixin.py:188} INFO - [2024-02-03T04:09:56.938+0400] {dagbag.py:538} INFO - Filling up the DagBag from /home/reurairin/projects/urfu/urfu_3s_mlops-3/env/lib/python3.10/site-packages/airflow/example_dags/example_task_group_decorator.py
[2024-02-03T04:09:56.947+0400] {processor.py:840} INFO - DAG(s) 'example_task_group_decorator' retrieved from /home/reurairin/projects/urfu/urfu_3s_mlops-3/env/lib/python3.10/site-packages/airflow/example_dags/example_task_group_decorator.py
[2024-02-03T04:09:56.958+0400] {logging_mixin.py:188} INFO - [2024-02-03T04:09:56.958+0400] {dag.py:3036} INFO - Sync 1 DAGs
[2024-02-03T04:09:56.967+0400] {logging_mixin.py:188} INFO - [2024-02-03T04:09:56.967+0400] {dag.py:3823} INFO - Setting next_dagrun for example_task_group_decorator to 2024-02-02 00:00:00+00:00, run_after=2024-02-03 00:00:00+00:00
[2024-02-03T04:09:56.979+0400] {processor.py:183} INFO - Processing /home/reurairin/projects/urfu/urfu_3s_mlops-3/env/lib/python3.10/site-packages/airflow/example_dags/example_task_group_decorator.py took 0.050 seconds
