[2024-02-03T04:00:29.345+0400] {processor.py:161} INFO - Started process (PID=5736) to work on /home/reurairin/projects/urfu/urfu_3s_mlops-3/env/lib/python3.10/site-packages/airflow/example_dags/example_short_circuit_operator.py
[2024-02-03T04:00:29.345+0400] {processor.py:830} INFO - Processing file /home/reurairin/projects/urfu/urfu_3s_mlops-3/env/lib/python3.10/site-packages/airflow/example_dags/example_short_circuit_operator.py for tasks to queue
[2024-02-03T04:00:29.346+0400] {logging_mixin.py:188} INFO - [2024-02-03T04:00:29.346+0400] {dagbag.py:538} INFO - Filling up the DagBag from /home/reurairin/projects/urfu/urfu_3s_mlops-3/env/lib/python3.10/site-packages/airflow/example_dags/example_short_circuit_operator.py
[2024-02-03T04:00:29.350+0400] {processor.py:840} INFO - DAG(s) 'example_short_circuit_operator' retrieved from /home/reurairin/projects/urfu/urfu_3s_mlops-3/env/lib/python3.10/site-packages/airflow/example_dags/example_short_circuit_operator.py
[2024-02-03T04:00:29.361+0400] {logging_mixin.py:188} INFO - [2024-02-03T04:00:29.361+0400] {dag.py:3036} INFO - Sync 1 DAGs
[2024-02-03T04:00:29.371+0400] {logging_mixin.py:188} INFO - [2024-02-03T04:00:29.371+0400] {dag.py:3823} INFO - Setting next_dagrun for example_short_circuit_operator to 2024-02-02 00:00:00+00:00, run_after=2024-02-03 00:00:00+00:00
[2024-02-03T04:00:29.390+0400] {processor.py:183} INFO - Processing /home/reurairin/projects/urfu/urfu_3s_mlops-3/env/lib/python3.10/site-packages/airflow/example_dags/example_short_circuit_operator.py took 0.048 seconds
[2024-02-03T04:01:07.050+0400] {processor.py:161} INFO - Started process (PID=5897) to work on /home/reurairin/projects/urfu/urfu_3s_mlops-3/env/lib/python3.10/site-packages/airflow/example_dags/example_short_circuit_operator.py
[2024-02-03T04:01:07.057+0400] {processor.py:830} INFO - Processing file /home/reurairin/projects/urfu/urfu_3s_mlops-3/env/lib/python3.10/site-packages/airflow/example_dags/example_short_circuit_operator.py for tasks to queue
[2024-02-03T04:01:07.058+0400] {logging_mixin.py:188} INFO - [2024-02-03T04:01:07.057+0400] {dagbag.py:538} INFO - Filling up the DagBag from /home/reurairin/projects/urfu/urfu_3s_mlops-3/env/lib/python3.10/site-packages/airflow/example_dags/example_short_circuit_operator.py
[2024-02-03T04:01:07.062+0400] {processor.py:840} INFO - DAG(s) 'example_short_circuit_operator' retrieved from /home/reurairin/projects/urfu/urfu_3s_mlops-3/env/lib/python3.10/site-packages/airflow/example_dags/example_short_circuit_operator.py
[2024-02-03T04:01:07.074+0400] {logging_mixin.py:188} INFO - [2024-02-03T04:01:07.074+0400] {dag.py:3036} INFO - Sync 1 DAGs
[2024-02-03T04:01:07.084+0400] {logging_mixin.py:188} INFO - [2024-02-03T04:01:07.084+0400] {dag.py:3823} INFO - Setting next_dagrun for example_short_circuit_operator to 2024-02-02 00:00:00+00:00, run_after=2024-02-03 00:00:00+00:00
[2024-02-03T04:01:07.098+0400] {processor.py:183} INFO - Processing /home/reurairin/projects/urfu/urfu_3s_mlops-3/env/lib/python3.10/site-packages/airflow/example_dags/example_short_circuit_operator.py took 0.050 seconds
[2024-02-03T04:01:56.160+0400] {processor.py:161} INFO - Started process (PID=6105) to work on /home/reurairin/projects/urfu/urfu_3s_mlops-3/env/lib/python3.10/site-packages/airflow/example_dags/example_short_circuit_operator.py
[2024-02-03T04:01:56.167+0400] {processor.py:830} INFO - Processing file /home/reurairin/projects/urfu/urfu_3s_mlops-3/env/lib/python3.10/site-packages/airflow/example_dags/example_short_circuit_operator.py for tasks to queue
[2024-02-03T04:01:56.168+0400] {logging_mixin.py:188} INFO - [2024-02-03T04:01:56.168+0400] {dagbag.py:538} INFO - Filling up the DagBag from /home/reurairin/projects/urfu/urfu_3s_mlops-3/env/lib/python3.10/site-packages/airflow/example_dags/example_short_circuit_operator.py
[2024-02-03T04:01:56.172+0400] {processor.py:840} INFO - DAG(s) 'example_short_circuit_operator' retrieved from /home/reurairin/projects/urfu/urfu_3s_mlops-3/env/lib/python3.10/site-packages/airflow/example_dags/example_short_circuit_operator.py
[2024-02-03T04:01:56.183+0400] {logging_mixin.py:188} INFO - [2024-02-03T04:01:56.182+0400] {dag.py:3036} INFO - Sync 1 DAGs
[2024-02-03T04:01:56.192+0400] {logging_mixin.py:188} INFO - [2024-02-03T04:01:56.192+0400] {dag.py:3823} INFO - Setting next_dagrun for example_short_circuit_operator to 2024-02-02 00:00:00+00:00, run_after=2024-02-03 00:00:00+00:00
[2024-02-03T04:01:56.204+0400] {processor.py:183} INFO - Processing /home/reurairin/projects/urfu/urfu_3s_mlops-3/env/lib/python3.10/site-packages/airflow/example_dags/example_short_circuit_operator.py took 0.046 seconds
[2024-02-03T04:02:48.361+0400] {processor.py:161} INFO - Started process (PID=6329) to work on /home/reurairin/projects/urfu/urfu_3s_mlops-3/env/lib/python3.10/site-packages/airflow/example_dags/example_short_circuit_operator.py
[2024-02-03T04:02:48.368+0400] {processor.py:830} INFO - Processing file /home/reurairin/projects/urfu/urfu_3s_mlops-3/env/lib/python3.10/site-packages/airflow/example_dags/example_short_circuit_operator.py for tasks to queue
[2024-02-03T04:02:48.369+0400] {logging_mixin.py:188} INFO - [2024-02-03T04:02:48.369+0400] {dagbag.py:538} INFO - Filling up the DagBag from /home/reurairin/projects/urfu/urfu_3s_mlops-3/env/lib/python3.10/site-packages/airflow/example_dags/example_short_circuit_operator.py
[2024-02-03T04:02:48.374+0400] {processor.py:840} INFO - DAG(s) 'example_short_circuit_operator' retrieved from /home/reurairin/projects/urfu/urfu_3s_mlops-3/env/lib/python3.10/site-packages/airflow/example_dags/example_short_circuit_operator.py
[2024-02-03T04:02:48.384+0400] {logging_mixin.py:188} INFO - [2024-02-03T04:02:48.384+0400] {dag.py:3036} INFO - Sync 1 DAGs
[2024-02-03T04:02:48.393+0400] {logging_mixin.py:188} INFO - [2024-02-03T04:02:48.393+0400] {dag.py:3823} INFO - Setting next_dagrun for example_short_circuit_operator to 2024-02-02 00:00:00+00:00, run_after=2024-02-03 00:00:00+00:00
[2024-02-03T04:02:48.405+0400] {processor.py:183} INFO - Processing /home/reurairin/projects/urfu/urfu_3s_mlops-3/env/lib/python3.10/site-packages/airflow/example_dags/example_short_circuit_operator.py took 0.045 seconds
[2024-02-03T04:03:26.913+0400] {processor.py:161} INFO - Started process (PID=6495) to work on /home/reurairin/projects/urfu/urfu_3s_mlops-3/env/lib/python3.10/site-packages/airflow/example_dags/example_short_circuit_operator.py
[2024-02-03T04:03:26.914+0400] {processor.py:830} INFO - Processing file /home/reurairin/projects/urfu/urfu_3s_mlops-3/env/lib/python3.10/site-packages/airflow/example_dags/example_short_circuit_operator.py for tasks to queue
[2024-02-03T04:03:26.915+0400] {logging_mixin.py:188} INFO - [2024-02-03T04:03:26.915+0400] {dagbag.py:538} INFO - Filling up the DagBag from /home/reurairin/projects/urfu/urfu_3s_mlops-3/env/lib/python3.10/site-packages/airflow/example_dags/example_short_circuit_operator.py
[2024-02-03T04:03:26.920+0400] {processor.py:840} INFO - DAG(s) 'example_short_circuit_operator' retrieved from /home/reurairin/projects/urfu/urfu_3s_mlops-3/env/lib/python3.10/site-packages/airflow/example_dags/example_short_circuit_operator.py
[2024-02-03T04:03:26.931+0400] {logging_mixin.py:188} INFO - [2024-02-03T04:03:26.931+0400] {dag.py:3036} INFO - Sync 1 DAGs
[2024-02-03T04:03:26.942+0400] {logging_mixin.py:188} INFO - [2024-02-03T04:03:26.942+0400] {dag.py:3823} INFO - Setting next_dagrun for example_short_circuit_operator to 2024-02-02 00:00:00+00:00, run_after=2024-02-03 00:00:00+00:00
[2024-02-03T04:03:26.957+0400] {processor.py:183} INFO - Processing /home/reurairin/projects/urfu/urfu_3s_mlops-3/env/lib/python3.10/site-packages/airflow/example_dags/example_short_circuit_operator.py took 0.046 seconds
[2024-02-03T04:04:19.739+0400] {processor.py:161} INFO - Started process (PID=6718) to work on /home/reurairin/projects/urfu/urfu_3s_mlops-3/env/lib/python3.10/site-packages/airflow/example_dags/example_short_circuit_operator.py
[2024-02-03T04:04:19.740+0400] {processor.py:830} INFO - Processing file /home/reurairin/projects/urfu/urfu_3s_mlops-3/env/lib/python3.10/site-packages/airflow/example_dags/example_short_circuit_operator.py for tasks to queue
[2024-02-03T04:04:19.741+0400] {logging_mixin.py:188} INFO - [2024-02-03T04:04:19.740+0400] {dagbag.py:538} INFO - Filling up the DagBag from /home/reurairin/projects/urfu/urfu_3s_mlops-3/env/lib/python3.10/site-packages/airflow/example_dags/example_short_circuit_operator.py
[2024-02-03T04:04:19.745+0400] {processor.py:840} INFO - DAG(s) 'example_short_circuit_operator' retrieved from /home/reurairin/projects/urfu/urfu_3s_mlops-3/env/lib/python3.10/site-packages/airflow/example_dags/example_short_circuit_operator.py
[2024-02-03T04:04:19.757+0400] {logging_mixin.py:188} INFO - [2024-02-03T04:04:19.757+0400] {dag.py:3036} INFO - Sync 1 DAGs
[2024-02-03T04:04:19.768+0400] {logging_mixin.py:188} INFO - [2024-02-03T04:04:19.768+0400] {dag.py:3823} INFO - Setting next_dagrun for example_short_circuit_operator to 2024-02-02 00:00:00+00:00, run_after=2024-02-03 00:00:00+00:00
[2024-02-03T04:04:19.783+0400] {processor.py:183} INFO - Processing /home/reurairin/projects/urfu/urfu_3s_mlops-3/env/lib/python3.10/site-packages/airflow/example_dags/example_short_circuit_operator.py took 0.046 seconds
[2024-02-03T04:05:09.855+0400] {processor.py:161} INFO - Started process (PID=6926) to work on /home/reurairin/projects/urfu/urfu_3s_mlops-3/env/lib/python3.10/site-packages/airflow/example_dags/example_short_circuit_operator.py
[2024-02-03T04:05:09.863+0400] {processor.py:830} INFO - Processing file /home/reurairin/projects/urfu/urfu_3s_mlops-3/env/lib/python3.10/site-packages/airflow/example_dags/example_short_circuit_operator.py for tasks to queue
[2024-02-03T04:05:09.864+0400] {logging_mixin.py:188} INFO - [2024-02-03T04:05:09.863+0400] {dagbag.py:538} INFO - Filling up the DagBag from /home/reurairin/projects/urfu/urfu_3s_mlops-3/env/lib/python3.10/site-packages/airflow/example_dags/example_short_circuit_operator.py
[2024-02-03T04:05:09.868+0400] {processor.py:840} INFO - DAG(s) 'example_short_circuit_operator' retrieved from /home/reurairin/projects/urfu/urfu_3s_mlops-3/env/lib/python3.10/site-packages/airflow/example_dags/example_short_circuit_operator.py
[2024-02-03T04:05:09.882+0400] {logging_mixin.py:188} INFO - [2024-02-03T04:05:09.882+0400] {dag.py:3036} INFO - Sync 1 DAGs
[2024-02-03T04:05:09.894+0400] {logging_mixin.py:188} INFO - [2024-02-03T04:05:09.893+0400] {dag.py:3823} INFO - Setting next_dagrun for example_short_circuit_operator to 2024-02-02 00:00:00+00:00, run_after=2024-02-03 00:00:00+00:00
[2024-02-03T04:05:09.909+0400] {processor.py:183} INFO - Processing /home/reurairin/projects/urfu/urfu_3s_mlops-3/env/lib/python3.10/site-packages/airflow/example_dags/example_short_circuit_operator.py took 0.056 seconds
[2024-02-03T04:05:47.918+0400] {processor.py:161} INFO - Started process (PID=7091) to work on /home/reurairin/projects/urfu/urfu_3s_mlops-3/env/lib/python3.10/site-packages/airflow/example_dags/example_short_circuit_operator.py
[2024-02-03T04:05:47.919+0400] {processor.py:830} INFO - Processing file /home/reurairin/projects/urfu/urfu_3s_mlops-3/env/lib/python3.10/site-packages/airflow/example_dags/example_short_circuit_operator.py for tasks to queue
[2024-02-03T04:05:47.919+0400] {logging_mixin.py:188} INFO - [2024-02-03T04:05:47.919+0400] {dagbag.py:538} INFO - Filling up the DagBag from /home/reurairin/projects/urfu/urfu_3s_mlops-3/env/lib/python3.10/site-packages/airflow/example_dags/example_short_circuit_operator.py
[2024-02-03T04:05:47.923+0400] {processor.py:840} INFO - DAG(s) 'example_short_circuit_operator' retrieved from /home/reurairin/projects/urfu/urfu_3s_mlops-3/env/lib/python3.10/site-packages/airflow/example_dags/example_short_circuit_operator.py
[2024-02-03T04:05:47.934+0400] {logging_mixin.py:188} INFO - [2024-02-03T04:05:47.933+0400] {dag.py:3036} INFO - Sync 1 DAGs
[2024-02-03T04:05:47.943+0400] {logging_mixin.py:188} INFO - [2024-02-03T04:05:47.943+0400] {dag.py:3823} INFO - Setting next_dagrun for example_short_circuit_operator to 2024-02-02 00:00:00+00:00, run_after=2024-02-03 00:00:00+00:00
[2024-02-03T04:05:47.955+0400] {processor.py:183} INFO - Processing /home/reurairin/projects/urfu/urfu_3s_mlops-3/env/lib/python3.10/site-packages/airflow/example_dags/example_short_circuit_operator.py took 0.039 seconds
[2024-02-03T04:06:35.014+0400] {processor.py:161} INFO - Started process (PID=7340) to work on /home/reurairin/projects/urfu/urfu_3s_mlops-3/env/lib/python3.10/site-packages/airflow/example_dags/example_short_circuit_operator.py
[2024-02-03T04:06:35.022+0400] {processor.py:830} INFO - Processing file /home/reurairin/projects/urfu/urfu_3s_mlops-3/env/lib/python3.10/site-packages/airflow/example_dags/example_short_circuit_operator.py for tasks to queue
[2024-02-03T04:06:35.022+0400] {logging_mixin.py:188} INFO - [2024-02-03T04:06:35.022+0400] {dagbag.py:538} INFO - Filling up the DagBag from /home/reurairin/projects/urfu/urfu_3s_mlops-3/env/lib/python3.10/site-packages/airflow/example_dags/example_short_circuit_operator.py
[2024-02-03T04:06:35.027+0400] {processor.py:840} INFO - DAG(s) 'example_short_circuit_operator' retrieved from /home/reurairin/projects/urfu/urfu_3s_mlops-3/env/lib/python3.10/site-packages/airflow/example_dags/example_short_circuit_operator.py
[2024-02-03T04:06:35.041+0400] {logging_mixin.py:188} INFO - [2024-02-03T04:06:35.041+0400] {dag.py:3036} INFO - Sync 1 DAGs
[2024-02-03T04:06:35.052+0400] {logging_mixin.py:188} INFO - [2024-02-03T04:06:35.052+0400] {dag.py:3823} INFO - Setting next_dagrun for example_short_circuit_operator to 2024-02-02 00:00:00+00:00, run_after=2024-02-03 00:00:00+00:00
[2024-02-03T04:06:35.065+0400] {processor.py:183} INFO - Processing /home/reurairin/projects/urfu/urfu_3s_mlops-3/env/lib/python3.10/site-packages/airflow/example_dags/example_short_circuit_operator.py took 0.054 seconds
[2024-02-03T04:07:12.942+0400] {processor.py:161} INFO - Started process (PID=7504) to work on /home/reurairin/projects/urfu/urfu_3s_mlops-3/env/lib/python3.10/site-packages/airflow/example_dags/example_short_circuit_operator.py
[2024-02-03T04:07:12.943+0400] {processor.py:830} INFO - Processing file /home/reurairin/projects/urfu/urfu_3s_mlops-3/env/lib/python3.10/site-packages/airflow/example_dags/example_short_circuit_operator.py for tasks to queue
[2024-02-03T04:07:12.943+0400] {logging_mixin.py:188} INFO - [2024-02-03T04:07:12.943+0400] {dagbag.py:538} INFO - Filling up the DagBag from /home/reurairin/projects/urfu/urfu_3s_mlops-3/env/lib/python3.10/site-packages/airflow/example_dags/example_short_circuit_operator.py
[2024-02-03T04:07:12.947+0400] {processor.py:840} INFO - DAG(s) 'example_short_circuit_operator' retrieved from /home/reurairin/projects/urfu/urfu_3s_mlops-3/env/lib/python3.10/site-packages/airflow/example_dags/example_short_circuit_operator.py
[2024-02-03T04:07:12.959+0400] {logging_mixin.py:188} INFO - [2024-02-03T04:07:12.958+0400] {dag.py:3036} INFO - Sync 1 DAGs
[2024-02-03T04:07:12.969+0400] {logging_mixin.py:188} INFO - [2024-02-03T04:07:12.968+0400] {dag.py:3823} INFO - Setting next_dagrun for example_short_circuit_operator to 2024-02-02 00:00:00+00:00, run_after=2024-02-03 00:00:00+00:00
[2024-02-03T04:07:12.981+0400] {processor.py:183} INFO - Processing /home/reurairin/projects/urfu/urfu_3s_mlops-3/env/lib/python3.10/site-packages/airflow/example_dags/example_short_circuit_operator.py took 0.041 seconds
[2024-02-03T04:07:51.094+0400] {processor.py:161} INFO - Started process (PID=7676) to work on /home/reurairin/projects/urfu/urfu_3s_mlops-3/env/lib/python3.10/site-packages/airflow/example_dags/example_short_circuit_operator.py
[2024-02-03T04:07:51.101+0400] {processor.py:830} INFO - Processing file /home/reurairin/projects/urfu/urfu_3s_mlops-3/env/lib/python3.10/site-packages/airflow/example_dags/example_short_circuit_operator.py for tasks to queue
[2024-02-03T04:07:51.102+0400] {logging_mixin.py:188} INFO - [2024-02-03T04:07:51.101+0400] {dagbag.py:538} INFO - Filling up the DagBag from /home/reurairin/projects/urfu/urfu_3s_mlops-3/env/lib/python3.10/site-packages/airflow/example_dags/example_short_circuit_operator.py
[2024-02-03T04:07:51.106+0400] {processor.py:840} INFO - DAG(s) 'example_short_circuit_operator' retrieved from /home/reurairin/projects/urfu/urfu_3s_mlops-3/env/lib/python3.10/site-packages/airflow/example_dags/example_short_circuit_operator.py
[2024-02-03T04:07:51.118+0400] {logging_mixin.py:188} INFO - [2024-02-03T04:07:51.118+0400] {dag.py:3036} INFO - Sync 1 DAGs
[2024-02-03T04:07:51.128+0400] {logging_mixin.py:188} INFO - [2024-02-03T04:07:51.128+0400] {dag.py:3823} INFO - Setting next_dagrun for example_short_circuit_operator to 2024-02-02 00:00:00+00:00, run_after=2024-02-03 00:00:00+00:00
[2024-02-03T04:07:51.141+0400] {processor.py:183} INFO - Processing /home/reurairin/projects/urfu/urfu_3s_mlops-3/env/lib/python3.10/site-packages/airflow/example_dags/example_short_circuit_operator.py took 0.050 seconds
[2024-02-03T04:08:40.122+0400] {processor.py:161} INFO - Started process (PID=7887) to work on /home/reurairin/projects/urfu/urfu_3s_mlops-3/env/lib/python3.10/site-packages/airflow/example_dags/example_short_circuit_operator.py
[2024-02-03T04:08:40.129+0400] {processor.py:830} INFO - Processing file /home/reurairin/projects/urfu/urfu_3s_mlops-3/env/lib/python3.10/site-packages/airflow/example_dags/example_short_circuit_operator.py for tasks to queue
[2024-02-03T04:08:40.130+0400] {logging_mixin.py:188} INFO - [2024-02-03T04:08:40.130+0400] {dagbag.py:538} INFO - Filling up the DagBag from /home/reurairin/projects/urfu/urfu_3s_mlops-3/env/lib/python3.10/site-packages/airflow/example_dags/example_short_circuit_operator.py
[2024-02-03T04:08:40.134+0400] {processor.py:840} INFO - DAG(s) 'example_short_circuit_operator' retrieved from /home/reurairin/projects/urfu/urfu_3s_mlops-3/env/lib/python3.10/site-packages/airflow/example_dags/example_short_circuit_operator.py
[2024-02-03T04:08:40.144+0400] {logging_mixin.py:188} INFO - [2024-02-03T04:08:40.144+0400] {dag.py:3036} INFO - Sync 1 DAGs
[2024-02-03T04:08:40.154+0400] {logging_mixin.py:188} INFO - [2024-02-03T04:08:40.154+0400] {dag.py:3823} INFO - Setting next_dagrun for example_short_circuit_operator to 2024-02-02 00:00:00+00:00, run_after=2024-02-03 00:00:00+00:00
[2024-02-03T04:08:40.166+0400] {processor.py:183} INFO - Processing /home/reurairin/projects/urfu/urfu_3s_mlops-3/env/lib/python3.10/site-packages/airflow/example_dags/example_short_circuit_operator.py took 0.046 seconds
[2024-02-03T04:09:30.124+0400] {processor.py:161} INFO - Started process (PID=8084) to work on /home/reurairin/projects/urfu/urfu_3s_mlops-3/env/lib/python3.10/site-packages/airflow/example_dags/example_short_circuit_operator.py
[2024-02-03T04:09:30.133+0400] {processor.py:830} INFO - Processing file /home/reurairin/projects/urfu/urfu_3s_mlops-3/env/lib/python3.10/site-packages/airflow/example_dags/example_short_circuit_operator.py for tasks to queue
[2024-02-03T04:09:30.133+0400] {logging_mixin.py:188} INFO - [2024-02-03T04:09:30.133+0400] {dagbag.py:538} INFO - Filling up the DagBag from /home/reurairin/projects/urfu/urfu_3s_mlops-3/env/lib/python3.10/site-packages/airflow/example_dags/example_short_circuit_operator.py
[2024-02-03T04:09:30.137+0400] {processor.py:840} INFO - DAG(s) 'example_short_circuit_operator' retrieved from /home/reurairin/projects/urfu/urfu_3s_mlops-3/env/lib/python3.10/site-packages/airflow/example_dags/example_short_circuit_operator.py
[2024-02-03T04:09:30.148+0400] {logging_mixin.py:188} INFO - [2024-02-03T04:09:30.148+0400] {dag.py:3036} INFO - Sync 1 DAGs
[2024-02-03T04:09:30.159+0400] {logging_mixin.py:188} INFO - [2024-02-03T04:09:30.158+0400] {dag.py:3823} INFO - Setting next_dagrun for example_short_circuit_operator to 2024-02-02 00:00:00+00:00, run_after=2024-02-03 00:00:00+00:00
[2024-02-03T04:09:30.172+0400] {processor.py:183} INFO - Processing /home/reurairin/projects/urfu/urfu_3s_mlops-3/env/lib/python3.10/site-packages/airflow/example_dags/example_short_circuit_operator.py took 0.049 seconds
