[2024-02-03T04:00:16.488+0400] {processor.py:161} INFO - Started process (PID=5684) to work on /home/reurairin/projects/urfu/urfu_3s_mlops-3/env/lib/python3.10/site-packages/airflow/example_dags/example_python_operator.py
[2024-02-03T04:00:16.489+0400] {processor.py:830} INFO - Processing file /home/reurairin/projects/urfu/urfu_3s_mlops-3/env/lib/python3.10/site-packages/airflow/example_dags/example_python_operator.py for tasks to queue
[2024-02-03T04:00:16.489+0400] {logging_mixin.py:188} INFO - [2024-02-03T04:00:16.489+0400] {dagbag.py:538} INFO - Filling up the DagBag from /home/reurairin/projects/urfu/urfu_3s_mlops-3/env/lib/python3.10/site-packages/airflow/example_dags/example_python_operator.py
[2024-02-03T04:00:16.516+0400] {logging_mixin.py:188} INFO - [2024-02-03T04:00:16.516+0400] {example_python_operator.py:88} WARNING - The virtalenv_python example task requires virtualenv, please install it.
[2024-02-03T04:00:16.517+0400] {processor.py:840} INFO - DAG(s) 'example_python_operator' retrieved from /home/reurairin/projects/urfu/urfu_3s_mlops-3/env/lib/python3.10/site-packages/airflow/example_dags/example_python_operator.py
[2024-02-03T04:00:16.526+0400] {logging_mixin.py:188} INFO - [2024-02-03T04:00:16.526+0400] {dag.py:3036} INFO - Sync 1 DAGs
[2024-02-03T04:00:16.533+0400] {logging_mixin.py:188} INFO - [2024-02-03T04:00:16.533+0400] {dag.py:3823} INFO - Setting next_dagrun for example_python_operator to None, run_after=None
[2024-02-03T04:00:16.550+0400] {processor.py:183} INFO - Processing /home/reurairin/projects/urfu/urfu_3s_mlops-3/env/lib/python3.10/site-packages/airflow/example_dags/example_python_operator.py took 0.064 seconds
[2024-02-03T04:01:11.880+0400] {processor.py:161} INFO - Started process (PID=5915) to work on /home/reurairin/projects/urfu/urfu_3s_mlops-3/env/lib/python3.10/site-packages/airflow/example_dags/example_python_operator.py
[2024-02-03T04:01:11.887+0400] {processor.py:830} INFO - Processing file /home/reurairin/projects/urfu/urfu_3s_mlops-3/env/lib/python3.10/site-packages/airflow/example_dags/example_python_operator.py for tasks to queue
[2024-02-03T04:01:11.888+0400] {logging_mixin.py:188} INFO - [2024-02-03T04:01:11.888+0400] {dagbag.py:538} INFO - Filling up the DagBag from /home/reurairin/projects/urfu/urfu_3s_mlops-3/env/lib/python3.10/site-packages/airflow/example_dags/example_python_operator.py
[2024-02-03T04:01:11.915+0400] {logging_mixin.py:188} INFO - [2024-02-03T04:01:11.915+0400] {example_python_operator.py:88} WARNING - The virtalenv_python example task requires virtualenv, please install it.
[2024-02-03T04:01:11.915+0400] {processor.py:840} INFO - DAG(s) 'example_python_operator' retrieved from /home/reurairin/projects/urfu/urfu_3s_mlops-3/env/lib/python3.10/site-packages/airflow/example_dags/example_python_operator.py
[2024-02-03T04:01:11.925+0400] {logging_mixin.py:188} INFO - [2024-02-03T04:01:11.925+0400] {dag.py:3036} INFO - Sync 1 DAGs
[2024-02-03T04:01:11.931+0400] {logging_mixin.py:188} INFO - [2024-02-03T04:01:11.931+0400] {dag.py:3823} INFO - Setting next_dagrun for example_python_operator to None, run_after=None
[2024-02-03T04:01:11.944+0400] {processor.py:183} INFO - Processing /home/reurairin/projects/urfu/urfu_3s_mlops-3/env/lib/python3.10/site-packages/airflow/example_dags/example_python_operator.py took 0.066 seconds
[2024-02-03T04:02:01.821+0400] {processor.py:161} INFO - Started process (PID=6129) to work on /home/reurairin/projects/urfu/urfu_3s_mlops-3/env/lib/python3.10/site-packages/airflow/example_dags/example_python_operator.py
[2024-02-03T04:02:01.828+0400] {processor.py:830} INFO - Processing file /home/reurairin/projects/urfu/urfu_3s_mlops-3/env/lib/python3.10/site-packages/airflow/example_dags/example_python_operator.py for tasks to queue
[2024-02-03T04:02:01.829+0400] {logging_mixin.py:188} INFO - [2024-02-03T04:02:01.828+0400] {dagbag.py:538} INFO - Filling up the DagBag from /home/reurairin/projects/urfu/urfu_3s_mlops-3/env/lib/python3.10/site-packages/airflow/example_dags/example_python_operator.py
[2024-02-03T04:02:01.855+0400] {logging_mixin.py:188} INFO - [2024-02-03T04:02:01.855+0400] {example_python_operator.py:88} WARNING - The virtalenv_python example task requires virtualenv, please install it.
[2024-02-03T04:02:01.856+0400] {processor.py:840} INFO - DAG(s) 'example_python_operator' retrieved from /home/reurairin/projects/urfu/urfu_3s_mlops-3/env/lib/python3.10/site-packages/airflow/example_dags/example_python_operator.py
[2024-02-03T04:02:01.866+0400] {logging_mixin.py:188} INFO - [2024-02-03T04:02:01.866+0400] {dag.py:3036} INFO - Sync 1 DAGs
[2024-02-03T04:02:01.872+0400] {logging_mixin.py:188} INFO - [2024-02-03T04:02:01.872+0400] {dag.py:3823} INFO - Setting next_dagrun for example_python_operator to None, run_after=None
[2024-02-03T04:02:01.885+0400] {processor.py:183} INFO - Processing /home/reurairin/projects/urfu/urfu_3s_mlops-3/env/lib/python3.10/site-packages/airflow/example_dags/example_python_operator.py took 0.066 seconds
[2024-02-03T04:02:54.623+0400] {processor.py:161} INFO - Started process (PID=6353) to work on /home/reurairin/projects/urfu/urfu_3s_mlops-3/env/lib/python3.10/site-packages/airflow/example_dags/example_python_operator.py
[2024-02-03T04:02:54.624+0400] {processor.py:830} INFO - Processing file /home/reurairin/projects/urfu/urfu_3s_mlops-3/env/lib/python3.10/site-packages/airflow/example_dags/example_python_operator.py for tasks to queue
[2024-02-03T04:02:54.625+0400] {logging_mixin.py:188} INFO - [2024-02-03T04:02:54.624+0400] {dagbag.py:538} INFO - Filling up the DagBag from /home/reurairin/projects/urfu/urfu_3s_mlops-3/env/lib/python3.10/site-packages/airflow/example_dags/example_python_operator.py
[2024-02-03T04:02:54.650+0400] {logging_mixin.py:188} INFO - [2024-02-03T04:02:54.650+0400] {example_python_operator.py:88} WARNING - The virtalenv_python example task requires virtualenv, please install it.
[2024-02-03T04:02:54.651+0400] {processor.py:840} INFO - DAG(s) 'example_python_operator' retrieved from /home/reurairin/projects/urfu/urfu_3s_mlops-3/env/lib/python3.10/site-packages/airflow/example_dags/example_python_operator.py
[2024-02-03T04:02:54.660+0400] {logging_mixin.py:188} INFO - [2024-02-03T04:02:54.660+0400] {dag.py:3036} INFO - Sync 1 DAGs
[2024-02-03T04:02:54.667+0400] {logging_mixin.py:188} INFO - [2024-02-03T04:02:54.667+0400] {dag.py:3823} INFO - Setting next_dagrun for example_python_operator to None, run_after=None
[2024-02-03T04:02:54.680+0400] {processor.py:183} INFO - Processing /home/reurairin/projects/urfu/urfu_3s_mlops-3/env/lib/python3.10/site-packages/airflow/example_dags/example_python_operator.py took 0.059 seconds
[2024-02-03T04:03:48.887+0400] {processor.py:161} INFO - Started process (PID=6581) to work on /home/reurairin/projects/urfu/urfu_3s_mlops-3/env/lib/python3.10/site-packages/airflow/example_dags/example_python_operator.py
[2024-02-03T04:03:48.888+0400] {processor.py:830} INFO - Processing file /home/reurairin/projects/urfu/urfu_3s_mlops-3/env/lib/python3.10/site-packages/airflow/example_dags/example_python_operator.py for tasks to queue
[2024-02-03T04:03:48.888+0400] {logging_mixin.py:188} INFO - [2024-02-03T04:03:48.888+0400] {dagbag.py:538} INFO - Filling up the DagBag from /home/reurairin/projects/urfu/urfu_3s_mlops-3/env/lib/python3.10/site-packages/airflow/example_dags/example_python_operator.py
[2024-02-03T04:03:48.920+0400] {logging_mixin.py:188} INFO - [2024-02-03T04:03:48.920+0400] {example_python_operator.py:88} WARNING - The virtalenv_python example task requires virtualenv, please install it.
[2024-02-03T04:03:48.921+0400] {processor.py:840} INFO - DAG(s) 'example_python_operator' retrieved from /home/reurairin/projects/urfu/urfu_3s_mlops-3/env/lib/python3.10/site-packages/airflow/example_dags/example_python_operator.py
[2024-02-03T04:03:48.938+0400] {logging_mixin.py:188} INFO - [2024-02-03T04:03:48.938+0400] {dag.py:3036} INFO - Sync 1 DAGs
[2024-02-03T04:03:48.948+0400] {logging_mixin.py:188} INFO - [2024-02-03T04:03:48.948+0400] {dag.py:3823} INFO - Setting next_dagrun for example_python_operator to None, run_after=None
[2024-02-03T04:03:48.970+0400] {processor.py:183} INFO - Processing /home/reurairin/projects/urfu/urfu_3s_mlops-3/env/lib/python3.10/site-packages/airflow/example_dags/example_python_operator.py took 0.086 seconds
[2024-02-03T04:04:38.545+0400] {processor.py:161} INFO - Started process (PID=6792) to work on /home/reurairin/projects/urfu/urfu_3s_mlops-3/env/lib/python3.10/site-packages/airflow/example_dags/example_python_operator.py
[2024-02-03T04:04:38.552+0400] {processor.py:830} INFO - Processing file /home/reurairin/projects/urfu/urfu_3s_mlops-3/env/lib/python3.10/site-packages/airflow/example_dags/example_python_operator.py for tasks to queue
[2024-02-03T04:04:38.553+0400] {logging_mixin.py:188} INFO - [2024-02-03T04:04:38.553+0400] {dagbag.py:538} INFO - Filling up the DagBag from /home/reurairin/projects/urfu/urfu_3s_mlops-3/env/lib/python3.10/site-packages/airflow/example_dags/example_python_operator.py
[2024-02-03T04:04:38.581+0400] {logging_mixin.py:188} INFO - [2024-02-03T04:04:38.580+0400] {example_python_operator.py:88} WARNING - The virtalenv_python example task requires virtualenv, please install it.
[2024-02-03T04:04:38.581+0400] {processor.py:840} INFO - DAG(s) 'example_python_operator' retrieved from /home/reurairin/projects/urfu/urfu_3s_mlops-3/env/lib/python3.10/site-packages/airflow/example_dags/example_python_operator.py
[2024-02-03T04:04:38.594+0400] {logging_mixin.py:188} INFO - [2024-02-03T04:04:38.594+0400] {dag.py:3036} INFO - Sync 1 DAGs
[2024-02-03T04:04:38.600+0400] {logging_mixin.py:188} INFO - [2024-02-03T04:04:38.600+0400] {dag.py:3823} INFO - Setting next_dagrun for example_python_operator to None, run_after=None
[2024-02-03T04:04:38.613+0400] {processor.py:183} INFO - Processing /home/reurairin/projects/urfu/urfu_3s_mlops-3/env/lib/python3.10/site-packages/airflow/example_dags/example_python_operator.py took 0.072 seconds
[2024-02-03T04:05:34.220+0400] {processor.py:161} INFO - Started process (PID=7034) to work on /home/reurairin/projects/urfu/urfu_3s_mlops-3/env/lib/python3.10/site-packages/airflow/example_dags/example_python_operator.py
[2024-02-03T04:05:34.221+0400] {processor.py:830} INFO - Processing file /home/reurairin/projects/urfu/urfu_3s_mlops-3/env/lib/python3.10/site-packages/airflow/example_dags/example_python_operator.py for tasks to queue
[2024-02-03T04:05:34.222+0400] {logging_mixin.py:188} INFO - [2024-02-03T04:05:34.222+0400] {dagbag.py:538} INFO - Filling up the DagBag from /home/reurairin/projects/urfu/urfu_3s_mlops-3/env/lib/python3.10/site-packages/airflow/example_dags/example_python_operator.py
[2024-02-03T04:05:34.252+0400] {logging_mixin.py:188} INFO - [2024-02-03T04:05:34.251+0400] {example_python_operator.py:88} WARNING - The virtalenv_python example task requires virtualenv, please install it.
[2024-02-03T04:05:34.252+0400] {processor.py:840} INFO - DAG(s) 'example_python_operator' retrieved from /home/reurairin/projects/urfu/urfu_3s_mlops-3/env/lib/python3.10/site-packages/airflow/example_dags/example_python_operator.py
[2024-02-03T04:05:34.267+0400] {logging_mixin.py:188} INFO - [2024-02-03T04:05:34.267+0400] {dag.py:3036} INFO - Sync 1 DAGs
[2024-02-03T04:05:34.278+0400] {logging_mixin.py:188} INFO - [2024-02-03T04:05:34.277+0400] {dag.py:3823} INFO - Setting next_dagrun for example_python_operator to None, run_after=None
[2024-02-03T04:05:34.301+0400] {processor.py:183} INFO - Processing /home/reurairin/projects/urfu/urfu_3s_mlops-3/env/lib/python3.10/site-packages/airflow/example_dags/example_python_operator.py took 0.083 seconds
[2024-02-03T04:06:22.752+0400] {processor.py:161} INFO - Started process (PID=7292) to work on /home/reurairin/projects/urfu/urfu_3s_mlops-3/env/lib/python3.10/site-packages/airflow/example_dags/example_python_operator.py
[2024-02-03T04:06:22.759+0400] {processor.py:830} INFO - Processing file /home/reurairin/projects/urfu/urfu_3s_mlops-3/env/lib/python3.10/site-packages/airflow/example_dags/example_python_operator.py for tasks to queue
[2024-02-03T04:06:22.759+0400] {logging_mixin.py:188} INFO - [2024-02-03T04:06:22.759+0400] {dagbag.py:538} INFO - Filling up the DagBag from /home/reurairin/projects/urfu/urfu_3s_mlops-3/env/lib/python3.10/site-packages/airflow/example_dags/example_python_operator.py
[2024-02-03T04:06:22.787+0400] {logging_mixin.py:188} INFO - [2024-02-03T04:06:22.787+0400] {example_python_operator.py:88} WARNING - The virtalenv_python example task requires virtualenv, please install it.
[2024-02-03T04:06:22.788+0400] {processor.py:840} INFO - DAG(s) 'example_python_operator' retrieved from /home/reurairin/projects/urfu/urfu_3s_mlops-3/env/lib/python3.10/site-packages/airflow/example_dags/example_python_operator.py
[2024-02-03T04:06:22.797+0400] {logging_mixin.py:188} INFO - [2024-02-03T04:06:22.797+0400] {dag.py:3036} INFO - Sync 1 DAGs
[2024-02-03T04:06:22.804+0400] {logging_mixin.py:188} INFO - [2024-02-03T04:06:22.804+0400] {dag.py:3823} INFO - Setting next_dagrun for example_python_operator to None, run_after=None
[2024-02-03T04:06:22.817+0400] {processor.py:183} INFO - Processing /home/reurairin/projects/urfu/urfu_3s_mlops-3/env/lib/python3.10/site-packages/airflow/example_dags/example_python_operator.py took 0.067 seconds
[2024-02-03T04:07:18.005+0400] {processor.py:161} INFO - Started process (PID=7530) to work on /home/reurairin/projects/urfu/urfu_3s_mlops-3/env/lib/python3.10/site-packages/airflow/example_dags/example_python_operator.py
[2024-02-03T04:07:18.006+0400] {processor.py:830} INFO - Processing file /home/reurairin/projects/urfu/urfu_3s_mlops-3/env/lib/python3.10/site-packages/airflow/example_dags/example_python_operator.py for tasks to queue
[2024-02-03T04:07:18.007+0400] {logging_mixin.py:188} INFO - [2024-02-03T04:07:18.006+0400] {dagbag.py:538} INFO - Filling up the DagBag from /home/reurairin/projects/urfu/urfu_3s_mlops-3/env/lib/python3.10/site-packages/airflow/example_dags/example_python_operator.py
[2024-02-03T04:07:18.027+0400] {logging_mixin.py:188} INFO - [2024-02-03T04:07:18.027+0400] {example_python_operator.py:88} WARNING - The virtalenv_python example task requires virtualenv, please install it.
[2024-02-03T04:07:18.028+0400] {processor.py:840} INFO - DAG(s) 'example_python_operator' retrieved from /home/reurairin/projects/urfu/urfu_3s_mlops-3/env/lib/python3.10/site-packages/airflow/example_dags/example_python_operator.py
[2024-02-03T04:07:18.039+0400] {logging_mixin.py:188} INFO - [2024-02-03T04:07:18.039+0400] {dag.py:3036} INFO - Sync 1 DAGs
[2024-02-03T04:07:18.046+0400] {logging_mixin.py:188} INFO - [2024-02-03T04:07:18.046+0400] {dag.py:3823} INFO - Setting next_dagrun for example_python_operator to None, run_after=None
[2024-02-03T04:07:18.059+0400] {processor.py:183} INFO - Processing /home/reurairin/projects/urfu/urfu_3s_mlops-3/env/lib/python3.10/site-packages/airflow/example_dags/example_python_operator.py took 0.055 seconds
[2024-02-03T04:08:09.379+0400] {processor.py:161} INFO - Started process (PID=7751) to work on /home/reurairin/projects/urfu/urfu_3s_mlops-3/env/lib/python3.10/site-packages/airflow/example_dags/example_python_operator.py
[2024-02-03T04:08:09.380+0400] {processor.py:830} INFO - Processing file /home/reurairin/projects/urfu/urfu_3s_mlops-3/env/lib/python3.10/site-packages/airflow/example_dags/example_python_operator.py for tasks to queue
[2024-02-03T04:08:09.381+0400] {logging_mixin.py:188} INFO - [2024-02-03T04:08:09.381+0400] {dagbag.py:538} INFO - Filling up the DagBag from /home/reurairin/projects/urfu/urfu_3s_mlops-3/env/lib/python3.10/site-packages/airflow/example_dags/example_python_operator.py
[2024-02-03T04:08:09.401+0400] {logging_mixin.py:188} INFO - [2024-02-03T04:08:09.401+0400] {example_python_operator.py:88} WARNING - The virtalenv_python example task requires virtualenv, please install it.
[2024-02-03T04:08:09.401+0400] {processor.py:840} INFO - DAG(s) 'example_python_operator' retrieved from /home/reurairin/projects/urfu/urfu_3s_mlops-3/env/lib/python3.10/site-packages/airflow/example_dags/example_python_operator.py
[2024-02-03T04:08:09.410+0400] {logging_mixin.py:188} INFO - [2024-02-03T04:08:09.410+0400] {dag.py:3036} INFO - Sync 1 DAGs
[2024-02-03T04:08:09.416+0400] {logging_mixin.py:188} INFO - [2024-02-03T04:08:09.416+0400] {dag.py:3823} INFO - Setting next_dagrun for example_python_operator to None, run_after=None
[2024-02-03T04:08:09.428+0400] {processor.py:183} INFO - Processing /home/reurairin/projects/urfu/urfu_3s_mlops-3/env/lib/python3.10/site-packages/airflow/example_dags/example_python_operator.py took 0.051 seconds
[2024-02-03T04:09:01.697+0400] {processor.py:161} INFO - Started process (PID=7969) to work on /home/reurairin/projects/urfu/urfu_3s_mlops-3/env/lib/python3.10/site-packages/airflow/example_dags/example_python_operator.py
[2024-02-03T04:09:01.704+0400] {processor.py:830} INFO - Processing file /home/reurairin/projects/urfu/urfu_3s_mlops-3/env/lib/python3.10/site-packages/airflow/example_dags/example_python_operator.py for tasks to queue
[2024-02-03T04:09:01.705+0400] {logging_mixin.py:188} INFO - [2024-02-03T04:09:01.705+0400] {dagbag.py:538} INFO - Filling up the DagBag from /home/reurairin/projects/urfu/urfu_3s_mlops-3/env/lib/python3.10/site-packages/airflow/example_dags/example_python_operator.py
[2024-02-03T04:09:01.731+0400] {logging_mixin.py:188} INFO - [2024-02-03T04:09:01.731+0400] {example_python_operator.py:88} WARNING - The virtalenv_python example task requires virtualenv, please install it.
[2024-02-03T04:09:01.732+0400] {processor.py:840} INFO - DAG(s) 'example_python_operator' retrieved from /home/reurairin/projects/urfu/urfu_3s_mlops-3/env/lib/python3.10/site-packages/airflow/example_dags/example_python_operator.py
[2024-02-03T04:09:01.741+0400] {logging_mixin.py:188} INFO - [2024-02-03T04:09:01.741+0400] {dag.py:3036} INFO - Sync 1 DAGs
[2024-02-03T04:09:01.747+0400] {logging_mixin.py:188} INFO - [2024-02-03T04:09:01.747+0400] {dag.py:3823} INFO - Setting next_dagrun for example_python_operator to None, run_after=None
[2024-02-03T04:09:01.759+0400] {processor.py:183} INFO - Processing /home/reurairin/projects/urfu/urfu_3s_mlops-3/env/lib/python3.10/site-packages/airflow/example_dags/example_python_operator.py took 0.064 seconds
[2024-02-03T04:09:51.793+0400] {processor.py:161} INFO - Started process (PID=8261) to work on /home/reurairin/projects/urfu/urfu_3s_mlops-3/env/lib/python3.10/site-packages/airflow/example_dags/example_python_operator.py
[2024-02-03T04:09:51.794+0400] {processor.py:830} INFO - Processing file /home/reurairin/projects/urfu/urfu_3s_mlops-3/env/lib/python3.10/site-packages/airflow/example_dags/example_python_operator.py for tasks to queue
[2024-02-03T04:09:51.795+0400] {logging_mixin.py:188} INFO - [2024-02-03T04:09:51.794+0400] {dagbag.py:538} INFO - Filling up the DagBag from /home/reurairin/projects/urfu/urfu_3s_mlops-3/env/lib/python3.10/site-packages/airflow/example_dags/example_python_operator.py
[2024-02-03T04:09:51.815+0400] {logging_mixin.py:188} INFO - [2024-02-03T04:09:51.815+0400] {example_python_operator.py:88} WARNING - The virtalenv_python example task requires virtualenv, please install it.
[2024-02-03T04:09:51.816+0400] {processor.py:840} INFO - DAG(s) 'example_python_operator' retrieved from /home/reurairin/projects/urfu/urfu_3s_mlops-3/env/lib/python3.10/site-packages/airflow/example_dags/example_python_operator.py
[2024-02-03T04:09:51.825+0400] {logging_mixin.py:188} INFO - [2024-02-03T04:09:51.825+0400] {dag.py:3036} INFO - Sync 1 DAGs
[2024-02-03T04:09:51.831+0400] {logging_mixin.py:188} INFO - [2024-02-03T04:09:51.830+0400] {dag.py:3823} INFO - Setting next_dagrun for example_python_operator to None, run_after=None
[2024-02-03T04:09:51.843+0400] {processor.py:183} INFO - Processing /home/reurairin/projects/urfu/urfu_3s_mlops-3/env/lib/python3.10/site-packages/airflow/example_dags/example_python_operator.py took 0.052 seconds
