[2024-02-03T04:00:40.486+0400] {processor.py:161} INFO - Started process (PID=5780) to work on /home/reurairin/projects/urfu/urfu_3s_mlops-3/env/lib/python3.10/site-packages/airflow/example_dags/example_external_task_marker_dag.py
[2024-02-03T04:00:40.487+0400] {processor.py:830} INFO - Processing file /home/reurairin/projects/urfu/urfu_3s_mlops-3/env/lib/python3.10/site-packages/airflow/example_dags/example_external_task_marker_dag.py for tasks to queue
[2024-02-03T04:00:40.488+0400] {logging_mixin.py:188} INFO - [2024-02-03T04:00:40.487+0400] {dagbag.py:538} INFO - Filling up the DagBag from /home/reurairin/projects/urfu/urfu_3s_mlops-3/env/lib/python3.10/site-packages/airflow/example_dags/example_external_task_marker_dag.py
[2024-02-03T04:00:40.492+0400] {processor.py:840} INFO - DAG(s) 'example_external_task_marker_parent', 'example_external_task_marker_child' retrieved from /home/reurairin/projects/urfu/urfu_3s_mlops-3/env/lib/python3.10/site-packages/airflow/example_dags/example_external_task_marker_dag.py
[2024-02-03T04:00:40.507+0400] {logging_mixin.py:188} INFO - [2024-02-03T04:00:40.507+0400] {dag.py:3036} INFO - Sync 2 DAGs
[2024-02-03T04:00:40.514+0400] {logging_mixin.py:188} INFO - [2024-02-03T04:00:40.514+0400] {dag.py:3823} INFO - Setting next_dagrun for example_external_task_marker_child to None, run_after=None
[2024-02-03T04:00:40.516+0400] {logging_mixin.py:188} INFO - [2024-02-03T04:00:40.516+0400] {dag.py:3823} INFO - Setting next_dagrun for example_external_task_marker_parent to None, run_after=None
[2024-02-03T04:00:40.539+0400] {processor.py:183} INFO - Processing /home/reurairin/projects/urfu/urfu_3s_mlops-3/env/lib/python3.10/site-packages/airflow/example_dags/example_external_task_marker_dag.py took 0.055 seconds
[2024-02-03T04:01:33.845+0400] {processor.py:161} INFO - Started process (PID=6004) to work on /home/reurairin/projects/urfu/urfu_3s_mlops-3/env/lib/python3.10/site-packages/airflow/example_dags/example_external_task_marker_dag.py
[2024-02-03T04:01:33.852+0400] {processor.py:830} INFO - Processing file /home/reurairin/projects/urfu/urfu_3s_mlops-3/env/lib/python3.10/site-packages/airflow/example_dags/example_external_task_marker_dag.py for tasks to queue
[2024-02-03T04:01:33.852+0400] {logging_mixin.py:188} INFO - [2024-02-03T04:01:33.852+0400] {dagbag.py:538} INFO - Filling up the DagBag from /home/reurairin/projects/urfu/urfu_3s_mlops-3/env/lib/python3.10/site-packages/airflow/example_dags/example_external_task_marker_dag.py
[2024-02-03T04:01:33.856+0400] {processor.py:840} INFO - DAG(s) 'example_external_task_marker_child', 'example_external_task_marker_parent' retrieved from /home/reurairin/projects/urfu/urfu_3s_mlops-3/env/lib/python3.10/site-packages/airflow/example_dags/example_external_task_marker_dag.py
[2024-02-03T04:01:33.869+0400] {logging_mixin.py:188} INFO - [2024-02-03T04:01:33.869+0400] {dag.py:3036} INFO - Sync 2 DAGs
[2024-02-03T04:01:33.876+0400] {logging_mixin.py:188} INFO - [2024-02-03T04:01:33.876+0400] {dag.py:3823} INFO - Setting next_dagrun for example_external_task_marker_child to None, run_after=None
[2024-02-03T04:01:33.878+0400] {logging_mixin.py:188} INFO - [2024-02-03T04:01:33.878+0400] {dag.py:3823} INFO - Setting next_dagrun for example_external_task_marker_parent to None, run_after=None
[2024-02-03T04:01:33.890+0400] {processor.py:183} INFO - Processing /home/reurairin/projects/urfu/urfu_3s_mlops-3/env/lib/python3.10/site-packages/airflow/example_dags/example_external_task_marker_dag.py took 0.047 seconds
[2024-02-03T04:02:24.351+0400] {processor.py:161} INFO - Started process (PID=6220) to work on /home/reurairin/projects/urfu/urfu_3s_mlops-3/env/lib/python3.10/site-packages/airflow/example_dags/example_external_task_marker_dag.py
[2024-02-03T04:02:24.358+0400] {processor.py:830} INFO - Processing file /home/reurairin/projects/urfu/urfu_3s_mlops-3/env/lib/python3.10/site-packages/airflow/example_dags/example_external_task_marker_dag.py for tasks to queue
[2024-02-03T04:02:24.359+0400] {logging_mixin.py:188} INFO - [2024-02-03T04:02:24.358+0400] {dagbag.py:538} INFO - Filling up the DagBag from /home/reurairin/projects/urfu/urfu_3s_mlops-3/env/lib/python3.10/site-packages/airflow/example_dags/example_external_task_marker_dag.py
[2024-02-03T04:02:24.363+0400] {processor.py:840} INFO - DAG(s) 'example_external_task_marker_parent', 'example_external_task_marker_child' retrieved from /home/reurairin/projects/urfu/urfu_3s_mlops-3/env/lib/python3.10/site-packages/airflow/example_dags/example_external_task_marker_dag.py
[2024-02-03T04:02:24.374+0400] {logging_mixin.py:188} INFO - [2024-02-03T04:02:24.374+0400] {dag.py:3036} INFO - Sync 2 DAGs
[2024-02-03T04:02:24.382+0400] {logging_mixin.py:188} INFO - [2024-02-03T04:02:24.382+0400] {dag.py:3823} INFO - Setting next_dagrun for example_external_task_marker_child to None, run_after=None
[2024-02-03T04:02:24.384+0400] {logging_mixin.py:188} INFO - [2024-02-03T04:02:24.384+0400] {dag.py:3823} INFO - Setting next_dagrun for example_external_task_marker_parent to None, run_after=None
[2024-02-03T04:02:24.396+0400] {processor.py:183} INFO - Processing /home/reurairin/projects/urfu/urfu_3s_mlops-3/env/lib/python3.10/site-packages/airflow/example_dags/example_external_task_marker_dag.py took 0.047 seconds
[2024-02-03T04:03:19.177+0400] {processor.py:161} INFO - Started process (PID=6463) to work on /home/reurairin/projects/urfu/urfu_3s_mlops-3/env/lib/python3.10/site-packages/airflow/example_dags/example_external_task_marker_dag.py
[2024-02-03T04:03:19.178+0400] {processor.py:830} INFO - Processing file /home/reurairin/projects/urfu/urfu_3s_mlops-3/env/lib/python3.10/site-packages/airflow/example_dags/example_external_task_marker_dag.py for tasks to queue
[2024-02-03T04:03:19.179+0400] {logging_mixin.py:188} INFO - [2024-02-03T04:03:19.179+0400] {dagbag.py:538} INFO - Filling up the DagBag from /home/reurairin/projects/urfu/urfu_3s_mlops-3/env/lib/python3.10/site-packages/airflow/example_dags/example_external_task_marker_dag.py
[2024-02-03T04:03:19.182+0400] {processor.py:840} INFO - DAG(s) 'example_external_task_marker_child', 'example_external_task_marker_parent' retrieved from /home/reurairin/projects/urfu/urfu_3s_mlops-3/env/lib/python3.10/site-packages/airflow/example_dags/example_external_task_marker_dag.py
[2024-02-03T04:03:19.193+0400] {logging_mixin.py:188} INFO - [2024-02-03T04:03:19.192+0400] {dag.py:3036} INFO - Sync 2 DAGs
[2024-02-03T04:03:19.199+0400] {logging_mixin.py:188} INFO - [2024-02-03T04:03:19.199+0400] {dag.py:3823} INFO - Setting next_dagrun for example_external_task_marker_child to None, run_after=None
[2024-02-03T04:03:19.201+0400] {logging_mixin.py:188} INFO - [2024-02-03T04:03:19.201+0400] {dag.py:3823} INFO - Setting next_dagrun for example_external_task_marker_parent to None, run_after=None
[2024-02-03T04:03:19.213+0400] {processor.py:183} INFO - Processing /home/reurairin/projects/urfu/urfu_3s_mlops-3/env/lib/python3.10/site-packages/airflow/example_dags/example_external_task_marker_dag.py took 0.037 seconds
[2024-02-03T04:04:12.004+0400] {processor.py:161} INFO - Started process (PID=6686) to work on /home/reurairin/projects/urfu/urfu_3s_mlops-3/env/lib/python3.10/site-packages/airflow/example_dags/example_external_task_marker_dag.py
[2024-02-03T04:04:12.005+0400] {processor.py:830} INFO - Processing file /home/reurairin/projects/urfu/urfu_3s_mlops-3/env/lib/python3.10/site-packages/airflow/example_dags/example_external_task_marker_dag.py for tasks to queue
[2024-02-03T04:04:12.006+0400] {logging_mixin.py:188} INFO - [2024-02-03T04:04:12.006+0400] {dagbag.py:538} INFO - Filling up the DagBag from /home/reurairin/projects/urfu/urfu_3s_mlops-3/env/lib/python3.10/site-packages/airflow/example_dags/example_external_task_marker_dag.py
[2024-02-03T04:04:12.012+0400] {processor.py:840} INFO - DAG(s) 'example_external_task_marker_parent', 'example_external_task_marker_child' retrieved from /home/reurairin/projects/urfu/urfu_3s_mlops-3/env/lib/python3.10/site-packages/airflow/example_dags/example_external_task_marker_dag.py
[2024-02-03T04:04:12.031+0400] {logging_mixin.py:188} INFO - [2024-02-03T04:04:12.031+0400] {dag.py:3036} INFO - Sync 2 DAGs
[2024-02-03T04:04:12.044+0400] {logging_mixin.py:188} INFO - [2024-02-03T04:04:12.043+0400] {dag.py:3823} INFO - Setting next_dagrun for example_external_task_marker_child to None, run_after=None
[2024-02-03T04:04:12.048+0400] {logging_mixin.py:188} INFO - [2024-02-03T04:04:12.048+0400] {dag.py:3823} INFO - Setting next_dagrun for example_external_task_marker_parent to None, run_after=None
[2024-02-03T04:04:12.075+0400] {processor.py:183} INFO - Processing /home/reurairin/projects/urfu/urfu_3s_mlops-3/env/lib/python3.10/site-packages/airflow/example_dags/example_external_task_marker_dag.py took 0.074 seconds
[2024-02-03T04:05:00.839+0400] {processor.py:161} INFO - Started process (PID=6893) to work on /home/reurairin/projects/urfu/urfu_3s_mlops-3/env/lib/python3.10/site-packages/airflow/example_dags/example_external_task_marker_dag.py
[2024-02-03T04:05:00.846+0400] {processor.py:830} INFO - Processing file /home/reurairin/projects/urfu/urfu_3s_mlops-3/env/lib/python3.10/site-packages/airflow/example_dags/example_external_task_marker_dag.py for tasks to queue
[2024-02-03T04:05:00.847+0400] {logging_mixin.py:188} INFO - [2024-02-03T04:05:00.847+0400] {dagbag.py:538} INFO - Filling up the DagBag from /home/reurairin/projects/urfu/urfu_3s_mlops-3/env/lib/python3.10/site-packages/airflow/example_dags/example_external_task_marker_dag.py
[2024-02-03T04:05:00.851+0400] {processor.py:840} INFO - DAG(s) 'example_external_task_marker_child', 'example_external_task_marker_parent' retrieved from /home/reurairin/projects/urfu/urfu_3s_mlops-3/env/lib/python3.10/site-packages/airflow/example_dags/example_external_task_marker_dag.py
[2024-02-03T04:05:00.863+0400] {logging_mixin.py:188} INFO - [2024-02-03T04:05:00.863+0400] {dag.py:3036} INFO - Sync 2 DAGs
[2024-02-03T04:05:00.870+0400] {logging_mixin.py:188} INFO - [2024-02-03T04:05:00.870+0400] {dag.py:3823} INFO - Setting next_dagrun for example_external_task_marker_child to None, run_after=None
[2024-02-03T04:05:00.873+0400] {logging_mixin.py:188} INFO - [2024-02-03T04:05:00.873+0400] {dag.py:3823} INFO - Setting next_dagrun for example_external_task_marker_parent to None, run_after=None
[2024-02-03T04:05:00.888+0400] {processor.py:183} INFO - Processing /home/reurairin/projects/urfu/urfu_3s_mlops-3/env/lib/python3.10/site-packages/airflow/example_dags/example_external_task_marker_dag.py took 0.051 seconds
[2024-02-03T04:05:58.167+0400] {processor.py:161} INFO - Started process (PID=7173) to work on /home/reurairin/projects/urfu/urfu_3s_mlops-3/env/lib/python3.10/site-packages/airflow/example_dags/example_external_task_marker_dag.py
[2024-02-03T04:05:58.168+0400] {processor.py:830} INFO - Processing file /home/reurairin/projects/urfu/urfu_3s_mlops-3/env/lib/python3.10/site-packages/airflow/example_dags/example_external_task_marker_dag.py for tasks to queue
[2024-02-03T04:05:58.169+0400] {logging_mixin.py:188} INFO - [2024-02-03T04:05:58.169+0400] {dagbag.py:538} INFO - Filling up the DagBag from /home/reurairin/projects/urfu/urfu_3s_mlops-3/env/lib/python3.10/site-packages/airflow/example_dags/example_external_task_marker_dag.py
[2024-02-03T04:05:58.173+0400] {processor.py:840} INFO - DAG(s) 'example_external_task_marker_parent', 'example_external_task_marker_child' retrieved from /home/reurairin/projects/urfu/urfu_3s_mlops-3/env/lib/python3.10/site-packages/airflow/example_dags/example_external_task_marker_dag.py
[2024-02-03T04:05:58.182+0400] {logging_mixin.py:188} INFO - [2024-02-03T04:05:58.182+0400] {dag.py:3036} INFO - Sync 2 DAGs
[2024-02-03T04:05:58.189+0400] {logging_mixin.py:188} INFO - [2024-02-03T04:05:58.188+0400] {dag.py:3823} INFO - Setting next_dagrun for example_external_task_marker_child to None, run_after=None
[2024-02-03T04:05:58.190+0400] {logging_mixin.py:188} INFO - [2024-02-03T04:05:58.190+0400] {dag.py:3823} INFO - Setting next_dagrun for example_external_task_marker_parent to None, run_after=None
[2024-02-03T04:05:58.201+0400] {processor.py:183} INFO - Processing /home/reurairin/projects/urfu/urfu_3s_mlops-3/env/lib/python3.10/site-packages/airflow/example_dags/example_external_task_marker_dag.py took 0.036 seconds
[2024-02-03T04:06:45.144+0400] {processor.py:161} INFO - Started process (PID=7381) to work on /home/reurairin/projects/urfu/urfu_3s_mlops-3/env/lib/python3.10/site-packages/airflow/example_dags/example_external_task_marker_dag.py
[2024-02-03T04:06:45.151+0400] {processor.py:830} INFO - Processing file /home/reurairin/projects/urfu/urfu_3s_mlops-3/env/lib/python3.10/site-packages/airflow/example_dags/example_external_task_marker_dag.py for tasks to queue
[2024-02-03T04:06:45.152+0400] {logging_mixin.py:188} INFO - [2024-02-03T04:06:45.151+0400] {dagbag.py:538} INFO - Filling up the DagBag from /home/reurairin/projects/urfu/urfu_3s_mlops-3/env/lib/python3.10/site-packages/airflow/example_dags/example_external_task_marker_dag.py
[2024-02-03T04:06:45.155+0400] {processor.py:840} INFO - DAG(s) 'example_external_task_marker_child', 'example_external_task_marker_parent' retrieved from /home/reurairin/projects/urfu/urfu_3s_mlops-3/env/lib/python3.10/site-packages/airflow/example_dags/example_external_task_marker_dag.py
[2024-02-03T04:06:45.165+0400] {logging_mixin.py:188} INFO - [2024-02-03T04:06:45.165+0400] {dag.py:3036} INFO - Sync 2 DAGs
[2024-02-03T04:06:45.171+0400] {logging_mixin.py:188} INFO - [2024-02-03T04:06:45.171+0400] {dag.py:3823} INFO - Setting next_dagrun for example_external_task_marker_child to None, run_after=None
[2024-02-03T04:06:45.173+0400] {logging_mixin.py:188} INFO - [2024-02-03T04:06:45.173+0400] {dag.py:3823} INFO - Setting next_dagrun for example_external_task_marker_parent to None, run_after=None
[2024-02-03T04:06:45.185+0400] {processor.py:183} INFO - Processing /home/reurairin/projects/urfu/urfu_3s_mlops-3/env/lib/python3.10/site-packages/airflow/example_dags/example_external_task_marker_dag.py took 0.043 seconds
[2024-02-03T04:07:43.075+0400] {processor.py:161} INFO - Started process (PID=7646) to work on /home/reurairin/projects/urfu/urfu_3s_mlops-3/env/lib/python3.10/site-packages/airflow/example_dags/example_external_task_marker_dag.py
[2024-02-03T04:07:43.082+0400] {processor.py:830} INFO - Processing file /home/reurairin/projects/urfu/urfu_3s_mlops-3/env/lib/python3.10/site-packages/airflow/example_dags/example_external_task_marker_dag.py for tasks to queue
[2024-02-03T04:07:43.083+0400] {logging_mixin.py:188} INFO - [2024-02-03T04:07:43.082+0400] {dagbag.py:538} INFO - Filling up the DagBag from /home/reurairin/projects/urfu/urfu_3s_mlops-3/env/lib/python3.10/site-packages/airflow/example_dags/example_external_task_marker_dag.py
[2024-02-03T04:07:43.086+0400] {processor.py:840} INFO - DAG(s) 'example_external_task_marker_parent', 'example_external_task_marker_child' retrieved from /home/reurairin/projects/urfu/urfu_3s_mlops-3/env/lib/python3.10/site-packages/airflow/example_dags/example_external_task_marker_dag.py
[2024-02-03T04:07:43.097+0400] {logging_mixin.py:188} INFO - [2024-02-03T04:07:43.097+0400] {dag.py:3036} INFO - Sync 2 DAGs
[2024-02-03T04:07:43.105+0400] {logging_mixin.py:188} INFO - [2024-02-03T04:07:43.105+0400] {dag.py:3823} INFO - Setting next_dagrun for example_external_task_marker_child to None, run_after=None
[2024-02-03T04:07:43.107+0400] {logging_mixin.py:188} INFO - [2024-02-03T04:07:43.107+0400] {dag.py:3823} INFO - Setting next_dagrun for example_external_task_marker_parent to None, run_after=None
[2024-02-03T04:07:43.119+0400] {processor.py:183} INFO - Processing /home/reurairin/projects/urfu/urfu_3s_mlops-3/env/lib/python3.10/site-packages/airflow/example_dags/example_external_task_marker_dag.py took 0.046 seconds
[2024-02-03T04:08:32.117+0400] {processor.py:161} INFO - Started process (PID=7855) to work on /home/reurairin/projects/urfu/urfu_3s_mlops-3/env/lib/python3.10/site-packages/airflow/example_dags/example_external_task_marker_dag.py
[2024-02-03T04:08:32.118+0400] {processor.py:830} INFO - Processing file /home/reurairin/projects/urfu/urfu_3s_mlops-3/env/lib/python3.10/site-packages/airflow/example_dags/example_external_task_marker_dag.py for tasks to queue
[2024-02-03T04:08:32.119+0400] {logging_mixin.py:188} INFO - [2024-02-03T04:08:32.119+0400] {dagbag.py:538} INFO - Filling up the DagBag from /home/reurairin/projects/urfu/urfu_3s_mlops-3/env/lib/python3.10/site-packages/airflow/example_dags/example_external_task_marker_dag.py
[2024-02-03T04:08:32.122+0400] {processor.py:840} INFO - DAG(s) 'example_external_task_marker_child', 'example_external_task_marker_parent' retrieved from /home/reurairin/projects/urfu/urfu_3s_mlops-3/env/lib/python3.10/site-packages/airflow/example_dags/example_external_task_marker_dag.py
[2024-02-03T04:08:32.132+0400] {logging_mixin.py:188} INFO - [2024-02-03T04:08:32.132+0400] {dag.py:3036} INFO - Sync 2 DAGs
[2024-02-03T04:08:32.138+0400] {logging_mixin.py:188} INFO - [2024-02-03T04:08:32.138+0400] {dag.py:3823} INFO - Setting next_dagrun for example_external_task_marker_child to None, run_after=None
[2024-02-03T04:08:32.139+0400] {logging_mixin.py:188} INFO - [2024-02-03T04:08:32.139+0400] {dag.py:3823} INFO - Setting next_dagrun for example_external_task_marker_parent to None, run_after=None
[2024-02-03T04:08:32.151+0400] {processor.py:183} INFO - Processing /home/reurairin/projects/urfu/urfu_3s_mlops-3/env/lib/python3.10/site-packages/airflow/example_dags/example_external_task_marker_dag.py took 0.036 seconds
[2024-02-03T04:09:23.380+0400] {processor.py:161} INFO - Started process (PID=8068) to work on /home/reurairin/projects/urfu/urfu_3s_mlops-3/env/lib/python3.10/site-packages/airflow/example_dags/example_external_task_marker_dag.py
[2024-02-03T04:09:23.382+0400] {processor.py:830} INFO - Processing file /home/reurairin/projects/urfu/urfu_3s_mlops-3/env/lib/python3.10/site-packages/airflow/example_dags/example_external_task_marker_dag.py for tasks to queue
[2024-02-03T04:09:23.383+0400] {logging_mixin.py:188} INFO - [2024-02-03T04:09:23.383+0400] {dagbag.py:538} INFO - Filling up the DagBag from /home/reurairin/projects/urfu/urfu_3s_mlops-3/env/lib/python3.10/site-packages/airflow/example_dags/example_external_task_marker_dag.py
[2024-02-03T04:09:23.387+0400] {processor.py:840} INFO - DAG(s) 'example_external_task_marker_parent', 'example_external_task_marker_child' retrieved from /home/reurairin/projects/urfu/urfu_3s_mlops-3/env/lib/python3.10/site-packages/airflow/example_dags/example_external_task_marker_dag.py
[2024-02-03T04:09:23.399+0400] {logging_mixin.py:188} INFO - [2024-02-03T04:09:23.399+0400] {dag.py:3036} INFO - Sync 2 DAGs
[2024-02-03T04:09:23.407+0400] {logging_mixin.py:188} INFO - [2024-02-03T04:09:23.407+0400] {dag.py:3823} INFO - Setting next_dagrun for example_external_task_marker_child to None, run_after=None
[2024-02-03T04:09:23.409+0400] {logging_mixin.py:188} INFO - [2024-02-03T04:09:23.409+0400] {dag.py:3823} INFO - Setting next_dagrun for example_external_task_marker_parent to None, run_after=None
[2024-02-03T04:09:23.424+0400] {processor.py:183} INFO - Processing /home/reurairin/projects/urfu/urfu_3s_mlops-3/env/lib/python3.10/site-packages/airflow/example_dags/example_external_task_marker_dag.py took 0.046 seconds
