[2024-02-03T04:00:19.212+0400] {processor.py:161} INFO - Started process (PID=5696) to work on /home/reurairin/projects/urfu/urfu_3s_mlops-3/env/lib/python3.10/site-packages/airflow/example_dags/example_nested_branch_dag.py
[2024-02-03T04:00:19.213+0400] {processor.py:830} INFO - Processing file /home/reurairin/projects/urfu/urfu_3s_mlops-3/env/lib/python3.10/site-packages/airflow/example_dags/example_nested_branch_dag.py for tasks to queue
[2024-02-03T04:00:19.213+0400] {logging_mixin.py:188} INFO - [2024-02-03T04:00:19.213+0400] {dagbag.py:538} INFO - Filling up the DagBag from /home/reurairin/projects/urfu/urfu_3s_mlops-3/env/lib/python3.10/site-packages/airflow/example_dags/example_nested_branch_dag.py
[2024-02-03T04:00:19.220+0400] {processor.py:840} INFO - DAG(s) 'example_nested_branch_dag' retrieved from /home/reurairin/projects/urfu/urfu_3s_mlops-3/env/lib/python3.10/site-packages/airflow/example_dags/example_nested_branch_dag.py
[2024-02-03T04:00:19.230+0400] {logging_mixin.py:188} INFO - [2024-02-03T04:00:19.230+0400] {dag.py:3036} INFO - Sync 1 DAGs
[2024-02-03T04:00:19.241+0400] {logging_mixin.py:188} INFO - [2024-02-03T04:00:19.240+0400] {dag.py:3823} INFO - Setting next_dagrun for example_nested_branch_dag to 2024-02-02 00:00:00+00:00, run_after=2024-02-03 00:00:00+00:00
[2024-02-03T04:00:19.260+0400] {processor.py:183} INFO - Processing /home/reurairin/projects/urfu/urfu_3s_mlops-3/env/lib/python3.10/site-packages/airflow/example_dags/example_nested_branch_dag.py took 0.049 seconds
[2024-02-03T04:01:14.729+0400] {processor.py:161} INFO - Started process (PID=5930) to work on /home/reurairin/projects/urfu/urfu_3s_mlops-3/env/lib/python3.10/site-packages/airflow/example_dags/example_nested_branch_dag.py
[2024-02-03T04:01:14.736+0400] {processor.py:830} INFO - Processing file /home/reurairin/projects/urfu/urfu_3s_mlops-3/env/lib/python3.10/site-packages/airflow/example_dags/example_nested_branch_dag.py for tasks to queue
[2024-02-03T04:01:14.736+0400] {logging_mixin.py:188} INFO - [2024-02-03T04:01:14.736+0400] {dagbag.py:538} INFO - Filling up the DagBag from /home/reurairin/projects/urfu/urfu_3s_mlops-3/env/lib/python3.10/site-packages/airflow/example_dags/example_nested_branch_dag.py
[2024-02-03T04:01:14.742+0400] {processor.py:840} INFO - DAG(s) 'example_nested_branch_dag' retrieved from /home/reurairin/projects/urfu/urfu_3s_mlops-3/env/lib/python3.10/site-packages/airflow/example_dags/example_nested_branch_dag.py
[2024-02-03T04:01:14.753+0400] {logging_mixin.py:188} INFO - [2024-02-03T04:01:14.752+0400] {dag.py:3036} INFO - Sync 1 DAGs
[2024-02-03T04:01:14.764+0400] {logging_mixin.py:188} INFO - [2024-02-03T04:01:14.763+0400] {dag.py:3823} INFO - Setting next_dagrun for example_nested_branch_dag to 2024-02-02 00:00:00+00:00, run_after=2024-02-03 00:00:00+00:00
[2024-02-03T04:01:14.777+0400] {processor.py:183} INFO - Processing /home/reurairin/projects/urfu/urfu_3s_mlops-3/env/lib/python3.10/site-packages/airflow/example_dags/example_nested_branch_dag.py took 0.050 seconds
[2024-02-03T04:02:04.563+0400] {processor.py:161} INFO - Started process (PID=6138) to work on /home/reurairin/projects/urfu/urfu_3s_mlops-3/env/lib/python3.10/site-packages/airflow/example_dags/example_nested_branch_dag.py
[2024-02-03T04:02:04.565+0400] {processor.py:830} INFO - Processing file /home/reurairin/projects/urfu/urfu_3s_mlops-3/env/lib/python3.10/site-packages/airflow/example_dags/example_nested_branch_dag.py for tasks to queue
[2024-02-03T04:02:04.565+0400] {logging_mixin.py:188} INFO - [2024-02-03T04:02:04.565+0400] {dagbag.py:538} INFO - Filling up the DagBag from /home/reurairin/projects/urfu/urfu_3s_mlops-3/env/lib/python3.10/site-packages/airflow/example_dags/example_nested_branch_dag.py
[2024-02-03T04:02:04.572+0400] {processor.py:840} INFO - DAG(s) 'example_nested_branch_dag' retrieved from /home/reurairin/projects/urfu/urfu_3s_mlops-3/env/lib/python3.10/site-packages/airflow/example_dags/example_nested_branch_dag.py
[2024-02-03T04:02:04.582+0400] {logging_mixin.py:188} INFO - [2024-02-03T04:02:04.581+0400] {dag.py:3036} INFO - Sync 1 DAGs
[2024-02-03T04:02:04.592+0400] {logging_mixin.py:188} INFO - [2024-02-03T04:02:04.592+0400] {dag.py:3823} INFO - Setting next_dagrun for example_nested_branch_dag to 2024-02-02 00:00:00+00:00, run_after=2024-02-03 00:00:00+00:00
[2024-02-03T04:02:04.605+0400] {processor.py:183} INFO - Processing /home/reurairin/projects/urfu/urfu_3s_mlops-3/env/lib/python3.10/site-packages/airflow/example_dags/example_nested_branch_dag.py took 0.044 seconds
[2024-02-03T04:02:56.704+0400] {processor.py:161} INFO - Started process (PID=6362) to work on /home/reurairin/projects/urfu/urfu_3s_mlops-3/env/lib/python3.10/site-packages/airflow/example_dags/example_nested_branch_dag.py
[2024-02-03T04:02:56.713+0400] {processor.py:830} INFO - Processing file /home/reurairin/projects/urfu/urfu_3s_mlops-3/env/lib/python3.10/site-packages/airflow/example_dags/example_nested_branch_dag.py for tasks to queue
[2024-02-03T04:02:56.714+0400] {logging_mixin.py:188} INFO - [2024-02-03T04:02:56.714+0400] {dagbag.py:538} INFO - Filling up the DagBag from /home/reurairin/projects/urfu/urfu_3s_mlops-3/env/lib/python3.10/site-packages/airflow/example_dags/example_nested_branch_dag.py
[2024-02-03T04:02:56.722+0400] {processor.py:840} INFO - DAG(s) 'example_nested_branch_dag' retrieved from /home/reurairin/projects/urfu/urfu_3s_mlops-3/env/lib/python3.10/site-packages/airflow/example_dags/example_nested_branch_dag.py
[2024-02-03T04:02:56.736+0400] {logging_mixin.py:188} INFO - [2024-02-03T04:02:56.736+0400] {dag.py:3036} INFO - Sync 1 DAGs
[2024-02-03T04:02:56.749+0400] {logging_mixin.py:188} INFO - [2024-02-03T04:02:56.749+0400] {dag.py:3823} INFO - Setting next_dagrun for example_nested_branch_dag to 2024-02-02 00:00:00+00:00, run_after=2024-02-03 00:00:00+00:00
[2024-02-03T04:02:56.765+0400] {processor.py:183} INFO - Processing /home/reurairin/projects/urfu/urfu_3s_mlops-3/env/lib/python3.10/site-packages/airflow/example_dags/example_nested_branch_dag.py took 0.064 seconds
[2024-02-03T04:03:51.843+0400] {processor.py:161} INFO - Started process (PID=6593) to work on /home/reurairin/projects/urfu/urfu_3s_mlops-3/env/lib/python3.10/site-packages/airflow/example_dags/example_nested_branch_dag.py
[2024-02-03T04:03:51.844+0400] {processor.py:830} INFO - Processing file /home/reurairin/projects/urfu/urfu_3s_mlops-3/env/lib/python3.10/site-packages/airflow/example_dags/example_nested_branch_dag.py for tasks to queue
[2024-02-03T04:03:51.845+0400] {logging_mixin.py:188} INFO - [2024-02-03T04:03:51.845+0400] {dagbag.py:538} INFO - Filling up the DagBag from /home/reurairin/projects/urfu/urfu_3s_mlops-3/env/lib/python3.10/site-packages/airflow/example_dags/example_nested_branch_dag.py
[2024-02-03T04:03:51.851+0400] {processor.py:840} INFO - DAG(s) 'example_nested_branch_dag' retrieved from /home/reurairin/projects/urfu/urfu_3s_mlops-3/env/lib/python3.10/site-packages/airflow/example_dags/example_nested_branch_dag.py
[2024-02-03T04:03:51.861+0400] {logging_mixin.py:188} INFO - [2024-02-03T04:03:51.861+0400] {dag.py:3036} INFO - Sync 1 DAGs
[2024-02-03T04:03:51.872+0400] {logging_mixin.py:188} INFO - [2024-02-03T04:03:51.872+0400] {dag.py:3823} INFO - Setting next_dagrun for example_nested_branch_dag to 2024-02-02 00:00:00+00:00, run_after=2024-02-03 00:00:00+00:00
[2024-02-03T04:03:51.885+0400] {processor.py:183} INFO - Processing /home/reurairin/projects/urfu/urfu_3s_mlops-3/env/lib/python3.10/site-packages/airflow/example_dags/example_nested_branch_dag.py took 0.044 seconds
[2024-02-03T04:04:41.418+0400] {processor.py:161} INFO - Started process (PID=6804) to work on /home/reurairin/projects/urfu/urfu_3s_mlops-3/env/lib/python3.10/site-packages/airflow/example_dags/example_nested_branch_dag.py
[2024-02-03T04:04:41.425+0400] {processor.py:830} INFO - Processing file /home/reurairin/projects/urfu/urfu_3s_mlops-3/env/lib/python3.10/site-packages/airflow/example_dags/example_nested_branch_dag.py for tasks to queue
[2024-02-03T04:04:41.426+0400] {logging_mixin.py:188} INFO - [2024-02-03T04:04:41.426+0400] {dagbag.py:538} INFO - Filling up the DagBag from /home/reurairin/projects/urfu/urfu_3s_mlops-3/env/lib/python3.10/site-packages/airflow/example_dags/example_nested_branch_dag.py
[2024-02-03T04:04:41.432+0400] {processor.py:840} INFO - DAG(s) 'example_nested_branch_dag' retrieved from /home/reurairin/projects/urfu/urfu_3s_mlops-3/env/lib/python3.10/site-packages/airflow/example_dags/example_nested_branch_dag.py
[2024-02-03T04:04:41.443+0400] {logging_mixin.py:188} INFO - [2024-02-03T04:04:41.443+0400] {dag.py:3036} INFO - Sync 1 DAGs
[2024-02-03T04:04:41.455+0400] {logging_mixin.py:188} INFO - [2024-02-03T04:04:41.455+0400] {dag.py:3823} INFO - Setting next_dagrun for example_nested_branch_dag to 2024-02-02 00:00:00+00:00, run_after=2024-02-03 00:00:00+00:00
[2024-02-03T04:04:41.469+0400] {processor.py:183} INFO - Processing /home/reurairin/projects/urfu/urfu_3s_mlops-3/env/lib/python3.10/site-packages/airflow/example_dags/example_nested_branch_dag.py took 0.053 seconds
[2024-02-03T04:05:37.644+0400] {processor.py:161} INFO - Started process (PID=7049) to work on /home/reurairin/projects/urfu/urfu_3s_mlops-3/env/lib/python3.10/site-packages/airflow/example_dags/example_nested_branch_dag.py
[2024-02-03T04:05:37.645+0400] {processor.py:830} INFO - Processing file /home/reurairin/projects/urfu/urfu_3s_mlops-3/env/lib/python3.10/site-packages/airflow/example_dags/example_nested_branch_dag.py for tasks to queue
[2024-02-03T04:05:37.646+0400] {logging_mixin.py:188} INFO - [2024-02-03T04:05:37.645+0400] {dagbag.py:538} INFO - Filling up the DagBag from /home/reurairin/projects/urfu/urfu_3s_mlops-3/env/lib/python3.10/site-packages/airflow/example_dags/example_nested_branch_dag.py
[2024-02-03T04:05:37.652+0400] {processor.py:840} INFO - DAG(s) 'example_nested_branch_dag' retrieved from /home/reurairin/projects/urfu/urfu_3s_mlops-3/env/lib/python3.10/site-packages/airflow/example_dags/example_nested_branch_dag.py
[2024-02-03T04:05:37.666+0400] {logging_mixin.py:188} INFO - [2024-02-03T04:05:37.665+0400] {dag.py:3036} INFO - Sync 1 DAGs
[2024-02-03T04:05:37.678+0400] {logging_mixin.py:188} INFO - [2024-02-03T04:05:37.678+0400] {dag.py:3823} INFO - Setting next_dagrun for example_nested_branch_dag to 2024-02-02 00:00:00+00:00, run_after=2024-02-03 00:00:00+00:00
[2024-02-03T04:05:37.694+0400] {processor.py:183} INFO - Processing /home/reurairin/projects/urfu/urfu_3s_mlops-3/env/lib/python3.10/site-packages/airflow/example_dags/example_nested_branch_dag.py took 0.052 seconds
[2024-02-03T04:06:26.024+0400] {processor.py:161} INFO - Started process (PID=7307) to work on /home/reurairin/projects/urfu/urfu_3s_mlops-3/env/lib/python3.10/site-packages/airflow/example_dags/example_nested_branch_dag.py
[2024-02-03T04:06:26.025+0400] {processor.py:830} INFO - Processing file /home/reurairin/projects/urfu/urfu_3s_mlops-3/env/lib/python3.10/site-packages/airflow/example_dags/example_nested_branch_dag.py for tasks to queue
[2024-02-03T04:06:26.026+0400] {logging_mixin.py:188} INFO - [2024-02-03T04:06:26.025+0400] {dagbag.py:538} INFO - Filling up the DagBag from /home/reurairin/projects/urfu/urfu_3s_mlops-3/env/lib/python3.10/site-packages/airflow/example_dags/example_nested_branch_dag.py
[2024-02-03T04:06:26.032+0400] {processor.py:840} INFO - DAG(s) 'example_nested_branch_dag' retrieved from /home/reurairin/projects/urfu/urfu_3s_mlops-3/env/lib/python3.10/site-packages/airflow/example_dags/example_nested_branch_dag.py
[2024-02-03T04:06:26.042+0400] {logging_mixin.py:188} INFO - [2024-02-03T04:06:26.042+0400] {dag.py:3036} INFO - Sync 1 DAGs
[2024-02-03T04:06:26.053+0400] {logging_mixin.py:188} INFO - [2024-02-03T04:06:26.053+0400] {dag.py:3823} INFO - Setting next_dagrun for example_nested_branch_dag to 2024-02-02 00:00:00+00:00, run_after=2024-02-03 00:00:00+00:00
[2024-02-03T04:06:26.069+0400] {processor.py:183} INFO - Processing /home/reurairin/projects/urfu/urfu_3s_mlops-3/env/lib/python3.10/site-packages/airflow/example_dags/example_nested_branch_dag.py took 0.047 seconds
[2024-02-03T04:07:21.403+0400] {processor.py:161} INFO - Started process (PID=7545) to work on /home/reurairin/projects/urfu/urfu_3s_mlops-3/env/lib/python3.10/site-packages/airflow/example_dags/example_nested_branch_dag.py
[2024-02-03T04:07:21.404+0400] {processor.py:830} INFO - Processing file /home/reurairin/projects/urfu/urfu_3s_mlops-3/env/lib/python3.10/site-packages/airflow/example_dags/example_nested_branch_dag.py for tasks to queue
[2024-02-03T04:07:21.405+0400] {logging_mixin.py:188} INFO - [2024-02-03T04:07:21.404+0400] {dagbag.py:538} INFO - Filling up the DagBag from /home/reurairin/projects/urfu/urfu_3s_mlops-3/env/lib/python3.10/site-packages/airflow/example_dags/example_nested_branch_dag.py
[2024-02-03T04:07:21.411+0400] {processor.py:840} INFO - DAG(s) 'example_nested_branch_dag' retrieved from /home/reurairin/projects/urfu/urfu_3s_mlops-3/env/lib/python3.10/site-packages/airflow/example_dags/example_nested_branch_dag.py
[2024-02-03T04:07:21.421+0400] {logging_mixin.py:188} INFO - [2024-02-03T04:07:21.421+0400] {dag.py:3036} INFO - Sync 1 DAGs
[2024-02-03T04:07:21.431+0400] {logging_mixin.py:188} INFO - [2024-02-03T04:07:21.431+0400] {dag.py:3823} INFO - Setting next_dagrun for example_nested_branch_dag to 2024-02-02 00:00:00+00:00, run_after=2024-02-03 00:00:00+00:00
[2024-02-03T04:07:21.445+0400] {processor.py:183} INFO - Processing /home/reurairin/projects/urfu/urfu_3s_mlops-3/env/lib/python3.10/site-packages/airflow/example_dags/example_nested_branch_dag.py took 0.044 seconds
[2024-02-03T04:08:12.777+0400] {processor.py:161} INFO - Started process (PID=7763) to work on /home/reurairin/projects/urfu/urfu_3s_mlops-3/env/lib/python3.10/site-packages/airflow/example_dags/example_nested_branch_dag.py
[2024-02-03T04:08:12.784+0400] {processor.py:830} INFO - Processing file /home/reurairin/projects/urfu/urfu_3s_mlops-3/env/lib/python3.10/site-packages/airflow/example_dags/example_nested_branch_dag.py for tasks to queue
[2024-02-03T04:08:12.785+0400] {logging_mixin.py:188} INFO - [2024-02-03T04:08:12.785+0400] {dagbag.py:538} INFO - Filling up the DagBag from /home/reurairin/projects/urfu/urfu_3s_mlops-3/env/lib/python3.10/site-packages/airflow/example_dags/example_nested_branch_dag.py
[2024-02-03T04:08:12.791+0400] {processor.py:840} INFO - DAG(s) 'example_nested_branch_dag' retrieved from /home/reurairin/projects/urfu/urfu_3s_mlops-3/env/lib/python3.10/site-packages/airflow/example_dags/example_nested_branch_dag.py
[2024-02-03T04:08:12.800+0400] {logging_mixin.py:188} INFO - [2024-02-03T04:08:12.800+0400] {dag.py:3036} INFO - Sync 1 DAGs
[2024-02-03T04:08:12.812+0400] {logging_mixin.py:188} INFO - [2024-02-03T04:08:12.812+0400] {dag.py:3823} INFO - Setting next_dagrun for example_nested_branch_dag to 2024-02-02 00:00:00+00:00, run_after=2024-02-03 00:00:00+00:00
[2024-02-03T04:08:12.825+0400] {processor.py:183} INFO - Processing /home/reurairin/projects/urfu/urfu_3s_mlops-3/env/lib/python3.10/site-packages/airflow/example_dags/example_nested_branch_dag.py took 0.050 seconds
[2024-02-03T04:09:05.089+0400] {processor.py:161} INFO - Started process (PID=7986) to work on /home/reurairin/projects/urfu/urfu_3s_mlops-3/env/lib/python3.10/site-packages/airflow/example_dags/example_nested_branch_dag.py
[2024-02-03T04:09:05.096+0400] {processor.py:830} INFO - Processing file /home/reurairin/projects/urfu/urfu_3s_mlops-3/env/lib/python3.10/site-packages/airflow/example_dags/example_nested_branch_dag.py for tasks to queue
[2024-02-03T04:09:05.097+0400] {logging_mixin.py:188} INFO - [2024-02-03T04:09:05.097+0400] {dagbag.py:538} INFO - Filling up the DagBag from /home/reurairin/projects/urfu/urfu_3s_mlops-3/env/lib/python3.10/site-packages/airflow/example_dags/example_nested_branch_dag.py
[2024-02-03T04:09:05.103+0400] {processor.py:840} INFO - DAG(s) 'example_nested_branch_dag' retrieved from /home/reurairin/projects/urfu/urfu_3s_mlops-3/env/lib/python3.10/site-packages/airflow/example_dags/example_nested_branch_dag.py
[2024-02-03T04:09:05.113+0400] {logging_mixin.py:188} INFO - [2024-02-03T04:09:05.112+0400] {dag.py:3036} INFO - Sync 1 DAGs
[2024-02-03T04:09:05.123+0400] {logging_mixin.py:188} INFO - [2024-02-03T04:09:05.123+0400] {dag.py:3823} INFO - Setting next_dagrun for example_nested_branch_dag to 2024-02-02 00:00:00+00:00, run_after=2024-02-03 00:00:00+00:00
[2024-02-03T04:09:05.135+0400] {processor.py:183} INFO - Processing /home/reurairin/projects/urfu/urfu_3s_mlops-3/env/lib/python3.10/site-packages/airflow/example_dags/example_nested_branch_dag.py took 0.048 seconds
[2024-02-03T04:09:55.194+0400] {processor.py:161} INFO - Started process (PID=8273) to work on /home/reurairin/projects/urfu/urfu_3s_mlops-3/env/lib/python3.10/site-packages/airflow/example_dags/example_nested_branch_dag.py
[2024-02-03T04:09:55.202+0400] {processor.py:830} INFO - Processing file /home/reurairin/projects/urfu/urfu_3s_mlops-3/env/lib/python3.10/site-packages/airflow/example_dags/example_nested_branch_dag.py for tasks to queue
[2024-02-03T04:09:55.203+0400] {logging_mixin.py:188} INFO - [2024-02-03T04:09:55.202+0400] {dagbag.py:538} INFO - Filling up the DagBag from /home/reurairin/projects/urfu/urfu_3s_mlops-3/env/lib/python3.10/site-packages/airflow/example_dags/example_nested_branch_dag.py
[2024-02-03T04:09:55.208+0400] {processor.py:840} INFO - DAG(s) 'example_nested_branch_dag' retrieved from /home/reurairin/projects/urfu/urfu_3s_mlops-3/env/lib/python3.10/site-packages/airflow/example_dags/example_nested_branch_dag.py
[2024-02-03T04:09:55.217+0400] {logging_mixin.py:188} INFO - [2024-02-03T04:09:55.217+0400] {dag.py:3036} INFO - Sync 1 DAGs
[2024-02-03T04:09:55.227+0400] {logging_mixin.py:188} INFO - [2024-02-03T04:09:55.227+0400] {dag.py:3823} INFO - Setting next_dagrun for example_nested_branch_dag to 2024-02-02 00:00:00+00:00, run_after=2024-02-03 00:00:00+00:00
[2024-02-03T04:09:55.240+0400] {processor.py:183} INFO - Processing /home/reurairin/projects/urfu/urfu_3s_mlops-3/env/lib/python3.10/site-packages/airflow/example_dags/example_nested_branch_dag.py took 0.048 seconds
