[2024-02-03T04:00:37.640+0400] {processor.py:161} INFO - Started process (PID=5768) to work on /home/reurairin/projects/urfu/urfu_3s_mlops-3/env/lib/python3.10/site-packages/airflow/example_dags/example_latest_only_with_trigger.py
[2024-02-03T04:00:37.640+0400] {processor.py:830} INFO - Processing file /home/reurairin/projects/urfu/urfu_3s_mlops-3/env/lib/python3.10/site-packages/airflow/example_dags/example_latest_only_with_trigger.py for tasks to queue
[2024-02-03T04:00:37.641+0400] {logging_mixin.py:188} INFO - [2024-02-03T04:00:37.641+0400] {dagbag.py:538} INFO - Filling up the DagBag from /home/reurairin/projects/urfu/urfu_3s_mlops-3/env/lib/python3.10/site-packages/airflow/example_dags/example_latest_only_with_trigger.py
[2024-02-03T04:00:37.645+0400] {processor.py:840} INFO - DAG(s) 'latest_only_with_trigger' retrieved from /home/reurairin/projects/urfu/urfu_3s_mlops-3/env/lib/python3.10/site-packages/airflow/example_dags/example_latest_only_with_trigger.py
[2024-02-03T04:00:37.654+0400] {logging_mixin.py:188} INFO - [2024-02-03T04:00:37.654+0400] {dag.py:3036} INFO - Sync 1 DAGs
[2024-02-03T04:00:37.665+0400] {logging_mixin.py:188} INFO - [2024-02-03T04:00:37.665+0400] {dag.py:3823} INFO - Setting next_dagrun for latest_only_with_trigger to 2024-02-02 20:00:00+00:00, run_after=2024-02-03 00:00:00+00:00
[2024-02-03T04:00:37.685+0400] {processor.py:183} INFO - Processing /home/reurairin/projects/urfu/urfu_3s_mlops-3/env/lib/python3.10/site-packages/airflow/example_dags/example_latest_only_with_trigger.py took 0.047 seconds
[2024-02-03T04:01:30.338+0400] {processor.py:161} INFO - Started process (PID=5992) to work on /home/reurairin/projects/urfu/urfu_3s_mlops-3/env/lib/python3.10/site-packages/airflow/example_dags/example_latest_only_with_trigger.py
[2024-02-03T04:01:30.340+0400] {processor.py:830} INFO - Processing file /home/reurairin/projects/urfu/urfu_3s_mlops-3/env/lib/python3.10/site-packages/airflow/example_dags/example_latest_only_with_trigger.py for tasks to queue
[2024-02-03T04:01:30.340+0400] {logging_mixin.py:188} INFO - [2024-02-03T04:01:30.340+0400] {dagbag.py:538} INFO - Filling up the DagBag from /home/reurairin/projects/urfu/urfu_3s_mlops-3/env/lib/python3.10/site-packages/airflow/example_dags/example_latest_only_with_trigger.py
[2024-02-03T04:01:30.346+0400] {processor.py:840} INFO - DAG(s) 'latest_only_with_trigger' retrieved from /home/reurairin/projects/urfu/urfu_3s_mlops-3/env/lib/python3.10/site-packages/airflow/example_dags/example_latest_only_with_trigger.py
[2024-02-03T04:01:30.356+0400] {logging_mixin.py:188} INFO - [2024-02-03T04:01:30.356+0400] {dag.py:3036} INFO - Sync 1 DAGs
[2024-02-03T04:01:30.367+0400] {logging_mixin.py:188} INFO - [2024-02-03T04:01:30.366+0400] {dag.py:3823} INFO - Setting next_dagrun for latest_only_with_trigger to 2024-02-02 20:00:00+00:00, run_after=2024-02-03 00:00:00+00:00
[2024-02-03T04:01:30.381+0400] {processor.py:183} INFO - Processing /home/reurairin/projects/urfu/urfu_3s_mlops-3/env/lib/python3.10/site-packages/airflow/example_dags/example_latest_only_with_trigger.py took 0.044 seconds
[2024-02-03T04:02:20.952+0400] {processor.py:161} INFO - Started process (PID=6205) to work on /home/reurairin/projects/urfu/urfu_3s_mlops-3/env/lib/python3.10/site-packages/airflow/example_dags/example_latest_only_with_trigger.py
[2024-02-03T04:02:20.959+0400] {processor.py:830} INFO - Processing file /home/reurairin/projects/urfu/urfu_3s_mlops-3/env/lib/python3.10/site-packages/airflow/example_dags/example_latest_only_with_trigger.py for tasks to queue
[2024-02-03T04:02:20.959+0400] {logging_mixin.py:188} INFO - [2024-02-03T04:02:20.959+0400] {dagbag.py:538} INFO - Filling up the DagBag from /home/reurairin/projects/urfu/urfu_3s_mlops-3/env/lib/python3.10/site-packages/airflow/example_dags/example_latest_only_with_trigger.py
[2024-02-03T04:02:20.963+0400] {processor.py:840} INFO - DAG(s) 'latest_only_with_trigger' retrieved from /home/reurairin/projects/urfu/urfu_3s_mlops-3/env/lib/python3.10/site-packages/airflow/example_dags/example_latest_only_with_trigger.py
[2024-02-03T04:02:20.973+0400] {logging_mixin.py:188} INFO - [2024-02-03T04:02:20.973+0400] {dag.py:3036} INFO - Sync 1 DAGs
[2024-02-03T04:02:20.983+0400] {logging_mixin.py:188} INFO - [2024-02-03T04:02:20.983+0400] {dag.py:3823} INFO - Setting next_dagrun for latest_only_with_trigger to 2024-02-02 20:00:00+00:00, run_after=2024-02-03 00:00:00+00:00
[2024-02-03T04:02:20.997+0400] {processor.py:183} INFO - Processing /home/reurairin/projects/urfu/urfu_3s_mlops-3/env/lib/python3.10/site-packages/airflow/example_dags/example_latest_only_with_trigger.py took 0.048 seconds
[2024-02-03T04:03:16.306+0400] {processor.py:161} INFO - Started process (PID=6451) to work on /home/reurairin/projects/urfu/urfu_3s_mlops-3/env/lib/python3.10/site-packages/airflow/example_dags/example_latest_only_with_trigger.py
[2024-02-03T04:03:16.307+0400] {processor.py:830} INFO - Processing file /home/reurairin/projects/urfu/urfu_3s_mlops-3/env/lib/python3.10/site-packages/airflow/example_dags/example_latest_only_with_trigger.py for tasks to queue
[2024-02-03T04:03:16.308+0400] {logging_mixin.py:188} INFO - [2024-02-03T04:03:16.307+0400] {dagbag.py:538} INFO - Filling up the DagBag from /home/reurairin/projects/urfu/urfu_3s_mlops-3/env/lib/python3.10/site-packages/airflow/example_dags/example_latest_only_with_trigger.py
[2024-02-03T04:03:16.312+0400] {processor.py:840} INFO - DAG(s) 'latest_only_with_trigger' retrieved from /home/reurairin/projects/urfu/urfu_3s_mlops-3/env/lib/python3.10/site-packages/airflow/example_dags/example_latest_only_with_trigger.py
[2024-02-03T04:03:16.320+0400] {logging_mixin.py:188} INFO - [2024-02-03T04:03:16.320+0400] {dag.py:3036} INFO - Sync 1 DAGs
[2024-02-03T04:03:16.329+0400] {logging_mixin.py:188} INFO - [2024-02-03T04:03:16.329+0400] {dag.py:3823} INFO - Setting next_dagrun for latest_only_with_trigger to 2024-02-02 20:00:00+00:00, run_after=2024-02-03 00:00:00+00:00
[2024-02-03T04:03:16.342+0400] {processor.py:183} INFO - Processing /home/reurairin/projects/urfu/urfu_3s_mlops-3/env/lib/python3.10/site-packages/airflow/example_dags/example_latest_only_with_trigger.py took 0.038 seconds
[2024-02-03T04:04:09.458+0400] {processor.py:161} INFO - Started process (PID=6677) to work on /home/reurairin/projects/urfu/urfu_3s_mlops-3/env/lib/python3.10/site-packages/airflow/example_dags/example_latest_only_with_trigger.py
[2024-02-03T04:04:09.459+0400] {processor.py:830} INFO - Processing file /home/reurairin/projects/urfu/urfu_3s_mlops-3/env/lib/python3.10/site-packages/airflow/example_dags/example_latest_only_with_trigger.py for tasks to queue
[2024-02-03T04:04:09.460+0400] {logging_mixin.py:188} INFO - [2024-02-03T04:04:09.460+0400] {dagbag.py:538} INFO - Filling up the DagBag from /home/reurairin/projects/urfu/urfu_3s_mlops-3/env/lib/python3.10/site-packages/airflow/example_dags/example_latest_only_with_trigger.py
[2024-02-03T04:04:09.468+0400] {processor.py:840} INFO - DAG(s) 'latest_only_with_trigger' retrieved from /home/reurairin/projects/urfu/urfu_3s_mlops-3/env/lib/python3.10/site-packages/airflow/example_dags/example_latest_only_with_trigger.py
[2024-02-03T04:04:09.482+0400] {logging_mixin.py:188} INFO - [2024-02-03T04:04:09.482+0400] {dag.py:3036} INFO - Sync 1 DAGs
[2024-02-03T04:04:09.494+0400] {logging_mixin.py:188} INFO - [2024-02-03T04:04:09.494+0400] {dag.py:3823} INFO - Setting next_dagrun for latest_only_with_trigger to 2024-02-02 20:00:00+00:00, run_after=2024-02-03 00:00:00+00:00
[2024-02-03T04:04:09.512+0400] {processor.py:183} INFO - Processing /home/reurairin/projects/urfu/urfu_3s_mlops-3/env/lib/python3.10/site-packages/airflow/example_dags/example_latest_only_with_trigger.py took 0.057 seconds
[2024-02-03T04:04:57.761+0400] {processor.py:161} INFO - Started process (PID=6881) to work on /home/reurairin/projects/urfu/urfu_3s_mlops-3/env/lib/python3.10/site-packages/airflow/example_dags/example_latest_only_with_trigger.py
[2024-02-03T04:04:57.762+0400] {processor.py:830} INFO - Processing file /home/reurairin/projects/urfu/urfu_3s_mlops-3/env/lib/python3.10/site-packages/airflow/example_dags/example_latest_only_with_trigger.py for tasks to queue
[2024-02-03T04:04:57.762+0400] {logging_mixin.py:188} INFO - [2024-02-03T04:04:57.762+0400] {dagbag.py:538} INFO - Filling up the DagBag from /home/reurairin/projects/urfu/urfu_3s_mlops-3/env/lib/python3.10/site-packages/airflow/example_dags/example_latest_only_with_trigger.py
[2024-02-03T04:04:57.767+0400] {processor.py:840} INFO - DAG(s) 'latest_only_with_trigger' retrieved from /home/reurairin/projects/urfu/urfu_3s_mlops-3/env/lib/python3.10/site-packages/airflow/example_dags/example_latest_only_with_trigger.py
[2024-02-03T04:04:57.777+0400] {logging_mixin.py:188} INFO - [2024-02-03T04:04:57.777+0400] {dag.py:3036} INFO - Sync 1 DAGs
[2024-02-03T04:04:57.788+0400] {logging_mixin.py:188} INFO - [2024-02-03T04:04:57.788+0400] {dag.py:3823} INFO - Setting next_dagrun for latest_only_with_trigger to 2024-02-02 20:00:00+00:00, run_after=2024-02-03 00:00:00+00:00
[2024-02-03T04:04:57.804+0400] {processor.py:183} INFO - Processing /home/reurairin/projects/urfu/urfu_3s_mlops-3/env/lib/python3.10/site-packages/airflow/example_dags/example_latest_only_with_trigger.py took 0.045 seconds
[2024-02-03T04:05:55.611+0400] {processor.py:161} INFO - Started process (PID=7152) to work on /home/reurairin/projects/urfu/urfu_3s_mlops-3/env/lib/python3.10/site-packages/airflow/example_dags/example_latest_only_with_trigger.py
[2024-02-03T04:05:55.612+0400] {processor.py:830} INFO - Processing file /home/reurairin/projects/urfu/urfu_3s_mlops-3/env/lib/python3.10/site-packages/airflow/example_dags/example_latest_only_with_trigger.py for tasks to queue
[2024-02-03T04:05:55.613+0400] {logging_mixin.py:188} INFO - [2024-02-03T04:05:55.612+0400] {dagbag.py:538} INFO - Filling up the DagBag from /home/reurairin/projects/urfu/urfu_3s_mlops-3/env/lib/python3.10/site-packages/airflow/example_dags/example_latest_only_with_trigger.py
[2024-02-03T04:05:55.617+0400] {processor.py:840} INFO - DAG(s) 'latest_only_with_trigger' retrieved from /home/reurairin/projects/urfu/urfu_3s_mlops-3/env/lib/python3.10/site-packages/airflow/example_dags/example_latest_only_with_trigger.py
[2024-02-03T04:05:55.625+0400] {logging_mixin.py:188} INFO - [2024-02-03T04:05:55.625+0400] {dag.py:3036} INFO - Sync 1 DAGs
[2024-02-03T04:05:55.635+0400] {logging_mixin.py:188} INFO - [2024-02-03T04:05:55.635+0400] {dag.py:3823} INFO - Setting next_dagrun for latest_only_with_trigger to 2024-02-02 20:00:00+00:00, run_after=2024-02-03 00:00:00+00:00
[2024-02-03T04:05:55.648+0400] {processor.py:183} INFO - Processing /home/reurairin/projects/urfu/urfu_3s_mlops-3/env/lib/python3.10/site-packages/airflow/example_dags/example_latest_only_with_trigger.py took 0.039 seconds
[2024-02-03T04:06:43.258+0400] {processor.py:161} INFO - Started process (PID=7372) to work on /home/reurairin/projects/urfu/urfu_3s_mlops-3/env/lib/python3.10/site-packages/airflow/example_dags/example_latest_only_with_trigger.py
[2024-02-03T04:06:43.259+0400] {processor.py:830} INFO - Processing file /home/reurairin/projects/urfu/urfu_3s_mlops-3/env/lib/python3.10/site-packages/airflow/example_dags/example_latest_only_with_trigger.py for tasks to queue
[2024-02-03T04:06:43.259+0400] {logging_mixin.py:188} INFO - [2024-02-03T04:06:43.259+0400] {dagbag.py:538} INFO - Filling up the DagBag from /home/reurairin/projects/urfu/urfu_3s_mlops-3/env/lib/python3.10/site-packages/airflow/example_dags/example_latest_only_with_trigger.py
[2024-02-03T04:06:43.263+0400] {processor.py:840} INFO - DAG(s) 'latest_only_with_trigger' retrieved from /home/reurairin/projects/urfu/urfu_3s_mlops-3/env/lib/python3.10/site-packages/airflow/example_dags/example_latest_only_with_trigger.py
[2024-02-03T04:06:43.272+0400] {logging_mixin.py:188} INFO - [2024-02-03T04:06:43.272+0400] {dag.py:3036} INFO - Sync 1 DAGs
[2024-02-03T04:06:43.281+0400] {logging_mixin.py:188} INFO - [2024-02-03T04:06:43.281+0400] {dag.py:3823} INFO - Setting next_dagrun for latest_only_with_trigger to 2024-02-02 20:00:00+00:00, run_after=2024-02-03 00:00:00+00:00
[2024-02-03T04:06:43.294+0400] {processor.py:183} INFO - Processing /home/reurairin/projects/urfu/urfu_3s_mlops-3/env/lib/python3.10/site-packages/airflow/example_dags/example_latest_only_with_trigger.py took 0.038 seconds
[2024-02-03T04:07:39.686+0400] {processor.py:161} INFO - Started process (PID=7631) to work on /home/reurairin/projects/urfu/urfu_3s_mlops-3/env/lib/python3.10/site-packages/airflow/example_dags/example_latest_only_with_trigger.py
[2024-02-03T04:07:39.686+0400] {processor.py:830} INFO - Processing file /home/reurairin/projects/urfu/urfu_3s_mlops-3/env/lib/python3.10/site-packages/airflow/example_dags/example_latest_only_with_trigger.py for tasks to queue
[2024-02-03T04:07:39.687+0400] {logging_mixin.py:188} INFO - [2024-02-03T04:07:39.687+0400] {dagbag.py:538} INFO - Filling up the DagBag from /home/reurairin/projects/urfu/urfu_3s_mlops-3/env/lib/python3.10/site-packages/airflow/example_dags/example_latest_only_with_trigger.py
[2024-02-03T04:07:39.692+0400] {processor.py:840} INFO - DAG(s) 'latest_only_with_trigger' retrieved from /home/reurairin/projects/urfu/urfu_3s_mlops-3/env/lib/python3.10/site-packages/airflow/example_dags/example_latest_only_with_trigger.py
[2024-02-03T04:07:39.705+0400] {logging_mixin.py:188} INFO - [2024-02-03T04:07:39.704+0400] {dag.py:3036} INFO - Sync 1 DAGs
[2024-02-03T04:07:39.717+0400] {logging_mixin.py:188} INFO - [2024-02-03T04:07:39.717+0400] {dag.py:3823} INFO - Setting next_dagrun for latest_only_with_trigger to 2024-02-02 20:00:00+00:00, run_after=2024-02-03 00:00:00+00:00
[2024-02-03T04:07:39.733+0400] {processor.py:183} INFO - Processing /home/reurairin/projects/urfu/urfu_3s_mlops-3/env/lib/python3.10/site-packages/airflow/example_dags/example_latest_only_with_trigger.py took 0.049 seconds
[2024-02-03T04:08:29.576+0400] {processor.py:161} INFO - Started process (PID=7843) to work on /home/reurairin/projects/urfu/urfu_3s_mlops-3/env/lib/python3.10/site-packages/airflow/example_dags/example_latest_only_with_trigger.py
[2024-02-03T04:08:29.584+0400] {processor.py:830} INFO - Processing file /home/reurairin/projects/urfu/urfu_3s_mlops-3/env/lib/python3.10/site-packages/airflow/example_dags/example_latest_only_with_trigger.py for tasks to queue
[2024-02-03T04:08:29.585+0400] {logging_mixin.py:188} INFO - [2024-02-03T04:08:29.584+0400] {dagbag.py:538} INFO - Filling up the DagBag from /home/reurairin/projects/urfu/urfu_3s_mlops-3/env/lib/python3.10/site-packages/airflow/example_dags/example_latest_only_with_trigger.py
[2024-02-03T04:08:29.589+0400] {processor.py:840} INFO - DAG(s) 'latest_only_with_trigger' retrieved from /home/reurairin/projects/urfu/urfu_3s_mlops-3/env/lib/python3.10/site-packages/airflow/example_dags/example_latest_only_with_trigger.py
[2024-02-03T04:08:29.597+0400] {logging_mixin.py:188} INFO - [2024-02-03T04:08:29.597+0400] {dag.py:3036} INFO - Sync 1 DAGs
[2024-02-03T04:08:29.606+0400] {logging_mixin.py:188} INFO - [2024-02-03T04:08:29.606+0400] {dag.py:3823} INFO - Setting next_dagrun for latest_only_with_trigger to 2024-02-02 20:00:00+00:00, run_after=2024-02-03 00:00:00+00:00
[2024-02-03T04:08:29.619+0400] {processor.py:183} INFO - Processing /home/reurairin/projects/urfu/urfu_3s_mlops-3/env/lib/python3.10/site-packages/airflow/example_dags/example_latest_only_with_trigger.py took 0.045 seconds
[2024-02-03T04:09:20.701+0400] {processor.py:161} INFO - Started process (PID=8062) to work on /home/reurairin/projects/urfu/urfu_3s_mlops-3/env/lib/python3.10/site-packages/airflow/example_dags/example_latest_only_with_trigger.py
[2024-02-03T04:09:20.704+0400] {processor.py:830} INFO - Processing file /home/reurairin/projects/urfu/urfu_3s_mlops-3/env/lib/python3.10/site-packages/airflow/example_dags/example_latest_only_with_trigger.py for tasks to queue
[2024-02-03T04:09:20.705+0400] {logging_mixin.py:188} INFO - [2024-02-03T04:09:20.705+0400] {dagbag.py:538} INFO - Filling up the DagBag from /home/reurairin/projects/urfu/urfu_3s_mlops-3/env/lib/python3.10/site-packages/airflow/example_dags/example_latest_only_with_trigger.py
[2024-02-03T04:09:20.722+0400] {processor.py:840} INFO - DAG(s) 'latest_only_with_trigger' retrieved from /home/reurairin/projects/urfu/urfu_3s_mlops-3/env/lib/python3.10/site-packages/airflow/example_dags/example_latest_only_with_trigger.py
[2024-02-03T04:09:20.749+0400] {logging_mixin.py:188} INFO - [2024-02-03T04:09:20.749+0400] {dag.py:3036} INFO - Sync 1 DAGs
[2024-02-03T04:09:20.765+0400] {logging_mixin.py:188} INFO - [2024-02-03T04:09:20.764+0400] {dag.py:3823} INFO - Setting next_dagrun for latest_only_with_trigger to 2024-02-02 20:00:00+00:00, run_after=2024-02-03 00:00:00+00:00
[2024-02-03T04:09:20.782+0400] {processor.py:183} INFO - Processing /home/reurairin/projects/urfu/urfu_3s_mlops-3/env/lib/python3.10/site-packages/airflow/example_dags/example_latest_only_with_trigger.py took 0.089 seconds
[2024-02-03T04:10:11.768+0400] {processor.py:161} INFO - Started process (PID=8508) to work on /home/reurairin/projects/urfu/urfu_3s_mlops-3/env/lib/python3.10/site-packages/airflow/example_dags/example_latest_only_with_trigger.py
[2024-02-03T04:10:11.776+0400] {processor.py:830} INFO - Processing file /home/reurairin/projects/urfu/urfu_3s_mlops-3/env/lib/python3.10/site-packages/airflow/example_dags/example_latest_only_with_trigger.py for tasks to queue
[2024-02-03T04:10:11.777+0400] {logging_mixin.py:188} INFO - [2024-02-03T04:10:11.777+0400] {dagbag.py:538} INFO - Filling up the DagBag from /home/reurairin/projects/urfu/urfu_3s_mlops-3/env/lib/python3.10/site-packages/airflow/example_dags/example_latest_only_with_trigger.py
[2024-02-03T04:10:11.785+0400] {processor.py:840} INFO - DAG(s) 'latest_only_with_trigger' retrieved from /home/reurairin/projects/urfu/urfu_3s_mlops-3/env/lib/python3.10/site-packages/airflow/example_dags/example_latest_only_with_trigger.py
[2024-02-03T04:10:11.801+0400] {logging_mixin.py:188} INFO - [2024-02-03T04:10:11.801+0400] {dag.py:3036} INFO - Sync 1 DAGs
[2024-02-03T04:10:11.816+0400] {logging_mixin.py:188} INFO - [2024-02-03T04:10:11.815+0400] {dag.py:3823} INFO - Setting next_dagrun for latest_only_with_trigger to 2024-02-02 20:00:00+00:00, run_after=2024-02-03 00:00:00+00:00
[2024-02-03T04:10:11.829+0400] {processor.py:183} INFO - Processing /home/reurairin/projects/urfu/urfu_3s_mlops-3/env/lib/python3.10/site-packages/airflow/example_dags/example_latest_only_with_trigger.py took 0.063 seconds
