[2024-02-03T04:00:25.345+0400] {processor.py:161} INFO - Started process (PID=5720) to work on /home/reurairin/projects/urfu/urfu_3s_mlops-3/env/lib/python3.10/site-packages/airflow/example_dags/tutorial_objectstorage.py
[2024-02-03T04:00:25.346+0400] {processor.py:830} INFO - Processing file /home/reurairin/projects/urfu/urfu_3s_mlops-3/env/lib/python3.10/site-packages/airflow/example_dags/tutorial_objectstorage.py for tasks to queue
[2024-02-03T04:00:25.347+0400] {logging_mixin.py:188} INFO - [2024-02-03T04:00:25.346+0400] {dagbag.py:538} INFO - Filling up the DagBag from /home/reurairin/projects/urfu/urfu_3s_mlops-3/env/lib/python3.10/site-packages/airflow/example_dags/tutorial_objectstorage.py
[2024-02-03T04:00:25.352+0400] {processor.py:840} INFO - DAG(s) 'tutorial_objectstorage' retrieved from /home/reurairin/projects/urfu/urfu_3s_mlops-3/env/lib/python3.10/site-packages/airflow/example_dags/tutorial_objectstorage.py
[2024-02-03T04:00:25.361+0400] {logging_mixin.py:188} INFO - [2024-02-03T04:00:25.361+0400] {dag.py:3036} INFO - Sync 1 DAGs
[2024-02-03T04:00:25.367+0400] {logging_mixin.py:188} INFO - [2024-02-03T04:00:25.367+0400] {dag.py:3823} INFO - Setting next_dagrun for tutorial_objectstorage to None, run_after=None
[2024-02-03T04:00:25.387+0400] {processor.py:183} INFO - Processing /home/reurairin/projects/urfu/urfu_3s_mlops-3/env/lib/python3.10/site-packages/airflow/example_dags/tutorial_objectstorage.py took 0.044 seconds
[2024-02-03T04:01:03.313+0400] {processor.py:161} INFO - Started process (PID=5881) to work on /home/reurairin/projects/urfu/urfu_3s_mlops-3/env/lib/python3.10/site-packages/airflow/example_dags/tutorial_objectstorage.py
[2024-02-03T04:01:03.320+0400] {processor.py:830} INFO - Processing file /home/reurairin/projects/urfu/urfu_3s_mlops-3/env/lib/python3.10/site-packages/airflow/example_dags/tutorial_objectstorage.py for tasks to queue
[2024-02-03T04:01:03.321+0400] {logging_mixin.py:188} INFO - [2024-02-03T04:01:03.320+0400] {dagbag.py:538} INFO - Filling up the DagBag from /home/reurairin/projects/urfu/urfu_3s_mlops-3/env/lib/python3.10/site-packages/airflow/example_dags/tutorial_objectstorage.py
[2024-02-03T04:01:03.325+0400] {processor.py:840} INFO - DAG(s) 'tutorial_objectstorage' retrieved from /home/reurairin/projects/urfu/urfu_3s_mlops-3/env/lib/python3.10/site-packages/airflow/example_dags/tutorial_objectstorage.py
[2024-02-03T04:01:03.334+0400] {logging_mixin.py:188} INFO - [2024-02-03T04:01:03.334+0400] {dag.py:3036} INFO - Sync 1 DAGs
[2024-02-03T04:01:03.343+0400] {logging_mixin.py:188} INFO - [2024-02-03T04:01:03.342+0400] {dag.py:3823} INFO - Setting next_dagrun for tutorial_objectstorage to None, run_after=None
[2024-02-03T04:01:03.358+0400] {processor.py:183} INFO - Processing /home/reurairin/projects/urfu/urfu_3s_mlops-3/env/lib/python3.10/site-packages/airflow/example_dags/tutorial_objectstorage.py took 0.048 seconds
[2024-02-03T04:01:36.417+0400] {processor.py:161} INFO - Started process (PID=6016) to work on /home/reurairin/projects/urfu/urfu_3s_mlops-3/env/lib/python3.10/site-packages/airflow/example_dags/tutorial_objectstorage.py
[2024-02-03T04:01:36.417+0400] {processor.py:830} INFO - Processing file /home/reurairin/projects/urfu/urfu_3s_mlops-3/env/lib/python3.10/site-packages/airflow/example_dags/tutorial_objectstorage.py for tasks to queue
[2024-02-03T04:01:36.418+0400] {logging_mixin.py:188} INFO - [2024-02-03T04:01:36.418+0400] {dagbag.py:538} INFO - Filling up the DagBag from /home/reurairin/projects/urfu/urfu_3s_mlops-3/env/lib/python3.10/site-packages/airflow/example_dags/tutorial_objectstorage.py
[2024-02-03T04:01:36.423+0400] {processor.py:840} INFO - DAG(s) 'tutorial_objectstorage' retrieved from /home/reurairin/projects/urfu/urfu_3s_mlops-3/env/lib/python3.10/site-packages/airflow/example_dags/tutorial_objectstorage.py
[2024-02-03T04:01:36.433+0400] {logging_mixin.py:188} INFO - [2024-02-03T04:01:36.432+0400] {dag.py:3036} INFO - Sync 1 DAGs
[2024-02-03T04:01:36.439+0400] {logging_mixin.py:188} INFO - [2024-02-03T04:01:36.439+0400] {dag.py:3823} INFO - Setting next_dagrun for tutorial_objectstorage to None, run_after=None
[2024-02-03T04:01:36.452+0400] {processor.py:183} INFO - Processing /home/reurairin/projects/urfu/urfu_3s_mlops-3/env/lib/python3.10/site-packages/airflow/example_dags/tutorial_objectstorage.py took 0.037 seconds
[2024-02-03T04:02:10.054+0400] {processor.py:161} INFO - Started process (PID=6162) to work on /home/reurairin/projects/urfu/urfu_3s_mlops-3/env/lib/python3.10/site-packages/airflow/example_dags/tutorial_objectstorage.py
[2024-02-03T04:02:10.055+0400] {processor.py:830} INFO - Processing file /home/reurairin/projects/urfu/urfu_3s_mlops-3/env/lib/python3.10/site-packages/airflow/example_dags/tutorial_objectstorage.py for tasks to queue
[2024-02-03T04:02:10.056+0400] {logging_mixin.py:188} INFO - [2024-02-03T04:02:10.055+0400] {dagbag.py:538} INFO - Filling up the DagBag from /home/reurairin/projects/urfu/urfu_3s_mlops-3/env/lib/python3.10/site-packages/airflow/example_dags/tutorial_objectstorage.py
[2024-02-03T04:02:10.060+0400] {processor.py:840} INFO - DAG(s) 'tutorial_objectstorage' retrieved from /home/reurairin/projects/urfu/urfu_3s_mlops-3/env/lib/python3.10/site-packages/airflow/example_dags/tutorial_objectstorage.py
[2024-02-03T04:02:10.069+0400] {logging_mixin.py:188} INFO - [2024-02-03T04:02:10.068+0400] {dag.py:3036} INFO - Sync 1 DAGs
[2024-02-03T04:02:10.075+0400] {logging_mixin.py:188} INFO - [2024-02-03T04:02:10.075+0400] {dag.py:3823} INFO - Setting next_dagrun for tutorial_objectstorage to None, run_after=None
[2024-02-03T04:02:10.088+0400] {processor.py:183} INFO - Processing /home/reurairin/projects/urfu/urfu_3s_mlops-3/env/lib/python3.10/site-packages/airflow/example_dags/tutorial_objectstorage.py took 0.037 seconds
[2024-02-03T04:02:43.834+0400] {processor.py:161} INFO - Started process (PID=6310) to work on /home/reurairin/projects/urfu/urfu_3s_mlops-3/env/lib/python3.10/site-packages/airflow/example_dags/tutorial_objectstorage.py
[2024-02-03T04:02:43.835+0400] {processor.py:830} INFO - Processing file /home/reurairin/projects/urfu/urfu_3s_mlops-3/env/lib/python3.10/site-packages/airflow/example_dags/tutorial_objectstorage.py for tasks to queue
[2024-02-03T04:02:43.836+0400] {logging_mixin.py:188} INFO - [2024-02-03T04:02:43.835+0400] {dagbag.py:538} INFO - Filling up the DagBag from /home/reurairin/projects/urfu/urfu_3s_mlops-3/env/lib/python3.10/site-packages/airflow/example_dags/tutorial_objectstorage.py
[2024-02-03T04:02:43.840+0400] {processor.py:840} INFO - DAG(s) 'tutorial_objectstorage' retrieved from /home/reurairin/projects/urfu/urfu_3s_mlops-3/env/lib/python3.10/site-packages/airflow/example_dags/tutorial_objectstorage.py
[2024-02-03T04:02:43.849+0400] {logging_mixin.py:188} INFO - [2024-02-03T04:02:43.848+0400] {dag.py:3036} INFO - Sync 1 DAGs
[2024-02-03T04:02:43.855+0400] {logging_mixin.py:188} INFO - [2024-02-03T04:02:43.855+0400] {dag.py:3823} INFO - Setting next_dagrun for tutorial_objectstorage to None, run_after=None
[2024-02-03T04:02:43.870+0400] {processor.py:183} INFO - Processing /home/reurairin/projects/urfu/urfu_3s_mlops-3/env/lib/python3.10/site-packages/airflow/example_dags/tutorial_objectstorage.py took 0.038 seconds
[2024-02-03T04:03:22.048+0400] {processor.py:161} INFO - Started process (PID=6472) to work on /home/reurairin/projects/urfu/urfu_3s_mlops-3/env/lib/python3.10/site-packages/airflow/example_dags/tutorial_objectstorage.py
[2024-02-03T04:03:22.056+0400] {processor.py:830} INFO - Processing file /home/reurairin/projects/urfu/urfu_3s_mlops-3/env/lib/python3.10/site-packages/airflow/example_dags/tutorial_objectstorage.py for tasks to queue
[2024-02-03T04:03:22.057+0400] {logging_mixin.py:188} INFO - [2024-02-03T04:03:22.057+0400] {dagbag.py:538} INFO - Filling up the DagBag from /home/reurairin/projects/urfu/urfu_3s_mlops-3/env/lib/python3.10/site-packages/airflow/example_dags/tutorial_objectstorage.py
[2024-02-03T04:03:22.063+0400] {processor.py:840} INFO - DAG(s) 'tutorial_objectstorage' retrieved from /home/reurairin/projects/urfu/urfu_3s_mlops-3/env/lib/python3.10/site-packages/airflow/example_dags/tutorial_objectstorage.py
[2024-02-03T04:03:22.075+0400] {logging_mixin.py:188} INFO - [2024-02-03T04:03:22.075+0400] {dag.py:3036} INFO - Sync 1 DAGs
[2024-02-03T04:03:22.085+0400] {logging_mixin.py:188} INFO - [2024-02-03T04:03:22.085+0400] {dag.py:3823} INFO - Setting next_dagrun for tutorial_objectstorage to None, run_after=None
[2024-02-03T04:03:22.105+0400] {processor.py:183} INFO - Processing /home/reurairin/projects/urfu/urfu_3s_mlops-3/env/lib/python3.10/site-packages/airflow/example_dags/tutorial_objectstorage.py took 0.059 seconds
[2024-02-03T04:03:58.027+0400] {processor.py:161} INFO - Started process (PID=6617) to work on /home/reurairin/projects/urfu/urfu_3s_mlops-3/env/lib/python3.10/site-packages/airflow/example_dags/tutorial_objectstorage.py
[2024-02-03T04:03:58.035+0400] {processor.py:830} INFO - Processing file /home/reurairin/projects/urfu/urfu_3s_mlops-3/env/lib/python3.10/site-packages/airflow/example_dags/tutorial_objectstorage.py for tasks to queue
[2024-02-03T04:03:58.036+0400] {logging_mixin.py:188} INFO - [2024-02-03T04:03:58.036+0400] {dagbag.py:538} INFO - Filling up the DagBag from /home/reurairin/projects/urfu/urfu_3s_mlops-3/env/lib/python3.10/site-packages/airflow/example_dags/tutorial_objectstorage.py
[2024-02-03T04:03:58.043+0400] {processor.py:840} INFO - DAG(s) 'tutorial_objectstorage' retrieved from /home/reurairin/projects/urfu/urfu_3s_mlops-3/env/lib/python3.10/site-packages/airflow/example_dags/tutorial_objectstorage.py
[2024-02-03T04:03:58.053+0400] {logging_mixin.py:188} INFO - [2024-02-03T04:03:58.052+0400] {dag.py:3036} INFO - Sync 1 DAGs
[2024-02-03T04:03:58.061+0400] {logging_mixin.py:188} INFO - [2024-02-03T04:03:58.061+0400] {dag.py:3823} INFO - Setting next_dagrun for tutorial_objectstorage to None, run_after=None
[2024-02-03T04:03:58.076+0400] {processor.py:183} INFO - Processing /home/reurairin/projects/urfu/urfu_3s_mlops-3/env/lib/python3.10/site-packages/airflow/example_dags/tutorial_objectstorage.py took 0.052 seconds
[2024-02-03T04:04:31.147+0400] {processor.py:161} INFO - Started process (PID=6761) to work on /home/reurairin/projects/urfu/urfu_3s_mlops-3/env/lib/python3.10/site-packages/airflow/example_dags/tutorial_objectstorage.py
[2024-02-03T04:04:31.147+0400] {processor.py:830} INFO - Processing file /home/reurairin/projects/urfu/urfu_3s_mlops-3/env/lib/python3.10/site-packages/airflow/example_dags/tutorial_objectstorage.py for tasks to queue
[2024-02-03T04:04:31.148+0400] {logging_mixin.py:188} INFO - [2024-02-03T04:04:31.148+0400] {dagbag.py:538} INFO - Filling up the DagBag from /home/reurairin/projects/urfu/urfu_3s_mlops-3/env/lib/python3.10/site-packages/airflow/example_dags/tutorial_objectstorage.py
[2024-02-03T04:04:31.152+0400] {processor.py:840} INFO - DAG(s) 'tutorial_objectstorage' retrieved from /home/reurairin/projects/urfu/urfu_3s_mlops-3/env/lib/python3.10/site-packages/airflow/example_dags/tutorial_objectstorage.py
[2024-02-03T04:04:31.160+0400] {logging_mixin.py:188} INFO - [2024-02-03T04:04:31.160+0400] {dag.py:3036} INFO - Sync 1 DAGs
[2024-02-03T04:04:31.166+0400] {logging_mixin.py:188} INFO - [2024-02-03T04:04:31.166+0400] {dag.py:3823} INFO - Setting next_dagrun for tutorial_objectstorage to None, run_after=None
[2024-02-03T04:04:31.178+0400] {processor.py:183} INFO - Processing /home/reurairin/projects/urfu/urfu_3s_mlops-3/env/lib/python3.10/site-packages/airflow/example_dags/tutorial_objectstorage.py took 0.033 seconds
[2024-02-03T04:05:03.813+0400] {processor.py:161} INFO - Started process (PID=6902) to work on /home/reurairin/projects/urfu/urfu_3s_mlops-3/env/lib/python3.10/site-packages/airflow/example_dags/tutorial_objectstorage.py
[2024-02-03T04:05:03.821+0400] {processor.py:830} INFO - Processing file /home/reurairin/projects/urfu/urfu_3s_mlops-3/env/lib/python3.10/site-packages/airflow/example_dags/tutorial_objectstorage.py for tasks to queue
[2024-02-03T04:05:03.823+0400] {logging_mixin.py:188} INFO - [2024-02-03T04:05:03.822+0400] {dagbag.py:538} INFO - Filling up the DagBag from /home/reurairin/projects/urfu/urfu_3s_mlops-3/env/lib/python3.10/site-packages/airflow/example_dags/tutorial_objectstorage.py
[2024-02-03T04:05:03.830+0400] {processor.py:840} INFO - DAG(s) 'tutorial_objectstorage' retrieved from /home/reurairin/projects/urfu/urfu_3s_mlops-3/env/lib/python3.10/site-packages/airflow/example_dags/tutorial_objectstorage.py
[2024-02-03T04:05:03.840+0400] {logging_mixin.py:188} INFO - [2024-02-03T04:05:03.840+0400] {dag.py:3036} INFO - Sync 1 DAGs
[2024-02-03T04:05:03.849+0400] {logging_mixin.py:188} INFO - [2024-02-03T04:05:03.849+0400] {dag.py:3823} INFO - Setting next_dagrun for tutorial_objectstorage to None, run_after=None
[2024-02-03T04:05:03.866+0400] {processor.py:183} INFO - Processing /home/reurairin/projects/urfu/urfu_3s_mlops-3/env/lib/python3.10/site-packages/airflow/example_dags/tutorial_objectstorage.py took 0.055 seconds
[2024-02-03T04:05:43.032+0400] {processor.py:161} INFO - Started process (PID=7070) to work on /home/reurairin/projects/urfu/urfu_3s_mlops-3/env/lib/python3.10/site-packages/airflow/example_dags/tutorial_objectstorage.py
[2024-02-03T04:05:43.033+0400] {processor.py:830} INFO - Processing file /home/reurairin/projects/urfu/urfu_3s_mlops-3/env/lib/python3.10/site-packages/airflow/example_dags/tutorial_objectstorage.py for tasks to queue
[2024-02-03T04:05:43.034+0400] {logging_mixin.py:188} INFO - [2024-02-03T04:05:43.033+0400] {dagbag.py:538} INFO - Filling up the DagBag from /home/reurairin/projects/urfu/urfu_3s_mlops-3/env/lib/python3.10/site-packages/airflow/example_dags/tutorial_objectstorage.py
[2024-02-03T04:05:43.038+0400] {processor.py:840} INFO - DAG(s) 'tutorial_objectstorage' retrieved from /home/reurairin/projects/urfu/urfu_3s_mlops-3/env/lib/python3.10/site-packages/airflow/example_dags/tutorial_objectstorage.py
[2024-02-03T04:05:43.048+0400] {logging_mixin.py:188} INFO - [2024-02-03T04:05:43.048+0400] {dag.py:3036} INFO - Sync 1 DAGs
[2024-02-03T04:05:43.057+0400] {logging_mixin.py:188} INFO - [2024-02-03T04:05:43.056+0400] {dag.py:3823} INFO - Setting next_dagrun for tutorial_objectstorage to None, run_after=None
[2024-02-03T04:05:43.073+0400] {processor.py:183} INFO - Processing /home/reurairin/projects/urfu/urfu_3s_mlops-3/env/lib/python3.10/site-packages/airflow/example_dags/tutorial_objectstorage.py took 0.042 seconds
[2024-02-03T04:06:15.873+0400] {processor.py:161} INFO - Started process (PID=7267) to work on /home/reurairin/projects/urfu/urfu_3s_mlops-3/env/lib/python3.10/site-packages/airflow/example_dags/tutorial_objectstorage.py
[2024-02-03T04:06:15.880+0400] {processor.py:830} INFO - Processing file /home/reurairin/projects/urfu/urfu_3s_mlops-3/env/lib/python3.10/site-packages/airflow/example_dags/tutorial_objectstorage.py for tasks to queue
[2024-02-03T04:06:15.881+0400] {logging_mixin.py:188} INFO - [2024-02-03T04:06:15.880+0400] {dagbag.py:538} INFO - Filling up the DagBag from /home/reurairin/projects/urfu/urfu_3s_mlops-3/env/lib/python3.10/site-packages/airflow/example_dags/tutorial_objectstorage.py
[2024-02-03T04:06:15.885+0400] {processor.py:840} INFO - DAG(s) 'tutorial_objectstorage' retrieved from /home/reurairin/projects/urfu/urfu_3s_mlops-3/env/lib/python3.10/site-packages/airflow/example_dags/tutorial_objectstorage.py
[2024-02-03T04:06:15.896+0400] {logging_mixin.py:188} INFO - [2024-02-03T04:06:15.896+0400] {dag.py:3036} INFO - Sync 1 DAGs
[2024-02-03T04:06:15.903+0400] {logging_mixin.py:188} INFO - [2024-02-03T04:06:15.903+0400] {dag.py:3823} INFO - Setting next_dagrun for tutorial_objectstorage to None, run_after=None
[2024-02-03T04:06:15.920+0400] {processor.py:183} INFO - Processing /home/reurairin/projects/urfu/urfu_3s_mlops-3/env/lib/python3.10/site-packages/airflow/example_dags/tutorial_objectstorage.py took 0.049 seconds
[2024-02-03T04:06:48.395+0400] {processor.py:161} INFO - Started process (PID=7396) to work on /home/reurairin/projects/urfu/urfu_3s_mlops-3/env/lib/python3.10/site-packages/airflow/example_dags/tutorial_objectstorage.py
[2024-02-03T04:06:48.396+0400] {processor.py:830} INFO - Processing file /home/reurairin/projects/urfu/urfu_3s_mlops-3/env/lib/python3.10/site-packages/airflow/example_dags/tutorial_objectstorage.py for tasks to queue
[2024-02-03T04:06:48.397+0400] {logging_mixin.py:188} INFO - [2024-02-03T04:06:48.397+0400] {dagbag.py:538} INFO - Filling up the DagBag from /home/reurairin/projects/urfu/urfu_3s_mlops-3/env/lib/python3.10/site-packages/airflow/example_dags/tutorial_objectstorage.py
[2024-02-03T04:06:48.401+0400] {processor.py:840} INFO - DAG(s) 'tutorial_objectstorage' retrieved from /home/reurairin/projects/urfu/urfu_3s_mlops-3/env/lib/python3.10/site-packages/airflow/example_dags/tutorial_objectstorage.py
[2024-02-03T04:06:48.411+0400] {logging_mixin.py:188} INFO - [2024-02-03T04:06:48.411+0400] {dag.py:3036} INFO - Sync 1 DAGs
[2024-02-03T04:06:48.418+0400] {logging_mixin.py:188} INFO - [2024-02-03T04:06:48.418+0400] {dag.py:3823} INFO - Setting next_dagrun for tutorial_objectstorage to None, run_after=None
[2024-02-03T04:06:48.435+0400] {processor.py:183} INFO - Processing /home/reurairin/projects/urfu/urfu_3s_mlops-3/env/lib/python3.10/site-packages/airflow/example_dags/tutorial_objectstorage.py took 0.042 seconds
[2024-02-03T04:07:27.005+0400] {processor.py:161} INFO - Started process (PID=7569) to work on /home/reurairin/projects/urfu/urfu_3s_mlops-3/env/lib/python3.10/site-packages/airflow/example_dags/tutorial_objectstorage.py
[2024-02-03T04:07:27.012+0400] {processor.py:830} INFO - Processing file /home/reurairin/projects/urfu/urfu_3s_mlops-3/env/lib/python3.10/site-packages/airflow/example_dags/tutorial_objectstorage.py for tasks to queue
[2024-02-03T04:07:27.012+0400] {logging_mixin.py:188} INFO - [2024-02-03T04:07:27.012+0400] {dagbag.py:538} INFO - Filling up the DagBag from /home/reurairin/projects/urfu/urfu_3s_mlops-3/env/lib/python3.10/site-packages/airflow/example_dags/tutorial_objectstorage.py
[2024-02-03T04:07:27.017+0400] {processor.py:840} INFO - DAG(s) 'tutorial_objectstorage' retrieved from /home/reurairin/projects/urfu/urfu_3s_mlops-3/env/lib/python3.10/site-packages/airflow/example_dags/tutorial_objectstorage.py
[2024-02-03T04:07:27.025+0400] {logging_mixin.py:188} INFO - [2024-02-03T04:07:27.025+0400] {dag.py:3036} INFO - Sync 1 DAGs
[2024-02-03T04:07:27.031+0400] {logging_mixin.py:188} INFO - [2024-02-03T04:07:27.031+0400] {dag.py:3823} INFO - Setting next_dagrun for tutorial_objectstorage to None, run_after=None
[2024-02-03T04:07:27.046+0400] {processor.py:183} INFO - Processing /home/reurairin/projects/urfu/urfu_3s_mlops-3/env/lib/python3.10/site-packages/airflow/example_dags/tutorial_objectstorage.py took 0.043 seconds
[2024-02-03T04:08:02.701+0400] {processor.py:161} INFO - Started process (PID=7721) to work on /home/reurairin/projects/urfu/urfu_3s_mlops-3/env/lib/python3.10/site-packages/airflow/example_dags/tutorial_objectstorage.py
[2024-02-03T04:08:02.708+0400] {processor.py:830} INFO - Processing file /home/reurairin/projects/urfu/urfu_3s_mlops-3/env/lib/python3.10/site-packages/airflow/example_dags/tutorial_objectstorage.py for tasks to queue
[2024-02-03T04:08:02.709+0400] {logging_mixin.py:188} INFO - [2024-02-03T04:08:02.709+0400] {dagbag.py:538} INFO - Filling up the DagBag from /home/reurairin/projects/urfu/urfu_3s_mlops-3/env/lib/python3.10/site-packages/airflow/example_dags/tutorial_objectstorage.py
[2024-02-03T04:08:02.713+0400] {processor.py:840} INFO - DAG(s) 'tutorial_objectstorage' retrieved from /home/reurairin/projects/urfu/urfu_3s_mlops-3/env/lib/python3.10/site-packages/airflow/example_dags/tutorial_objectstorage.py
[2024-02-03T04:08:02.721+0400] {logging_mixin.py:188} INFO - [2024-02-03T04:08:02.721+0400] {dag.py:3036} INFO - Sync 1 DAGs
[2024-02-03T04:08:02.726+0400] {logging_mixin.py:188} INFO - [2024-02-03T04:08:02.726+0400] {dag.py:3823} INFO - Setting next_dagrun for tutorial_objectstorage to None, run_after=None
[2024-02-03T04:08:02.738+0400] {processor.py:183} INFO - Processing /home/reurairin/projects/urfu/urfu_3s_mlops-3/env/lib/python3.10/site-packages/airflow/example_dags/tutorial_objectstorage.py took 0.039 seconds
[2024-02-03T04:08:34.988+0400] {processor.py:161} INFO - Started process (PID=7864) to work on /home/reurairin/projects/urfu/urfu_3s_mlops-3/env/lib/python3.10/site-packages/airflow/example_dags/tutorial_objectstorage.py
[2024-02-03T04:08:34.989+0400] {processor.py:830} INFO - Processing file /home/reurairin/projects/urfu/urfu_3s_mlops-3/env/lib/python3.10/site-packages/airflow/example_dags/tutorial_objectstorage.py for tasks to queue
[2024-02-03T04:08:34.990+0400] {logging_mixin.py:188} INFO - [2024-02-03T04:08:34.990+0400] {dagbag.py:538} INFO - Filling up the DagBag from /home/reurairin/projects/urfu/urfu_3s_mlops-3/env/lib/python3.10/site-packages/airflow/example_dags/tutorial_objectstorage.py
[2024-02-03T04:08:34.994+0400] {processor.py:840} INFO - DAG(s) 'tutorial_objectstorage' retrieved from /home/reurairin/projects/urfu/urfu_3s_mlops-3/env/lib/python3.10/site-packages/airflow/example_dags/tutorial_objectstorage.py
[2024-02-03T04:08:35.003+0400] {logging_mixin.py:188} INFO - [2024-02-03T04:08:35.003+0400] {dag.py:3036} INFO - Sync 1 DAGs
[2024-02-03T04:08:35.010+0400] {logging_mixin.py:188} INFO - [2024-02-03T04:08:35.009+0400] {dag.py:3823} INFO - Setting next_dagrun for tutorial_objectstorage to None, run_after=None
[2024-02-03T04:08:35.024+0400] {processor.py:183} INFO - Processing /home/reurairin/projects/urfu/urfu_3s_mlops-3/env/lib/python3.10/site-packages/airflow/example_dags/tutorial_objectstorage.py took 0.038 seconds
[2024-02-03T04:09:09.418+0400] {processor.py:161} INFO - Started process (PID=8005) to work on /home/reurairin/projects/urfu/urfu_3s_mlops-3/env/lib/python3.10/site-packages/airflow/example_dags/tutorial_objectstorage.py
[2024-02-03T04:09:09.419+0400] {processor.py:830} INFO - Processing file /home/reurairin/projects/urfu/urfu_3s_mlops-3/env/lib/python3.10/site-packages/airflow/example_dags/tutorial_objectstorage.py for tasks to queue
[2024-02-03T04:09:09.419+0400] {logging_mixin.py:188} INFO - [2024-02-03T04:09:09.419+0400] {dagbag.py:538} INFO - Filling up the DagBag from /home/reurairin/projects/urfu/urfu_3s_mlops-3/env/lib/python3.10/site-packages/airflow/example_dags/tutorial_objectstorage.py
[2024-02-03T04:09:09.424+0400] {processor.py:840} INFO - DAG(s) 'tutorial_objectstorage' retrieved from /home/reurairin/projects/urfu/urfu_3s_mlops-3/env/lib/python3.10/site-packages/airflow/example_dags/tutorial_objectstorage.py
[2024-02-03T04:09:09.431+0400] {logging_mixin.py:188} INFO - [2024-02-03T04:09:09.431+0400] {dag.py:3036} INFO - Sync 1 DAGs
[2024-02-03T04:09:09.437+0400] {logging_mixin.py:188} INFO - [2024-02-03T04:09:09.437+0400] {dag.py:3823} INFO - Setting next_dagrun for tutorial_objectstorage to None, run_after=None
[2024-02-03T04:09:09.449+0400] {processor.py:183} INFO - Processing /home/reurairin/projects/urfu/urfu_3s_mlops-3/env/lib/python3.10/site-packages/airflow/example_dags/tutorial_objectstorage.py took 0.033 seconds
[2024-02-03T04:09:42.661+0400] {processor.py:161} INFO - Started process (PID=8211) to work on /home/reurairin/projects/urfu/urfu_3s_mlops-3/env/lib/python3.10/site-packages/airflow/example_dags/tutorial_objectstorage.py
[2024-02-03T04:09:42.668+0400] {processor.py:830} INFO - Processing file /home/reurairin/projects/urfu/urfu_3s_mlops-3/env/lib/python3.10/site-packages/airflow/example_dags/tutorial_objectstorage.py for tasks to queue
[2024-02-03T04:09:42.669+0400] {logging_mixin.py:188} INFO - [2024-02-03T04:09:42.668+0400] {dagbag.py:538} INFO - Filling up the DagBag from /home/reurairin/projects/urfu/urfu_3s_mlops-3/env/lib/python3.10/site-packages/airflow/example_dags/tutorial_objectstorage.py
[2024-02-03T04:09:42.673+0400] {processor.py:840} INFO - DAG(s) 'tutorial_objectstorage' retrieved from /home/reurairin/projects/urfu/urfu_3s_mlops-3/env/lib/python3.10/site-packages/airflow/example_dags/tutorial_objectstorage.py
[2024-02-03T04:09:42.681+0400] {logging_mixin.py:188} INFO - [2024-02-03T04:09:42.681+0400] {dag.py:3036} INFO - Sync 1 DAGs
[2024-02-03T04:09:42.687+0400] {logging_mixin.py:188} INFO - [2024-02-03T04:09:42.686+0400] {dag.py:3823} INFO - Setting next_dagrun for tutorial_objectstorage to None, run_after=None
[2024-02-03T04:09:42.700+0400] {processor.py:183} INFO - Processing /home/reurairin/projects/urfu/urfu_3s_mlops-3/env/lib/python3.10/site-packages/airflow/example_dags/tutorial_objectstorage.py took 0.041 seconds
