[2024-02-03T04:00:07.950+0400] {processor.py:161} INFO - Started process (PID=5652) to work on /home/reurairin/projects/urfu/urfu_3s_mlops-3/env/lib/python3.10/site-packages/airflow/example_dags/tutorial_taskflow_api.py
[2024-02-03T04:00:07.950+0400] {processor.py:830} INFO - Processing file /home/reurairin/projects/urfu/urfu_3s_mlops-3/env/lib/python3.10/site-packages/airflow/example_dags/tutorial_taskflow_api.py for tasks to queue
[2024-02-03T04:00:07.951+0400] {logging_mixin.py:188} INFO - [2024-02-03T04:00:07.951+0400] {dagbag.py:538} INFO - Filling up the DagBag from /home/reurairin/projects/urfu/urfu_3s_mlops-3/env/lib/python3.10/site-packages/airflow/example_dags/tutorial_taskflow_api.py
[2024-02-03T04:00:07.955+0400] {processor.py:840} INFO - DAG(s) 'tutorial_taskflow_api' retrieved from /home/reurairin/projects/urfu/urfu_3s_mlops-3/env/lib/python3.10/site-packages/airflow/example_dags/tutorial_taskflow_api.py
[2024-02-03T04:00:07.963+0400] {logging_mixin.py:188} INFO - [2024-02-03T04:00:07.963+0400] {dag.py:3036} INFO - Sync 1 DAGs
[2024-02-03T04:00:07.970+0400] {logging_mixin.py:188} INFO - [2024-02-03T04:00:07.970+0400] {dag.py:3823} INFO - Setting next_dagrun for tutorial_taskflow_api to None, run_after=None
[2024-02-03T04:00:07.991+0400] {processor.py:183} INFO - Processing /home/reurairin/projects/urfu/urfu_3s_mlops-3/env/lib/python3.10/site-packages/airflow/example_dags/tutorial_taskflow_api.py took 0.044 seconds
[2024-02-03T04:00:43.891+0400] {processor.py:161} INFO - Started process (PID=5792) to work on /home/reurairin/projects/urfu/urfu_3s_mlops-3/env/lib/python3.10/site-packages/airflow/example_dags/tutorial_taskflow_api.py
[2024-02-03T04:00:43.898+0400] {processor.py:830} INFO - Processing file /home/reurairin/projects/urfu/urfu_3s_mlops-3/env/lib/python3.10/site-packages/airflow/example_dags/tutorial_taskflow_api.py for tasks to queue
[2024-02-03T04:00:43.899+0400] {logging_mixin.py:188} INFO - [2024-02-03T04:00:43.899+0400] {dagbag.py:538} INFO - Filling up the DagBag from /home/reurairin/projects/urfu/urfu_3s_mlops-3/env/lib/python3.10/site-packages/airflow/example_dags/tutorial_taskflow_api.py
[2024-02-03T04:00:43.902+0400] {processor.py:840} INFO - DAG(s) 'tutorial_taskflow_api' retrieved from /home/reurairin/projects/urfu/urfu_3s_mlops-3/env/lib/python3.10/site-packages/airflow/example_dags/tutorial_taskflow_api.py
[2024-02-03T04:00:43.911+0400] {logging_mixin.py:188} INFO - [2024-02-03T04:00:43.911+0400] {dag.py:3036} INFO - Sync 1 DAGs
[2024-02-03T04:00:43.917+0400] {logging_mixin.py:188} INFO - [2024-02-03T04:00:43.917+0400] {dag.py:3823} INFO - Setting next_dagrun for tutorial_taskflow_api to None, run_after=None
[2024-02-03T04:00:43.931+0400] {processor.py:183} INFO - Processing /home/reurairin/projects/urfu/urfu_3s_mlops-3/env/lib/python3.10/site-packages/airflow/example_dags/tutorial_taskflow_api.py took 0.042 seconds
[2024-02-03T04:01:20.206+0400] {processor.py:161} INFO - Started process (PID=5951) to work on /home/reurairin/projects/urfu/urfu_3s_mlops-3/env/lib/python3.10/site-packages/airflow/example_dags/tutorial_taskflow_api.py
[2024-02-03T04:01:20.207+0400] {processor.py:830} INFO - Processing file /home/reurairin/projects/urfu/urfu_3s_mlops-3/env/lib/python3.10/site-packages/airflow/example_dags/tutorial_taskflow_api.py for tasks to queue
[2024-02-03T04:01:20.207+0400] {logging_mixin.py:188} INFO - [2024-02-03T04:01:20.207+0400] {dagbag.py:538} INFO - Filling up the DagBag from /home/reurairin/projects/urfu/urfu_3s_mlops-3/env/lib/python3.10/site-packages/airflow/example_dags/tutorial_taskflow_api.py
[2024-02-03T04:01:20.211+0400] {processor.py:840} INFO - DAG(s) 'tutorial_taskflow_api' retrieved from /home/reurairin/projects/urfu/urfu_3s_mlops-3/env/lib/python3.10/site-packages/airflow/example_dags/tutorial_taskflow_api.py
[2024-02-03T04:01:20.221+0400] {logging_mixin.py:188} INFO - [2024-02-03T04:01:20.221+0400] {dag.py:3036} INFO - Sync 1 DAGs
[2024-02-03T04:01:20.228+0400] {logging_mixin.py:188} INFO - [2024-02-03T04:01:20.228+0400] {dag.py:3823} INFO - Setting next_dagrun for tutorial_taskflow_api to None, run_after=None
[2024-02-03T04:01:20.242+0400] {processor.py:183} INFO - Processing /home/reurairin/projects/urfu/urfu_3s_mlops-3/env/lib/python3.10/site-packages/airflow/example_dags/tutorial_taskflow_api.py took 0.038 seconds
[2024-02-03T04:01:53.949+0400] {processor.py:161} INFO - Started process (PID=6096) to work on /home/reurairin/projects/urfu/urfu_3s_mlops-3/env/lib/python3.10/site-packages/airflow/example_dags/tutorial_taskflow_api.py
[2024-02-03T04:01:53.956+0400] {processor.py:830} INFO - Processing file /home/reurairin/projects/urfu/urfu_3s_mlops-3/env/lib/python3.10/site-packages/airflow/example_dags/tutorial_taskflow_api.py for tasks to queue
[2024-02-03T04:01:53.956+0400] {logging_mixin.py:188} INFO - [2024-02-03T04:01:53.956+0400] {dagbag.py:538} INFO - Filling up the DagBag from /home/reurairin/projects/urfu/urfu_3s_mlops-3/env/lib/python3.10/site-packages/airflow/example_dags/tutorial_taskflow_api.py
[2024-02-03T04:01:53.960+0400] {processor.py:840} INFO - DAG(s) 'tutorial_taskflow_api' retrieved from /home/reurairin/projects/urfu/urfu_3s_mlops-3/env/lib/python3.10/site-packages/airflow/example_dags/tutorial_taskflow_api.py
[2024-02-03T04:01:53.969+0400] {logging_mixin.py:188} INFO - [2024-02-03T04:01:53.969+0400] {dag.py:3036} INFO - Sync 1 DAGs
[2024-02-03T04:01:53.975+0400] {logging_mixin.py:188} INFO - [2024-02-03T04:01:53.975+0400] {dag.py:3823} INFO - Setting next_dagrun for tutorial_taskflow_api to None, run_after=None
[2024-02-03T04:01:53.989+0400] {processor.py:183} INFO - Processing /home/reurairin/projects/urfu/urfu_3s_mlops-3/env/lib/python3.10/site-packages/airflow/example_dags/tutorial_taskflow_api.py took 0.042 seconds
[2024-02-03T04:02:28.701+0400] {processor.py:161} INFO - Started process (PID=6236) to work on /home/reurairin/projects/urfu/urfu_3s_mlops-3/env/lib/python3.10/site-packages/airflow/example_dags/tutorial_taskflow_api.py
[2024-02-03T04:02:28.702+0400] {processor.py:830} INFO - Processing file /home/reurairin/projects/urfu/urfu_3s_mlops-3/env/lib/python3.10/site-packages/airflow/example_dags/tutorial_taskflow_api.py for tasks to queue
[2024-02-03T04:02:28.703+0400] {logging_mixin.py:188} INFO - [2024-02-03T04:02:28.703+0400] {dagbag.py:538} INFO - Filling up the DagBag from /home/reurairin/projects/urfu/urfu_3s_mlops-3/env/lib/python3.10/site-packages/airflow/example_dags/tutorial_taskflow_api.py
[2024-02-03T04:02:28.707+0400] {processor.py:840} INFO - DAG(s) 'tutorial_taskflow_api' retrieved from /home/reurairin/projects/urfu/urfu_3s_mlops-3/env/lib/python3.10/site-packages/airflow/example_dags/tutorial_taskflow_api.py
[2024-02-03T04:02:28.716+0400] {logging_mixin.py:188} INFO - [2024-02-03T04:02:28.716+0400] {dag.py:3036} INFO - Sync 1 DAGs
[2024-02-03T04:02:28.722+0400] {logging_mixin.py:188} INFO - [2024-02-03T04:02:28.722+0400] {dag.py:3823} INFO - Setting next_dagrun for tutorial_taskflow_api to None, run_after=None
[2024-02-03T04:02:28.735+0400] {processor.py:183} INFO - Processing /home/reurairin/projects/urfu/urfu_3s_mlops-3/env/lib/python3.10/site-packages/airflow/example_dags/tutorial_taskflow_api.py took 0.035 seconds
[2024-02-03T04:03:03.788+0400] {processor.py:161} INFO - Started process (PID=6390) to work on /home/reurairin/projects/urfu/urfu_3s_mlops-3/env/lib/python3.10/site-packages/airflow/example_dags/tutorial_taskflow_api.py
[2024-02-03T04:03:03.789+0400] {processor.py:830} INFO - Processing file /home/reurairin/projects/urfu/urfu_3s_mlops-3/env/lib/python3.10/site-packages/airflow/example_dags/tutorial_taskflow_api.py for tasks to queue
[2024-02-03T04:03:03.789+0400] {logging_mixin.py:188} INFO - [2024-02-03T04:03:03.789+0400] {dagbag.py:538} INFO - Filling up the DagBag from /home/reurairin/projects/urfu/urfu_3s_mlops-3/env/lib/python3.10/site-packages/airflow/example_dags/tutorial_taskflow_api.py
[2024-02-03T04:03:03.793+0400] {processor.py:840} INFO - DAG(s) 'tutorial_taskflow_api' retrieved from /home/reurairin/projects/urfu/urfu_3s_mlops-3/env/lib/python3.10/site-packages/airflow/example_dags/tutorial_taskflow_api.py
[2024-02-03T04:03:03.801+0400] {logging_mixin.py:188} INFO - [2024-02-03T04:03:03.800+0400] {dag.py:3036} INFO - Sync 1 DAGs
[2024-02-03T04:03:03.806+0400] {logging_mixin.py:188} INFO - [2024-02-03T04:03:03.806+0400] {dag.py:3823} INFO - Setting next_dagrun for tutorial_taskflow_api to None, run_after=None
[2024-02-03T04:03:03.819+0400] {processor.py:183} INFO - Processing /home/reurairin/projects/urfu/urfu_3s_mlops-3/env/lib/python3.10/site-packages/airflow/example_dags/tutorial_taskflow_api.py took 0.032 seconds
[2024-02-03T04:03:40.872+0400] {processor.py:161} INFO - Started process (PID=6551) to work on /home/reurairin/projects/urfu/urfu_3s_mlops-3/env/lib/python3.10/site-packages/airflow/example_dags/tutorial_taskflow_api.py
[2024-02-03T04:03:40.873+0400] {processor.py:830} INFO - Processing file /home/reurairin/projects/urfu/urfu_3s_mlops-3/env/lib/python3.10/site-packages/airflow/example_dags/tutorial_taskflow_api.py for tasks to queue
[2024-02-03T04:03:40.873+0400] {logging_mixin.py:188} INFO - [2024-02-03T04:03:40.873+0400] {dagbag.py:538} INFO - Filling up the DagBag from /home/reurairin/projects/urfu/urfu_3s_mlops-3/env/lib/python3.10/site-packages/airflow/example_dags/tutorial_taskflow_api.py
[2024-02-03T04:03:40.877+0400] {processor.py:840} INFO - DAG(s) 'tutorial_taskflow_api' retrieved from /home/reurairin/projects/urfu/urfu_3s_mlops-3/env/lib/python3.10/site-packages/airflow/example_dags/tutorial_taskflow_api.py
[2024-02-03T04:03:40.892+0400] {logging_mixin.py:188} INFO - [2024-02-03T04:03:40.891+0400] {dag.py:3036} INFO - Sync 1 DAGs
[2024-02-03T04:03:40.902+0400] {logging_mixin.py:188} INFO - [2024-02-03T04:03:40.901+0400] {dag.py:3823} INFO - Setting next_dagrun for tutorial_taskflow_api to None, run_after=None
[2024-02-03T04:03:40.918+0400] {processor.py:183} INFO - Processing /home/reurairin/projects/urfu/urfu_3s_mlops-3/env/lib/python3.10/site-packages/airflow/example_dags/tutorial_taskflow_api.py took 0.048 seconds
[2024-02-03T04:04:15.745+0400] {processor.py:161} INFO - Started process (PID=6702) to work on /home/reurairin/projects/urfu/urfu_3s_mlops-3/env/lib/python3.10/site-packages/airflow/example_dags/tutorial_taskflow_api.py
[2024-02-03T04:04:15.752+0400] {processor.py:830} INFO - Processing file /home/reurairin/projects/urfu/urfu_3s_mlops-3/env/lib/python3.10/site-packages/airflow/example_dags/tutorial_taskflow_api.py for tasks to queue
[2024-02-03T04:04:15.753+0400] {logging_mixin.py:188} INFO - [2024-02-03T04:04:15.753+0400] {dagbag.py:538} INFO - Filling up the DagBag from /home/reurairin/projects/urfu/urfu_3s_mlops-3/env/lib/python3.10/site-packages/airflow/example_dags/tutorial_taskflow_api.py
[2024-02-03T04:04:15.757+0400] {processor.py:840} INFO - DAG(s) 'tutorial_taskflow_api' retrieved from /home/reurairin/projects/urfu/urfu_3s_mlops-3/env/lib/python3.10/site-packages/airflow/example_dags/tutorial_taskflow_api.py
[2024-02-03T04:04:15.767+0400] {logging_mixin.py:188} INFO - [2024-02-03T04:04:15.767+0400] {dag.py:3036} INFO - Sync 1 DAGs
[2024-02-03T04:04:15.774+0400] {logging_mixin.py:188} INFO - [2024-02-03T04:04:15.773+0400] {dag.py:3823} INFO - Setting next_dagrun for tutorial_taskflow_api to None, run_after=None
[2024-02-03T04:04:15.789+0400] {processor.py:183} INFO - Processing /home/reurairin/projects/urfu/urfu_3s_mlops-3/env/lib/python3.10/site-packages/airflow/example_dags/tutorial_taskflow_api.py took 0.045 seconds
[2024-02-03T04:05:05.323+0400] {processor.py:161} INFO - Started process (PID=6910) to work on /home/reurairin/projects/urfu/urfu_3s_mlops-3/env/lib/python3.10/site-packages/airflow/example_dags/tutorial_taskflow_api.py
[2024-02-03T04:05:05.330+0400] {processor.py:830} INFO - Processing file /home/reurairin/projects/urfu/urfu_3s_mlops-3/env/lib/python3.10/site-packages/airflow/example_dags/tutorial_taskflow_api.py for tasks to queue
[2024-02-03T04:05:05.331+0400] {logging_mixin.py:188} INFO - [2024-02-03T04:05:05.330+0400] {dagbag.py:538} INFO - Filling up the DagBag from /home/reurairin/projects/urfu/urfu_3s_mlops-3/env/lib/python3.10/site-packages/airflow/example_dags/tutorial_taskflow_api.py
[2024-02-03T04:05:05.335+0400] {processor.py:840} INFO - DAG(s) 'tutorial_taskflow_api' retrieved from /home/reurairin/projects/urfu/urfu_3s_mlops-3/env/lib/python3.10/site-packages/airflow/example_dags/tutorial_taskflow_api.py
[2024-02-03T04:05:05.346+0400] {logging_mixin.py:188} INFO - [2024-02-03T04:05:05.345+0400] {dag.py:3036} INFO - Sync 1 DAGs
[2024-02-03T04:05:05.353+0400] {logging_mixin.py:188} INFO - [2024-02-03T04:05:05.352+0400] {dag.py:3823} INFO - Setting next_dagrun for tutorial_taskflow_api to None, run_after=None
[2024-02-03T04:05:05.369+0400] {processor.py:183} INFO - Processing /home/reurairin/projects/urfu/urfu_3s_mlops-3/env/lib/python3.10/site-packages/airflow/example_dags/tutorial_taskflow_api.py took 0.048 seconds
[2024-02-03T04:05:44.351+0400] {processor.py:161} INFO - Started process (PID=7075) to work on /home/reurairin/projects/urfu/urfu_3s_mlops-3/env/lib/python3.10/site-packages/airflow/example_dags/tutorial_taskflow_api.py
[2024-02-03T04:05:44.353+0400] {processor.py:830} INFO - Processing file /home/reurairin/projects/urfu/urfu_3s_mlops-3/env/lib/python3.10/site-packages/airflow/example_dags/tutorial_taskflow_api.py for tasks to queue
[2024-02-03T04:05:44.354+0400] {logging_mixin.py:188} INFO - [2024-02-03T04:05:44.353+0400] {dagbag.py:538} INFO - Filling up the DagBag from /home/reurairin/projects/urfu/urfu_3s_mlops-3/env/lib/python3.10/site-packages/airflow/example_dags/tutorial_taskflow_api.py
[2024-02-03T04:05:44.359+0400] {processor.py:840} INFO - DAG(s) 'tutorial_taskflow_api' retrieved from /home/reurairin/projects/urfu/urfu_3s_mlops-3/env/lib/python3.10/site-packages/airflow/example_dags/tutorial_taskflow_api.py
[2024-02-03T04:05:44.370+0400] {logging_mixin.py:188} INFO - [2024-02-03T04:05:44.369+0400] {dag.py:3036} INFO - Sync 1 DAGs
[2024-02-03T04:05:44.377+0400] {logging_mixin.py:188} INFO - [2024-02-03T04:05:44.377+0400] {dag.py:3823} INFO - Setting next_dagrun for tutorial_taskflow_api to None, run_after=None
[2024-02-03T04:05:44.394+0400] {processor.py:183} INFO - Processing /home/reurairin/projects/urfu/urfu_3s_mlops-3/env/lib/python3.10/site-packages/airflow/example_dags/tutorial_taskflow_api.py took 0.045 seconds
[2024-02-03T04:06:30.710+0400] {processor.py:161} INFO - Started process (PID=7324) to work on /home/reurairin/projects/urfu/urfu_3s_mlops-3/env/lib/python3.10/site-packages/airflow/example_dags/tutorial_taskflow_api.py
[2024-02-03T04:06:30.711+0400] {processor.py:830} INFO - Processing file /home/reurairin/projects/urfu/urfu_3s_mlops-3/env/lib/python3.10/site-packages/airflow/example_dags/tutorial_taskflow_api.py for tasks to queue
[2024-02-03T04:06:30.711+0400] {logging_mixin.py:188} INFO - [2024-02-03T04:06:30.711+0400] {dagbag.py:538} INFO - Filling up the DagBag from /home/reurairin/projects/urfu/urfu_3s_mlops-3/env/lib/python3.10/site-packages/airflow/example_dags/tutorial_taskflow_api.py
[2024-02-03T04:06:30.716+0400] {processor.py:840} INFO - DAG(s) 'tutorial_taskflow_api' retrieved from /home/reurairin/projects/urfu/urfu_3s_mlops-3/env/lib/python3.10/site-packages/airflow/example_dags/tutorial_taskflow_api.py
[2024-02-03T04:06:30.730+0400] {logging_mixin.py:188} INFO - [2024-02-03T04:06:30.730+0400] {dag.py:3036} INFO - Sync 1 DAGs
[2024-02-03T04:06:30.739+0400] {logging_mixin.py:188} INFO - [2024-02-03T04:06:30.739+0400] {dag.py:3823} INFO - Setting next_dagrun for tutorial_taskflow_api to None, run_after=None
[2024-02-03T04:06:30.763+0400] {processor.py:183} INFO - Processing /home/reurairin/projects/urfu/urfu_3s_mlops-3/env/lib/python3.10/site-packages/airflow/example_dags/tutorial_taskflow_api.py took 0.055 seconds
[2024-02-03T04:07:07.806+0400] {processor.py:161} INFO - Started process (PID=7481) to work on /home/reurairin/projects/urfu/urfu_3s_mlops-3/env/lib/python3.10/site-packages/airflow/example_dags/tutorial_taskflow_api.py
[2024-02-03T04:07:07.807+0400] {processor.py:830} INFO - Processing file /home/reurairin/projects/urfu/urfu_3s_mlops-3/env/lib/python3.10/site-packages/airflow/example_dags/tutorial_taskflow_api.py for tasks to queue
[2024-02-03T04:07:07.808+0400] {logging_mixin.py:188} INFO - [2024-02-03T04:07:07.808+0400] {dagbag.py:538} INFO - Filling up the DagBag from /home/reurairin/projects/urfu/urfu_3s_mlops-3/env/lib/python3.10/site-packages/airflow/example_dags/tutorial_taskflow_api.py
[2024-02-03T04:07:07.815+0400] {processor.py:840} INFO - DAG(s) 'tutorial_taskflow_api' retrieved from /home/reurairin/projects/urfu/urfu_3s_mlops-3/env/lib/python3.10/site-packages/airflow/example_dags/tutorial_taskflow_api.py
[2024-02-03T04:07:07.830+0400] {logging_mixin.py:188} INFO - [2024-02-03T04:07:07.830+0400] {dag.py:3036} INFO - Sync 1 DAGs
[2024-02-03T04:07:07.838+0400] {logging_mixin.py:188} INFO - [2024-02-03T04:07:07.838+0400] {dag.py:3823} INFO - Setting next_dagrun for tutorial_taskflow_api to None, run_after=None
[2024-02-03T04:07:07.853+0400] {processor.py:183} INFO - Processing /home/reurairin/projects/urfu/urfu_3s_mlops-3/env/lib/python3.10/site-packages/airflow/example_dags/tutorial_taskflow_api.py took 0.051 seconds
[2024-02-03T04:07:45.005+0400] {processor.py:161} INFO - Started process (PID=7652) to work on /home/reurairin/projects/urfu/urfu_3s_mlops-3/env/lib/python3.10/site-packages/airflow/example_dags/tutorial_taskflow_api.py
[2024-02-03T04:07:45.006+0400] {processor.py:830} INFO - Processing file /home/reurairin/projects/urfu/urfu_3s_mlops-3/env/lib/python3.10/site-packages/airflow/example_dags/tutorial_taskflow_api.py for tasks to queue
[2024-02-03T04:07:45.007+0400] {logging_mixin.py:188} INFO - [2024-02-03T04:07:45.007+0400] {dagbag.py:538} INFO - Filling up the DagBag from /home/reurairin/projects/urfu/urfu_3s_mlops-3/env/lib/python3.10/site-packages/airflow/example_dags/tutorial_taskflow_api.py
[2024-02-03T04:07:45.011+0400] {processor.py:840} INFO - DAG(s) 'tutorial_taskflow_api' retrieved from /home/reurairin/projects/urfu/urfu_3s_mlops-3/env/lib/python3.10/site-packages/airflow/example_dags/tutorial_taskflow_api.py
[2024-02-03T04:07:45.020+0400] {logging_mixin.py:188} INFO - [2024-02-03T04:07:45.020+0400] {dag.py:3036} INFO - Sync 1 DAGs
[2024-02-03T04:07:45.027+0400] {logging_mixin.py:188} INFO - [2024-02-03T04:07:45.027+0400] {dag.py:3823} INFO - Setting next_dagrun for tutorial_taskflow_api to None, run_after=None
[2024-02-03T04:07:45.041+0400] {processor.py:183} INFO - Processing /home/reurairin/projects/urfu/urfu_3s_mlops-3/env/lib/python3.10/site-packages/airflow/example_dags/tutorial_taskflow_api.py took 0.037 seconds
[2024-02-03T04:08:18.758+0400] {processor.py:161} INFO - Started process (PID=7787) to work on /home/reurairin/projects/urfu/urfu_3s_mlops-3/env/lib/python3.10/site-packages/airflow/example_dags/tutorial_taskflow_api.py
[2024-02-03T04:08:18.766+0400] {processor.py:830} INFO - Processing file /home/reurairin/projects/urfu/urfu_3s_mlops-3/env/lib/python3.10/site-packages/airflow/example_dags/tutorial_taskflow_api.py for tasks to queue
[2024-02-03T04:08:18.767+0400] {logging_mixin.py:188} INFO - [2024-02-03T04:08:18.767+0400] {dagbag.py:538} INFO - Filling up the DagBag from /home/reurairin/projects/urfu/urfu_3s_mlops-3/env/lib/python3.10/site-packages/airflow/example_dags/tutorial_taskflow_api.py
[2024-02-03T04:08:18.771+0400] {processor.py:840} INFO - DAG(s) 'tutorial_taskflow_api' retrieved from /home/reurairin/projects/urfu/urfu_3s_mlops-3/env/lib/python3.10/site-packages/airflow/example_dags/tutorial_taskflow_api.py
[2024-02-03T04:08:18.779+0400] {logging_mixin.py:188} INFO - [2024-02-03T04:08:18.778+0400] {dag.py:3036} INFO - Sync 1 DAGs
[2024-02-03T04:08:18.784+0400] {logging_mixin.py:188} INFO - [2024-02-03T04:08:18.784+0400] {dag.py:3823} INFO - Setting next_dagrun for tutorial_taskflow_api to None, run_after=None
[2024-02-03T04:08:18.796+0400] {processor.py:183} INFO - Processing /home/reurairin/projects/urfu/urfu_3s_mlops-3/env/lib/python3.10/site-packages/airflow/example_dags/tutorial_taskflow_api.py took 0.040 seconds
[2024-02-03T04:08:53.683+0400] {processor.py:161} INFO - Started process (PID=7936) to work on /home/reurairin/projects/urfu/urfu_3s_mlops-3/env/lib/python3.10/site-packages/airflow/example_dags/tutorial_taskflow_api.py
[2024-02-03T04:08:53.684+0400] {processor.py:830} INFO - Processing file /home/reurairin/projects/urfu/urfu_3s_mlops-3/env/lib/python3.10/site-packages/airflow/example_dags/tutorial_taskflow_api.py for tasks to queue
[2024-02-03T04:08:53.685+0400] {logging_mixin.py:188} INFO - [2024-02-03T04:08:53.685+0400] {dagbag.py:538} INFO - Filling up the DagBag from /home/reurairin/projects/urfu/urfu_3s_mlops-3/env/lib/python3.10/site-packages/airflow/example_dags/tutorial_taskflow_api.py
[2024-02-03T04:08:53.689+0400] {processor.py:840} INFO - DAG(s) 'tutorial_taskflow_api' retrieved from /home/reurairin/projects/urfu/urfu_3s_mlops-3/env/lib/python3.10/site-packages/airflow/example_dags/tutorial_taskflow_api.py
[2024-02-03T04:08:53.697+0400] {logging_mixin.py:188} INFO - [2024-02-03T04:08:53.696+0400] {dag.py:3036} INFO - Sync 1 DAGs
[2024-02-03T04:08:53.703+0400] {logging_mixin.py:188} INFO - [2024-02-03T04:08:53.702+0400] {dag.py:3823} INFO - Setting next_dagrun for tutorial_taskflow_api to None, run_after=None
[2024-02-03T04:08:53.715+0400] {processor.py:183} INFO - Processing /home/reurairin/projects/urfu/urfu_3s_mlops-3/env/lib/python3.10/site-packages/airflow/example_dags/tutorial_taskflow_api.py took 0.033 seconds
[2024-02-03T04:09:27.384+0400] {processor.py:161} INFO - Started process (PID=8078) to work on /home/reurairin/projects/urfu/urfu_3s_mlops-3/env/lib/python3.10/site-packages/airflow/example_dags/tutorial_taskflow_api.py
[2024-02-03T04:09:27.391+0400] {processor.py:830} INFO - Processing file /home/reurairin/projects/urfu/urfu_3s_mlops-3/env/lib/python3.10/site-packages/airflow/example_dags/tutorial_taskflow_api.py for tasks to queue
[2024-02-03T04:09:27.392+0400] {logging_mixin.py:188} INFO - [2024-02-03T04:09:27.392+0400] {dagbag.py:538} INFO - Filling up the DagBag from /home/reurairin/projects/urfu/urfu_3s_mlops-3/env/lib/python3.10/site-packages/airflow/example_dags/tutorial_taskflow_api.py
[2024-02-03T04:09:27.396+0400] {processor.py:840} INFO - DAG(s) 'tutorial_taskflow_api' retrieved from /home/reurairin/projects/urfu/urfu_3s_mlops-3/env/lib/python3.10/site-packages/airflow/example_dags/tutorial_taskflow_api.py
[2024-02-03T04:09:27.404+0400] {logging_mixin.py:188} INFO - [2024-02-03T04:09:27.404+0400] {dag.py:3036} INFO - Sync 1 DAGs
[2024-02-03T04:09:27.410+0400] {logging_mixin.py:188} INFO - [2024-02-03T04:09:27.410+0400] {dag.py:3823} INFO - Setting next_dagrun for tutorial_taskflow_api to None, run_after=None
[2024-02-03T04:09:27.423+0400] {processor.py:183} INFO - Processing /home/reurairin/projects/urfu/urfu_3s_mlops-3/env/lib/python3.10/site-packages/airflow/example_dags/tutorial_taskflow_api.py took 0.040 seconds
[2024-02-03T04:10:01.479+0400] {processor.py:161} INFO - Started process (PID=8333) to work on /home/reurairin/projects/urfu/urfu_3s_mlops-3/env/lib/python3.10/site-packages/airflow/example_dags/tutorial_taskflow_api.py
[2024-02-03T04:10:01.480+0400] {processor.py:830} INFO - Processing file /home/reurairin/projects/urfu/urfu_3s_mlops-3/env/lib/python3.10/site-packages/airflow/example_dags/tutorial_taskflow_api.py for tasks to queue
[2024-02-03T04:10:01.481+0400] {logging_mixin.py:188} INFO - [2024-02-03T04:10:01.480+0400] {dagbag.py:538} INFO - Filling up the DagBag from /home/reurairin/projects/urfu/urfu_3s_mlops-3/env/lib/python3.10/site-packages/airflow/example_dags/tutorial_taskflow_api.py
[2024-02-03T04:10:01.485+0400] {processor.py:840} INFO - DAG(s) 'tutorial_taskflow_api' retrieved from /home/reurairin/projects/urfu/urfu_3s_mlops-3/env/lib/python3.10/site-packages/airflow/example_dags/tutorial_taskflow_api.py
[2024-02-03T04:10:01.500+0400] {logging_mixin.py:188} INFO - [2024-02-03T04:10:01.500+0400] {dag.py:3036} INFO - Sync 1 DAGs
[2024-02-03T04:10:01.511+0400] {logging_mixin.py:188} INFO - [2024-02-03T04:10:01.511+0400] {dag.py:3823} INFO - Setting next_dagrun for tutorial_taskflow_api to None, run_after=None
[2024-02-03T04:10:01.531+0400] {processor.py:183} INFO - Processing /home/reurairin/projects/urfu/urfu_3s_mlops-3/env/lib/python3.10/site-packages/airflow/example_dags/tutorial_taskflow_api.py took 0.055 seconds
