[2024-02-03T04:00:06.813+0400] {processor.py:161} INFO - Started process (PID=5645) to work on /home/reurairin/projects/urfu/urfu_3s_mlops-3/env/lib/python3.10/site-packages/airflow/example_dags/tutorial_dag.py
[2024-02-03T04:00:06.814+0400] {processor.py:830} INFO - Processing file /home/reurairin/projects/urfu/urfu_3s_mlops-3/env/lib/python3.10/site-packages/airflow/example_dags/tutorial_dag.py for tasks to queue
[2024-02-03T04:00:06.814+0400] {logging_mixin.py:188} INFO - [2024-02-03T04:00:06.814+0400] {dagbag.py:538} INFO - Filling up the DagBag from /home/reurairin/projects/urfu/urfu_3s_mlops-3/env/lib/python3.10/site-packages/airflow/example_dags/tutorial_dag.py
[2024-02-03T04:00:06.817+0400] {processor.py:840} INFO - DAG(s) 'tutorial_dag' retrieved from /home/reurairin/projects/urfu/urfu_3s_mlops-3/env/lib/python3.10/site-packages/airflow/example_dags/tutorial_dag.py
[2024-02-03T04:00:06.826+0400] {logging_mixin.py:188} INFO - [2024-02-03T04:00:06.826+0400] {dag.py:3036} INFO - Sync 1 DAGs
[2024-02-03T04:00:06.832+0400] {logging_mixin.py:188} INFO - [2024-02-03T04:00:06.832+0400] {dag.py:3823} INFO - Setting next_dagrun for tutorial_dag to None, run_after=None
[2024-02-03T04:00:06.848+0400] {processor.py:183} INFO - Processing /home/reurairin/projects/urfu/urfu_3s_mlops-3/env/lib/python3.10/site-packages/airflow/example_dags/tutorial_dag.py took 0.037 seconds
[2024-02-03T04:00:42.751+0400] {processor.py:161} INFO - Started process (PID=5788) to work on /home/reurairin/projects/urfu/urfu_3s_mlops-3/env/lib/python3.10/site-packages/airflow/example_dags/tutorial_dag.py
[2024-02-03T04:00:42.758+0400] {processor.py:830} INFO - Processing file /home/reurairin/projects/urfu/urfu_3s_mlops-3/env/lib/python3.10/site-packages/airflow/example_dags/tutorial_dag.py for tasks to queue
[2024-02-03T04:00:42.759+0400] {logging_mixin.py:188} INFO - [2024-02-03T04:00:42.758+0400] {dagbag.py:538} INFO - Filling up the DagBag from /home/reurairin/projects/urfu/urfu_3s_mlops-3/env/lib/python3.10/site-packages/airflow/example_dags/tutorial_dag.py
[2024-02-03T04:00:42.762+0400] {processor.py:840} INFO - DAG(s) 'tutorial_dag' retrieved from /home/reurairin/projects/urfu/urfu_3s_mlops-3/env/lib/python3.10/site-packages/airflow/example_dags/tutorial_dag.py
[2024-02-03T04:00:42.771+0400] {logging_mixin.py:188} INFO - [2024-02-03T04:00:42.771+0400] {dag.py:3036} INFO - Sync 1 DAGs
[2024-02-03T04:00:42.777+0400] {logging_mixin.py:188} INFO - [2024-02-03T04:00:42.777+0400] {dag.py:3823} INFO - Setting next_dagrun for tutorial_dag to None, run_after=None
[2024-02-03T04:00:42.791+0400] {processor.py:183} INFO - Processing /home/reurairin/projects/urfu/urfu_3s_mlops-3/env/lib/python3.10/site-packages/airflow/example_dags/tutorial_dag.py took 0.043 seconds
[2024-02-03T04:01:19.866+0400] {processor.py:161} INFO - Started process (PID=5947) to work on /home/reurairin/projects/urfu/urfu_3s_mlops-3/env/lib/python3.10/site-packages/airflow/example_dags/tutorial_dag.py
[2024-02-03T04:01:19.873+0400] {processor.py:830} INFO - Processing file /home/reurairin/projects/urfu/urfu_3s_mlops-3/env/lib/python3.10/site-packages/airflow/example_dags/tutorial_dag.py for tasks to queue
[2024-02-03T04:01:19.873+0400] {logging_mixin.py:188} INFO - [2024-02-03T04:01:19.873+0400] {dagbag.py:538} INFO - Filling up the DagBag from /home/reurairin/projects/urfu/urfu_3s_mlops-3/env/lib/python3.10/site-packages/airflow/example_dags/tutorial_dag.py
[2024-02-03T04:01:19.877+0400] {processor.py:840} INFO - DAG(s) 'tutorial_dag' retrieved from /home/reurairin/projects/urfu/urfu_3s_mlops-3/env/lib/python3.10/site-packages/airflow/example_dags/tutorial_dag.py
[2024-02-03T04:01:19.886+0400] {logging_mixin.py:188} INFO - [2024-02-03T04:01:19.886+0400] {dag.py:3036} INFO - Sync 1 DAGs
[2024-02-03T04:01:19.893+0400] {logging_mixin.py:188} INFO - [2024-02-03T04:01:19.893+0400] {dag.py:3823} INFO - Setting next_dagrun for tutorial_dag to None, run_after=None
[2024-02-03T04:01:19.906+0400] {processor.py:183} INFO - Processing /home/reurairin/projects/urfu/urfu_3s_mlops-3/env/lib/python3.10/site-packages/airflow/example_dags/tutorial_dag.py took 0.043 seconds
[2024-02-03T04:01:52.820+0400] {processor.py:161} INFO - Started process (PID=6092) to work on /home/reurairin/projects/urfu/urfu_3s_mlops-3/env/lib/python3.10/site-packages/airflow/example_dags/tutorial_dag.py
[2024-02-03T04:01:52.826+0400] {processor.py:830} INFO - Processing file /home/reurairin/projects/urfu/urfu_3s_mlops-3/env/lib/python3.10/site-packages/airflow/example_dags/tutorial_dag.py for tasks to queue
[2024-02-03T04:01:52.827+0400] {logging_mixin.py:188} INFO - [2024-02-03T04:01:52.827+0400] {dagbag.py:538} INFO - Filling up the DagBag from /home/reurairin/projects/urfu/urfu_3s_mlops-3/env/lib/python3.10/site-packages/airflow/example_dags/tutorial_dag.py
[2024-02-03T04:01:52.830+0400] {processor.py:840} INFO - DAG(s) 'tutorial_dag' retrieved from /home/reurairin/projects/urfu/urfu_3s_mlops-3/env/lib/python3.10/site-packages/airflow/example_dags/tutorial_dag.py
[2024-02-03T04:01:52.840+0400] {logging_mixin.py:188} INFO - [2024-02-03T04:01:52.840+0400] {dag.py:3036} INFO - Sync 1 DAGs
[2024-02-03T04:01:52.847+0400] {logging_mixin.py:188} INFO - [2024-02-03T04:01:52.847+0400] {dag.py:3823} INFO - Setting next_dagrun for tutorial_dag to None, run_after=None
[2024-02-03T04:01:52.861+0400] {processor.py:183} INFO - Processing /home/reurairin/projects/urfu/urfu_3s_mlops-3/env/lib/python3.10/site-packages/airflow/example_dags/tutorial_dag.py took 0.043 seconds
[2024-02-03T04:02:27.572+0400] {processor.py:161} INFO - Started process (PID=6232) to work on /home/reurairin/projects/urfu/urfu_3s_mlops-3/env/lib/python3.10/site-packages/airflow/example_dags/tutorial_dag.py
[2024-02-03T04:02:27.579+0400] {processor.py:830} INFO - Processing file /home/reurairin/projects/urfu/urfu_3s_mlops-3/env/lib/python3.10/site-packages/airflow/example_dags/tutorial_dag.py for tasks to queue
[2024-02-03T04:02:27.579+0400] {logging_mixin.py:188} INFO - [2024-02-03T04:02:27.579+0400] {dagbag.py:538} INFO - Filling up the DagBag from /home/reurairin/projects/urfu/urfu_3s_mlops-3/env/lib/python3.10/site-packages/airflow/example_dags/tutorial_dag.py
[2024-02-03T04:02:27.583+0400] {processor.py:840} INFO - DAG(s) 'tutorial_dag' retrieved from /home/reurairin/projects/urfu/urfu_3s_mlops-3/env/lib/python3.10/site-packages/airflow/example_dags/tutorial_dag.py
[2024-02-03T04:02:27.594+0400] {logging_mixin.py:188} INFO - [2024-02-03T04:02:27.593+0400] {dag.py:3036} INFO - Sync 1 DAGs
[2024-02-03T04:02:27.601+0400] {logging_mixin.py:188} INFO - [2024-02-03T04:02:27.601+0400] {dag.py:3823} INFO - Setting next_dagrun for tutorial_dag to None, run_after=None
[2024-02-03T04:02:27.616+0400] {processor.py:183} INFO - Processing /home/reurairin/projects/urfu/urfu_3s_mlops-3/env/lib/python3.10/site-packages/airflow/example_dags/tutorial_dag.py took 0.047 seconds
[2024-02-03T04:03:02.639+0400] {processor.py:161} INFO - Started process (PID=6386) to work on /home/reurairin/projects/urfu/urfu_3s_mlops-3/env/lib/python3.10/site-packages/airflow/example_dags/tutorial_dag.py
[2024-02-03T04:03:02.646+0400] {processor.py:830} INFO - Processing file /home/reurairin/projects/urfu/urfu_3s_mlops-3/env/lib/python3.10/site-packages/airflow/example_dags/tutorial_dag.py for tasks to queue
[2024-02-03T04:03:02.647+0400] {logging_mixin.py:188} INFO - [2024-02-03T04:03:02.646+0400] {dagbag.py:538} INFO - Filling up the DagBag from /home/reurairin/projects/urfu/urfu_3s_mlops-3/env/lib/python3.10/site-packages/airflow/example_dags/tutorial_dag.py
[2024-02-03T04:03:02.650+0400] {processor.py:840} INFO - DAG(s) 'tutorial_dag' retrieved from /home/reurairin/projects/urfu/urfu_3s_mlops-3/env/lib/python3.10/site-packages/airflow/example_dags/tutorial_dag.py
[2024-02-03T04:03:02.659+0400] {logging_mixin.py:188} INFO - [2024-02-03T04:03:02.659+0400] {dag.py:3036} INFO - Sync 1 DAGs
[2024-02-03T04:03:02.666+0400] {logging_mixin.py:188} INFO - [2024-02-03T04:03:02.666+0400] {dag.py:3823} INFO - Setting next_dagrun for tutorial_dag to None, run_after=None
[2024-02-03T04:03:02.680+0400] {processor.py:183} INFO - Processing /home/reurairin/projects/urfu/urfu_3s_mlops-3/env/lib/python3.10/site-packages/airflow/example_dags/tutorial_dag.py took 0.043 seconds
[2024-02-03T04:03:39.738+0400] {processor.py:161} INFO - Started process (PID=6544) to work on /home/reurairin/projects/urfu/urfu_3s_mlops-3/env/lib/python3.10/site-packages/airflow/example_dags/tutorial_dag.py
[2024-02-03T04:03:39.746+0400] {processor.py:830} INFO - Processing file /home/reurairin/projects/urfu/urfu_3s_mlops-3/env/lib/python3.10/site-packages/airflow/example_dags/tutorial_dag.py for tasks to queue
[2024-02-03T04:03:39.747+0400] {logging_mixin.py:188} INFO - [2024-02-03T04:03:39.746+0400] {dagbag.py:538} INFO - Filling up the DagBag from /home/reurairin/projects/urfu/urfu_3s_mlops-3/env/lib/python3.10/site-packages/airflow/example_dags/tutorial_dag.py
[2024-02-03T04:03:39.750+0400] {processor.py:840} INFO - DAG(s) 'tutorial_dag' retrieved from /home/reurairin/projects/urfu/urfu_3s_mlops-3/env/lib/python3.10/site-packages/airflow/example_dags/tutorial_dag.py
[2024-02-03T04:03:39.764+0400] {logging_mixin.py:188} INFO - [2024-02-03T04:03:39.763+0400] {dag.py:3036} INFO - Sync 1 DAGs
[2024-02-03T04:03:39.773+0400] {logging_mixin.py:188} INFO - [2024-02-03T04:03:39.773+0400] {dag.py:3823} INFO - Setting next_dagrun for tutorial_dag to None, run_after=None
[2024-02-03T04:03:39.791+0400] {processor.py:183} INFO - Processing /home/reurairin/projects/urfu/urfu_3s_mlops-3/env/lib/python3.10/site-packages/airflow/example_dags/tutorial_dag.py took 0.055 seconds
[2024-02-03T04:04:14.599+0400] {processor.py:161} INFO - Started process (PID=6695) to work on /home/reurairin/projects/urfu/urfu_3s_mlops-3/env/lib/python3.10/site-packages/airflow/example_dags/tutorial_dag.py
[2024-02-03T04:04:14.600+0400] {processor.py:830} INFO - Processing file /home/reurairin/projects/urfu/urfu_3s_mlops-3/env/lib/python3.10/site-packages/airflow/example_dags/tutorial_dag.py for tasks to queue
[2024-02-03T04:04:14.601+0400] {logging_mixin.py:188} INFO - [2024-02-03T04:04:14.601+0400] {dagbag.py:538} INFO - Filling up the DagBag from /home/reurairin/projects/urfu/urfu_3s_mlops-3/env/lib/python3.10/site-packages/airflow/example_dags/tutorial_dag.py
[2024-02-03T04:04:14.604+0400] {processor.py:840} INFO - DAG(s) 'tutorial_dag' retrieved from /home/reurairin/projects/urfu/urfu_3s_mlops-3/env/lib/python3.10/site-packages/airflow/example_dags/tutorial_dag.py
[2024-02-03T04:04:14.616+0400] {logging_mixin.py:188} INFO - [2024-02-03T04:04:14.616+0400] {dag.py:3036} INFO - Sync 1 DAGs
[2024-02-03T04:04:14.626+0400] {logging_mixin.py:188} INFO - [2024-02-03T04:04:14.625+0400] {dag.py:3823} INFO - Setting next_dagrun for tutorial_dag to None, run_after=None
[2024-02-03T04:04:14.649+0400] {processor.py:183} INFO - Processing /home/reurairin/projects/urfu/urfu_3s_mlops-3/env/lib/python3.10/site-packages/airflow/example_dags/tutorial_dag.py took 0.053 seconds
[2024-02-03T04:05:04.839+0400] {processor.py:161} INFO - Started process (PID=6909) to work on /home/reurairin/projects/urfu/urfu_3s_mlops-3/env/lib/python3.10/site-packages/airflow/example_dags/tutorial_dag.py
[2024-02-03T04:05:04.846+0400] {processor.py:830} INFO - Processing file /home/reurairin/projects/urfu/urfu_3s_mlops-3/env/lib/python3.10/site-packages/airflow/example_dags/tutorial_dag.py for tasks to queue
[2024-02-03T04:05:04.847+0400] {logging_mixin.py:188} INFO - [2024-02-03T04:05:04.846+0400] {dagbag.py:538} INFO - Filling up the DagBag from /home/reurairin/projects/urfu/urfu_3s_mlops-3/env/lib/python3.10/site-packages/airflow/example_dags/tutorial_dag.py
[2024-02-03T04:05:04.851+0400] {processor.py:840} INFO - DAG(s) 'tutorial_dag' retrieved from /home/reurairin/projects/urfu/urfu_3s_mlops-3/env/lib/python3.10/site-packages/airflow/example_dags/tutorial_dag.py
[2024-02-03T04:05:04.861+0400] {logging_mixin.py:188} INFO - [2024-02-03T04:05:04.861+0400] {dag.py:3036} INFO - Sync 1 DAGs
[2024-02-03T04:05:04.867+0400] {logging_mixin.py:188} INFO - [2024-02-03T04:05:04.867+0400] {dag.py:3823} INFO - Setting next_dagrun for tutorial_dag to None, run_after=None
[2024-02-03T04:05:04.882+0400] {processor.py:183} INFO - Processing /home/reurairin/projects/urfu/urfu_3s_mlops-3/env/lib/python3.10/site-packages/airflow/example_dags/tutorial_dag.py took 0.045 seconds
[2024-02-03T04:05:43.216+0400] {processor.py:161} INFO - Started process (PID=7074) to work on /home/reurairin/projects/urfu/urfu_3s_mlops-3/env/lib/python3.10/site-packages/airflow/example_dags/tutorial_dag.py
[2024-02-03T04:05:43.217+0400] {processor.py:830} INFO - Processing file /home/reurairin/projects/urfu/urfu_3s_mlops-3/env/lib/python3.10/site-packages/airflow/example_dags/tutorial_dag.py for tasks to queue
[2024-02-03T04:05:43.217+0400] {logging_mixin.py:188} INFO - [2024-02-03T04:05:43.217+0400] {dagbag.py:538} INFO - Filling up the DagBag from /home/reurairin/projects/urfu/urfu_3s_mlops-3/env/lib/python3.10/site-packages/airflow/example_dags/tutorial_dag.py
[2024-02-03T04:05:43.221+0400] {processor.py:840} INFO - DAG(s) 'tutorial_dag' retrieved from /home/reurairin/projects/urfu/urfu_3s_mlops-3/env/lib/python3.10/site-packages/airflow/example_dags/tutorial_dag.py
[2024-02-03T04:05:43.230+0400] {logging_mixin.py:188} INFO - [2024-02-03T04:05:43.230+0400] {dag.py:3036} INFO - Sync 1 DAGs
[2024-02-03T04:05:43.237+0400] {logging_mixin.py:188} INFO - [2024-02-03T04:05:43.237+0400] {dag.py:3823} INFO - Setting next_dagrun for tutorial_dag to None, run_after=None
[2024-02-03T04:05:43.252+0400] {processor.py:183} INFO - Processing /home/reurairin/projects/urfu/urfu_3s_mlops-3/env/lib/python3.10/site-packages/airflow/example_dags/tutorial_dag.py took 0.038 seconds
[2024-02-03T04:06:16.479+0400] {processor.py:161} INFO - Started process (PID=7268) to work on /home/reurairin/projects/urfu/urfu_3s_mlops-3/env/lib/python3.10/site-packages/airflow/example_dags/tutorial_dag.py
[2024-02-03T04:06:16.481+0400] {processor.py:830} INFO - Processing file /home/reurairin/projects/urfu/urfu_3s_mlops-3/env/lib/python3.10/site-packages/airflow/example_dags/tutorial_dag.py for tasks to queue
[2024-02-03T04:06:16.482+0400] {logging_mixin.py:188} INFO - [2024-02-03T04:06:16.482+0400] {dagbag.py:538} INFO - Filling up the DagBag from /home/reurairin/projects/urfu/urfu_3s_mlops-3/env/lib/python3.10/site-packages/airflow/example_dags/tutorial_dag.py
[2024-02-03T04:06:16.491+0400] {processor.py:840} INFO - DAG(s) 'tutorial_dag' retrieved from /home/reurairin/projects/urfu/urfu_3s_mlops-3/env/lib/python3.10/site-packages/airflow/example_dags/tutorial_dag.py
[2024-02-03T04:06:16.507+0400] {logging_mixin.py:188} INFO - [2024-02-03T04:06:16.507+0400] {dag.py:3036} INFO - Sync 1 DAGs
[2024-02-03T04:06:16.516+0400] {logging_mixin.py:188} INFO - [2024-02-03T04:06:16.515+0400] {dag.py:3823} INFO - Setting next_dagrun for tutorial_dag to None, run_after=None
[2024-02-03T04:06:16.536+0400] {processor.py:183} INFO - Processing /home/reurairin/projects/urfu/urfu_3s_mlops-3/env/lib/python3.10/site-packages/airflow/example_dags/tutorial_dag.py took 0.062 seconds
[2024-02-03T04:07:06.722+0400] {processor.py:161} INFO - Started process (PID=7480) to work on /home/reurairin/projects/urfu/urfu_3s_mlops-3/env/lib/python3.10/site-packages/airflow/example_dags/tutorial_dag.py
[2024-02-03T04:07:06.723+0400] {processor.py:830} INFO - Processing file /home/reurairin/projects/urfu/urfu_3s_mlops-3/env/lib/python3.10/site-packages/airflow/example_dags/tutorial_dag.py for tasks to queue
[2024-02-03T04:07:06.724+0400] {logging_mixin.py:188} INFO - [2024-02-03T04:07:06.724+0400] {dagbag.py:538} INFO - Filling up the DagBag from /home/reurairin/projects/urfu/urfu_3s_mlops-3/env/lib/python3.10/site-packages/airflow/example_dags/tutorial_dag.py
[2024-02-03T04:07:06.727+0400] {processor.py:840} INFO - DAG(s) 'tutorial_dag' retrieved from /home/reurairin/projects/urfu/urfu_3s_mlops-3/env/lib/python3.10/site-packages/airflow/example_dags/tutorial_dag.py
[2024-02-03T04:07:06.736+0400] {logging_mixin.py:188} INFO - [2024-02-03T04:07:06.736+0400] {dag.py:3036} INFO - Sync 1 DAGs
[2024-02-03T04:07:06.743+0400] {logging_mixin.py:188} INFO - [2024-02-03T04:07:06.742+0400] {dag.py:3823} INFO - Setting next_dagrun for tutorial_dag to None, run_after=None
[2024-02-03T04:07:06.755+0400] {processor.py:183} INFO - Processing /home/reurairin/projects/urfu/urfu_3s_mlops-3/env/lib/python3.10/site-packages/airflow/example_dags/tutorial_dag.py took 0.035 seconds
[2024-02-03T04:07:44.176+0400] {processor.py:161} INFO - Started process (PID=7648) to work on /home/reurairin/projects/urfu/urfu_3s_mlops-3/env/lib/python3.10/site-packages/airflow/example_dags/tutorial_dag.py
[2024-02-03T04:07:44.177+0400] {processor.py:830} INFO - Processing file /home/reurairin/projects/urfu/urfu_3s_mlops-3/env/lib/python3.10/site-packages/airflow/example_dags/tutorial_dag.py for tasks to queue
[2024-02-03T04:07:44.178+0400] {logging_mixin.py:188} INFO - [2024-02-03T04:07:44.177+0400] {dagbag.py:538} INFO - Filling up the DagBag from /home/reurairin/projects/urfu/urfu_3s_mlops-3/env/lib/python3.10/site-packages/airflow/example_dags/tutorial_dag.py
[2024-02-03T04:07:44.181+0400] {processor.py:840} INFO - DAG(s) 'tutorial_dag' retrieved from /home/reurairin/projects/urfu/urfu_3s_mlops-3/env/lib/python3.10/site-packages/airflow/example_dags/tutorial_dag.py
[2024-02-03T04:07:44.190+0400] {logging_mixin.py:188} INFO - [2024-02-03T04:07:44.190+0400] {dag.py:3036} INFO - Sync 1 DAGs
[2024-02-03T04:07:44.196+0400] {logging_mixin.py:188} INFO - [2024-02-03T04:07:44.196+0400] {dag.py:3823} INFO - Setting next_dagrun for tutorial_dag to None, run_after=None
[2024-02-03T04:07:44.214+0400] {processor.py:183} INFO - Processing /home/reurairin/projects/urfu/urfu_3s_mlops-3/env/lib/python3.10/site-packages/airflow/example_dags/tutorial_dag.py took 0.039 seconds
[2024-02-03T04:08:17.626+0400] {processor.py:161} INFO - Started process (PID=7786) to work on /home/reurairin/projects/urfu/urfu_3s_mlops-3/env/lib/python3.10/site-packages/airflow/example_dags/tutorial_dag.py
[2024-02-03T04:08:17.633+0400] {processor.py:830} INFO - Processing file /home/reurairin/projects/urfu/urfu_3s_mlops-3/env/lib/python3.10/site-packages/airflow/example_dags/tutorial_dag.py for tasks to queue
[2024-02-03T04:08:17.633+0400] {logging_mixin.py:188} INFO - [2024-02-03T04:08:17.633+0400] {dagbag.py:538} INFO - Filling up the DagBag from /home/reurairin/projects/urfu/urfu_3s_mlops-3/env/lib/python3.10/site-packages/airflow/example_dags/tutorial_dag.py
[2024-02-03T04:08:17.636+0400] {processor.py:840} INFO - DAG(s) 'tutorial_dag' retrieved from /home/reurairin/projects/urfu/urfu_3s_mlops-3/env/lib/python3.10/site-packages/airflow/example_dags/tutorial_dag.py
[2024-02-03T04:08:17.644+0400] {logging_mixin.py:188} INFO - [2024-02-03T04:08:17.644+0400] {dag.py:3036} INFO - Sync 1 DAGs
[2024-02-03T04:08:17.650+0400] {logging_mixin.py:188} INFO - [2024-02-03T04:08:17.650+0400] {dag.py:3823} INFO - Setting next_dagrun for tutorial_dag to None, run_after=None
[2024-02-03T04:08:17.662+0400] {processor.py:183} INFO - Processing /home/reurairin/projects/urfu/urfu_3s_mlops-3/env/lib/python3.10/site-packages/airflow/example_dags/tutorial_dag.py took 0.038 seconds
[2024-02-03T04:08:52.553+0400] {processor.py:161} INFO - Started process (PID=7935) to work on /home/reurairin/projects/urfu/urfu_3s_mlops-3/env/lib/python3.10/site-packages/airflow/example_dags/tutorial_dag.py
[2024-02-03T04:08:52.554+0400] {processor.py:830} INFO - Processing file /home/reurairin/projects/urfu/urfu_3s_mlops-3/env/lib/python3.10/site-packages/airflow/example_dags/tutorial_dag.py for tasks to queue
[2024-02-03T04:08:52.554+0400] {logging_mixin.py:188} INFO - [2024-02-03T04:08:52.554+0400] {dagbag.py:538} INFO - Filling up the DagBag from /home/reurairin/projects/urfu/urfu_3s_mlops-3/env/lib/python3.10/site-packages/airflow/example_dags/tutorial_dag.py
[2024-02-03T04:08:52.558+0400] {processor.py:840} INFO - DAG(s) 'tutorial_dag' retrieved from /home/reurairin/projects/urfu/urfu_3s_mlops-3/env/lib/python3.10/site-packages/airflow/example_dags/tutorial_dag.py
[2024-02-03T04:08:52.566+0400] {logging_mixin.py:188} INFO - [2024-02-03T04:08:52.566+0400] {dag.py:3036} INFO - Sync 1 DAGs
[2024-02-03T04:08:52.573+0400] {logging_mixin.py:188} INFO - [2024-02-03T04:08:52.572+0400] {dag.py:3823} INFO - Setting next_dagrun for tutorial_dag to None, run_after=None
[2024-02-03T04:08:52.585+0400] {processor.py:183} INFO - Processing /home/reurairin/projects/urfu/urfu_3s_mlops-3/env/lib/python3.10/site-packages/airflow/example_dags/tutorial_dag.py took 0.034 seconds
[2024-02-03T04:09:26.245+0400] {processor.py:161} INFO - Started process (PID=8074) to work on /home/reurairin/projects/urfu/urfu_3s_mlops-3/env/lib/python3.10/site-packages/airflow/example_dags/tutorial_dag.py
[2024-02-03T04:09:26.252+0400] {processor.py:830} INFO - Processing file /home/reurairin/projects/urfu/urfu_3s_mlops-3/env/lib/python3.10/site-packages/airflow/example_dags/tutorial_dag.py for tasks to queue
[2024-02-03T04:09:26.253+0400] {logging_mixin.py:188} INFO - [2024-02-03T04:09:26.253+0400] {dagbag.py:538} INFO - Filling up the DagBag from /home/reurairin/projects/urfu/urfu_3s_mlops-3/env/lib/python3.10/site-packages/airflow/example_dags/tutorial_dag.py
[2024-02-03T04:09:26.256+0400] {processor.py:840} INFO - DAG(s) 'tutorial_dag' retrieved from /home/reurairin/projects/urfu/urfu_3s_mlops-3/env/lib/python3.10/site-packages/airflow/example_dags/tutorial_dag.py
[2024-02-03T04:09:26.266+0400] {logging_mixin.py:188} INFO - [2024-02-03T04:09:26.265+0400] {dag.py:3036} INFO - Sync 1 DAGs
[2024-02-03T04:09:26.273+0400] {logging_mixin.py:188} INFO - [2024-02-03T04:09:26.273+0400] {dag.py:3823} INFO - Setting next_dagrun for tutorial_dag to None, run_after=None
[2024-02-03T04:09:26.287+0400] {processor.py:183} INFO - Processing /home/reurairin/projects/urfu/urfu_3s_mlops-3/env/lib/python3.10/site-packages/airflow/example_dags/tutorial_dag.py took 0.044 seconds
[2024-02-03T04:10:00.333+0400] {processor.py:161} INFO - Started process (PID=8308) to work on /home/reurairin/projects/urfu/urfu_3s_mlops-3/env/lib/python3.10/site-packages/airflow/example_dags/tutorial_dag.py
[2024-02-03T04:10:00.334+0400] {processor.py:830} INFO - Processing file /home/reurairin/projects/urfu/urfu_3s_mlops-3/env/lib/python3.10/site-packages/airflow/example_dags/tutorial_dag.py for tasks to queue
[2024-02-03T04:10:00.334+0400] {logging_mixin.py:188} INFO - [2024-02-03T04:10:00.334+0400] {dagbag.py:538} INFO - Filling up the DagBag from /home/reurairin/projects/urfu/urfu_3s_mlops-3/env/lib/python3.10/site-packages/airflow/example_dags/tutorial_dag.py
[2024-02-03T04:10:00.338+0400] {processor.py:840} INFO - DAG(s) 'tutorial_dag' retrieved from /home/reurairin/projects/urfu/urfu_3s_mlops-3/env/lib/python3.10/site-packages/airflow/example_dags/tutorial_dag.py
[2024-02-03T04:10:00.347+0400] {logging_mixin.py:188} INFO - [2024-02-03T04:10:00.347+0400] {dag.py:3036} INFO - Sync 1 DAGs
[2024-02-03T04:10:00.354+0400] {logging_mixin.py:188} INFO - [2024-02-03T04:10:00.353+0400] {dag.py:3823} INFO - Setting next_dagrun for tutorial_dag to None, run_after=None
[2024-02-03T04:10:00.367+0400] {processor.py:183} INFO - Processing /home/reurairin/projects/urfu/urfu_3s_mlops-3/env/lib/python3.10/site-packages/airflow/example_dags/tutorial_dag.py took 0.035 seconds
