[2024-02-03T03:03:42.163+0400] {processor.py:161} INFO - Started process (PID=23039) to work on /home/reurairin/airflow/dags/iris_score.py
[2024-02-03T03:03:42.164+0400] {processor.py:830} INFO - Processing file /home/reurairin/airflow/dags/iris_score.py for tasks to queue
[2024-02-03T03:03:42.164+0400] {logging_mixin.py:188} INFO - [2024-02-03T03:03:42.164+0400] {dagbag.py:538} INFO - Filling up the DagBag from /home/reurairin/airflow/dags/iris_score.py
[2024-02-03T03:03:42.166+0400] {logging_mixin.py:188} INFO - [2024-02-03T03:03:42.165+0400] {dagbag.py:348} ERROR - Failed to import: /home/reurairin/airflow/dags/iris_score.py
Traceback (most recent call last):
  File "/home/reurairin/projects/urfu/urfu_3s_mlops-3/env/lib/python3.10/site-packages/airflow/models/dagbag.py", line 344, in parse
    loader.exec_module(new_module)
  File "<frozen importlib._bootstrap_external>", line 879, in exec_module
  File "<frozen importlib._bootstrap_external>", line 1017, in get_code
  File "<frozen importlib._bootstrap_external>", line 947, in source_to_code
  File "<frozen importlib._bootstrap>", line 241, in _call_with_frames_removed
  File "/home/reurairin/airflow/dags/iris_score.py", line 7
    "start_date": dt.datetime(2023, 02, 1),
                                    ^
SyntaxError: leading zeros in decimal integer literals are not permitted; use an 0o prefix for octal integers
[2024-02-03T03:03:42.166+0400] {processor.py:842} WARNING - No viable dags retrieved from /home/reurairin/airflow/dags/iris_score.py
[2024-02-03T03:03:42.257+0400] {processor.py:183} INFO - Processing /home/reurairin/airflow/dags/iris_score.py took 0.095 seconds
[2024-02-03T03:04:28.237+0400] {processor.py:161} INFO - Started process (PID=23244) to work on /home/reurairin/airflow/dags/iris_score.py
[2024-02-03T03:04:28.239+0400] {processor.py:830} INFO - Processing file /home/reurairin/airflow/dags/iris_score.py for tasks to queue
[2024-02-03T03:04:28.240+0400] {logging_mixin.py:188} INFO - [2024-02-03T03:04:28.239+0400] {dagbag.py:538} INFO - Filling up the DagBag from /home/reurairin/airflow/dags/iris_score.py
[2024-02-03T03:04:28.241+0400] {logging_mixin.py:188} INFO - [2024-02-03T03:04:28.241+0400] {dagbag.py:348} ERROR - Failed to import: /home/reurairin/airflow/dags/iris_score.py
Traceback (most recent call last):
  File "/home/reurairin/projects/urfu/urfu_3s_mlops-3/env/lib/python3.10/site-packages/airflow/models/dagbag.py", line 344, in parse
    loader.exec_module(new_module)
  File "<frozen importlib._bootstrap_external>", line 879, in exec_module
  File "<frozen importlib._bootstrap_external>", line 1017, in get_code
  File "<frozen importlib._bootstrap_external>", line 947, in source_to_code
  File "<frozen importlib._bootstrap>", line 241, in _call_with_frames_removed
  File "/home/reurairin/airflow/dags/iris_score.py", line 7
    "start_date": dt.datetime(2023, 02, 1),
                                    ^
SyntaxError: leading zeros in decimal integer literals are not permitted; use an 0o prefix for octal integers
[2024-02-03T03:04:28.242+0400] {processor.py:842} WARNING - No viable dags retrieved from /home/reurairin/airflow/dags/iris_score.py
[2024-02-03T03:04:28.252+0400] {processor.py:183} INFO - Processing /home/reurairin/airflow/dags/iris_score.py took 0.017 seconds
[2024-02-03T03:05:04.343+0400] {processor.py:161} INFO - Started process (PID=23399) to work on /home/reurairin/airflow/dags/iris_score.py
[2024-02-03T03:05:04.344+0400] {processor.py:830} INFO - Processing file /home/reurairin/airflow/dags/iris_score.py for tasks to queue
[2024-02-03T03:05:04.344+0400] {logging_mixin.py:188} INFO - [2024-02-03T03:05:04.344+0400] {dagbag.py:538} INFO - Filling up the DagBag from /home/reurairin/airflow/dags/iris_score.py
[2024-02-03T03:05:04.346+0400] {logging_mixin.py:188} INFO - [2024-02-03T03:05:04.345+0400] {dagbag.py:348} ERROR - Failed to import: /home/reurairin/airflow/dags/iris_score.py
Traceback (most recent call last):
  File "/home/reurairin/projects/urfu/urfu_3s_mlops-3/env/lib/python3.10/site-packages/airflow/models/dagbag.py", line 344, in parse
    loader.exec_module(new_module)
  File "<frozen importlib._bootstrap_external>", line 879, in exec_module
  File "<frozen importlib._bootstrap_external>", line 1017, in get_code
  File "<frozen importlib._bootstrap_external>", line 947, in source_to_code
  File "<frozen importlib._bootstrap>", line 241, in _call_with_frames_removed
  File "/home/reurairin/airflow/dags/iris_score.py", line 7
    "start_date": dt.datetime(2023, 02, 1),
                                    ^
SyntaxError: leading zeros in decimal integer literals are not permitted; use an 0o prefix for octal integers
[2024-02-03T03:05:04.346+0400] {processor.py:842} WARNING - No viable dags retrieved from /home/reurairin/airflow/dags/iris_score.py
[2024-02-03T03:05:04.356+0400] {processor.py:183} INFO - Processing /home/reurairin/airflow/dags/iris_score.py took 0.016 seconds
[2024-02-03T03:05:39.808+0400] {processor.py:161} INFO - Started process (PID=23552) to work on /home/reurairin/airflow/dags/iris_score.py
[2024-02-03T03:05:39.808+0400] {processor.py:830} INFO - Processing file /home/reurairin/airflow/dags/iris_score.py for tasks to queue
[2024-02-03T03:05:39.809+0400] {logging_mixin.py:188} INFO - [2024-02-03T03:05:39.809+0400] {dagbag.py:538} INFO - Filling up the DagBag from /home/reurairin/airflow/dags/iris_score.py
[2024-02-03T03:05:39.813+0400] {processor.py:840} INFO - DAG(s) 'iris_score' retrieved from /home/reurairin/airflow/dags/iris_score.py
[2024-02-03T03:05:39.871+0400] {logging_mixin.py:188} INFO - [2024-02-03T03:05:39.870+0400] {override.py:1769} INFO - Created Permission View: can edit on DAG:iris_score
[2024-02-03T03:05:39.878+0400] {logging_mixin.py:188} INFO - [2024-02-03T03:05:39.877+0400] {override.py:1769} INFO - Created Permission View: can read on DAG:iris_score
[2024-02-03T03:05:39.883+0400] {logging_mixin.py:188} INFO - [2024-02-03T03:05:39.883+0400] {override.py:1769} INFO - Created Permission View: can delete on DAG:iris_score
[2024-02-03T03:05:39.883+0400] {logging_mixin.py:188} INFO - [2024-02-03T03:05:39.883+0400] {dag.py:3036} INFO - Sync 1 DAGs
[2024-02-03T03:05:39.889+0400] {logging_mixin.py:188} INFO - [2024-02-03T03:05:39.889+0400] {dag.py:3058} INFO - Creating ORM DAG for iris_score
[2024-02-03T03:05:39.890+0400] {logging_mixin.py:188} INFO - [2024-02-03T03:05:39.889+0400] {dag.py:3823} INFO - Setting next_dagrun for iris_score to None, run_after=None
[2024-02-03T03:05:39.905+0400] {processor.py:183} INFO - Processing /home/reurairin/airflow/dags/iris_score.py took 0.099 seconds
[2024-02-03T03:05:56.862+0400] {processor.py:161} INFO - Started process (PID=23622) to work on /home/reurairin/airflow/dags/iris_score.py
[2024-02-03T03:05:56.863+0400] {processor.py:830} INFO - Processing file /home/reurairin/airflow/dags/iris_score.py for tasks to queue
[2024-02-03T03:05:56.863+0400] {logging_mixin.py:188} INFO - [2024-02-03T03:05:56.863+0400] {dagbag.py:538} INFO - Filling up the DagBag from /home/reurairin/airflow/dags/iris_score.py
[2024-02-03T03:05:56.867+0400] {processor.py:840} INFO - DAG(s) 'iris_score' retrieved from /home/reurairin/airflow/dags/iris_score.py
[2024-02-03T03:05:56.871+0400] {logging_mixin.py:188} INFO - [2024-02-03T03:05:56.871+0400] {dag.py:3036} INFO - Sync 1 DAGs
[2024-02-03T03:05:56.878+0400] {logging_mixin.py:188} INFO - [2024-02-03T03:05:56.878+0400] {dag.py:3823} INFO - Setting next_dagrun for iris_score to None, run_after=None
[2024-02-03T03:05:56.891+0400] {processor.py:183} INFO - Processing /home/reurairin/airflow/dags/iris_score.py took 0.030 seconds
[2024-02-03T03:06:11.187+0400] {processor.py:161} INFO - Started process (PID=23701) to work on /home/reurairin/airflow/dags/iris_score.py
[2024-02-03T03:06:11.188+0400] {processor.py:830} INFO - Processing file /home/reurairin/airflow/dags/iris_score.py for tasks to queue
[2024-02-03T03:06:11.188+0400] {logging_mixin.py:188} INFO - [2024-02-03T03:06:11.188+0400] {dagbag.py:538} INFO - Filling up the DagBag from /home/reurairin/airflow/dags/iris_score.py
[2024-02-03T03:06:11.283+0400] {processor.py:840} INFO - DAG(s) 'iris_score' retrieved from /home/reurairin/airflow/dags/iris_score.py
[2024-02-03T03:06:11.286+0400] {logging_mixin.py:188} INFO - [2024-02-03T03:06:11.286+0400] {dag.py:3036} INFO - Sync 1 DAGs
[2024-02-03T03:06:11.292+0400] {logging_mixin.py:188} INFO - [2024-02-03T03:06:11.292+0400] {dag.py:3823} INFO - Setting next_dagrun for iris_score to None, run_after=None
[2024-02-03T03:06:11.306+0400] {processor.py:183} INFO - Processing /home/reurairin/airflow/dags/iris_score.py took 0.121 seconds
[2024-02-03T03:07:01.763+0400] {processor.py:161} INFO - Started process (PID=23915) to work on /home/reurairin/airflow/dags/iris_score.py
[2024-02-03T03:07:01.770+0400] {processor.py:830} INFO - Processing file /home/reurairin/airflow/dags/iris_score.py for tasks to queue
[2024-02-03T03:07:01.771+0400] {logging_mixin.py:188} INFO - [2024-02-03T03:07:01.771+0400] {dagbag.py:538} INFO - Filling up the DagBag from /home/reurairin/airflow/dags/iris_score.py
[2024-02-03T03:07:01.775+0400] {processor.py:840} INFO - DAG(s) 'iris_score' retrieved from /home/reurairin/airflow/dags/iris_score.py
[2024-02-03T03:07:01.833+0400] {logging_mixin.py:188} INFO - [2024-02-03T03:07:01.833+0400] {dag.py:3036} INFO - Sync 1 DAGs
[2024-02-03T03:07:01.841+0400] {logging_mixin.py:188} INFO - [2024-02-03T03:07:01.841+0400] {dag.py:3823} INFO - Setting next_dagrun for iris_score to None, run_after=None
[2024-02-03T03:07:01.859+0400] {processor.py:183} INFO - Processing /home/reurairin/airflow/dags/iris_score.py took 0.098 seconds
[2024-02-03T03:07:38.661+0400] {processor.py:161} INFO - Started process (PID=24077) to work on /home/reurairin/airflow/dags/iris_score.py
[2024-02-03T03:07:38.662+0400] {processor.py:830} INFO - Processing file /home/reurairin/airflow/dags/iris_score.py for tasks to queue
[2024-02-03T03:07:38.663+0400] {logging_mixin.py:188} INFO - [2024-02-03T03:07:38.662+0400] {dagbag.py:538} INFO - Filling up the DagBag from /home/reurairin/airflow/dags/iris_score.py
[2024-02-03T03:07:38.667+0400] {processor.py:840} INFO - DAG(s) 'iris_score' retrieved from /home/reurairin/airflow/dags/iris_score.py
[2024-02-03T03:07:38.675+0400] {logging_mixin.py:188} INFO - [2024-02-03T03:07:38.674+0400] {dag.py:3036} INFO - Sync 1 DAGs
[2024-02-03T03:07:38.681+0400] {logging_mixin.py:188} INFO - [2024-02-03T03:07:38.681+0400] {dag.py:3823} INFO - Setting next_dagrun for iris_score to None, run_after=None
[2024-02-03T03:07:38.693+0400] {processor.py:183} INFO - Processing /home/reurairin/airflow/dags/iris_score.py took 0.034 seconds
[2024-02-03T03:08:11.272+0400] {processor.py:161} INFO - Started process (PID=24219) to work on /home/reurairin/airflow/dags/iris_score.py
[2024-02-03T03:08:11.273+0400] {processor.py:830} INFO - Processing file /home/reurairin/airflow/dags/iris_score.py for tasks to queue
[2024-02-03T03:08:11.273+0400] {logging_mixin.py:188} INFO - [2024-02-03T03:08:11.273+0400] {dagbag.py:538} INFO - Filling up the DagBag from /home/reurairin/airflow/dags/iris_score.py
[2024-02-03T03:08:11.278+0400] {processor.py:840} INFO - DAG(s) 'iris_score' retrieved from /home/reurairin/airflow/dags/iris_score.py
[2024-02-03T03:08:11.287+0400] {logging_mixin.py:188} INFO - [2024-02-03T03:08:11.287+0400] {dag.py:3036} INFO - Sync 1 DAGs
[2024-02-03T03:08:11.294+0400] {logging_mixin.py:188} INFO - [2024-02-03T03:08:11.294+0400] {dag.py:3823} INFO - Setting next_dagrun for iris_score to None, run_after=None
[2024-02-03T03:08:11.307+0400] {processor.py:183} INFO - Processing /home/reurairin/airflow/dags/iris_score.py took 0.037 seconds
[2024-02-03T03:08:45.380+0400] {processor.py:161} INFO - Started process (PID=24357) to work on /home/reurairin/airflow/dags/iris_score.py
[2024-02-03T03:08:45.381+0400] {processor.py:830} INFO - Processing file /home/reurairin/airflow/dags/iris_score.py for tasks to queue
[2024-02-03T03:08:45.382+0400] {logging_mixin.py:188} INFO - [2024-02-03T03:08:45.381+0400] {dagbag.py:538} INFO - Filling up the DagBag from /home/reurairin/airflow/dags/iris_score.py
[2024-02-03T03:08:45.385+0400] {processor.py:840} INFO - DAG(s) 'iris_score' retrieved from /home/reurairin/airflow/dags/iris_score.py
[2024-02-03T03:08:45.395+0400] {logging_mixin.py:188} INFO - [2024-02-03T03:08:45.395+0400] {dag.py:3036} INFO - Sync 1 DAGs
[2024-02-03T03:08:45.402+0400] {logging_mixin.py:188} INFO - [2024-02-03T03:08:45.402+0400] {dag.py:3823} INFO - Setting next_dagrun for iris_score to None, run_after=None
[2024-02-03T03:08:45.417+0400] {processor.py:183} INFO - Processing /home/reurairin/airflow/dags/iris_score.py took 0.039 seconds
[2024-02-03T03:09:50.207+0400] {processor.py:161} INFO - Started process (PID=24588) to work on /home/reurairin/airflow/dags/iris_score.py
[2024-02-03T03:09:50.208+0400] {processor.py:830} INFO - Processing file /home/reurairin/airflow/dags/iris_score.py for tasks to queue
[2024-02-03T03:09:50.209+0400] {logging_mixin.py:188} INFO - [2024-02-03T03:09:50.209+0400] {dagbag.py:538} INFO - Filling up the DagBag from /home/reurairin/airflow/dags/iris_score.py
[2024-02-03T03:09:50.213+0400] {processor.py:840} INFO - DAG(s) 'iris_score' retrieved from /home/reurairin/airflow/dags/iris_score.py
[2024-02-03T03:09:50.229+0400] {logging_mixin.py:188} INFO - [2024-02-03T03:09:50.228+0400] {dag.py:3036} INFO - Sync 1 DAGs
[2024-02-03T03:09:50.236+0400] {logging_mixin.py:188} INFO - [2024-02-03T03:09:50.236+0400] {dag.py:3823} INFO - Setting next_dagrun for iris_score to None, run_after=None
[2024-02-03T03:09:50.253+0400] {processor.py:183} INFO - Processing /home/reurairin/airflow/dags/iris_score.py took 0.047 seconds
[2024-02-03T03:10:37.341+0400] {processor.py:161} INFO - Started process (PID=24792) to work on /home/reurairin/airflow/dags/iris_score.py
[2024-02-03T03:10:37.341+0400] {processor.py:830} INFO - Processing file /home/reurairin/airflow/dags/iris_score.py for tasks to queue
[2024-02-03T03:10:37.342+0400] {logging_mixin.py:188} INFO - [2024-02-03T03:10:37.342+0400] {dagbag.py:538} INFO - Filling up the DagBag from /home/reurairin/airflow/dags/iris_score.py
[2024-02-03T03:10:37.345+0400] {processor.py:840} INFO - DAG(s) 'iris_score' retrieved from /home/reurairin/airflow/dags/iris_score.py
[2024-02-03T03:10:37.354+0400] {logging_mixin.py:188} INFO - [2024-02-03T03:10:37.354+0400] {dag.py:3036} INFO - Sync 1 DAGs
[2024-02-03T03:10:37.360+0400] {logging_mixin.py:188} INFO - [2024-02-03T03:10:37.360+0400] {dag.py:3823} INFO - Setting next_dagrun for iris_score to None, run_after=None
[2024-02-03T03:10:37.372+0400] {processor.py:183} INFO - Processing /home/reurairin/airflow/dags/iris_score.py took 0.033 seconds
[2024-02-03T03:11:11.142+0400] {processor.py:161} INFO - Started process (PID=24941) to work on /home/reurairin/airflow/dags/iris_score.py
[2024-02-03T03:11:11.142+0400] {processor.py:830} INFO - Processing file /home/reurairin/airflow/dags/iris_score.py for tasks to queue
[2024-02-03T03:11:11.143+0400] {logging_mixin.py:188} INFO - [2024-02-03T03:11:11.143+0400] {dagbag.py:538} INFO - Filling up the DagBag from /home/reurairin/airflow/dags/iris_score.py
[2024-02-03T03:11:11.146+0400] {processor.py:840} INFO - DAG(s) 'iris_score' retrieved from /home/reurairin/airflow/dags/iris_score.py
[2024-02-03T03:11:11.154+0400] {logging_mixin.py:188} INFO - [2024-02-03T03:11:11.154+0400] {dag.py:3036} INFO - Sync 1 DAGs
[2024-02-03T03:11:11.160+0400] {logging_mixin.py:188} INFO - [2024-02-03T03:11:11.159+0400] {dag.py:3823} INFO - Setting next_dagrun for iris_score to None, run_after=None
[2024-02-03T03:11:11.171+0400] {processor.py:183} INFO - Processing /home/reurairin/airflow/dags/iris_score.py took 0.031 seconds
[2024-02-03T03:11:48.428+0400] {processor.py:161} INFO - Started process (PID=25101) to work on /home/reurairin/airflow/dags/iris_score.py
[2024-02-03T03:11:48.435+0400] {processor.py:830} INFO - Processing file /home/reurairin/airflow/dags/iris_score.py for tasks to queue
[2024-02-03T03:11:48.436+0400] {logging_mixin.py:188} INFO - [2024-02-03T03:11:48.435+0400] {dagbag.py:538} INFO - Filling up the DagBag from /home/reurairin/airflow/dags/iris_score.py
[2024-02-03T03:11:48.439+0400] {processor.py:840} INFO - DAG(s) 'iris_score' retrieved from /home/reurairin/airflow/dags/iris_score.py
[2024-02-03T03:11:48.450+0400] {logging_mixin.py:188} INFO - [2024-02-03T03:11:48.449+0400] {dag.py:3036} INFO - Sync 1 DAGs
[2024-02-03T03:11:48.457+0400] {logging_mixin.py:188} INFO - [2024-02-03T03:11:48.457+0400] {dag.py:3823} INFO - Setting next_dagrun for iris_score to None, run_after=None
[2024-02-03T03:11:48.473+0400] {processor.py:183} INFO - Processing /home/reurairin/airflow/dags/iris_score.py took 0.047 seconds
[2024-02-03T03:13:27.898+0400] {processor.py:161} INFO - Started process (PID=25474) to work on /home/reurairin/airflow/dags/iris_score.py
[2024-02-03T03:13:27.899+0400] {processor.py:830} INFO - Processing file /home/reurairin/airflow/dags/iris_score.py for tasks to queue
[2024-02-03T03:13:27.899+0400] {logging_mixin.py:188} INFO - [2024-02-03T03:13:27.899+0400] {dagbag.py:538} INFO - Filling up the DagBag from /home/reurairin/airflow/dags/iris_score.py
[2024-02-03T03:13:27.903+0400] {processor.py:840} INFO - DAG(s) 'iris_score' retrieved from /home/reurairin/airflow/dags/iris_score.py
[2024-02-03T03:13:27.918+0400] {logging_mixin.py:188} INFO - [2024-02-03T03:13:27.917+0400] {dag.py:3036} INFO - Sync 1 DAGs
[2024-02-03T03:13:27.924+0400] {logging_mixin.py:188} INFO - [2024-02-03T03:13:27.924+0400] {dag.py:3823} INFO - Setting next_dagrun for iris_score to None, run_after=None
[2024-02-03T03:13:27.938+0400] {processor.py:183} INFO - Processing /home/reurairin/airflow/dags/iris_score.py took 0.043 seconds
[2024-02-03T03:13:37.220+0400] {processor.py:161} INFO - Started process (PID=25533) to work on /home/reurairin/airflow/dags/iris_score.py
[2024-02-03T03:13:37.221+0400] {processor.py:830} INFO - Processing file /home/reurairin/airflow/dags/iris_score.py for tasks to queue
[2024-02-03T03:13:37.221+0400] {logging_mixin.py:188} INFO - [2024-02-03T03:13:37.221+0400] {dagbag.py:538} INFO - Filling up the DagBag from /home/reurairin/airflow/dags/iris_score.py
[2024-02-03T03:13:37.333+0400] {processor.py:840} INFO - DAG(s) 'iris_score' retrieved from /home/reurairin/airflow/dags/iris_score.py
[2024-02-03T03:13:37.337+0400] {logging_mixin.py:188} INFO - [2024-02-03T03:13:37.337+0400] {dag.py:3036} INFO - Sync 1 DAGs
[2024-02-03T03:13:37.344+0400] {logging_mixin.py:188} INFO - [2024-02-03T03:13:37.344+0400] {dag.py:3823} INFO - Setting next_dagrun for iris_score to None, run_after=None
[2024-02-03T03:13:37.359+0400] {processor.py:183} INFO - Processing /home/reurairin/airflow/dags/iris_score.py took 0.141 seconds
[2024-02-03T03:14:25.762+0400] {processor.py:161} INFO - Started process (PID=25743) to work on /home/reurairin/airflow/dags/iris_score.py
[2024-02-03T03:14:25.770+0400] {processor.py:830} INFO - Processing file /home/reurairin/airflow/dags/iris_score.py for tasks to queue
[2024-02-03T03:14:25.770+0400] {logging_mixin.py:188} INFO - [2024-02-03T03:14:25.770+0400] {dagbag.py:538} INFO - Filling up the DagBag from /home/reurairin/airflow/dags/iris_score.py
[2024-02-03T03:14:25.774+0400] {processor.py:840} INFO - DAG(s) 'iris_score' retrieved from /home/reurairin/airflow/dags/iris_score.py
[2024-02-03T03:14:25.832+0400] {logging_mixin.py:188} INFO - [2024-02-03T03:14:25.832+0400] {dag.py:3036} INFO - Sync 1 DAGs
[2024-02-03T03:14:25.839+0400] {logging_mixin.py:188} INFO - [2024-02-03T03:14:25.838+0400] {dag.py:3823} INFO - Setting next_dagrun for iris_score to None, run_after=None
[2024-02-03T03:14:25.854+0400] {processor.py:183} INFO - Processing /home/reurairin/airflow/dags/iris_score.py took 0.093 seconds
[2024-02-03T03:15:48.003+0400] {processor.py:161} INFO - Started process (PID=26075) to work on /home/reurairin/airflow/dags/iris_score.py
[2024-02-03T03:15:48.004+0400] {processor.py:830} INFO - Processing file /home/reurairin/airflow/dags/iris_score.py for tasks to queue
[2024-02-03T03:15:48.005+0400] {logging_mixin.py:188} INFO - [2024-02-03T03:15:48.005+0400] {dagbag.py:538} INFO - Filling up the DagBag from /home/reurairin/airflow/dags/iris_score.py
[2024-02-03T03:15:48.099+0400] {processor.py:840} INFO - DAG(s) 'iris_score' retrieved from /home/reurairin/airflow/dags/iris_score.py
[2024-02-03T03:15:48.102+0400] {logging_mixin.py:188} INFO - [2024-02-03T03:15:48.102+0400] {dag.py:3036} INFO - Sync 1 DAGs
[2024-02-03T03:15:48.109+0400] {logging_mixin.py:188} INFO - [2024-02-03T03:15:48.108+0400] {dag.py:3823} INFO - Setting next_dagrun for iris_score to None, run_after=None
[2024-02-03T03:15:48.122+0400] {processor.py:183} INFO - Processing /home/reurairin/airflow/dags/iris_score.py took 0.121 seconds
[2024-02-03T03:16:51.641+0400] {processor.py:161} INFO - Started process (PID=26310) to work on /home/reurairin/airflow/dags/iris_score.py
[2024-02-03T03:16:51.642+0400] {processor.py:830} INFO - Processing file /home/reurairin/airflow/dags/iris_score.py for tasks to queue
[2024-02-03T03:16:51.642+0400] {logging_mixin.py:188} INFO - [2024-02-03T03:16:51.642+0400] {dagbag.py:538} INFO - Filling up the DagBag from /home/reurairin/airflow/dags/iris_score.py
[2024-02-03T03:16:51.645+0400] {processor.py:840} INFO - DAG(s) 'iris_score' retrieved from /home/reurairin/airflow/dags/iris_score.py
[2024-02-03T03:16:51.702+0400] {logging_mixin.py:188} INFO - [2024-02-03T03:16:51.701+0400] {dag.py:3036} INFO - Sync 1 DAGs
[2024-02-03T03:16:51.706+0400] {logging_mixin.py:188} INFO - [2024-02-03T03:16:51.706+0400] {dag.py:3823} INFO - Setting next_dagrun for iris_score to None, run_after=None
[2024-02-03T03:16:51.719+0400] {processor.py:183} INFO - Processing /home/reurairin/airflow/dags/iris_score.py took 0.080 seconds
[2024-02-03T03:17:54.702+0400] {processor.py:161} INFO - Started process (PID=26537) to work on /home/reurairin/airflow/dags/iris_score.py
[2024-02-03T03:17:54.703+0400] {processor.py:830} INFO - Processing file /home/reurairin/airflow/dags/iris_score.py for tasks to queue
[2024-02-03T03:17:54.704+0400] {logging_mixin.py:188} INFO - [2024-02-03T03:17:54.703+0400] {dagbag.py:538} INFO - Filling up the DagBag from /home/reurairin/airflow/dags/iris_score.py
[2024-02-03T03:17:54.706+0400] {processor.py:840} INFO - DAG(s) 'iris_score' retrieved from /home/reurairin/airflow/dags/iris_score.py
[2024-02-03T03:17:54.720+0400] {logging_mixin.py:188} INFO - [2024-02-03T03:17:54.719+0400] {dag.py:3036} INFO - Sync 1 DAGs
[2024-02-03T03:17:54.726+0400] {logging_mixin.py:188} INFO - [2024-02-03T03:17:54.726+0400] {dag.py:3823} INFO - Setting next_dagrun for iris_score to None, run_after=None
[2024-02-03T03:17:54.741+0400] {processor.py:183} INFO - Processing /home/reurairin/airflow/dags/iris_score.py took 0.040 seconds
[2024-02-03T03:18:43.273+0400] {processor.py:161} INFO - Started process (PID=26742) to work on /home/reurairin/airflow/dags/iris_score.py
[2024-02-03T03:18:43.280+0400] {processor.py:830} INFO - Processing file /home/reurairin/airflow/dags/iris_score.py for tasks to queue
[2024-02-03T03:18:43.281+0400] {logging_mixin.py:188} INFO - [2024-02-03T03:18:43.281+0400] {dagbag.py:538} INFO - Filling up the DagBag from /home/reurairin/airflow/dags/iris_score.py
[2024-02-03T03:18:43.284+0400] {processor.py:840} INFO - DAG(s) 'iris_score' retrieved from /home/reurairin/airflow/dags/iris_score.py
[2024-02-03T03:18:43.294+0400] {logging_mixin.py:188} INFO - [2024-02-03T03:18:43.294+0400] {dag.py:3036} INFO - Sync 1 DAGs
[2024-02-03T03:18:43.301+0400] {logging_mixin.py:188} INFO - [2024-02-03T03:18:43.301+0400] {dag.py:3823} INFO - Setting next_dagrun for iris_score to None, run_after=None
[2024-02-03T03:18:43.316+0400] {processor.py:183} INFO - Processing /home/reurairin/airflow/dags/iris_score.py took 0.044 seconds
[2024-02-03T03:19:20.358+0400] {processor.py:161} INFO - Started process (PID=26900) to work on /home/reurairin/airflow/dags/iris_score.py
[2024-02-03T03:19:20.365+0400] {processor.py:830} INFO - Processing file /home/reurairin/airflow/dags/iris_score.py for tasks to queue
[2024-02-03T03:19:20.366+0400] {logging_mixin.py:188} INFO - [2024-02-03T03:19:20.366+0400] {dagbag.py:538} INFO - Filling up the DagBag from /home/reurairin/airflow/dags/iris_score.py
[2024-02-03T03:19:20.369+0400] {processor.py:840} INFO - DAG(s) 'iris_score' retrieved from /home/reurairin/airflow/dags/iris_score.py
[2024-02-03T03:19:20.377+0400] {logging_mixin.py:188} INFO - [2024-02-03T03:19:20.377+0400] {dag.py:3036} INFO - Sync 1 DAGs
[2024-02-03T03:19:20.383+0400] {logging_mixin.py:188} INFO - [2024-02-03T03:19:20.383+0400] {dag.py:3823} INFO - Setting next_dagrun for iris_score to None, run_after=None
[2024-02-03T03:19:20.395+0400] {processor.py:183} INFO - Processing /home/reurairin/airflow/dags/iris_score.py took 0.039 seconds
[2024-02-03T03:19:57.555+0400] {processor.py:161} INFO - Started process (PID=27057) to work on /home/reurairin/airflow/dags/iris_score.py
[2024-02-03T03:19:57.562+0400] {processor.py:830} INFO - Processing file /home/reurairin/airflow/dags/iris_score.py for tasks to queue
[2024-02-03T03:19:57.562+0400] {logging_mixin.py:188} INFO - [2024-02-03T03:19:57.562+0400] {dagbag.py:538} INFO - Filling up the DagBag from /home/reurairin/airflow/dags/iris_score.py
[2024-02-03T03:19:57.565+0400] {processor.py:840} INFO - DAG(s) 'iris_score' retrieved from /home/reurairin/airflow/dags/iris_score.py
[2024-02-03T03:19:57.574+0400] {logging_mixin.py:188} INFO - [2024-02-03T03:19:57.574+0400] {dag.py:3036} INFO - Sync 1 DAGs
[2024-02-03T03:19:57.580+0400] {logging_mixin.py:188} INFO - [2024-02-03T03:19:57.580+0400] {dag.py:3823} INFO - Setting next_dagrun for iris_score to None, run_after=None
[2024-02-03T03:19:57.593+0400] {processor.py:183} INFO - Processing /home/reurairin/airflow/dags/iris_score.py took 0.040 seconds
[2024-02-03T03:20:35.139+0400] {processor.py:161} INFO - Started process (PID=27221) to work on /home/reurairin/airflow/dags/iris_score.py
[2024-02-03T03:20:35.146+0400] {processor.py:830} INFO - Processing file /home/reurairin/airflow/dags/iris_score.py for tasks to queue
[2024-02-03T03:20:35.147+0400] {logging_mixin.py:188} INFO - [2024-02-03T03:20:35.147+0400] {dagbag.py:538} INFO - Filling up the DagBag from /home/reurairin/airflow/dags/iris_score.py
[2024-02-03T03:20:35.150+0400] {processor.py:840} INFO - DAG(s) 'iris_score' retrieved from /home/reurairin/airflow/dags/iris_score.py
[2024-02-03T03:20:35.159+0400] {logging_mixin.py:188} INFO - [2024-02-03T03:20:35.159+0400] {dag.py:3036} INFO - Sync 1 DAGs
[2024-02-03T03:20:35.166+0400] {logging_mixin.py:188} INFO - [2024-02-03T03:20:35.166+0400] {dag.py:3823} INFO - Setting next_dagrun for iris_score to None, run_after=None
[2024-02-03T03:20:35.180+0400] {processor.py:183} INFO - Processing /home/reurairin/airflow/dags/iris_score.py took 0.042 seconds
[2024-02-03T03:21:11.427+0400] {processor.py:161} INFO - Started process (PID=27380) to work on /home/reurairin/airflow/dags/iris_score.py
[2024-02-03T03:21:11.428+0400] {processor.py:830} INFO - Processing file /home/reurairin/airflow/dags/iris_score.py for tasks to queue
[2024-02-03T03:21:11.429+0400] {logging_mixin.py:188} INFO - [2024-02-03T03:21:11.428+0400] {dagbag.py:538} INFO - Filling up the DagBag from /home/reurairin/airflow/dags/iris_score.py
[2024-02-03T03:21:11.432+0400] {processor.py:840} INFO - DAG(s) 'iris_score' retrieved from /home/reurairin/airflow/dags/iris_score.py
[2024-02-03T03:21:11.441+0400] {logging_mixin.py:188} INFO - [2024-02-03T03:21:11.440+0400] {dag.py:3036} INFO - Sync 1 DAGs
[2024-02-03T03:21:11.447+0400] {logging_mixin.py:188} INFO - [2024-02-03T03:21:11.446+0400] {dag.py:3823} INFO - Setting next_dagrun for iris_score to None, run_after=None
[2024-02-03T03:21:11.461+0400] {processor.py:183} INFO - Processing /home/reurairin/airflow/dags/iris_score.py took 0.035 seconds
[2024-02-03T03:21:47.182+0400] {processor.py:161} INFO - Started process (PID=27553) to work on /home/reurairin/airflow/dags/iris_score.py
[2024-02-03T03:21:47.183+0400] {processor.py:830} INFO - Processing file /home/reurairin/airflow/dags/iris_score.py for tasks to queue
[2024-02-03T03:21:47.184+0400] {logging_mixin.py:188} INFO - [2024-02-03T03:21:47.184+0400] {dagbag.py:538} INFO - Filling up the DagBag from /home/reurairin/airflow/dags/iris_score.py
[2024-02-03T03:21:47.187+0400] {processor.py:840} INFO - DAG(s) 'iris_score' retrieved from /home/reurairin/airflow/dags/iris_score.py
[2024-02-03T03:21:47.196+0400] {logging_mixin.py:188} INFO - [2024-02-03T03:21:47.195+0400] {dag.py:3036} INFO - Sync 1 DAGs
[2024-02-03T03:21:47.201+0400] {logging_mixin.py:188} INFO - [2024-02-03T03:21:47.201+0400] {dag.py:3823} INFO - Setting next_dagrun for iris_score to None, run_after=None
[2024-02-03T03:21:47.214+0400] {processor.py:183} INFO - Processing /home/reurairin/airflow/dags/iris_score.py took 0.033 seconds
[2024-02-03T03:22:25.406+0400] {processor.py:161} INFO - Started process (PID=27719) to work on /home/reurairin/airflow/dags/iris_score.py
[2024-02-03T03:22:25.408+0400] {processor.py:830} INFO - Processing file /home/reurairin/airflow/dags/iris_score.py for tasks to queue
[2024-02-03T03:22:25.409+0400] {logging_mixin.py:188} INFO - [2024-02-03T03:22:25.408+0400] {dagbag.py:538} INFO - Filling up the DagBag from /home/reurairin/airflow/dags/iris_score.py
[2024-02-03T03:22:25.412+0400] {processor.py:840} INFO - DAG(s) 'iris_score' retrieved from /home/reurairin/airflow/dags/iris_score.py
[2024-02-03T03:22:25.420+0400] {logging_mixin.py:188} INFO - [2024-02-03T03:22:25.420+0400] {dag.py:3036} INFO - Sync 1 DAGs
[2024-02-03T03:22:25.426+0400] {logging_mixin.py:188} INFO - [2024-02-03T03:22:25.426+0400] {dag.py:3823} INFO - Setting next_dagrun for iris_score to None, run_after=None
[2024-02-03T03:22:25.438+0400] {processor.py:183} INFO - Processing /home/reurairin/airflow/dags/iris_score.py took 0.034 seconds
[2024-02-03T03:23:03.245+0400] {processor.py:161} INFO - Started process (PID=28092) to work on /home/reurairin/airflow/dags/iris_score.py
[2024-02-03T03:23:03.252+0400] {processor.py:830} INFO - Processing file /home/reurairin/airflow/dags/iris_score.py for tasks to queue
[2024-02-03T03:23:03.252+0400] {logging_mixin.py:188} INFO - [2024-02-03T03:23:03.252+0400] {dagbag.py:538} INFO - Filling up the DagBag from /home/reurairin/airflow/dags/iris_score.py
[2024-02-03T03:23:03.256+0400] {processor.py:840} INFO - DAG(s) 'iris_score' retrieved from /home/reurairin/airflow/dags/iris_score.py
[2024-02-03T03:23:03.265+0400] {logging_mixin.py:188} INFO - [2024-02-03T03:23:03.264+0400] {dag.py:3036} INFO - Sync 1 DAGs
[2024-02-03T03:23:03.271+0400] {logging_mixin.py:188} INFO - [2024-02-03T03:23:03.270+0400] {dag.py:3823} INFO - Setting next_dagrun for iris_score to None, run_after=None
[2024-02-03T03:23:03.284+0400] {processor.py:183} INFO - Processing /home/reurairin/airflow/dags/iris_score.py took 0.041 seconds
[2024-02-03T03:23:52.624+0400] {processor.py:161} INFO - Started process (PID=28378) to work on /home/reurairin/airflow/dags/iris_score.py
[2024-02-03T03:23:52.625+0400] {processor.py:830} INFO - Processing file /home/reurairin/airflow/dags/iris_score.py for tasks to queue
[2024-02-03T03:23:52.626+0400] {logging_mixin.py:188} INFO - [2024-02-03T03:23:52.626+0400] {dagbag.py:538} INFO - Filling up the DagBag from /home/reurairin/airflow/dags/iris_score.py
[2024-02-03T03:23:52.629+0400] {processor.py:840} INFO - DAG(s) 'iris_score' retrieved from /home/reurairin/airflow/dags/iris_score.py
[2024-02-03T03:23:52.641+0400] {logging_mixin.py:188} INFO - [2024-02-03T03:23:52.641+0400] {dag.py:3036} INFO - Sync 1 DAGs
[2024-02-03T03:23:52.650+0400] {logging_mixin.py:188} INFO - [2024-02-03T03:23:52.649+0400] {dag.py:3823} INFO - Setting next_dagrun for iris_score to None, run_after=None
[2024-02-03T03:23:52.666+0400] {processor.py:183} INFO - Processing /home/reurairin/airflow/dags/iris_score.py took 0.043 seconds
[2024-02-03T03:24:26.372+0400] {processor.py:161} INFO - Started process (PID=28526) to work on /home/reurairin/airflow/dags/iris_score.py
[2024-02-03T03:24:26.373+0400] {processor.py:830} INFO - Processing file /home/reurairin/airflow/dags/iris_score.py for tasks to queue
[2024-02-03T03:24:26.373+0400] {logging_mixin.py:188} INFO - [2024-02-03T03:24:26.373+0400] {dagbag.py:538} INFO - Filling up the DagBag from /home/reurairin/airflow/dags/iris_score.py
[2024-02-03T03:24:26.377+0400] {processor.py:840} INFO - DAG(s) 'iris_score' retrieved from /home/reurairin/airflow/dags/iris_score.py
[2024-02-03T03:24:26.386+0400] {logging_mixin.py:188} INFO - [2024-02-03T03:24:26.386+0400] {dag.py:3036} INFO - Sync 1 DAGs
[2024-02-03T03:24:26.393+0400] {logging_mixin.py:188} INFO - [2024-02-03T03:24:26.392+0400] {dag.py:3823} INFO - Setting next_dagrun for iris_score to None, run_after=None
[2024-02-03T03:24:26.406+0400] {processor.py:183} INFO - Processing /home/reurairin/airflow/dags/iris_score.py took 0.036 seconds
[2024-02-03T03:25:05.668+0400] {processor.py:161} INFO - Started process (PID=28692) to work on /home/reurairin/airflow/dags/iris_score.py
[2024-02-03T03:25:05.675+0400] {processor.py:830} INFO - Processing file /home/reurairin/airflow/dags/iris_score.py for tasks to queue
[2024-02-03T03:25:05.676+0400] {logging_mixin.py:188} INFO - [2024-02-03T03:25:05.675+0400] {dagbag.py:538} INFO - Filling up the DagBag from /home/reurairin/airflow/dags/iris_score.py
[2024-02-03T03:25:05.679+0400] {processor.py:840} INFO - DAG(s) 'iris_score' retrieved from /home/reurairin/airflow/dags/iris_score.py
[2024-02-03T03:25:05.689+0400] {logging_mixin.py:188} INFO - [2024-02-03T03:25:05.689+0400] {dag.py:3036} INFO - Sync 1 DAGs
[2024-02-03T03:25:05.696+0400] {logging_mixin.py:188} INFO - [2024-02-03T03:25:05.696+0400] {dag.py:3823} INFO - Setting next_dagrun for iris_score to None, run_after=None
[2024-02-03T03:25:05.712+0400] {processor.py:183} INFO - Processing /home/reurairin/airflow/dags/iris_score.py took 0.046 seconds
[2024-02-03T03:25:42.471+0400] {processor.py:161} INFO - Started process (PID=28837) to work on /home/reurairin/airflow/dags/iris_score.py
[2024-02-03T03:25:42.479+0400] {processor.py:830} INFO - Processing file /home/reurairin/airflow/dags/iris_score.py for tasks to queue
[2024-02-03T03:25:42.480+0400] {logging_mixin.py:188} INFO - [2024-02-03T03:25:42.479+0400] {dagbag.py:538} INFO - Filling up the DagBag from /home/reurairin/airflow/dags/iris_score.py
[2024-02-03T03:25:42.483+0400] {processor.py:840} INFO - DAG(s) 'iris_score' retrieved from /home/reurairin/airflow/dags/iris_score.py
[2024-02-03T03:25:42.491+0400] {logging_mixin.py:188} INFO - [2024-02-03T03:25:42.491+0400] {dag.py:3036} INFO - Sync 1 DAGs
[2024-02-03T03:25:42.497+0400] {logging_mixin.py:188} INFO - [2024-02-03T03:25:42.497+0400] {dag.py:3823} INFO - Setting next_dagrun for iris_score to None, run_after=None
[2024-02-03T03:25:42.509+0400] {processor.py:183} INFO - Processing /home/reurairin/airflow/dags/iris_score.py took 0.039 seconds
[2024-02-03T03:26:17.688+0400] {processor.py:161} INFO - Started process (PID=28992) to work on /home/reurairin/airflow/dags/iris_score.py
[2024-02-03T03:26:17.690+0400] {processor.py:830} INFO - Processing file /home/reurairin/airflow/dags/iris_score.py for tasks to queue
[2024-02-03T03:26:17.691+0400] {logging_mixin.py:188} INFO - [2024-02-03T03:26:17.691+0400] {dagbag.py:538} INFO - Filling up the DagBag from /home/reurairin/airflow/dags/iris_score.py
[2024-02-03T03:26:17.695+0400] {processor.py:840} INFO - DAG(s) 'iris_score' retrieved from /home/reurairin/airflow/dags/iris_score.py
[2024-02-03T03:26:17.709+0400] {logging_mixin.py:188} INFO - [2024-02-03T03:26:17.708+0400] {dag.py:3036} INFO - Sync 1 DAGs
[2024-02-03T03:26:17.716+0400] {logging_mixin.py:188} INFO - [2024-02-03T03:26:17.716+0400] {dag.py:3823} INFO - Setting next_dagrun for iris_score to None, run_after=None
[2024-02-03T03:26:17.734+0400] {processor.py:183} INFO - Processing /home/reurairin/airflow/dags/iris_score.py took 0.049 seconds
[2024-02-03T03:26:51.350+0400] {processor.py:161} INFO - Started process (PID=29137) to work on /home/reurairin/airflow/dags/iris_score.py
[2024-02-03T03:26:51.351+0400] {processor.py:830} INFO - Processing file /home/reurairin/airflow/dags/iris_score.py for tasks to queue
[2024-02-03T03:26:51.352+0400] {logging_mixin.py:188} INFO - [2024-02-03T03:26:51.352+0400] {dagbag.py:538} INFO - Filling up the DagBag from /home/reurairin/airflow/dags/iris_score.py
[2024-02-03T03:26:51.355+0400] {processor.py:840} INFO - DAG(s) 'iris_score' retrieved from /home/reurairin/airflow/dags/iris_score.py
[2024-02-03T03:26:51.364+0400] {logging_mixin.py:188} INFO - [2024-02-03T03:26:51.364+0400] {dag.py:3036} INFO - Sync 1 DAGs
[2024-02-03T03:26:51.371+0400] {logging_mixin.py:188} INFO - [2024-02-03T03:26:51.371+0400] {dag.py:3823} INFO - Setting next_dagrun for iris_score to None, run_after=None
[2024-02-03T03:26:51.384+0400] {processor.py:183} INFO - Processing /home/reurairin/airflow/dags/iris_score.py took 0.035 seconds
[2024-02-03T03:27:26.178+0400] {processor.py:161} INFO - Started process (PID=29291) to work on /home/reurairin/airflow/dags/iris_score.py
[2024-02-03T03:27:26.185+0400] {processor.py:830} INFO - Processing file /home/reurairin/airflow/dags/iris_score.py for tasks to queue
[2024-02-03T03:27:26.186+0400] {logging_mixin.py:188} INFO - [2024-02-03T03:27:26.186+0400] {dagbag.py:538} INFO - Filling up the DagBag from /home/reurairin/airflow/dags/iris_score.py
[2024-02-03T03:27:26.189+0400] {processor.py:840} INFO - DAG(s) 'iris_score' retrieved from /home/reurairin/airflow/dags/iris_score.py
[2024-02-03T03:27:26.198+0400] {logging_mixin.py:188} INFO - [2024-02-03T03:27:26.198+0400] {dag.py:3036} INFO - Sync 1 DAGs
[2024-02-03T03:27:26.204+0400] {logging_mixin.py:188} INFO - [2024-02-03T03:27:26.204+0400] {dag.py:3823} INFO - Setting next_dagrun for iris_score to None, run_after=None
[2024-02-03T03:27:26.216+0400] {processor.py:183} INFO - Processing /home/reurairin/airflow/dags/iris_score.py took 0.039 seconds
[2024-02-03T03:27:59.102+0400] {processor.py:161} INFO - Started process (PID=29421) to work on /home/reurairin/airflow/dags/iris_score.py
[2024-02-03T03:27:59.102+0400] {processor.py:830} INFO - Processing file /home/reurairin/airflow/dags/iris_score.py for tasks to queue
[2024-02-03T03:27:59.103+0400] {logging_mixin.py:188} INFO - [2024-02-03T03:27:59.103+0400] {dagbag.py:538} INFO - Filling up the DagBag from /home/reurairin/airflow/dags/iris_score.py
[2024-02-03T03:27:59.106+0400] {processor.py:840} INFO - DAG(s) 'iris_score' retrieved from /home/reurairin/airflow/dags/iris_score.py
[2024-02-03T03:27:59.116+0400] {logging_mixin.py:188} INFO - [2024-02-03T03:27:59.116+0400] {dag.py:3036} INFO - Sync 1 DAGs
[2024-02-03T03:27:59.122+0400] {logging_mixin.py:188} INFO - [2024-02-03T03:27:59.122+0400] {dag.py:3823} INFO - Setting next_dagrun for iris_score to None, run_after=None
[2024-02-03T03:27:59.134+0400] {processor.py:183} INFO - Processing /home/reurairin/airflow/dags/iris_score.py took 0.034 seconds
[2024-02-03T03:28:36.772+0400] {processor.py:161} INFO - Started process (PID=29585) to work on /home/reurairin/airflow/dags/iris_score.py
[2024-02-03T03:28:36.779+0400] {processor.py:830} INFO - Processing file /home/reurairin/airflow/dags/iris_score.py for tasks to queue
[2024-02-03T03:28:36.780+0400] {logging_mixin.py:188} INFO - [2024-02-03T03:28:36.779+0400] {dagbag.py:538} INFO - Filling up the DagBag from /home/reurairin/airflow/dags/iris_score.py
[2024-02-03T03:28:36.783+0400] {processor.py:840} INFO - DAG(s) 'iris_score' retrieved from /home/reurairin/airflow/dags/iris_score.py
[2024-02-03T03:28:36.791+0400] {logging_mixin.py:188} INFO - [2024-02-03T03:28:36.791+0400] {dag.py:3036} INFO - Sync 1 DAGs
[2024-02-03T03:28:36.797+0400] {logging_mixin.py:188} INFO - [2024-02-03T03:28:36.797+0400] {dag.py:3823} INFO - Setting next_dagrun for iris_score to None, run_after=None
[2024-02-03T03:28:36.810+0400] {processor.py:183} INFO - Processing /home/reurairin/airflow/dags/iris_score.py took 0.039 seconds
[2024-02-03T03:29:11.131+0400] {processor.py:161} INFO - Started process (PID=29737) to work on /home/reurairin/airflow/dags/iris_score.py
[2024-02-03T03:29:11.138+0400] {processor.py:830} INFO - Processing file /home/reurairin/airflow/dags/iris_score.py for tasks to queue
[2024-02-03T03:29:11.139+0400] {logging_mixin.py:188} INFO - [2024-02-03T03:29:11.139+0400] {dagbag.py:538} INFO - Filling up the DagBag from /home/reurairin/airflow/dags/iris_score.py
[2024-02-03T03:29:11.142+0400] {processor.py:840} INFO - DAG(s) 'iris_score' retrieved from /home/reurairin/airflow/dags/iris_score.py
[2024-02-03T03:29:11.152+0400] {logging_mixin.py:188} INFO - [2024-02-03T03:29:11.152+0400] {dag.py:3036} INFO - Sync 1 DAGs
[2024-02-03T03:29:11.159+0400] {logging_mixin.py:188} INFO - [2024-02-03T03:29:11.159+0400] {dag.py:3823} INFO - Setting next_dagrun for iris_score to None, run_after=None
[2024-02-03T03:29:11.172+0400] {processor.py:183} INFO - Processing /home/reurairin/airflow/dags/iris_score.py took 0.042 seconds
[2024-02-03T03:29:47.034+0400] {processor.py:161} INFO - Started process (PID=29891) to work on /home/reurairin/airflow/dags/iris_score.py
[2024-02-03T03:29:47.036+0400] {processor.py:830} INFO - Processing file /home/reurairin/airflow/dags/iris_score.py for tasks to queue
[2024-02-03T03:29:47.038+0400] {logging_mixin.py:188} INFO - [2024-02-03T03:29:47.037+0400] {dagbag.py:538} INFO - Filling up the DagBag from /home/reurairin/airflow/dags/iris_score.py
[2024-02-03T03:29:47.042+0400] {processor.py:840} INFO - DAG(s) 'iris_score' retrieved from /home/reurairin/airflow/dags/iris_score.py
[2024-02-03T03:29:47.058+0400] {logging_mixin.py:188} INFO - [2024-02-03T03:29:47.058+0400] {dag.py:3036} INFO - Sync 1 DAGs
[2024-02-03T03:29:47.067+0400] {logging_mixin.py:188} INFO - [2024-02-03T03:29:47.067+0400] {dag.py:3823} INFO - Setting next_dagrun for iris_score to None, run_after=None
[2024-02-03T03:29:47.084+0400] {processor.py:183} INFO - Processing /home/reurairin/airflow/dags/iris_score.py took 0.053 seconds
[2024-02-03T03:30:19.756+0400] {processor.py:161} INFO - Started process (PID=30024) to work on /home/reurairin/airflow/dags/iris_score.py
[2024-02-03T03:30:19.757+0400] {processor.py:830} INFO - Processing file /home/reurairin/airflow/dags/iris_score.py for tasks to queue
[2024-02-03T03:30:19.758+0400] {logging_mixin.py:188} INFO - [2024-02-03T03:30:19.757+0400] {dagbag.py:538} INFO - Filling up the DagBag from /home/reurairin/airflow/dags/iris_score.py
[2024-02-03T03:30:19.761+0400] {processor.py:840} INFO - DAG(s) 'iris_score' retrieved from /home/reurairin/airflow/dags/iris_score.py
[2024-02-03T03:30:19.770+0400] {logging_mixin.py:188} INFO - [2024-02-03T03:30:19.770+0400] {dag.py:3036} INFO - Sync 1 DAGs
[2024-02-03T03:30:19.776+0400] {logging_mixin.py:188} INFO - [2024-02-03T03:30:19.776+0400] {dag.py:3823} INFO - Setting next_dagrun for iris_score to None, run_after=None
[2024-02-03T03:30:19.789+0400] {processor.py:183} INFO - Processing /home/reurairin/airflow/dags/iris_score.py took 0.035 seconds
[2024-02-03T03:30:54.997+0400] {processor.py:161} INFO - Started process (PID=30179) to work on /home/reurairin/airflow/dags/iris_score.py
[2024-02-03T03:30:55.004+0400] {processor.py:830} INFO - Processing file /home/reurairin/airflow/dags/iris_score.py for tasks to queue
[2024-02-03T03:30:55.005+0400] {logging_mixin.py:188} INFO - [2024-02-03T03:30:55.004+0400] {dagbag.py:538} INFO - Filling up the DagBag from /home/reurairin/airflow/dags/iris_score.py
[2024-02-03T03:30:55.008+0400] {processor.py:840} INFO - DAG(s) 'iris_score' retrieved from /home/reurairin/airflow/dags/iris_score.py
[2024-02-03T03:30:55.016+0400] {logging_mixin.py:188} INFO - [2024-02-03T03:30:55.016+0400] {dag.py:3036} INFO - Sync 1 DAGs
[2024-02-03T03:30:55.022+0400] {logging_mixin.py:188} INFO - [2024-02-03T03:30:55.022+0400] {dag.py:3823} INFO - Setting next_dagrun for iris_score to None, run_after=None
[2024-02-03T03:30:55.035+0400] {processor.py:183} INFO - Processing /home/reurairin/airflow/dags/iris_score.py took 0.040 seconds
[2024-02-03T03:31:30.769+0400] {processor.py:161} INFO - Started process (PID=30333) to work on /home/reurairin/airflow/dags/iris_score.py
[2024-02-03T03:31:30.770+0400] {processor.py:830} INFO - Processing file /home/reurairin/airflow/dags/iris_score.py for tasks to queue
[2024-02-03T03:31:30.771+0400] {logging_mixin.py:188} INFO - [2024-02-03T03:31:30.771+0400] {dagbag.py:538} INFO - Filling up the DagBag from /home/reurairin/airflow/dags/iris_score.py
[2024-02-03T03:31:30.775+0400] {processor.py:840} INFO - DAG(s) 'iris_score' retrieved from /home/reurairin/airflow/dags/iris_score.py
[2024-02-03T03:31:30.786+0400] {logging_mixin.py:188} INFO - [2024-02-03T03:31:30.786+0400] {dag.py:3036} INFO - Sync 1 DAGs
[2024-02-03T03:31:30.794+0400] {logging_mixin.py:188} INFO - [2024-02-03T03:31:30.794+0400] {dag.py:3823} INFO - Setting next_dagrun for iris_score to None, run_after=None
[2024-02-03T03:31:30.816+0400] {processor.py:183} INFO - Processing /home/reurairin/airflow/dags/iris_score.py took 0.049 seconds
[2024-02-03T03:32:04.789+0400] {processor.py:161} INFO - Started process (PID=30480) to work on /home/reurairin/airflow/dags/iris_score.py
[2024-02-03T03:32:04.797+0400] {processor.py:830} INFO - Processing file /home/reurairin/airflow/dags/iris_score.py for tasks to queue
[2024-02-03T03:32:04.798+0400] {logging_mixin.py:188} INFO - [2024-02-03T03:32:04.797+0400] {dagbag.py:538} INFO - Filling up the DagBag from /home/reurairin/airflow/dags/iris_score.py
[2024-02-03T03:32:04.801+0400] {processor.py:840} INFO - DAG(s) 'iris_score' retrieved from /home/reurairin/airflow/dags/iris_score.py
[2024-02-03T03:32:04.811+0400] {logging_mixin.py:188} INFO - [2024-02-03T03:32:04.811+0400] {dag.py:3036} INFO - Sync 1 DAGs
[2024-02-03T03:32:04.817+0400] {logging_mixin.py:188} INFO - [2024-02-03T03:32:04.817+0400] {dag.py:3823} INFO - Setting next_dagrun for iris_score to None, run_after=None
[2024-02-03T03:32:04.831+0400] {processor.py:183} INFO - Processing /home/reurairin/airflow/dags/iris_score.py took 0.043 seconds
[2024-02-03T03:32:39.101+0400] {processor.py:161} INFO - Started process (PID=30618) to work on /home/reurairin/airflow/dags/iris_score.py
[2024-02-03T03:32:39.102+0400] {processor.py:830} INFO - Processing file /home/reurairin/airflow/dags/iris_score.py for tasks to queue
[2024-02-03T03:32:39.103+0400] {logging_mixin.py:188} INFO - [2024-02-03T03:32:39.103+0400] {dagbag.py:538} INFO - Filling up the DagBag from /home/reurairin/airflow/dags/iris_score.py
[2024-02-03T03:32:39.106+0400] {processor.py:840} INFO - DAG(s) 'iris_score' retrieved from /home/reurairin/airflow/dags/iris_score.py
[2024-02-03T03:32:39.115+0400] {logging_mixin.py:188} INFO - [2024-02-03T03:32:39.115+0400] {dag.py:3036} INFO - Sync 1 DAGs
[2024-02-03T03:32:39.121+0400] {logging_mixin.py:188} INFO - [2024-02-03T03:32:39.120+0400] {dag.py:3823} INFO - Setting next_dagrun for iris_score to None, run_after=None
[2024-02-03T03:32:39.133+0400] {processor.py:183} INFO - Processing /home/reurairin/airflow/dags/iris_score.py took 0.033 seconds
[2024-02-03T03:33:15.066+0400] {processor.py:161} INFO - Started process (PID=30775) to work on /home/reurairin/airflow/dags/iris_score.py
[2024-02-03T03:33:15.067+0400] {processor.py:830} INFO - Processing file /home/reurairin/airflow/dags/iris_score.py for tasks to queue
[2024-02-03T03:33:15.068+0400] {logging_mixin.py:188} INFO - [2024-02-03T03:33:15.067+0400] {dagbag.py:538} INFO - Filling up the DagBag from /home/reurairin/airflow/dags/iris_score.py
[2024-02-03T03:33:15.071+0400] {processor.py:840} INFO - DAG(s) 'iris_score' retrieved from /home/reurairin/airflow/dags/iris_score.py
[2024-02-03T03:33:15.081+0400] {logging_mixin.py:188} INFO - [2024-02-03T03:33:15.081+0400] {dag.py:3036} INFO - Sync 1 DAGs
[2024-02-03T03:33:15.087+0400] {logging_mixin.py:188} INFO - [2024-02-03T03:33:15.087+0400] {dag.py:3823} INFO - Setting next_dagrun for iris_score to None, run_after=None
[2024-02-03T03:33:15.100+0400] {processor.py:183} INFO - Processing /home/reurairin/airflow/dags/iris_score.py took 0.035 seconds
[2024-02-03T03:33:48.907+0400] {processor.py:161} INFO - Started process (PID=30918) to work on /home/reurairin/airflow/dags/iris_score.py
[2024-02-03T03:33:48.908+0400] {processor.py:830} INFO - Processing file /home/reurairin/airflow/dags/iris_score.py for tasks to queue
[2024-02-03T03:33:48.908+0400] {logging_mixin.py:188} INFO - [2024-02-03T03:33:48.908+0400] {dagbag.py:538} INFO - Filling up the DagBag from /home/reurairin/airflow/dags/iris_score.py
[2024-02-03T03:33:48.912+0400] {processor.py:840} INFO - DAG(s) 'iris_score' retrieved from /home/reurairin/airflow/dags/iris_score.py
[2024-02-03T03:33:48.921+0400] {logging_mixin.py:188} INFO - [2024-02-03T03:33:48.921+0400] {dag.py:3036} INFO - Sync 1 DAGs
[2024-02-03T03:33:48.927+0400] {logging_mixin.py:188} INFO - [2024-02-03T03:33:48.927+0400] {dag.py:3823} INFO - Setting next_dagrun for iris_score to None, run_after=None
[2024-02-03T03:33:48.942+0400] {processor.py:183} INFO - Processing /home/reurairin/airflow/dags/iris_score.py took 0.037 seconds
[2024-02-03T03:34:22.734+0400] {processor.py:161} INFO - Started process (PID=31057) to work on /home/reurairin/airflow/dags/iris_score.py
[2024-02-03T03:34:22.734+0400] {processor.py:830} INFO - Processing file /home/reurairin/airflow/dags/iris_score.py for tasks to queue
[2024-02-03T03:34:22.735+0400] {logging_mixin.py:188} INFO - [2024-02-03T03:34:22.735+0400] {dagbag.py:538} INFO - Filling up the DagBag from /home/reurairin/airflow/dags/iris_score.py
[2024-02-03T03:34:22.738+0400] {processor.py:840} INFO - DAG(s) 'iris_score' retrieved from /home/reurairin/airflow/dags/iris_score.py
[2024-02-03T03:34:22.747+0400] {logging_mixin.py:188} INFO - [2024-02-03T03:34:22.747+0400] {dag.py:3036} INFO - Sync 1 DAGs
[2024-02-03T03:34:22.753+0400] {logging_mixin.py:188} INFO - [2024-02-03T03:34:22.753+0400] {dag.py:3823} INFO - Setting next_dagrun for iris_score to None, run_after=None
[2024-02-03T03:34:22.769+0400] {processor.py:183} INFO - Processing /home/reurairin/airflow/dags/iris_score.py took 0.037 seconds
[2024-02-03T03:34:58.389+0400] {processor.py:161} INFO - Started process (PID=31211) to work on /home/reurairin/airflow/dags/iris_score.py
[2024-02-03T03:34:58.398+0400] {processor.py:830} INFO - Processing file /home/reurairin/airflow/dags/iris_score.py for tasks to queue
[2024-02-03T03:34:58.398+0400] {logging_mixin.py:188} INFO - [2024-02-03T03:34:58.398+0400] {dagbag.py:538} INFO - Filling up the DagBag from /home/reurairin/airflow/dags/iris_score.py
[2024-02-03T03:34:58.402+0400] {processor.py:840} INFO - DAG(s) 'iris_score' retrieved from /home/reurairin/airflow/dags/iris_score.py
[2024-02-03T03:34:58.410+0400] {logging_mixin.py:188} INFO - [2024-02-03T03:34:58.410+0400] {dag.py:3036} INFO - Sync 1 DAGs
[2024-02-03T03:34:58.416+0400] {logging_mixin.py:188} INFO - [2024-02-03T03:34:58.416+0400] {dag.py:3823} INFO - Setting next_dagrun for iris_score to None, run_after=None
[2024-02-03T03:34:58.428+0400] {processor.py:183} INFO - Processing /home/reurairin/airflow/dags/iris_score.py took 0.041 seconds
[2024-02-03T03:35:36.581+0400] {processor.py:161} INFO - Started process (PID=31372) to work on /home/reurairin/airflow/dags/iris_score.py
[2024-02-03T03:35:36.582+0400] {processor.py:830} INFO - Processing file /home/reurairin/airflow/dags/iris_score.py for tasks to queue
[2024-02-03T03:35:36.583+0400] {logging_mixin.py:188} INFO - [2024-02-03T03:35:36.582+0400] {dagbag.py:538} INFO - Filling up the DagBag from /home/reurairin/airflow/dags/iris_score.py
[2024-02-03T03:35:36.586+0400] {processor.py:840} INFO - DAG(s) 'iris_score' retrieved from /home/reurairin/airflow/dags/iris_score.py
[2024-02-03T03:35:36.595+0400] {logging_mixin.py:188} INFO - [2024-02-03T03:35:36.595+0400] {dag.py:3036} INFO - Sync 1 DAGs
[2024-02-03T03:35:36.601+0400] {logging_mixin.py:188} INFO - [2024-02-03T03:35:36.601+0400] {dag.py:3823} INFO - Setting next_dagrun for iris_score to None, run_after=None
[2024-02-03T03:35:36.615+0400] {processor.py:183} INFO - Processing /home/reurairin/airflow/dags/iris_score.py took 0.036 seconds
[2024-02-03T03:36:13.427+0400] {processor.py:161} INFO - Started process (PID=31533) to work on /home/reurairin/airflow/dags/iris_score.py
[2024-02-03T03:36:13.434+0400] {processor.py:830} INFO - Processing file /home/reurairin/airflow/dags/iris_score.py for tasks to queue
[2024-02-03T03:36:13.435+0400] {logging_mixin.py:188} INFO - [2024-02-03T03:36:13.434+0400] {dagbag.py:538} INFO - Filling up the DagBag from /home/reurairin/airflow/dags/iris_score.py
[2024-02-03T03:36:13.438+0400] {processor.py:840} INFO - DAG(s) 'iris_score' retrieved from /home/reurairin/airflow/dags/iris_score.py
[2024-02-03T03:36:13.446+0400] {logging_mixin.py:188} INFO - [2024-02-03T03:36:13.446+0400] {dag.py:3036} INFO - Sync 1 DAGs
[2024-02-03T03:36:13.452+0400] {logging_mixin.py:188} INFO - [2024-02-03T03:36:13.452+0400] {dag.py:3823} INFO - Setting next_dagrun for iris_score to None, run_after=None
[2024-02-03T03:36:13.464+0400] {processor.py:183} INFO - Processing /home/reurairin/airflow/dags/iris_score.py took 0.039 seconds
[2024-02-03T03:36:49.386+0400] {processor.py:161} INFO - Started process (PID=31686) to work on /home/reurairin/airflow/dags/iris_score.py
[2024-02-03T03:36:49.387+0400] {processor.py:830} INFO - Processing file /home/reurairin/airflow/dags/iris_score.py for tasks to queue
[2024-02-03T03:36:49.387+0400] {logging_mixin.py:188} INFO - [2024-02-03T03:36:49.387+0400] {dagbag.py:538} INFO - Filling up the DagBag from /home/reurairin/airflow/dags/iris_score.py
[2024-02-03T03:36:49.391+0400] {processor.py:840} INFO - DAG(s) 'iris_score' retrieved from /home/reurairin/airflow/dags/iris_score.py
[2024-02-03T03:36:49.400+0400] {logging_mixin.py:188} INFO - [2024-02-03T03:36:49.399+0400] {dag.py:3036} INFO - Sync 1 DAGs
[2024-02-03T03:36:49.406+0400] {logging_mixin.py:188} INFO - [2024-02-03T03:36:49.405+0400] {dag.py:3823} INFO - Setting next_dagrun for iris_score to None, run_after=None
[2024-02-03T03:36:49.418+0400] {processor.py:183} INFO - Processing /home/reurairin/airflow/dags/iris_score.py took 0.034 seconds
[2024-02-03T03:37:27.949+0400] {processor.py:161} INFO - Started process (PID=31851) to work on /home/reurairin/airflow/dags/iris_score.py
[2024-02-03T03:37:27.956+0400] {processor.py:830} INFO - Processing file /home/reurairin/airflow/dags/iris_score.py for tasks to queue
[2024-02-03T03:37:27.957+0400] {logging_mixin.py:188} INFO - [2024-02-03T03:37:27.956+0400] {dagbag.py:538} INFO - Filling up the DagBag from /home/reurairin/airflow/dags/iris_score.py
[2024-02-03T03:37:27.960+0400] {processor.py:840} INFO - DAG(s) 'iris_score' retrieved from /home/reurairin/airflow/dags/iris_score.py
[2024-02-03T03:37:27.969+0400] {logging_mixin.py:188} INFO - [2024-02-03T03:37:27.969+0400] {dag.py:3036} INFO - Sync 1 DAGs
[2024-02-03T03:37:27.974+0400] {logging_mixin.py:188} INFO - [2024-02-03T03:37:27.974+0400] {dag.py:3823} INFO - Setting next_dagrun for iris_score to None, run_after=None
[2024-02-03T03:37:27.986+0400] {processor.py:183} INFO - Processing /home/reurairin/airflow/dags/iris_score.py took 0.039 seconds
[2024-02-03T03:38:06.918+0400] {processor.py:161} INFO - Started process (PID=32096) to work on /home/reurairin/airflow/dags/iris_score.py
[2024-02-03T03:38:06.925+0400] {processor.py:830} INFO - Processing file /home/reurairin/airflow/dags/iris_score.py for tasks to queue
[2024-02-03T03:38:06.926+0400] {logging_mixin.py:188} INFO - [2024-02-03T03:38:06.926+0400] {dagbag.py:538} INFO - Filling up the DagBag from /home/reurairin/airflow/dags/iris_score.py
[2024-02-03T03:38:06.931+0400] {processor.py:840} INFO - DAG(s) 'iris_score' retrieved from /home/reurairin/airflow/dags/iris_score.py
[2024-02-03T03:38:06.944+0400] {logging_mixin.py:188} INFO - [2024-02-03T03:38:06.944+0400] {dag.py:3036} INFO - Sync 1 DAGs
[2024-02-03T03:38:06.953+0400] {logging_mixin.py:188} INFO - [2024-02-03T03:38:06.953+0400] {dag.py:3823} INFO - Setting next_dagrun for iris_score to None, run_after=None
[2024-02-03T03:38:06.975+0400] {processor.py:183} INFO - Processing /home/reurairin/airflow/dags/iris_score.py took 0.059 seconds
[2024-02-03T03:38:51.455+0400] {processor.py:161} INFO - Started process (PID=32286) to work on /home/reurairin/airflow/dags/iris_score.py
[2024-02-03T03:38:51.462+0400] {processor.py:830} INFO - Processing file /home/reurairin/airflow/dags/iris_score.py for tasks to queue
[2024-02-03T03:38:51.463+0400] {logging_mixin.py:188} INFO - [2024-02-03T03:38:51.462+0400] {dagbag.py:538} INFO - Filling up the DagBag from /home/reurairin/airflow/dags/iris_score.py
[2024-02-03T03:38:51.466+0400] {processor.py:840} INFO - DAG(s) 'iris_score' retrieved from /home/reurairin/airflow/dags/iris_score.py
[2024-02-03T03:38:51.475+0400] {logging_mixin.py:188} INFO - [2024-02-03T03:38:51.475+0400] {dag.py:3036} INFO - Sync 1 DAGs
[2024-02-03T03:38:51.482+0400] {logging_mixin.py:188} INFO - [2024-02-03T03:38:51.482+0400] {dag.py:3823} INFO - Setting next_dagrun for iris_score to None, run_after=None
[2024-02-03T03:38:51.496+0400] {processor.py:183} INFO - Processing /home/reurairin/airflow/dags/iris_score.py took 0.043 seconds
[2024-02-03T03:39:28.516+0400] {processor.py:161} INFO - Started process (PID=32443) to work on /home/reurairin/airflow/dags/iris_score.py
[2024-02-03T03:39:28.517+0400] {processor.py:830} INFO - Processing file /home/reurairin/airflow/dags/iris_score.py for tasks to queue
[2024-02-03T03:39:28.518+0400] {logging_mixin.py:188} INFO - [2024-02-03T03:39:28.518+0400] {dagbag.py:538} INFO - Filling up the DagBag from /home/reurairin/airflow/dags/iris_score.py
[2024-02-03T03:39:28.522+0400] {processor.py:840} INFO - DAG(s) 'iris_score' retrieved from /home/reurairin/airflow/dags/iris_score.py
[2024-02-03T03:39:28.532+0400] {logging_mixin.py:188} INFO - [2024-02-03T03:39:28.532+0400] {dag.py:3036} INFO - Sync 1 DAGs
[2024-02-03T03:39:28.539+0400] {logging_mixin.py:188} INFO - [2024-02-03T03:39:28.539+0400] {dag.py:3823} INFO - Setting next_dagrun for iris_score to None, run_after=None
[2024-02-03T03:39:28.553+0400] {processor.py:183} INFO - Processing /home/reurairin/airflow/dags/iris_score.py took 0.039 seconds
[2024-02-03T03:40:05.241+0400] {processor.py:161} INFO - Started process (PID=32608) to work on /home/reurairin/airflow/dags/iris_score.py
[2024-02-03T03:40:05.242+0400] {processor.py:830} INFO - Processing file /home/reurairin/airflow/dags/iris_score.py for tasks to queue
[2024-02-03T03:40:05.243+0400] {logging_mixin.py:188} INFO - [2024-02-03T03:40:05.242+0400] {dagbag.py:538} INFO - Filling up the DagBag from /home/reurairin/airflow/dags/iris_score.py
[2024-02-03T03:40:05.247+0400] {processor.py:840} INFO - DAG(s) 'iris_score' retrieved from /home/reurairin/airflow/dags/iris_score.py
[2024-02-03T03:40:05.258+0400] {logging_mixin.py:188} INFO - [2024-02-03T03:40:05.258+0400] {dag.py:3036} INFO - Sync 1 DAGs
[2024-02-03T03:40:05.265+0400] {logging_mixin.py:188} INFO - [2024-02-03T03:40:05.265+0400] {dag.py:3823} INFO - Setting next_dagrun for iris_score to None, run_after=None
[2024-02-03T03:40:05.282+0400] {processor.py:183} INFO - Processing /home/reurairin/airflow/dags/iris_score.py took 0.044 seconds
[2024-02-03T03:41:01.749+0400] {processor.py:161} INFO - Started process (PID=535) to work on /home/reurairin/airflow/dags/iris_score.py
[2024-02-03T03:41:01.756+0400] {processor.py:830} INFO - Processing file /home/reurairin/airflow/dags/iris_score.py for tasks to queue
[2024-02-03T03:41:01.757+0400] {logging_mixin.py:188} INFO - [2024-02-03T03:41:01.757+0400] {dagbag.py:538} INFO - Filling up the DagBag from /home/reurairin/airflow/dags/iris_score.py
[2024-02-03T03:41:01.761+0400] {processor.py:840} INFO - DAG(s) 'iris_score' retrieved from /home/reurairin/airflow/dags/iris_score.py
[2024-02-03T03:41:01.771+0400] {logging_mixin.py:188} INFO - [2024-02-03T03:41:01.770+0400] {dag.py:3036} INFO - Sync 1 DAGs
[2024-02-03T03:41:01.777+0400] {logging_mixin.py:188} INFO - [2024-02-03T03:41:01.777+0400] {dag.py:3823} INFO - Setting next_dagrun for iris_score to None, run_after=None
[2024-02-03T03:41:01.793+0400] {processor.py:183} INFO - Processing /home/reurairin/airflow/dags/iris_score.py took 0.045 seconds
[2024-02-03T03:41:41.080+0400] {processor.py:161} INFO - Started process (PID=703) to work on /home/reurairin/airflow/dags/iris_score.py
[2024-02-03T03:41:41.087+0400] {processor.py:830} INFO - Processing file /home/reurairin/airflow/dags/iris_score.py for tasks to queue
[2024-02-03T03:41:41.088+0400] {logging_mixin.py:188} INFO - [2024-02-03T03:41:41.087+0400] {dagbag.py:538} INFO - Filling up the DagBag from /home/reurairin/airflow/dags/iris_score.py
[2024-02-03T03:41:41.091+0400] {processor.py:840} INFO - DAG(s) 'iris_score' retrieved from /home/reurairin/airflow/dags/iris_score.py
[2024-02-03T03:41:41.099+0400] {logging_mixin.py:188} INFO - [2024-02-03T03:41:41.099+0400] {dag.py:3036} INFO - Sync 1 DAGs
[2024-02-03T03:41:41.105+0400] {logging_mixin.py:188} INFO - [2024-02-03T03:41:41.105+0400] {dag.py:3823} INFO - Setting next_dagrun for iris_score to None, run_after=None
[2024-02-03T03:41:41.117+0400] {processor.py:183} INFO - Processing /home/reurairin/airflow/dags/iris_score.py took 0.040 seconds
[2024-02-03T03:42:44.677+0400] {processor.py:161} INFO - Started process (PID=1201) to work on /home/reurairin/airflow/dags/iris_score.py
[2024-02-03T03:42:44.684+0400] {processor.py:830} INFO - Processing file /home/reurairin/airflow/dags/iris_score.py for tasks to queue
[2024-02-03T03:42:44.685+0400] {logging_mixin.py:188} INFO - [2024-02-03T03:42:44.684+0400] {dagbag.py:538} INFO - Filling up the DagBag from /home/reurairin/airflow/dags/iris_score.py
[2024-02-03T03:42:44.688+0400] {processor.py:840} INFO - DAG(s) 'iris_score' retrieved from /home/reurairin/airflow/dags/iris_score.py
[2024-02-03T03:42:44.699+0400] {logging_mixin.py:188} INFO - [2024-02-03T03:42:44.699+0400] {dag.py:3036} INFO - Sync 1 DAGs
[2024-02-03T03:42:44.706+0400] {logging_mixin.py:188} INFO - [2024-02-03T03:42:44.706+0400] {dag.py:3823} INFO - Setting next_dagrun for iris_score to None, run_after=None
[2024-02-03T03:42:44.721+0400] {processor.py:183} INFO - Processing /home/reurairin/airflow/dags/iris_score.py took 0.046 seconds
[2024-02-03T03:43:24.629+0400] {processor.py:161} INFO - Started process (PID=1368) to work on /home/reurairin/airflow/dags/iris_score.py
[2024-02-03T03:43:24.636+0400] {processor.py:830} INFO - Processing file /home/reurairin/airflow/dags/iris_score.py for tasks to queue
[2024-02-03T03:43:24.637+0400] {logging_mixin.py:188} INFO - [2024-02-03T03:43:24.637+0400] {dagbag.py:538} INFO - Filling up the DagBag from /home/reurairin/airflow/dags/iris_score.py
[2024-02-03T03:43:24.641+0400] {processor.py:840} INFO - DAG(s) 'iris_score' retrieved from /home/reurairin/airflow/dags/iris_score.py
[2024-02-03T03:43:24.652+0400] {logging_mixin.py:188} INFO - [2024-02-03T03:43:24.652+0400] {dag.py:3036} INFO - Sync 1 DAGs
[2024-02-03T03:43:24.659+0400] {logging_mixin.py:188} INFO - [2024-02-03T03:43:24.659+0400] {dag.py:3823} INFO - Setting next_dagrun for iris_score to None, run_after=None
[2024-02-03T03:43:24.677+0400] {processor.py:183} INFO - Processing /home/reurairin/airflow/dags/iris_score.py took 0.049 seconds
[2024-02-03T03:43:56.346+0400] {processor.py:161} INFO - Started process (PID=1498) to work on /home/reurairin/airflow/dags/iris_score.py
[2024-02-03T03:43:56.349+0400] {processor.py:830} INFO - Processing file /home/reurairin/airflow/dags/iris_score.py for tasks to queue
[2024-02-03T03:43:56.350+0400] {logging_mixin.py:188} INFO - [2024-02-03T03:43:56.350+0400] {dagbag.py:538} INFO - Filling up the DagBag from /home/reurairin/airflow/dags/iris_score.py
[2024-02-03T03:43:56.355+0400] {processor.py:840} INFO - DAG(s) 'iris_score' retrieved from /home/reurairin/airflow/dags/iris_score.py
[2024-02-03T03:43:56.366+0400] {logging_mixin.py:188} INFO - [2024-02-03T03:43:56.366+0400] {dag.py:3036} INFO - Sync 1 DAGs
[2024-02-03T03:43:56.373+0400] {logging_mixin.py:188} INFO - [2024-02-03T03:43:56.373+0400] {dag.py:3823} INFO - Setting next_dagrun for iris_score to None, run_after=None
[2024-02-03T03:43:56.386+0400] {processor.py:183} INFO - Processing /home/reurairin/airflow/dags/iris_score.py took 0.042 seconds
[2024-02-03T03:44:31.611+0400] {processor.py:161} INFO - Started process (PID=1649) to work on /home/reurairin/airflow/dags/iris_score.py
[2024-02-03T03:44:31.612+0400] {processor.py:830} INFO - Processing file /home/reurairin/airflow/dags/iris_score.py for tasks to queue
[2024-02-03T03:44:31.613+0400] {logging_mixin.py:188} INFO - [2024-02-03T03:44:31.612+0400] {dagbag.py:538} INFO - Filling up the DagBag from /home/reurairin/airflow/dags/iris_score.py
[2024-02-03T03:44:31.616+0400] {processor.py:840} INFO - DAG(s) 'iris_score' retrieved from /home/reurairin/airflow/dags/iris_score.py
[2024-02-03T03:44:31.629+0400] {logging_mixin.py:188} INFO - [2024-02-03T03:44:31.629+0400] {dag.py:3036} INFO - Sync 1 DAGs
[2024-02-03T03:44:31.636+0400] {logging_mixin.py:188} INFO - [2024-02-03T03:44:31.636+0400] {dag.py:3823} INFO - Setting next_dagrun for iris_score to None, run_after=None
[2024-02-03T03:44:31.649+0400] {processor.py:183} INFO - Processing /home/reurairin/airflow/dags/iris_score.py took 0.040 seconds
[2024-02-03T03:45:06.449+0400] {processor.py:161} INFO - Started process (PID=1802) to work on /home/reurairin/airflow/dags/iris_score.py
[2024-02-03T03:45:06.450+0400] {processor.py:830} INFO - Processing file /home/reurairin/airflow/dags/iris_score.py for tasks to queue
[2024-02-03T03:45:06.451+0400] {logging_mixin.py:188} INFO - [2024-02-03T03:45:06.451+0400] {dagbag.py:538} INFO - Filling up the DagBag from /home/reurairin/airflow/dags/iris_score.py
[2024-02-03T03:45:06.455+0400] {processor.py:840} INFO - DAG(s) 'iris_score' retrieved from /home/reurairin/airflow/dags/iris_score.py
[2024-02-03T03:45:06.466+0400] {logging_mixin.py:188} INFO - [2024-02-03T03:45:06.466+0400] {dag.py:3036} INFO - Sync 1 DAGs
[2024-02-03T03:45:06.474+0400] {logging_mixin.py:188} INFO - [2024-02-03T03:45:06.474+0400] {dag.py:3823} INFO - Setting next_dagrun for iris_score to None, run_after=None
[2024-02-03T03:45:06.491+0400] {processor.py:183} INFO - Processing /home/reurairin/airflow/dags/iris_score.py took 0.044 seconds
[2024-02-03T03:45:42.326+0400] {processor.py:161} INFO - Started process (PID=1957) to work on /home/reurairin/airflow/dags/iris_score.py
[2024-02-03T03:45:42.328+0400] {processor.py:830} INFO - Processing file /home/reurairin/airflow/dags/iris_score.py for tasks to queue
[2024-02-03T03:45:42.330+0400] {logging_mixin.py:188} INFO - [2024-02-03T03:45:42.329+0400] {dagbag.py:538} INFO - Filling up the DagBag from /home/reurairin/airflow/dags/iris_score.py
[2024-02-03T03:45:42.335+0400] {processor.py:840} INFO - DAG(s) 'iris_score' retrieved from /home/reurairin/airflow/dags/iris_score.py
[2024-02-03T03:45:42.353+0400] {logging_mixin.py:188} INFO - [2024-02-03T03:45:42.352+0400] {dag.py:3036} INFO - Sync 1 DAGs
[2024-02-03T03:45:42.364+0400] {logging_mixin.py:188} INFO - [2024-02-03T03:45:42.363+0400] {dag.py:3823} INFO - Setting next_dagrun for iris_score to None, run_after=None
[2024-02-03T03:45:42.383+0400] {processor.py:183} INFO - Processing /home/reurairin/airflow/dags/iris_score.py took 0.060 seconds
[2024-02-03T03:46:15.416+0400] {processor.py:161} INFO - Started process (PID=2099) to work on /home/reurairin/airflow/dags/iris_score.py
[2024-02-03T03:46:15.416+0400] {processor.py:830} INFO - Processing file /home/reurairin/airflow/dags/iris_score.py for tasks to queue
[2024-02-03T03:46:15.417+0400] {logging_mixin.py:188} INFO - [2024-02-03T03:46:15.417+0400] {dagbag.py:538} INFO - Filling up the DagBag from /home/reurairin/airflow/dags/iris_score.py
[2024-02-03T03:46:15.421+0400] {processor.py:840} INFO - DAG(s) 'iris_score' retrieved from /home/reurairin/airflow/dags/iris_score.py
[2024-02-03T03:46:15.430+0400] {logging_mixin.py:188} INFO - [2024-02-03T03:46:15.430+0400] {dag.py:3036} INFO - Sync 1 DAGs
[2024-02-03T03:46:15.437+0400] {logging_mixin.py:188} INFO - [2024-02-03T03:46:15.437+0400] {dag.py:3823} INFO - Setting next_dagrun for iris_score to None, run_after=None
[2024-02-03T03:46:15.451+0400] {processor.py:183} INFO - Processing /home/reurairin/airflow/dags/iris_score.py took 0.037 seconds
[2024-02-03T03:46:50.680+0400] {processor.py:161} INFO - Started process (PID=2244) to work on /home/reurairin/airflow/dags/iris_score.py
[2024-02-03T03:46:50.681+0400] {processor.py:830} INFO - Processing file /home/reurairin/airflow/dags/iris_score.py for tasks to queue
[2024-02-03T03:46:50.681+0400] {logging_mixin.py:188} INFO - [2024-02-03T03:46:50.681+0400] {dagbag.py:538} INFO - Filling up the DagBag from /home/reurairin/airflow/dags/iris_score.py
[2024-02-03T03:46:50.684+0400] {processor.py:840} INFO - DAG(s) 'iris_score' retrieved from /home/reurairin/airflow/dags/iris_score.py
[2024-02-03T03:46:50.693+0400] {logging_mixin.py:188} INFO - [2024-02-03T03:46:50.693+0400] {dag.py:3036} INFO - Sync 1 DAGs
[2024-02-03T03:46:50.699+0400] {logging_mixin.py:188} INFO - [2024-02-03T03:46:50.698+0400] {dag.py:3823} INFO - Setting next_dagrun for iris_score to None, run_after=None
[2024-02-03T03:46:50.711+0400] {processor.py:183} INFO - Processing /home/reurairin/airflow/dags/iris_score.py took 0.033 seconds
[2024-02-03T03:47:25.051+0400] {processor.py:161} INFO - Started process (PID=2392) to work on /home/reurairin/airflow/dags/iris_score.py
[2024-02-03T03:47:25.058+0400] {processor.py:830} INFO - Processing file /home/reurairin/airflow/dags/iris_score.py for tasks to queue
[2024-02-03T03:47:25.059+0400] {logging_mixin.py:188} INFO - [2024-02-03T03:47:25.058+0400] {dagbag.py:538} INFO - Filling up the DagBag from /home/reurairin/airflow/dags/iris_score.py
[2024-02-03T03:47:25.062+0400] {processor.py:840} INFO - DAG(s) 'iris_score' retrieved from /home/reurairin/airflow/dags/iris_score.py
[2024-02-03T03:47:25.072+0400] {logging_mixin.py:188} INFO - [2024-02-03T03:47:25.071+0400] {dag.py:3036} INFO - Sync 1 DAGs
[2024-02-03T03:47:25.079+0400] {logging_mixin.py:188} INFO - [2024-02-03T03:47:25.078+0400] {dag.py:3823} INFO - Setting next_dagrun for iris_score to None, run_after=None
[2024-02-03T03:47:25.092+0400] {processor.py:183} INFO - Processing /home/reurairin/airflow/dags/iris_score.py took 0.043 seconds
[2024-02-03T03:47:59.867+0400] {processor.py:161} INFO - Started process (PID=2545) to work on /home/reurairin/airflow/dags/iris_score.py
[2024-02-03T03:47:59.874+0400] {processor.py:830} INFO - Processing file /home/reurairin/airflow/dags/iris_score.py for tasks to queue
[2024-02-03T03:47:59.875+0400] {logging_mixin.py:188} INFO - [2024-02-03T03:47:59.874+0400] {dagbag.py:538} INFO - Filling up the DagBag from /home/reurairin/airflow/dags/iris_score.py
[2024-02-03T03:47:59.878+0400] {processor.py:840} INFO - DAG(s) 'iris_score' retrieved from /home/reurairin/airflow/dags/iris_score.py
[2024-02-03T03:47:59.888+0400] {logging_mixin.py:188} INFO - [2024-02-03T03:47:59.888+0400] {dag.py:3036} INFO - Sync 1 DAGs
[2024-02-03T03:47:59.896+0400] {logging_mixin.py:188} INFO - [2024-02-03T03:47:59.896+0400] {dag.py:3823} INFO - Setting next_dagrun for iris_score to None, run_after=None
[2024-02-03T03:47:59.910+0400] {processor.py:183} INFO - Processing /home/reurairin/airflow/dags/iris_score.py took 0.045 seconds
[2024-02-03T03:48:34.971+0400] {processor.py:161} INFO - Started process (PID=2695) to work on /home/reurairin/airflow/dags/iris_score.py
[2024-02-03T03:48:34.972+0400] {processor.py:830} INFO - Processing file /home/reurairin/airflow/dags/iris_score.py for tasks to queue
[2024-02-03T03:48:34.973+0400] {logging_mixin.py:188} INFO - [2024-02-03T03:48:34.972+0400] {dagbag.py:538} INFO - Filling up the DagBag from /home/reurairin/airflow/dags/iris_score.py
[2024-02-03T03:48:34.976+0400] {processor.py:840} INFO - DAG(s) 'iris_score' retrieved from /home/reurairin/airflow/dags/iris_score.py
[2024-02-03T03:48:34.987+0400] {logging_mixin.py:188} INFO - [2024-02-03T03:48:34.987+0400] {dag.py:3036} INFO - Sync 1 DAGs
[2024-02-03T03:48:34.995+0400] {logging_mixin.py:188} INFO - [2024-02-03T03:48:34.995+0400] {dag.py:3823} INFO - Setting next_dagrun for iris_score to None, run_after=None
[2024-02-03T03:48:35.011+0400] {processor.py:183} INFO - Processing /home/reurairin/airflow/dags/iris_score.py took 0.043 seconds
[2024-02-03T03:49:15.284+0400] {processor.py:161} INFO - Started process (PID=2868) to work on /home/reurairin/airflow/dags/iris_score.py
[2024-02-03T03:49:15.291+0400] {processor.py:830} INFO - Processing file /home/reurairin/airflow/dags/iris_score.py for tasks to queue
[2024-02-03T03:49:15.292+0400] {logging_mixin.py:188} INFO - [2024-02-03T03:49:15.292+0400] {dagbag.py:538} INFO - Filling up the DagBag from /home/reurairin/airflow/dags/iris_score.py
[2024-02-03T03:49:15.295+0400] {processor.py:840} INFO - DAG(s) 'iris_score' retrieved from /home/reurairin/airflow/dags/iris_score.py
[2024-02-03T03:49:15.303+0400] {logging_mixin.py:188} INFO - [2024-02-03T03:49:15.303+0400] {dag.py:3036} INFO - Sync 1 DAGs
[2024-02-03T03:49:15.309+0400] {logging_mixin.py:188} INFO - [2024-02-03T03:49:15.309+0400] {dag.py:3823} INFO - Setting next_dagrun for iris_score to None, run_after=None
[2024-02-03T03:49:15.322+0400] {processor.py:183} INFO - Processing /home/reurairin/airflow/dags/iris_score.py took 0.040 seconds
[2024-02-03T03:49:52.916+0400] {processor.py:161} INFO - Started process (PID=3025) to work on /home/reurairin/airflow/dags/iris_score.py
[2024-02-03T03:49:52.924+0400] {processor.py:830} INFO - Processing file /home/reurairin/airflow/dags/iris_score.py for tasks to queue
[2024-02-03T03:49:52.924+0400] {logging_mixin.py:188} INFO - [2024-02-03T03:49:52.924+0400] {dagbag.py:538} INFO - Filling up the DagBag from /home/reurairin/airflow/dags/iris_score.py
[2024-02-03T03:49:52.928+0400] {processor.py:840} INFO - DAG(s) 'iris_score' retrieved from /home/reurairin/airflow/dags/iris_score.py
[2024-02-03T03:49:52.936+0400] {logging_mixin.py:188} INFO - [2024-02-03T03:49:52.936+0400] {dag.py:3036} INFO - Sync 1 DAGs
[2024-02-03T03:49:52.942+0400] {logging_mixin.py:188} INFO - [2024-02-03T03:49:52.942+0400] {dag.py:3823} INFO - Setting next_dagrun for iris_score to None, run_after=None
[2024-02-03T03:49:52.954+0400] {processor.py:183} INFO - Processing /home/reurairin/airflow/dags/iris_score.py took 0.040 seconds
[2024-02-03T03:50:25.237+0400] {processor.py:161} INFO - Started process (PID=3159) to work on /home/reurairin/airflow/dags/iris_score.py
[2024-02-03T03:50:25.244+0400] {processor.py:830} INFO - Processing file /home/reurairin/airflow/dags/iris_score.py for tasks to queue
[2024-02-03T03:50:25.244+0400] {logging_mixin.py:188} INFO - [2024-02-03T03:50:25.244+0400] {dagbag.py:538} INFO - Filling up the DagBag from /home/reurairin/airflow/dags/iris_score.py
[2024-02-03T03:50:25.248+0400] {processor.py:840} INFO - DAG(s) 'iris_score' retrieved from /home/reurairin/airflow/dags/iris_score.py
[2024-02-03T03:50:25.256+0400] {logging_mixin.py:188} INFO - [2024-02-03T03:50:25.256+0400] {dag.py:3036} INFO - Sync 1 DAGs
[2024-02-03T03:50:25.262+0400] {logging_mixin.py:188} INFO - [2024-02-03T03:50:25.262+0400] {dag.py:3823} INFO - Setting next_dagrun for iris_score to None, run_after=None
[2024-02-03T03:50:25.275+0400] {processor.py:183} INFO - Processing /home/reurairin/airflow/dags/iris_score.py took 0.040 seconds
[2024-02-03T03:51:01.132+0400] {processor.py:161} INFO - Started process (PID=3315) to work on /home/reurairin/airflow/dags/iris_score.py
[2024-02-03T03:51:01.133+0400] {processor.py:830} INFO - Processing file /home/reurairin/airflow/dags/iris_score.py for tasks to queue
[2024-02-03T03:51:01.134+0400] {logging_mixin.py:188} INFO - [2024-02-03T03:51:01.133+0400] {dagbag.py:538} INFO - Filling up the DagBag from /home/reurairin/airflow/dags/iris_score.py
[2024-02-03T03:51:01.137+0400] {processor.py:840} INFO - DAG(s) 'iris_score' retrieved from /home/reurairin/airflow/dags/iris_score.py
[2024-02-03T03:51:01.145+0400] {logging_mixin.py:188} INFO - [2024-02-03T03:51:01.145+0400] {dag.py:3036} INFO - Sync 1 DAGs
[2024-02-03T03:51:01.151+0400] {logging_mixin.py:188} INFO - [2024-02-03T03:51:01.151+0400] {dag.py:3823} INFO - Setting next_dagrun for iris_score to None, run_after=None
[2024-02-03T03:51:01.163+0400] {processor.py:183} INFO - Processing /home/reurairin/airflow/dags/iris_score.py took 0.033 seconds
[2024-02-03T03:51:37.091+0400] {processor.py:161} INFO - Started process (PID=3473) to work on /home/reurairin/airflow/dags/iris_score.py
[2024-02-03T03:51:37.092+0400] {processor.py:830} INFO - Processing file /home/reurairin/airflow/dags/iris_score.py for tasks to queue
[2024-02-03T03:51:37.092+0400] {logging_mixin.py:188} INFO - [2024-02-03T03:51:37.092+0400] {dagbag.py:538} INFO - Filling up the DagBag from /home/reurairin/airflow/dags/iris_score.py
[2024-02-03T03:51:37.096+0400] {processor.py:840} INFO - DAG(s) 'iris_score' retrieved from /home/reurairin/airflow/dags/iris_score.py
[2024-02-03T03:51:37.106+0400] {logging_mixin.py:188} INFO - [2024-02-03T03:51:37.105+0400] {dag.py:3036} INFO - Sync 1 DAGs
[2024-02-03T03:51:37.112+0400] {logging_mixin.py:188} INFO - [2024-02-03T03:51:37.112+0400] {dag.py:3823} INFO - Setting next_dagrun for iris_score to None, run_after=None
[2024-02-03T03:51:37.125+0400] {processor.py:183} INFO - Processing /home/reurairin/airflow/dags/iris_score.py took 0.036 seconds
[2024-02-03T03:52:13.350+0400] {processor.py:161} INFO - Started process (PID=3627) to work on /home/reurairin/airflow/dags/iris_score.py
[2024-02-03T03:52:13.357+0400] {processor.py:830} INFO - Processing file /home/reurairin/airflow/dags/iris_score.py for tasks to queue
[2024-02-03T03:52:13.358+0400] {logging_mixin.py:188} INFO - [2024-02-03T03:52:13.357+0400] {dagbag.py:538} INFO - Filling up the DagBag from /home/reurairin/airflow/dags/iris_score.py
[2024-02-03T03:52:13.361+0400] {processor.py:840} INFO - DAG(s) 'iris_score' retrieved from /home/reurairin/airflow/dags/iris_score.py
[2024-02-03T03:52:13.369+0400] {logging_mixin.py:188} INFO - [2024-02-03T03:52:13.369+0400] {dag.py:3036} INFO - Sync 1 DAGs
[2024-02-03T03:52:13.376+0400] {logging_mixin.py:188} INFO - [2024-02-03T03:52:13.376+0400] {dag.py:3823} INFO - Setting next_dagrun for iris_score to None, run_after=None
[2024-02-03T03:52:13.390+0400] {processor.py:183} INFO - Processing /home/reurairin/airflow/dags/iris_score.py took 0.041 seconds
[2024-02-03T03:52:45.023+0400] {processor.py:161} INFO - Started process (PID=3766) to work on /home/reurairin/airflow/dags/iris_score.py
[2024-02-03T03:52:45.023+0400] {processor.py:830} INFO - Processing file /home/reurairin/airflow/dags/iris_score.py for tasks to queue
[2024-02-03T03:52:45.024+0400] {logging_mixin.py:188} INFO - [2024-02-03T03:52:45.024+0400] {dagbag.py:538} INFO - Filling up the DagBag from /home/reurairin/airflow/dags/iris_score.py
[2024-02-03T03:52:45.029+0400] {processor.py:840} INFO - DAG(s) 'iris_score' retrieved from /home/reurairin/airflow/dags/iris_score.py
[2024-02-03T03:52:45.038+0400] {logging_mixin.py:188} INFO - [2024-02-03T03:52:45.038+0400] {dag.py:3036} INFO - Sync 1 DAGs
[2024-02-03T03:52:45.045+0400] {logging_mixin.py:188} INFO - [2024-02-03T03:52:45.045+0400] {dag.py:3823} INFO - Setting next_dagrun for iris_score to None, run_after=None
[2024-02-03T03:52:45.058+0400] {processor.py:183} INFO - Processing /home/reurairin/airflow/dags/iris_score.py took 0.037 seconds
[2024-02-03T03:53:18.110+0400] {processor.py:161} INFO - Started process (PID=3897) to work on /home/reurairin/airflow/dags/iris_score.py
[2024-02-03T03:53:18.113+0400] {processor.py:830} INFO - Processing file /home/reurairin/airflow/dags/iris_score.py for tasks to queue
[2024-02-03T03:53:18.114+0400] {logging_mixin.py:188} INFO - [2024-02-03T03:53:18.113+0400] {dagbag.py:538} INFO - Filling up the DagBag from /home/reurairin/airflow/dags/iris_score.py
[2024-02-03T03:53:18.117+0400] {processor.py:840} INFO - DAG(s) 'iris_score' retrieved from /home/reurairin/airflow/dags/iris_score.py
[2024-02-03T03:53:18.126+0400] {logging_mixin.py:188} INFO - [2024-02-03T03:53:18.126+0400] {dag.py:3036} INFO - Sync 1 DAGs
[2024-02-03T03:53:18.133+0400] {logging_mixin.py:188} INFO - [2024-02-03T03:53:18.132+0400] {dag.py:3823} INFO - Setting next_dagrun for iris_score to None, run_after=None
[2024-02-03T03:53:18.145+0400] {processor.py:183} INFO - Processing /home/reurairin/airflow/dags/iris_score.py took 0.037 seconds
[2024-02-03T03:53:53.901+0400] {processor.py:161} INFO - Started process (PID=4054) to work on /home/reurairin/airflow/dags/iris_score.py
[2024-02-03T03:53:53.908+0400] {processor.py:830} INFO - Processing file /home/reurairin/airflow/dags/iris_score.py for tasks to queue
[2024-02-03T03:53:53.909+0400] {logging_mixin.py:188} INFO - [2024-02-03T03:53:53.909+0400] {dagbag.py:538} INFO - Filling up the DagBag from /home/reurairin/airflow/dags/iris_score.py
[2024-02-03T03:53:53.913+0400] {processor.py:840} INFO - DAG(s) 'iris_score' retrieved from /home/reurairin/airflow/dags/iris_score.py
[2024-02-03T03:53:53.923+0400] {logging_mixin.py:188} INFO - [2024-02-03T03:53:53.923+0400] {dag.py:3036} INFO - Sync 1 DAGs
[2024-02-03T03:53:53.930+0400] {logging_mixin.py:188} INFO - [2024-02-03T03:53:53.929+0400] {dag.py:3823} INFO - Setting next_dagrun for iris_score to None, run_after=None
[2024-02-03T03:53:53.945+0400] {processor.py:183} INFO - Processing /home/reurairin/airflow/dags/iris_score.py took 0.047 seconds
[2024-02-03T03:54:25.931+0400] {processor.py:161} INFO - Started process (PID=4198) to work on /home/reurairin/airflow/dags/iris_score.py
[2024-02-03T03:54:25.932+0400] {processor.py:830} INFO - Processing file /home/reurairin/airflow/dags/iris_score.py for tasks to queue
[2024-02-03T03:54:25.933+0400] {logging_mixin.py:188} INFO - [2024-02-03T03:54:25.933+0400] {dagbag.py:538} INFO - Filling up the DagBag from /home/reurairin/airflow/dags/iris_score.py
[2024-02-03T03:54:25.936+0400] {processor.py:840} INFO - DAG(s) 'iris_score' retrieved from /home/reurairin/airflow/dags/iris_score.py
[2024-02-03T03:54:25.946+0400] {logging_mixin.py:188} INFO - [2024-02-03T03:54:25.946+0400] {dag.py:3036} INFO - Sync 1 DAGs
[2024-02-03T03:54:25.952+0400] {logging_mixin.py:188} INFO - [2024-02-03T03:54:25.952+0400] {dag.py:3823} INFO - Setting next_dagrun for iris_score to None, run_after=None
[2024-02-03T03:54:25.966+0400] {processor.py:183} INFO - Processing /home/reurairin/airflow/dags/iris_score.py took 0.036 seconds
[2024-02-03T03:54:59.429+0400] {processor.py:161} INFO - Started process (PID=4339) to work on /home/reurairin/airflow/dags/iris_score.py
[2024-02-03T03:54:59.430+0400] {processor.py:830} INFO - Processing file /home/reurairin/airflow/dags/iris_score.py for tasks to queue
[2024-02-03T03:54:59.431+0400] {logging_mixin.py:188} INFO - [2024-02-03T03:54:59.430+0400] {dagbag.py:538} INFO - Filling up the DagBag from /home/reurairin/airflow/dags/iris_score.py
[2024-02-03T03:54:59.434+0400] {processor.py:840} INFO - DAG(s) 'iris_score' retrieved from /home/reurairin/airflow/dags/iris_score.py
[2024-02-03T03:54:59.442+0400] {logging_mixin.py:188} INFO - [2024-02-03T03:54:59.442+0400] {dag.py:3036} INFO - Sync 1 DAGs
[2024-02-03T03:54:59.448+0400] {logging_mixin.py:188} INFO - [2024-02-03T03:54:59.448+0400] {dag.py:3823} INFO - Setting next_dagrun for iris_score to None, run_after=None
[2024-02-03T03:54:59.460+0400] {processor.py:183} INFO - Processing /home/reurairin/airflow/dags/iris_score.py took 0.033 seconds
[2024-02-03T03:55:32.532+0400] {processor.py:161} INFO - Started process (PID=4474) to work on /home/reurairin/airflow/dags/iris_score.py
[2024-02-03T03:55:32.533+0400] {processor.py:830} INFO - Processing file /home/reurairin/airflow/dags/iris_score.py for tasks to queue
[2024-02-03T03:55:32.533+0400] {logging_mixin.py:188} INFO - [2024-02-03T03:55:32.533+0400] {dagbag.py:538} INFO - Filling up the DagBag from /home/reurairin/airflow/dags/iris_score.py
[2024-02-03T03:55:32.538+0400] {processor.py:840} INFO - DAG(s) 'iris_score' retrieved from /home/reurairin/airflow/dags/iris_score.py
[2024-02-03T03:55:32.552+0400] {logging_mixin.py:188} INFO - [2024-02-03T03:55:32.551+0400] {dag.py:3036} INFO - Sync 1 DAGs
[2024-02-03T03:55:32.565+0400] {logging_mixin.py:188} INFO - [2024-02-03T03:55:32.565+0400] {dag.py:3823} INFO - Setting next_dagrun for iris_score to None, run_after=None
[2024-02-03T03:55:32.585+0400] {processor.py:183} INFO - Processing /home/reurairin/airflow/dags/iris_score.py took 0.055 seconds
[2024-02-03T03:56:08.036+0400] {processor.py:161} INFO - Started process (PID=4627) to work on /home/reurairin/airflow/dags/iris_score.py
[2024-02-03T03:56:08.038+0400] {processor.py:830} INFO - Processing file /home/reurairin/airflow/dags/iris_score.py for tasks to queue
[2024-02-03T03:56:08.039+0400] {logging_mixin.py:188} INFO - [2024-02-03T03:56:08.038+0400] {dagbag.py:538} INFO - Filling up the DagBag from /home/reurairin/airflow/dags/iris_score.py
[2024-02-03T03:56:08.042+0400] {processor.py:840} INFO - DAG(s) 'iris_score' retrieved from /home/reurairin/airflow/dags/iris_score.py
[2024-02-03T03:56:08.053+0400] {logging_mixin.py:188} INFO - [2024-02-03T03:56:08.052+0400] {dag.py:3036} INFO - Sync 1 DAGs
[2024-02-03T03:56:08.060+0400] {logging_mixin.py:188} INFO - [2024-02-03T03:56:08.060+0400] {dag.py:3823} INFO - Setting next_dagrun for iris_score to None, run_after=None
[2024-02-03T03:56:08.076+0400] {processor.py:183} INFO - Processing /home/reurairin/airflow/dags/iris_score.py took 0.042 seconds
[2024-02-03T03:56:41.570+0400] {processor.py:161} INFO - Started process (PID=4770) to work on /home/reurairin/airflow/dags/iris_score.py
[2024-02-03T03:56:41.577+0400] {processor.py:830} INFO - Processing file /home/reurairin/airflow/dags/iris_score.py for tasks to queue
[2024-02-03T03:56:41.578+0400] {logging_mixin.py:188} INFO - [2024-02-03T03:56:41.578+0400] {dagbag.py:538} INFO - Filling up the DagBag from /home/reurairin/airflow/dags/iris_score.py
[2024-02-03T03:56:41.581+0400] {processor.py:840} INFO - DAG(s) 'iris_score' retrieved from /home/reurairin/airflow/dags/iris_score.py
[2024-02-03T03:56:41.591+0400] {logging_mixin.py:188} INFO - [2024-02-03T03:56:41.591+0400] {dag.py:3036} INFO - Sync 1 DAGs
[2024-02-03T03:56:41.598+0400] {logging_mixin.py:188} INFO - [2024-02-03T03:56:41.598+0400] {dag.py:3823} INFO - Setting next_dagrun for iris_score to None, run_after=None
[2024-02-03T03:56:41.613+0400] {processor.py:183} INFO - Processing /home/reurairin/airflow/dags/iris_score.py took 0.045 seconds
[2024-02-03T03:57:20.458+0400] {processor.py:161} INFO - Started process (PID=4937) to work on /home/reurairin/airflow/dags/iris_score.py
[2024-02-03T03:57:20.459+0400] {processor.py:830} INFO - Processing file /home/reurairin/airflow/dags/iris_score.py for tasks to queue
[2024-02-03T03:57:20.460+0400] {logging_mixin.py:188} INFO - [2024-02-03T03:57:20.460+0400] {dagbag.py:538} INFO - Filling up the DagBag from /home/reurairin/airflow/dags/iris_score.py
[2024-02-03T03:57:20.463+0400] {processor.py:840} INFO - DAG(s) 'iris_score' retrieved from /home/reurairin/airflow/dags/iris_score.py
[2024-02-03T03:57:20.474+0400] {logging_mixin.py:188} INFO - [2024-02-03T03:57:20.474+0400] {dag.py:3036} INFO - Sync 1 DAGs
[2024-02-03T03:57:20.481+0400] {logging_mixin.py:188} INFO - [2024-02-03T03:57:20.481+0400] {dag.py:3823} INFO - Setting next_dagrun for iris_score to None, run_after=None
[2024-02-03T03:57:20.498+0400] {processor.py:183} INFO - Processing /home/reurairin/airflow/dags/iris_score.py took 0.041 seconds
[2024-02-03T03:57:57.261+0400] {processor.py:161} INFO - Started process (PID=5098) to work on /home/reurairin/airflow/dags/iris_score.py
[2024-02-03T03:57:57.261+0400] {processor.py:830} INFO - Processing file /home/reurairin/airflow/dags/iris_score.py for tasks to queue
[2024-02-03T03:57:57.262+0400] {logging_mixin.py:188} INFO - [2024-02-03T03:57:57.262+0400] {dagbag.py:538} INFO - Filling up the DagBag from /home/reurairin/airflow/dags/iris_score.py
[2024-02-03T03:57:57.265+0400] {processor.py:840} INFO - DAG(s) 'iris_score' retrieved from /home/reurairin/airflow/dags/iris_score.py
[2024-02-03T03:57:57.275+0400] {logging_mixin.py:188} INFO - [2024-02-03T03:57:57.274+0400] {dag.py:3036} INFO - Sync 1 DAGs
[2024-02-03T03:57:57.281+0400] {logging_mixin.py:188} INFO - [2024-02-03T03:57:57.281+0400] {dag.py:3823} INFO - Setting next_dagrun for iris_score to None, run_after=None
[2024-02-03T03:57:57.296+0400] {processor.py:183} INFO - Processing /home/reurairin/airflow/dags/iris_score.py took 0.037 seconds
[2024-02-03T03:58:37.992+0400] {processor.py:161} INFO - Started process (PID=5269) to work on /home/reurairin/airflow/dags/iris_score.py
[2024-02-03T03:58:37.999+0400] {processor.py:830} INFO - Processing file /home/reurairin/airflow/dags/iris_score.py for tasks to queue
[2024-02-03T03:58:38.000+0400] {logging_mixin.py:188} INFO - [2024-02-03T03:58:38.000+0400] {dagbag.py:538} INFO - Filling up the DagBag from /home/reurairin/airflow/dags/iris_score.py
[2024-02-03T03:58:38.004+0400] {processor.py:840} INFO - DAG(s) 'iris_score' retrieved from /home/reurairin/airflow/dags/iris_score.py
[2024-02-03T03:58:38.013+0400] {logging_mixin.py:188} INFO - [2024-02-03T03:58:38.013+0400] {dag.py:3036} INFO - Sync 1 DAGs
[2024-02-03T03:58:38.020+0400] {logging_mixin.py:188} INFO - [2024-02-03T03:58:38.020+0400] {dag.py:3823} INFO - Setting next_dagrun for iris_score to None, run_after=None
[2024-02-03T03:58:38.033+0400] {processor.py:183} INFO - Processing /home/reurairin/airflow/dags/iris_score.py took 0.043 seconds
[2024-02-03T03:59:12.376+0400] {processor.py:161} INFO - Started process (PID=5418) to work on /home/reurairin/airflow/dags/iris_score.py
[2024-02-03T03:59:12.377+0400] {processor.py:830} INFO - Processing file /home/reurairin/airflow/dags/iris_score.py for tasks to queue
[2024-02-03T03:59:12.378+0400] {logging_mixin.py:188} INFO - [2024-02-03T03:59:12.377+0400] {dagbag.py:538} INFO - Filling up the DagBag from /home/reurairin/airflow/dags/iris_score.py
[2024-02-03T03:59:12.381+0400] {processor.py:840} INFO - DAG(s) 'iris_score' retrieved from /home/reurairin/airflow/dags/iris_score.py
[2024-02-03T03:59:12.393+0400] {logging_mixin.py:188} INFO - [2024-02-03T03:59:12.393+0400] {dag.py:3036} INFO - Sync 1 DAGs
[2024-02-03T03:59:12.402+0400] {logging_mixin.py:188} INFO - [2024-02-03T03:59:12.401+0400] {dag.py:3823} INFO - Setting next_dagrun for iris_score to None, run_after=None
[2024-02-03T03:59:12.416+0400] {processor.py:183} INFO - Processing /home/reurairin/airflow/dags/iris_score.py took 0.042 seconds
[2024-02-03T03:59:48.341+0400] {processor.py:161} INFO - Started process (PID=5559) to work on /home/reurairin/airflow/dags/iris_score.py
[2024-02-03T03:59:48.349+0400] {processor.py:830} INFO - Processing file /home/reurairin/airflow/dags/iris_score.py for tasks to queue
[2024-02-03T03:59:48.350+0400] {logging_mixin.py:188} INFO - [2024-02-03T03:59:48.349+0400] {dagbag.py:538} INFO - Filling up the DagBag from /home/reurairin/airflow/dags/iris_score.py
[2024-02-03T03:59:48.353+0400] {processor.py:840} INFO - DAG(s) 'iris_score' retrieved from /home/reurairin/airflow/dags/iris_score.py
[2024-02-03T03:59:48.362+0400] {logging_mixin.py:188} INFO - [2024-02-03T03:59:48.362+0400] {dag.py:3036} INFO - Sync 1 DAGs
[2024-02-03T03:59:48.369+0400] {logging_mixin.py:188} INFO - [2024-02-03T03:59:48.369+0400] {dag.py:3823} INFO - Setting next_dagrun for iris_score to None, run_after=None
[2024-02-03T03:59:48.383+0400] {processor.py:183} INFO - Processing /home/reurairin/airflow/dags/iris_score.py took 0.044 seconds
