[2024-02-03T04:00:10.219+0400] {processor.py:161} INFO - Started process (PID=5660) to work on /home/reurairin/projects/urfu/urfu_3s_mlops-3/env/lib/python3.10/site-packages/airflow/example_dags/plugins/event_listener.py
[2024-02-03T04:00:10.220+0400] {processor.py:830} INFO - Processing file /home/reurairin/projects/urfu/urfu_3s_mlops-3/env/lib/python3.10/site-packages/airflow/example_dags/plugins/event_listener.py for tasks to queue
[2024-02-03T04:00:10.221+0400] {logging_mixin.py:188} INFO - [2024-02-03T04:00:10.221+0400] {dagbag.py:538} INFO - Filling up the DagBag from /home/reurairin/projects/urfu/urfu_3s_mlops-3/env/lib/python3.10/site-packages/airflow/example_dags/plugins/event_listener.py
[2024-02-03T04:00:10.222+0400] {processor.py:842} WARNING - No viable dags retrieved from /home/reurairin/projects/urfu/urfu_3s_mlops-3/env/lib/python3.10/site-packages/airflow/example_dags/plugins/event_listener.py
[2024-02-03T04:00:10.228+0400] {processor.py:183} INFO - Processing /home/reurairin/projects/urfu/urfu_3s_mlops-3/env/lib/python3.10/site-packages/airflow/example_dags/plugins/event_listener.py took 0.011 seconds
[2024-02-03T04:00:48.904+0400] {processor.py:161} INFO - Started process (PID=5812) to work on /home/reurairin/projects/urfu/urfu_3s_mlops-3/env/lib/python3.10/site-packages/airflow/example_dags/plugins/event_listener.py
[2024-02-03T04:00:48.911+0400] {processor.py:830} INFO - Processing file /home/reurairin/projects/urfu/urfu_3s_mlops-3/env/lib/python3.10/site-packages/airflow/example_dags/plugins/event_listener.py for tasks to queue
[2024-02-03T04:00:48.912+0400] {logging_mixin.py:188} INFO - [2024-02-03T04:00:48.912+0400] {dagbag.py:538} INFO - Filling up the DagBag from /home/reurairin/projects/urfu/urfu_3s_mlops-3/env/lib/python3.10/site-packages/airflow/example_dags/plugins/event_listener.py
[2024-02-03T04:00:48.913+0400] {processor.py:842} WARNING - No viable dags retrieved from /home/reurairin/projects/urfu/urfu_3s_mlops-3/env/lib/python3.10/site-packages/airflow/example_dags/plugins/event_listener.py
[2024-02-03T04:00:48.920+0400] {processor.py:183} INFO - Processing /home/reurairin/projects/urfu/urfu_3s_mlops-3/env/lib/python3.10/site-packages/airflow/example_dags/plugins/event_listener.py took 0.017 seconds
[2024-02-03T04:01:37.551+0400] {processor.py:161} INFO - Started process (PID=6020) to work on /home/reurairin/projects/urfu/urfu_3s_mlops-3/env/lib/python3.10/site-packages/airflow/example_dags/plugins/event_listener.py
[2024-02-03T04:01:37.558+0400] {processor.py:830} INFO - Processing file /home/reurairin/projects/urfu/urfu_3s_mlops-3/env/lib/python3.10/site-packages/airflow/example_dags/plugins/event_listener.py for tasks to queue
[2024-02-03T04:01:37.559+0400] {logging_mixin.py:188} INFO - [2024-02-03T04:01:37.559+0400] {dagbag.py:538} INFO - Filling up the DagBag from /home/reurairin/projects/urfu/urfu_3s_mlops-3/env/lib/python3.10/site-packages/airflow/example_dags/plugins/event_listener.py
[2024-02-03T04:01:37.560+0400] {processor.py:842} WARNING - No viable dags retrieved from /home/reurairin/projects/urfu/urfu_3s_mlops-3/env/lib/python3.10/site-packages/airflow/example_dags/plugins/event_listener.py
[2024-02-03T04:01:37.566+0400] {processor.py:183} INFO - Processing /home/reurairin/projects/urfu/urfu_3s_mlops-3/env/lib/python3.10/site-packages/airflow/example_dags/plugins/event_listener.py took 0.017 seconds
[2024-02-03T04:02:14.692+0400] {processor.py:161} INFO - Started process (PID=6179) to work on /home/reurairin/projects/urfu/urfu_3s_mlops-3/env/lib/python3.10/site-packages/airflow/example_dags/plugins/event_listener.py
[2024-02-03T04:02:14.699+0400] {processor.py:830} INFO - Processing file /home/reurairin/projects/urfu/urfu_3s_mlops-3/env/lib/python3.10/site-packages/airflow/example_dags/plugins/event_listener.py for tasks to queue
[2024-02-03T04:02:14.700+0400] {logging_mixin.py:188} INFO - [2024-02-03T04:02:14.699+0400] {dagbag.py:538} INFO - Filling up the DagBag from /home/reurairin/projects/urfu/urfu_3s_mlops-3/env/lib/python3.10/site-packages/airflow/example_dags/plugins/event_listener.py
[2024-02-03T04:02:14.701+0400] {processor.py:842} WARNING - No viable dags retrieved from /home/reurairin/projects/urfu/urfu_3s_mlops-3/env/lib/python3.10/site-packages/airflow/example_dags/plugins/event_listener.py
[2024-02-03T04:02:14.707+0400] {processor.py:183} INFO - Processing /home/reurairin/projects/urfu/urfu_3s_mlops-3/env/lib/python3.10/site-packages/airflow/example_dags/plugins/event_listener.py took 0.017 seconds
[2024-02-03T04:03:06.638+0400] {processor.py:161} INFO - Started process (PID=6403) to work on /home/reurairin/projects/urfu/urfu_3s_mlops-3/env/lib/python3.10/site-packages/airflow/example_dags/plugins/event_listener.py
[2024-02-03T04:03:06.645+0400] {processor.py:830} INFO - Processing file /home/reurairin/projects/urfu/urfu_3s_mlops-3/env/lib/python3.10/site-packages/airflow/example_dags/plugins/event_listener.py for tasks to queue
[2024-02-03T04:03:06.646+0400] {logging_mixin.py:188} INFO - [2024-02-03T04:03:06.646+0400] {dagbag.py:538} INFO - Filling up the DagBag from /home/reurairin/projects/urfu/urfu_3s_mlops-3/env/lib/python3.10/site-packages/airflow/example_dags/plugins/event_listener.py
[2024-02-03T04:03:06.647+0400] {processor.py:842} WARNING - No viable dags retrieved from /home/reurairin/projects/urfu/urfu_3s_mlops-3/env/lib/python3.10/site-packages/airflow/example_dags/plugins/event_listener.py
[2024-02-03T04:03:06.653+0400] {processor.py:183} INFO - Processing /home/reurairin/projects/urfu/urfu_3s_mlops-3/env/lib/python3.10/site-packages/airflow/example_dags/plugins/event_listener.py took 0.017 seconds
[2024-02-03T04:03:43.748+0400] {processor.py:161} INFO - Started process (PID=6561) to work on /home/reurairin/projects/urfu/urfu_3s_mlops-3/env/lib/python3.10/site-packages/airflow/example_dags/plugins/event_listener.py
[2024-02-03T04:03:43.749+0400] {processor.py:830} INFO - Processing file /home/reurairin/projects/urfu/urfu_3s_mlops-3/env/lib/python3.10/site-packages/airflow/example_dags/plugins/event_listener.py for tasks to queue
[2024-02-03T04:03:43.750+0400] {logging_mixin.py:188} INFO - [2024-02-03T04:03:43.749+0400] {dagbag.py:538} INFO - Filling up the DagBag from /home/reurairin/projects/urfu/urfu_3s_mlops-3/env/lib/python3.10/site-packages/airflow/example_dags/plugins/event_listener.py
[2024-02-03T04:03:43.751+0400] {processor.py:842} WARNING - No viable dags retrieved from /home/reurairin/projects/urfu/urfu_3s_mlops-3/env/lib/python3.10/site-packages/airflow/example_dags/plugins/event_listener.py
[2024-02-03T04:03:43.758+0400] {processor.py:183} INFO - Processing /home/reurairin/projects/urfu/urfu_3s_mlops-3/env/lib/python3.10/site-packages/airflow/example_dags/plugins/event_listener.py took 0.012 seconds
[2024-02-03T04:04:33.407+0400] {processor.py:161} INFO - Started process (PID=6772) to work on /home/reurairin/projects/urfu/urfu_3s_mlops-3/env/lib/python3.10/site-packages/airflow/example_dags/plugins/event_listener.py
[2024-02-03T04:04:33.412+0400] {processor.py:830} INFO - Processing file /home/reurairin/projects/urfu/urfu_3s_mlops-3/env/lib/python3.10/site-packages/airflow/example_dags/plugins/event_listener.py for tasks to queue
[2024-02-03T04:04:33.413+0400] {logging_mixin.py:188} INFO - [2024-02-03T04:04:33.412+0400] {dagbag.py:538} INFO - Filling up the DagBag from /home/reurairin/projects/urfu/urfu_3s_mlops-3/env/lib/python3.10/site-packages/airflow/example_dags/plugins/event_listener.py
[2024-02-03T04:04:33.414+0400] {processor.py:842} WARNING - No viable dags retrieved from /home/reurairin/projects/urfu/urfu_3s_mlops-3/env/lib/python3.10/site-packages/airflow/example_dags/plugins/event_listener.py
[2024-02-03T04:04:33.421+0400] {processor.py:183} INFO - Processing /home/reurairin/projects/urfu/urfu_3s_mlops-3/env/lib/python3.10/site-packages/airflow/example_dags/plugins/event_listener.py took 0.015 seconds
[2024-02-03T04:05:26.357+0400] {processor.py:161} INFO - Started process (PID=6993) to work on /home/reurairin/projects/urfu/urfu_3s_mlops-3/env/lib/python3.10/site-packages/airflow/example_dags/plugins/event_listener.py
[2024-02-03T04:05:26.364+0400] {processor.py:830} INFO - Processing file /home/reurairin/projects/urfu/urfu_3s_mlops-3/env/lib/python3.10/site-packages/airflow/example_dags/plugins/event_listener.py for tasks to queue
[2024-02-03T04:05:26.365+0400] {logging_mixin.py:188} INFO - [2024-02-03T04:05:26.365+0400] {dagbag.py:538} INFO - Filling up the DagBag from /home/reurairin/projects/urfu/urfu_3s_mlops-3/env/lib/python3.10/site-packages/airflow/example_dags/plugins/event_listener.py
[2024-02-03T04:05:26.366+0400] {processor.py:842} WARNING - No viable dags retrieved from /home/reurairin/projects/urfu/urfu_3s_mlops-3/env/lib/python3.10/site-packages/airflow/example_dags/plugins/event_listener.py
[2024-02-03T04:05:26.376+0400] {processor.py:183} INFO - Processing /home/reurairin/projects/urfu/urfu_3s_mlops-3/env/lib/python3.10/site-packages/airflow/example_dags/plugins/event_listener.py took 0.021 seconds
[2024-02-03T04:06:03.480+0400] {processor.py:161} INFO - Started process (PID=7197) to work on /home/reurairin/projects/urfu/urfu_3s_mlops-3/env/lib/python3.10/site-packages/airflow/example_dags/plugins/event_listener.py
[2024-02-03T04:06:03.481+0400] {processor.py:830} INFO - Processing file /home/reurairin/projects/urfu/urfu_3s_mlops-3/env/lib/python3.10/site-packages/airflow/example_dags/plugins/event_listener.py for tasks to queue
[2024-02-03T04:06:03.482+0400] {logging_mixin.py:188} INFO - [2024-02-03T04:06:03.482+0400] {dagbag.py:538} INFO - Filling up the DagBag from /home/reurairin/projects/urfu/urfu_3s_mlops-3/env/lib/python3.10/site-packages/airflow/example_dags/plugins/event_listener.py
[2024-02-03T04:06:03.483+0400] {processor.py:842} WARNING - No viable dags retrieved from /home/reurairin/projects/urfu/urfu_3s_mlops-3/env/lib/python3.10/site-packages/airflow/example_dags/plugins/event_listener.py
[2024-02-03T04:06:03.490+0400] {processor.py:183} INFO - Processing /home/reurairin/projects/urfu/urfu_3s_mlops-3/env/lib/python3.10/site-packages/airflow/example_dags/plugins/event_listener.py took 0.011 seconds
[2024-02-03T04:06:53.530+0400] {processor.py:161} INFO - Started process (PID=7413) to work on /home/reurairin/projects/urfu/urfu_3s_mlops-3/env/lib/python3.10/site-packages/airflow/example_dags/plugins/event_listener.py
[2024-02-03T04:06:53.537+0400] {processor.py:830} INFO - Processing file /home/reurairin/projects/urfu/urfu_3s_mlops-3/env/lib/python3.10/site-packages/airflow/example_dags/plugins/event_listener.py for tasks to queue
[2024-02-03T04:06:53.538+0400] {logging_mixin.py:188} INFO - [2024-02-03T04:06:53.537+0400] {dagbag.py:538} INFO - Filling up the DagBag from /home/reurairin/projects/urfu/urfu_3s_mlops-3/env/lib/python3.10/site-packages/airflow/example_dags/plugins/event_listener.py
[2024-02-03T04:06:53.539+0400] {processor.py:842} WARNING - No viable dags retrieved from /home/reurairin/projects/urfu/urfu_3s_mlops-3/env/lib/python3.10/site-packages/airflow/example_dags/plugins/event_listener.py
[2024-02-03T04:06:53.545+0400] {processor.py:183} INFO - Processing /home/reurairin/projects/urfu/urfu_3s_mlops-3/env/lib/python3.10/site-packages/airflow/example_dags/plugins/event_listener.py took 0.017 seconds
[2024-02-03T04:07:31.307+0400] {processor.py:161} INFO - Started process (PID=7586) to work on /home/reurairin/projects/urfu/urfu_3s_mlops-3/env/lib/python3.10/site-packages/airflow/example_dags/plugins/event_listener.py
[2024-02-03T04:07:31.308+0400] {processor.py:830} INFO - Processing file /home/reurairin/projects/urfu/urfu_3s_mlops-3/env/lib/python3.10/site-packages/airflow/example_dags/plugins/event_listener.py for tasks to queue
[2024-02-03T04:07:31.309+0400] {logging_mixin.py:188} INFO - [2024-02-03T04:07:31.308+0400] {dagbag.py:538} INFO - Filling up the DagBag from /home/reurairin/projects/urfu/urfu_3s_mlops-3/env/lib/python3.10/site-packages/airflow/example_dags/plugins/event_listener.py
[2024-02-03T04:07:31.310+0400] {processor.py:842} WARNING - No viable dags retrieved from /home/reurairin/projects/urfu/urfu_3s_mlops-3/env/lib/python3.10/site-packages/airflow/example_dags/plugins/event_listener.py
[2024-02-03T04:07:31.317+0400] {processor.py:183} INFO - Processing /home/reurairin/projects/urfu/urfu_3s_mlops-3/env/lib/python3.10/site-packages/airflow/example_dags/plugins/event_listener.py took 0.012 seconds
[2024-02-03T04:08:20.717+0400] {processor.py:161} INFO - Started process (PID=7795) to work on /home/reurairin/projects/urfu/urfu_3s_mlops-3/env/lib/python3.10/site-packages/airflow/example_dags/plugins/event_listener.py
[2024-02-03T04:08:20.724+0400] {processor.py:830} INFO - Processing file /home/reurairin/projects/urfu/urfu_3s_mlops-3/env/lib/python3.10/site-packages/airflow/example_dags/plugins/event_listener.py for tasks to queue
[2024-02-03T04:08:20.725+0400] {logging_mixin.py:188} INFO - [2024-02-03T04:08:20.725+0400] {dagbag.py:538} INFO - Filling up the DagBag from /home/reurairin/projects/urfu/urfu_3s_mlops-3/env/lib/python3.10/site-packages/airflow/example_dags/plugins/event_listener.py
[2024-02-03T04:08:20.727+0400] {processor.py:842} WARNING - No viable dags retrieved from /home/reurairin/projects/urfu/urfu_3s_mlops-3/env/lib/python3.10/site-packages/airflow/example_dags/plugins/event_listener.py
[2024-02-03T04:08:20.732+0400] {processor.py:183} INFO - Processing /home/reurairin/projects/urfu/urfu_3s_mlops-3/env/lib/python3.10/site-packages/airflow/example_dags/plugins/event_listener.py took 0.017 seconds
[2024-02-03T04:09:10.833+0400] {processor.py:161} INFO - Started process (PID=8013) to work on /home/reurairin/projects/urfu/urfu_3s_mlops-3/env/lib/python3.10/site-packages/airflow/example_dags/plugins/event_listener.py
[2024-02-03T04:09:10.834+0400] {processor.py:830} INFO - Processing file /home/reurairin/projects/urfu/urfu_3s_mlops-3/env/lib/python3.10/site-packages/airflow/example_dags/plugins/event_listener.py for tasks to queue
[2024-02-03T04:09:10.834+0400] {logging_mixin.py:188} INFO - [2024-02-03T04:09:10.834+0400] {dagbag.py:538} INFO - Filling up the DagBag from /home/reurairin/projects/urfu/urfu_3s_mlops-3/env/lib/python3.10/site-packages/airflow/example_dags/plugins/event_listener.py
[2024-02-03T04:09:10.836+0400] {processor.py:842} WARNING - No viable dags retrieved from /home/reurairin/projects/urfu/urfu_3s_mlops-3/env/lib/python3.10/site-packages/airflow/example_dags/plugins/event_listener.py
[2024-02-03T04:09:10.841+0400] {processor.py:183} INFO - Processing /home/reurairin/projects/urfu/urfu_3s_mlops-3/env/lib/python3.10/site-packages/airflow/example_dags/plugins/event_listener.py took 0.010 seconds
[2024-02-03T04:10:02.079+0400] {processor.py:161} INFO - Started process (PID=8334) to work on /home/reurairin/projects/urfu/urfu_3s_mlops-3/env/lib/python3.10/site-packages/airflow/example_dags/plugins/event_listener.py
[2024-02-03T04:10:02.080+0400] {processor.py:830} INFO - Processing file /home/reurairin/projects/urfu/urfu_3s_mlops-3/env/lib/python3.10/site-packages/airflow/example_dags/plugins/event_listener.py for tasks to queue
[2024-02-03T04:10:02.081+0400] {logging_mixin.py:188} INFO - [2024-02-03T04:10:02.081+0400] {dagbag.py:538} INFO - Filling up the DagBag from /home/reurairin/projects/urfu/urfu_3s_mlops-3/env/lib/python3.10/site-packages/airflow/example_dags/plugins/event_listener.py
[2024-02-03T04:10:02.084+0400] {processor.py:842} WARNING - No viable dags retrieved from /home/reurairin/projects/urfu/urfu_3s_mlops-3/env/lib/python3.10/site-packages/airflow/example_dags/plugins/event_listener.py
[2024-02-03T04:10:02.099+0400] {processor.py:183} INFO - Processing /home/reurairin/projects/urfu/urfu_3s_mlops-3/env/lib/python3.10/site-packages/airflow/example_dags/plugins/event_listener.py took 0.024 seconds
