[2024-02-03T04:00:50.942+0400] {processor.py:161} INFO - Started process (PID=5832) to work on /home/reurairin/projects/urfu/urfu_3s_mlops-3/env/lib/python3.10/site-packages/airflow/example_dags/plugins/listener_plugin.py
[2024-02-03T04:00:50.943+0400] {processor.py:830} INFO - Processing file /home/reurairin/projects/urfu/urfu_3s_mlops-3/env/lib/python3.10/site-packages/airflow/example_dags/plugins/listener_plugin.py for tasks to queue
[2024-02-03T04:00:50.944+0400] {logging_mixin.py:188} INFO - [2024-02-03T04:00:50.943+0400] {dagbag.py:538} INFO - Filling up the DagBag from /home/reurairin/projects/urfu/urfu_3s_mlops-3/env/lib/python3.10/site-packages/airflow/example_dags/plugins/listener_plugin.py
[2024-02-03T04:00:50.946+0400] {processor.py:842} WARNING - No viable dags retrieved from /home/reurairin/projects/urfu/urfu_3s_mlops-3/env/lib/python3.10/site-packages/airflow/example_dags/plugins/listener_plugin.py
[2024-02-03T04:00:50.952+0400] {processor.py:183} INFO - Processing /home/reurairin/projects/urfu/urfu_3s_mlops-3/env/lib/python3.10/site-packages/airflow/example_dags/plugins/listener_plugin.py took 0.012 seconds
[2024-02-03T04:01:39.285+0400] {processor.py:161} INFO - Started process (PID=6040) to work on /home/reurairin/projects/urfu/urfu_3s_mlops-3/env/lib/python3.10/site-packages/airflow/example_dags/plugins/listener_plugin.py
[2024-02-03T04:01:39.292+0400] {processor.py:830} INFO - Processing file /home/reurairin/projects/urfu/urfu_3s_mlops-3/env/lib/python3.10/site-packages/airflow/example_dags/plugins/listener_plugin.py for tasks to queue
[2024-02-03T04:01:39.293+0400] {logging_mixin.py:188} INFO - [2024-02-03T04:01:39.293+0400] {dagbag.py:538} INFO - Filling up the DagBag from /home/reurairin/projects/urfu/urfu_3s_mlops-3/env/lib/python3.10/site-packages/airflow/example_dags/plugins/listener_plugin.py
[2024-02-03T04:01:39.295+0400] {processor.py:842} WARNING - No viable dags retrieved from /home/reurairin/projects/urfu/urfu_3s_mlops-3/env/lib/python3.10/site-packages/airflow/example_dags/plugins/listener_plugin.py
[2024-02-03T04:01:39.301+0400] {processor.py:183} INFO - Processing /home/reurairin/projects/urfu/urfu_3s_mlops-3/env/lib/python3.10/site-packages/airflow/example_dags/plugins/listener_plugin.py took 0.018 seconds
[2024-02-03T04:02:31.084+0400] {processor.py:161} INFO - Started process (PID=6257) to work on /home/reurairin/projects/urfu/urfu_3s_mlops-3/env/lib/python3.10/site-packages/airflow/example_dags/plugins/listener_plugin.py
[2024-02-03T04:02:31.085+0400] {processor.py:830} INFO - Processing file /home/reurairin/projects/urfu/urfu_3s_mlops-3/env/lib/python3.10/site-packages/airflow/example_dags/plugins/listener_plugin.py for tasks to queue
[2024-02-03T04:02:31.085+0400] {logging_mixin.py:188} INFO - [2024-02-03T04:02:31.085+0400] {dagbag.py:538} INFO - Filling up the DagBag from /home/reurairin/projects/urfu/urfu_3s_mlops-3/env/lib/python3.10/site-packages/airflow/example_dags/plugins/listener_plugin.py
[2024-02-03T04:02:31.087+0400] {processor.py:842} WARNING - No viable dags retrieved from /home/reurairin/projects/urfu/urfu_3s_mlops-3/env/lib/python3.10/site-packages/airflow/example_dags/plugins/listener_plugin.py
[2024-02-03T04:02:31.093+0400] {processor.py:183} INFO - Processing /home/reurairin/projects/urfu/urfu_3s_mlops-3/env/lib/python3.10/site-packages/airflow/example_dags/plugins/listener_plugin.py took 0.011 seconds
[2024-02-03T04:03:09.105+0400] {processor.py:161} INFO - Started process (PID=6423) to work on /home/reurairin/projects/urfu/urfu_3s_mlops-3/env/lib/python3.10/site-packages/airflow/example_dags/plugins/listener_plugin.py
[2024-02-03T04:03:09.112+0400] {processor.py:830} INFO - Processing file /home/reurairin/projects/urfu/urfu_3s_mlops-3/env/lib/python3.10/site-packages/airflow/example_dags/plugins/listener_plugin.py for tasks to queue
[2024-02-03T04:03:09.112+0400] {logging_mixin.py:188} INFO - [2024-02-03T04:03:09.112+0400] {dagbag.py:538} INFO - Filling up the DagBag from /home/reurairin/projects/urfu/urfu_3s_mlops-3/env/lib/python3.10/site-packages/airflow/example_dags/plugins/listener_plugin.py
[2024-02-03T04:03:09.114+0400] {processor.py:842} WARNING - No viable dags retrieved from /home/reurairin/projects/urfu/urfu_3s_mlops-3/env/lib/python3.10/site-packages/airflow/example_dags/plugins/listener_plugin.py
[2024-02-03T04:03:09.119+0400] {processor.py:183} INFO - Processing /home/reurairin/projects/urfu/urfu_3s_mlops-3/env/lib/python3.10/site-packages/airflow/example_dags/plugins/listener_plugin.py took 0.016 seconds
[2024-02-03T04:04:03.004+0400] {processor.py:161} INFO - Started process (PID=6648) to work on /home/reurairin/projects/urfu/urfu_3s_mlops-3/env/lib/python3.10/site-packages/airflow/example_dags/plugins/listener_plugin.py
[2024-02-03T04:04:03.012+0400] {processor.py:830} INFO - Processing file /home/reurairin/projects/urfu/urfu_3s_mlops-3/env/lib/python3.10/site-packages/airflow/example_dags/plugins/listener_plugin.py for tasks to queue
[2024-02-03T04:04:03.013+0400] {logging_mixin.py:188} INFO - [2024-02-03T04:04:03.013+0400] {dagbag.py:538} INFO - Filling up the DagBag from /home/reurairin/projects/urfu/urfu_3s_mlops-3/env/lib/python3.10/site-packages/airflow/example_dags/plugins/listener_plugin.py
[2024-02-03T04:04:03.015+0400] {processor.py:842} WARNING - No viable dags retrieved from /home/reurairin/projects/urfu/urfu_3s_mlops-3/env/lib/python3.10/site-packages/airflow/example_dags/plugins/listener_plugin.py
[2024-02-03T04:04:03.022+0400] {processor.py:183} INFO - Processing /home/reurairin/projects/urfu/urfu_3s_mlops-3/env/lib/python3.10/site-packages/airflow/example_dags/plugins/listener_plugin.py took 0.020 seconds
[2024-02-03T04:04:49.424+0400] {processor.py:161} INFO - Started process (PID=6846) to work on /home/reurairin/projects/urfu/urfu_3s_mlops-3/env/lib/python3.10/site-packages/airflow/example_dags/plugins/listener_plugin.py
[2024-02-03T04:04:49.431+0400] {processor.py:830} INFO - Processing file /home/reurairin/projects/urfu/urfu_3s_mlops-3/env/lib/python3.10/site-packages/airflow/example_dags/plugins/listener_plugin.py for tasks to queue
[2024-02-03T04:04:49.432+0400] {logging_mixin.py:188} INFO - [2024-02-03T04:04:49.431+0400] {dagbag.py:538} INFO - Filling up the DagBag from /home/reurairin/projects/urfu/urfu_3s_mlops-3/env/lib/python3.10/site-packages/airflow/example_dags/plugins/listener_plugin.py
[2024-02-03T04:04:49.434+0400] {processor.py:842} WARNING - No viable dags retrieved from /home/reurairin/projects/urfu/urfu_3s_mlops-3/env/lib/python3.10/site-packages/airflow/example_dags/plugins/listener_plugin.py
[2024-02-03T04:04:49.442+0400] {processor.py:183} INFO - Processing /home/reurairin/projects/urfu/urfu_3s_mlops-3/env/lib/python3.10/site-packages/airflow/example_dags/plugins/listener_plugin.py took 0.020 seconds
[2024-02-03T04:05:29.036+0400] {processor.py:161} INFO - Started process (PID=7016) to work on /home/reurairin/projects/urfu/urfu_3s_mlops-3/env/lib/python3.10/site-packages/airflow/example_dags/plugins/listener_plugin.py
[2024-02-03T04:05:29.037+0400] {processor.py:830} INFO - Processing file /home/reurairin/projects/urfu/urfu_3s_mlops-3/env/lib/python3.10/site-packages/airflow/example_dags/plugins/listener_plugin.py for tasks to queue
[2024-02-03T04:05:29.038+0400] {logging_mixin.py:188} INFO - [2024-02-03T04:05:29.038+0400] {dagbag.py:538} INFO - Filling up the DagBag from /home/reurairin/projects/urfu/urfu_3s_mlops-3/env/lib/python3.10/site-packages/airflow/example_dags/plugins/listener_plugin.py
[2024-02-03T04:05:29.041+0400] {processor.py:842} WARNING - No viable dags retrieved from /home/reurairin/projects/urfu/urfu_3s_mlops-3/env/lib/python3.10/site-packages/airflow/example_dags/plugins/listener_plugin.py
[2024-02-03T04:05:29.052+0400] {processor.py:183} INFO - Processing /home/reurairin/projects/urfu/urfu_3s_mlops-3/env/lib/python3.10/site-packages/airflow/example_dags/plugins/listener_plugin.py took 0.018 seconds
[2024-02-03T04:06:05.029+0400] {processor.py:161} INFO - Started process (PID=7214) to work on /home/reurairin/projects/urfu/urfu_3s_mlops-3/env/lib/python3.10/site-packages/airflow/example_dags/plugins/listener_plugin.py
[2024-02-03T04:06:05.036+0400] {processor.py:830} INFO - Processing file /home/reurairin/projects/urfu/urfu_3s_mlops-3/env/lib/python3.10/site-packages/airflow/example_dags/plugins/listener_plugin.py for tasks to queue
[2024-02-03T04:06:05.037+0400] {logging_mixin.py:188} INFO - [2024-02-03T04:06:05.037+0400] {dagbag.py:538} INFO - Filling up the DagBag from /home/reurairin/projects/urfu/urfu_3s_mlops-3/env/lib/python3.10/site-packages/airflow/example_dags/plugins/listener_plugin.py
[2024-02-03T04:06:05.039+0400] {processor.py:842} WARNING - No viable dags retrieved from /home/reurairin/projects/urfu/urfu_3s_mlops-3/env/lib/python3.10/site-packages/airflow/example_dags/plugins/listener_plugin.py
[2024-02-03T04:06:05.045+0400] {processor.py:183} INFO - Processing /home/reurairin/projects/urfu/urfu_3s_mlops-3/env/lib/python3.10/site-packages/airflow/example_dags/plugins/listener_plugin.py took 0.018 seconds
[2024-02-03T04:06:55.478+0400] {processor.py:161} INFO - Started process (PID=7433) to work on /home/reurairin/projects/urfu/urfu_3s_mlops-3/env/lib/python3.10/site-packages/airflow/example_dags/plugins/listener_plugin.py
[2024-02-03T04:06:55.479+0400] {processor.py:830} INFO - Processing file /home/reurairin/projects/urfu/urfu_3s_mlops-3/env/lib/python3.10/site-packages/airflow/example_dags/plugins/listener_plugin.py for tasks to queue
[2024-02-03T04:06:55.480+0400] {logging_mixin.py:188} INFO - [2024-02-03T04:06:55.479+0400] {dagbag.py:538} INFO - Filling up the DagBag from /home/reurairin/projects/urfu/urfu_3s_mlops-3/env/lib/python3.10/site-packages/airflow/example_dags/plugins/listener_plugin.py
[2024-02-03T04:06:55.483+0400] {processor.py:842} WARNING - No viable dags retrieved from /home/reurairin/projects/urfu/urfu_3s_mlops-3/env/lib/python3.10/site-packages/airflow/example_dags/plugins/listener_plugin.py
[2024-02-03T04:06:55.492+0400] {processor.py:183} INFO - Processing /home/reurairin/projects/urfu/urfu_3s_mlops-3/env/lib/python3.10/site-packages/airflow/example_dags/plugins/listener_plugin.py took 0.016 seconds
[2024-02-03T04:07:48.396+0400] {processor.py:161} INFO - Started process (PID=7664) to work on /home/reurairin/projects/urfu/urfu_3s_mlops-3/env/lib/python3.10/site-packages/airflow/example_dags/plugins/listener_plugin.py
[2024-02-03T04:07:48.404+0400] {processor.py:830} INFO - Processing file /home/reurairin/projects/urfu/urfu_3s_mlops-3/env/lib/python3.10/site-packages/airflow/example_dags/plugins/listener_plugin.py for tasks to queue
[2024-02-03T04:07:48.404+0400] {logging_mixin.py:188} INFO - [2024-02-03T04:07:48.404+0400] {dagbag.py:538} INFO - Filling up the DagBag from /home/reurairin/projects/urfu/urfu_3s_mlops-3/env/lib/python3.10/site-packages/airflow/example_dags/plugins/listener_plugin.py
[2024-02-03T04:07:48.406+0400] {processor.py:842} WARNING - No viable dags retrieved from /home/reurairin/projects/urfu/urfu_3s_mlops-3/env/lib/python3.10/site-packages/airflow/example_dags/plugins/listener_plugin.py
[2024-02-03T04:07:48.411+0400] {processor.py:183} INFO - Processing /home/reurairin/projects/urfu/urfu_3s_mlops-3/env/lib/python3.10/site-packages/airflow/example_dags/plugins/listener_plugin.py took 0.017 seconds
[2024-02-03T04:08:36.760+0400] {processor.py:161} INFO - Started process (PID=7872) to work on /home/reurairin/projects/urfu/urfu_3s_mlops-3/env/lib/python3.10/site-packages/airflow/example_dags/plugins/listener_plugin.py
[2024-02-03T04:08:36.761+0400] {processor.py:830} INFO - Processing file /home/reurairin/projects/urfu/urfu_3s_mlops-3/env/lib/python3.10/site-packages/airflow/example_dags/plugins/listener_plugin.py for tasks to queue
[2024-02-03T04:08:36.762+0400] {logging_mixin.py:188} INFO - [2024-02-03T04:08:36.761+0400] {dagbag.py:538} INFO - Filling up the DagBag from /home/reurairin/projects/urfu/urfu_3s_mlops-3/env/lib/python3.10/site-packages/airflow/example_dags/plugins/listener_plugin.py
[2024-02-03T04:08:36.763+0400] {processor.py:842} WARNING - No viable dags retrieved from /home/reurairin/projects/urfu/urfu_3s_mlops-3/env/lib/python3.10/site-packages/airflow/example_dags/plugins/listener_plugin.py
[2024-02-03T04:08:36.770+0400] {processor.py:183} INFO - Processing /home/reurairin/projects/urfu/urfu_3s_mlops-3/env/lib/python3.10/site-packages/airflow/example_dags/plugins/listener_plugin.py took 0.011 seconds
[2024-02-03T04:09:13.301+0400] {processor.py:161} INFO - Started process (PID=8033) to work on /home/reurairin/projects/urfu/urfu_3s_mlops-3/env/lib/python3.10/site-packages/airflow/example_dags/plugins/listener_plugin.py
[2024-02-03T04:09:13.308+0400] {processor.py:830} INFO - Processing file /home/reurairin/projects/urfu/urfu_3s_mlops-3/env/lib/python3.10/site-packages/airflow/example_dags/plugins/listener_plugin.py for tasks to queue
[2024-02-03T04:09:13.309+0400] {logging_mixin.py:188} INFO - [2024-02-03T04:09:13.308+0400] {dagbag.py:538} INFO - Filling up the DagBag from /home/reurairin/projects/urfu/urfu_3s_mlops-3/env/lib/python3.10/site-packages/airflow/example_dags/plugins/listener_plugin.py
[2024-02-03T04:09:13.311+0400] {processor.py:842} WARNING - No viable dags retrieved from /home/reurairin/projects/urfu/urfu_3s_mlops-3/env/lib/python3.10/site-packages/airflow/example_dags/plugins/listener_plugin.py
[2024-02-03T04:09:13.317+0400] {processor.py:183} INFO - Processing /home/reurairin/projects/urfu/urfu_3s_mlops-3/env/lib/python3.10/site-packages/airflow/example_dags/plugins/listener_plugin.py took 0.018 seconds
[2024-02-03T04:10:04.173+0400] {processor.py:161} INFO - Started process (PID=8430) to work on /home/reurairin/projects/urfu/urfu_3s_mlops-3/env/lib/python3.10/site-packages/airflow/example_dags/plugins/listener_plugin.py
[2024-02-03T04:10:04.175+0400] {processor.py:830} INFO - Processing file /home/reurairin/projects/urfu/urfu_3s_mlops-3/env/lib/python3.10/site-packages/airflow/example_dags/plugins/listener_plugin.py for tasks to queue
[2024-02-03T04:10:04.175+0400] {logging_mixin.py:188} INFO - [2024-02-03T04:10:04.175+0400] {dagbag.py:538} INFO - Filling up the DagBag from /home/reurairin/projects/urfu/urfu_3s_mlops-3/env/lib/python3.10/site-packages/airflow/example_dags/plugins/listener_plugin.py
[2024-02-03T04:10:04.178+0400] {processor.py:842} WARNING - No viable dags retrieved from /home/reurairin/projects/urfu/urfu_3s_mlops-3/env/lib/python3.10/site-packages/airflow/example_dags/plugins/listener_plugin.py
[2024-02-03T04:10:04.189+0400] {processor.py:183} INFO - Processing /home/reurairin/projects/urfu/urfu_3s_mlops-3/env/lib/python3.10/site-packages/airflow/example_dags/plugins/listener_plugin.py took 0.019 seconds
