[2024-02-03T04:00:49.608+0400] {processor.py:161} INFO - Started process (PID=5816) to work on /home/reurairin/projects/urfu/urfu_3s_mlops-3/env/lib/python3.10/site-packages/airflow/example_dags/plugins/workday.py
[2024-02-03T04:00:49.609+0400] {processor.py:830} INFO - Processing file /home/reurairin/projects/urfu/urfu_3s_mlops-3/env/lib/python3.10/site-packages/airflow/example_dags/plugins/workday.py for tasks to queue
[2024-02-03T04:00:49.609+0400] {logging_mixin.py:188} INFO - [2024-02-03T04:00:49.609+0400] {dagbag.py:538} INFO - Filling up the DagBag from /home/reurairin/projects/urfu/urfu_3s_mlops-3/env/lib/python3.10/site-packages/airflow/example_dags/plugins/workday.py
[2024-02-03T04:00:49.865+0400] {processor.py:842} WARNING - No viable dags retrieved from /home/reurairin/projects/urfu/urfu_3s_mlops-3/env/lib/python3.10/site-packages/airflow/example_dags/plugins/workday.py
[2024-02-03T04:00:49.873+0400] {processor.py:183} INFO - Processing /home/reurairin/projects/urfu/urfu_3s_mlops-3/env/lib/python3.10/site-packages/airflow/example_dags/plugins/workday.py took 0.267 seconds
[2024-02-03T04:01:38.683+0400] {processor.py:161} INFO - Started process (PID=6024) to work on /home/reurairin/projects/urfu/urfu_3s_mlops-3/env/lib/python3.10/site-packages/airflow/example_dags/plugins/workday.py
[2024-02-03T04:01:38.691+0400] {processor.py:830} INFO - Processing file /home/reurairin/projects/urfu/urfu_3s_mlops-3/env/lib/python3.10/site-packages/airflow/example_dags/plugins/workday.py for tasks to queue
[2024-02-03T04:01:38.691+0400] {logging_mixin.py:188} INFO - [2024-02-03T04:01:38.691+0400] {dagbag.py:538} INFO - Filling up the DagBag from /home/reurairin/projects/urfu/urfu_3s_mlops-3/env/lib/python3.10/site-packages/airflow/example_dags/plugins/workday.py
[2024-02-03T04:01:38.959+0400] {processor.py:842} WARNING - No viable dags retrieved from /home/reurairin/projects/urfu/urfu_3s_mlops-3/env/lib/python3.10/site-packages/airflow/example_dags/plugins/workday.py
[2024-02-03T04:01:38.968+0400] {processor.py:183} INFO - Processing /home/reurairin/projects/urfu/urfu_3s_mlops-3/env/lib/python3.10/site-packages/airflow/example_dags/plugins/workday.py took 0.287 seconds
[2024-02-03T04:02:30.606+0400] {processor.py:161} INFO - Started process (PID=6244) to work on /home/reurairin/projects/urfu/urfu_3s_mlops-3/env/lib/python3.10/site-packages/airflow/example_dags/plugins/workday.py
[2024-02-03T04:02:30.613+0400] {processor.py:830} INFO - Processing file /home/reurairin/projects/urfu/urfu_3s_mlops-3/env/lib/python3.10/site-packages/airflow/example_dags/plugins/workday.py for tasks to queue
[2024-02-03T04:02:30.614+0400] {logging_mixin.py:188} INFO - [2024-02-03T04:02:30.613+0400] {dagbag.py:538} INFO - Filling up the DagBag from /home/reurairin/projects/urfu/urfu_3s_mlops-3/env/lib/python3.10/site-packages/airflow/example_dags/plugins/workday.py
[2024-02-03T04:02:30.846+0400] {processor.py:842} WARNING - No viable dags retrieved from /home/reurairin/projects/urfu/urfu_3s_mlops-3/env/lib/python3.10/site-packages/airflow/example_dags/plugins/workday.py
[2024-02-03T04:02:30.854+0400] {processor.py:183} INFO - Processing /home/reurairin/projects/urfu/urfu_3s_mlops-3/env/lib/python3.10/site-packages/airflow/example_dags/plugins/workday.py took 0.249 seconds
[2024-02-03T04:03:07.775+0400] {processor.py:161} INFO - Started process (PID=6404) to work on /home/reurairin/projects/urfu/urfu_3s_mlops-3/env/lib/python3.10/site-packages/airflow/example_dags/plugins/workday.py
[2024-02-03T04:03:07.782+0400] {processor.py:830} INFO - Processing file /home/reurairin/projects/urfu/urfu_3s_mlops-3/env/lib/python3.10/site-packages/airflow/example_dags/plugins/workday.py for tasks to queue
[2024-02-03T04:03:07.783+0400] {logging_mixin.py:188} INFO - [2024-02-03T04:03:07.783+0400] {dagbag.py:538} INFO - Filling up the DagBag from /home/reurairin/projects/urfu/urfu_3s_mlops-3/env/lib/python3.10/site-packages/airflow/example_dags/plugins/workday.py
[2024-02-03T04:03:08.015+0400] {processor.py:842} WARNING - No viable dags retrieved from /home/reurairin/projects/urfu/urfu_3s_mlops-3/env/lib/python3.10/site-packages/airflow/example_dags/plugins/workday.py
[2024-02-03T04:03:08.023+0400] {processor.py:183} INFO - Processing /home/reurairin/projects/urfu/urfu_3s_mlops-3/env/lib/python3.10/site-packages/airflow/example_dags/plugins/workday.py took 0.250 seconds
[2024-02-03T04:04:01.569+0400] {processor.py:161} INFO - Started process (PID=6632) to work on /home/reurairin/projects/urfu/urfu_3s_mlops-3/env/lib/python3.10/site-packages/airflow/example_dags/plugins/workday.py
[2024-02-03T04:04:01.572+0400] {processor.py:830} INFO - Processing file /home/reurairin/projects/urfu/urfu_3s_mlops-3/env/lib/python3.10/site-packages/airflow/example_dags/plugins/workday.py for tasks to queue
[2024-02-03T04:04:01.573+0400] {logging_mixin.py:188} INFO - [2024-02-03T04:04:01.573+0400] {dagbag.py:538} INFO - Filling up the DagBag from /home/reurairin/projects/urfu/urfu_3s_mlops-3/env/lib/python3.10/site-packages/airflow/example_dags/plugins/workday.py
[2024-02-03T04:04:01.883+0400] {processor.py:842} WARNING - No viable dags retrieved from /home/reurairin/projects/urfu/urfu_3s_mlops-3/env/lib/python3.10/site-packages/airflow/example_dags/plugins/workday.py
[2024-02-03T04:04:01.893+0400] {processor.py:183} INFO - Processing /home/reurairin/projects/urfu/urfu_3s_mlops-3/env/lib/python3.10/site-packages/airflow/example_dags/plugins/workday.py took 0.327 seconds
[2024-02-03T04:04:48.828+0400] {processor.py:161} INFO - Started process (PID=6833) to work on /home/reurairin/projects/urfu/urfu_3s_mlops-3/env/lib/python3.10/site-packages/airflow/example_dags/plugins/workday.py
[2024-02-03T04:04:48.829+0400] {processor.py:830} INFO - Processing file /home/reurairin/projects/urfu/urfu_3s_mlops-3/env/lib/python3.10/site-packages/airflow/example_dags/plugins/workday.py for tasks to queue
[2024-02-03T04:04:48.830+0400] {logging_mixin.py:188} INFO - [2024-02-03T04:04:48.829+0400] {dagbag.py:538} INFO - Filling up the DagBag from /home/reurairin/projects/urfu/urfu_3s_mlops-3/env/lib/python3.10/site-packages/airflow/example_dags/plugins/workday.py
[2024-02-03T04:04:49.132+0400] {processor.py:842} WARNING - No viable dags retrieved from /home/reurairin/projects/urfu/urfu_3s_mlops-3/env/lib/python3.10/site-packages/airflow/example_dags/plugins/workday.py
[2024-02-03T04:04:49.143+0400] {processor.py:183} INFO - Processing /home/reurairin/projects/urfu/urfu_3s_mlops-3/env/lib/python3.10/site-packages/airflow/example_dags/plugins/workday.py took 0.318 seconds
[2024-02-03T04:05:27.491+0400] {processor.py:161} INFO - Started process (PID=6997) to work on /home/reurairin/projects/urfu/urfu_3s_mlops-3/env/lib/python3.10/site-packages/airflow/example_dags/plugins/workday.py
[2024-02-03T04:05:27.498+0400] {processor.py:830} INFO - Processing file /home/reurairin/projects/urfu/urfu_3s_mlops-3/env/lib/python3.10/site-packages/airflow/example_dags/plugins/workday.py for tasks to queue
[2024-02-03T04:05:27.499+0400] {logging_mixin.py:188} INFO - [2024-02-03T04:05:27.499+0400] {dagbag.py:538} INFO - Filling up the DagBag from /home/reurairin/projects/urfu/urfu_3s_mlops-3/env/lib/python3.10/site-packages/airflow/example_dags/plugins/workday.py
[2024-02-03T04:05:27.878+0400] {processor.py:842} WARNING - No viable dags retrieved from /home/reurairin/projects/urfu/urfu_3s_mlops-3/env/lib/python3.10/site-packages/airflow/example_dags/plugins/workday.py
[2024-02-03T04:05:27.889+0400] {processor.py:183} INFO - Processing /home/reurairin/projects/urfu/urfu_3s_mlops-3/env/lib/python3.10/site-packages/airflow/example_dags/plugins/workday.py took 0.400 seconds
[2024-02-03T04:06:03.698+0400] {processor.py:161} INFO - Started process (PID=7198) to work on /home/reurairin/projects/urfu/urfu_3s_mlops-3/env/lib/python3.10/site-packages/airflow/example_dags/plugins/workday.py
[2024-02-03T04:06:03.705+0400] {processor.py:830} INFO - Processing file /home/reurairin/projects/urfu/urfu_3s_mlops-3/env/lib/python3.10/site-packages/airflow/example_dags/plugins/workday.py for tasks to queue
[2024-02-03T04:06:03.706+0400] {logging_mixin.py:188} INFO - [2024-02-03T04:06:03.706+0400] {dagbag.py:538} INFO - Filling up the DagBag from /home/reurairin/projects/urfu/urfu_3s_mlops-3/env/lib/python3.10/site-packages/airflow/example_dags/plugins/workday.py
[2024-02-03T04:06:03.956+0400] {processor.py:842} WARNING - No viable dags retrieved from /home/reurairin/projects/urfu/urfu_3s_mlops-3/env/lib/python3.10/site-packages/airflow/example_dags/plugins/workday.py
[2024-02-03T04:06:03.963+0400] {processor.py:183} INFO - Processing /home/reurairin/projects/urfu/urfu_3s_mlops-3/env/lib/python3.10/site-packages/airflow/example_dags/plugins/workday.py took 0.267 seconds
[2024-02-03T04:06:54.146+0400] {processor.py:161} INFO - Started process (PID=7417) to work on /home/reurairin/projects/urfu/urfu_3s_mlops-3/env/lib/python3.10/site-packages/airflow/example_dags/plugins/workday.py
[2024-02-03T04:06:54.147+0400] {processor.py:830} INFO - Processing file /home/reurairin/projects/urfu/urfu_3s_mlops-3/env/lib/python3.10/site-packages/airflow/example_dags/plugins/workday.py for tasks to queue
[2024-02-03T04:06:54.148+0400] {logging_mixin.py:188} INFO - [2024-02-03T04:06:54.148+0400] {dagbag.py:538} INFO - Filling up the DagBag from /home/reurairin/projects/urfu/urfu_3s_mlops-3/env/lib/python3.10/site-packages/airflow/example_dags/plugins/workday.py
[2024-02-03T04:06:54.427+0400] {processor.py:842} WARNING - No viable dags retrieved from /home/reurairin/projects/urfu/urfu_3s_mlops-3/env/lib/python3.10/site-packages/airflow/example_dags/plugins/workday.py
[2024-02-03T04:06:54.435+0400] {processor.py:183} INFO - Processing /home/reurairin/projects/urfu/urfu_3s_mlops-3/env/lib/python3.10/site-packages/airflow/example_dags/plugins/workday.py took 0.291 seconds
[2024-02-03T04:07:32.436+0400] {processor.py:161} INFO - Started process (PID=7587) to work on /home/reurairin/projects/urfu/urfu_3s_mlops-3/env/lib/python3.10/site-packages/airflow/example_dags/plugins/workday.py
[2024-02-03T04:07:32.443+0400] {processor.py:830} INFO - Processing file /home/reurairin/projects/urfu/urfu_3s_mlops-3/env/lib/python3.10/site-packages/airflow/example_dags/plugins/workday.py for tasks to queue
[2024-02-03T04:07:32.444+0400] {logging_mixin.py:188} INFO - [2024-02-03T04:07:32.444+0400] {dagbag.py:538} INFO - Filling up the DagBag from /home/reurairin/projects/urfu/urfu_3s_mlops-3/env/lib/python3.10/site-packages/airflow/example_dags/plugins/workday.py
[2024-02-03T04:07:32.708+0400] {processor.py:842} WARNING - No viable dags retrieved from /home/reurairin/projects/urfu/urfu_3s_mlops-3/env/lib/python3.10/site-packages/airflow/example_dags/plugins/workday.py
[2024-02-03T04:07:32.716+0400] {processor.py:183} INFO - Processing /home/reurairin/projects/urfu/urfu_3s_mlops-3/env/lib/python3.10/site-packages/airflow/example_dags/plugins/workday.py took 0.282 seconds
[2024-02-03T04:08:21.847+0400] {processor.py:161} INFO - Started process (PID=7802) to work on /home/reurairin/projects/urfu/urfu_3s_mlops-3/env/lib/python3.10/site-packages/airflow/example_dags/plugins/workday.py
[2024-02-03T04:08:21.848+0400] {processor.py:830} INFO - Processing file /home/reurairin/projects/urfu/urfu_3s_mlops-3/env/lib/python3.10/site-packages/airflow/example_dags/plugins/workday.py for tasks to queue
[2024-02-03T04:08:21.849+0400] {logging_mixin.py:188} INFO - [2024-02-03T04:08:21.848+0400] {dagbag.py:538} INFO - Filling up the DagBag from /home/reurairin/projects/urfu/urfu_3s_mlops-3/env/lib/python3.10/site-packages/airflow/example_dags/plugins/workday.py
[2024-02-03T04:08:22.087+0400] {processor.py:842} WARNING - No viable dags retrieved from /home/reurairin/projects/urfu/urfu_3s_mlops-3/env/lib/python3.10/site-packages/airflow/example_dags/plugins/workday.py
[2024-02-03T04:08:22.094+0400] {processor.py:183} INFO - Processing /home/reurairin/projects/urfu/urfu_3s_mlops-3/env/lib/python3.10/site-packages/airflow/example_dags/plugins/workday.py took 0.249 seconds
[2024-02-03T04:09:11.971+0400] {processor.py:161} INFO - Started process (PID=8014) to work on /home/reurairin/projects/urfu/urfu_3s_mlops-3/env/lib/python3.10/site-packages/airflow/example_dags/plugins/workday.py
[2024-02-03T04:09:11.978+0400] {processor.py:830} INFO - Processing file /home/reurairin/projects/urfu/urfu_3s_mlops-3/env/lib/python3.10/site-packages/airflow/example_dags/plugins/workday.py for tasks to queue
[2024-02-03T04:09:11.978+0400] {logging_mixin.py:188} INFO - [2024-02-03T04:09:11.978+0400] {dagbag.py:538} INFO - Filling up the DagBag from /home/reurairin/projects/urfu/urfu_3s_mlops-3/env/lib/python3.10/site-packages/airflow/example_dags/plugins/workday.py
[2024-02-03T04:09:12.250+0400] {processor.py:842} WARNING - No viable dags retrieved from /home/reurairin/projects/urfu/urfu_3s_mlops-3/env/lib/python3.10/site-packages/airflow/example_dags/plugins/workday.py
[2024-02-03T04:09:12.257+0400] {processor.py:183} INFO - Processing /home/reurairin/projects/urfu/urfu_3s_mlops-3/env/lib/python3.10/site-packages/airflow/example_dags/plugins/workday.py took 0.289 seconds
[2024-02-03T04:10:03.264+0400] {processor.py:161} INFO - Started process (PID=8382) to work on /home/reurairin/projects/urfu/urfu_3s_mlops-3/env/lib/python3.10/site-packages/airflow/example_dags/plugins/workday.py
[2024-02-03T04:10:03.266+0400] {processor.py:830} INFO - Processing file /home/reurairin/projects/urfu/urfu_3s_mlops-3/env/lib/python3.10/site-packages/airflow/example_dags/plugins/workday.py for tasks to queue
[2024-02-03T04:10:03.267+0400] {logging_mixin.py:188} INFO - [2024-02-03T04:10:03.266+0400] {dagbag.py:538} INFO - Filling up the DagBag from /home/reurairin/projects/urfu/urfu_3s_mlops-3/env/lib/python3.10/site-packages/airflow/example_dags/plugins/workday.py
[2024-02-03T04:10:03.778+0400] {processor.py:842} WARNING - No viable dags retrieved from /home/reurairin/projects/urfu/urfu_3s_mlops-3/env/lib/python3.10/site-packages/airflow/example_dags/plugins/workday.py
[2024-02-03T04:10:03.788+0400] {processor.py:183} INFO - Processing /home/reurairin/projects/urfu/urfu_3s_mlops-3/env/lib/python3.10/site-packages/airflow/example_dags/plugins/workday.py took 0.530 seconds
